This is pdfTeX, Version 3.14159265-2.6-1.40.16 (TeX Live 2015) (preloaded format=pdflatex 2015.5.24)  14 FEB 2020 16:22
entering extended mode
 restricted \write18 enabled.
 file:line:error style messages enabled.
 %&-line parsing enabled.
**draft_Feb2020midwestMacro.tex
(./draft_Feb2020midwestMacro.tex
LaTeX2e <2015/01/01>
Babel <3.9l> and hyphenation patterns for 79 languages loaded.
(/usr/local/texlive/2015/texmf-dist/tex/latex/base/article.cls
Document Class: article 2014/09/29 v1.4h Standard LaTeX document class
(/usr/local/texlive/2015/texmf-dist/tex/latex/base/size11.clo
File: size11.clo 2014/09/29 v1.4h Standard LaTeX file (size option)
)
\c@part=\count79
\c@section=\count80
\c@subsection=\count81
\c@subsubsection=\count82
\c@paragraph=\count83
\c@subparagraph=\count84
\c@figure=\count85
\c@table=\count86
\abovecaptionskip=\skip41
\belowcaptionskip=\skip42
\bibindent=\dimen102
)
(/usr/local/texlive/2015/texmf-dist/tex/latex/amsmath/amsmath.sty
Package: amsmath 2013/01/14 v2.14 AMS math features
\@mathmargin=\skip43

For additional information on amsmath, use the `?' option.
(/usr/local/texlive/2015/texmf-dist/tex/latex/amsmath/amstext.sty
Package: amstext 2000/06/29 v2.01

(/usr/local/texlive/2015/texmf-dist/tex/latex/amsmath/amsgen.sty
File: amsgen.sty 1999/11/30 v2.0
\@emptytoks=\toks14
\ex@=\dimen103
))
(/usr/local/texlive/2015/texmf-dist/tex/latex/amsmath/amsbsy.sty
Package: amsbsy 1999/11/29 v1.2d
\pmbraise@=\dimen104
)
(/usr/local/texlive/2015/texmf-dist/tex/latex/amsmath/amsopn.sty
Package: amsopn 1999/12/14 v2.01 operator names
)
\inf@bad=\count87
LaTeX Info: Redefining \frac on input line 210.
\uproot@=\count88
\leftroot@=\count89
LaTeX Info: Redefining \overline on input line 306.
\classnum@=\count90
\DOTSCASE@=\count91
LaTeX Info: Redefining \ldots on input line 378.
LaTeX Info: Redefining \dots on input line 381.
LaTeX Info: Redefining \cdots on input line 466.
\Mathstrutbox@=\box26
\strutbox@=\box27
\big@size=\dimen105
LaTeX Font Info:    Redeclaring font encoding OML on input line 566.
LaTeX Font Info:    Redeclaring font encoding OMS on input line 567.
\macc@depth=\count92
\c@MaxMatrixCols=\count93
\dotsspace@=\muskip10
\c@parentequation=\count94
\dspbrk@lvl=\count95
\tag@help=\toks15
\row@=\count96
\column@=\count97
\maxfields@=\count98
\andhelp@=\toks16
\eqnshift@=\dimen106
\alignsep@=\dimen107
\tagshift@=\dimen108
\tagwidth@=\dimen109
\totwidth@=\dimen110
\lineht@=\dimen111
\@envbody=\toks17
\multlinegap=\skip44
\multlinetaggap=\skip45
\mathdisplay@stack=\toks18
LaTeX Info: Redefining \[ on input line 2665.
LaTeX Info: Redefining \] on input line 2666.
)
(/usr/local/texlive/2015/texmf-dist/tex/latex/amscls/amsthm.sty
Package: amsthm 2015/03/04 v2.20.2
\thm@style=\toks19
\thm@bodyfont=\toks20
\thm@headfont=\toks21
\thm@notefont=\toks22
\thm@headpunct=\toks23
\thm@preskip=\skip46
\thm@postskip=\skip47
\thm@headsep=\skip48
\dth@everypar=\toks24
)
(/usr/local/texlive/2015/texmf-dist/tex/latex/amsfonts/amssymb.sty
Package: amssymb 2013/01/14 v3.01 AMS font symbols

(/usr/local/texlive/2015/texmf-dist/tex/latex/amsfonts/amsfonts.sty
Package: amsfonts 2013/01/14 v3.01 Basic AMSFonts support
\symAMSa=\mathgroup4
\symAMSb=\mathgroup5
LaTeX Font Info:    Overwriting math alphabet `\mathfrak' in version `bold'
(Font)                  U/euf/m/n --> U/euf/b/n on input line 106.
))
(/usr/local/texlive/2015/texmf-dist/tex/latex/graphics/lscape.sty
Package: lscape 2000/10/22 v3.01 Landscape Pages (DPC)

(/usr/local/texlive/2015/texmf-dist/tex/latex/graphics/graphics.sty
Package: graphics 2014/10/28 v1.0p Standard LaTeX Graphics (DPC,SPQR)

(/usr/local/texlive/2015/texmf-dist/tex/latex/graphics/trig.sty
Package: trig 1999/03/16 v1.09 sin cos tan (DPC)
)
(/usr/local/texlive/2015/texmf-dist/tex/latex/latexconfig/graphics.cfg
File: graphics.cfg 2010/04/23 v1.9 graphics configuration of TeX Live
)
Package graphics Info: Driver file: pdftex.def on input line 94.

(/usr/local/texlive/2015/texmf-dist/tex/latex/pdftex-def/pdftex.def
File: pdftex.def 2011/05/27 v0.06d Graphics/color for pdfTeX

(/usr/local/texlive/2015/texmf-dist/tex/generic/oberdiek/infwarerr.sty
Package: infwarerr 2010/04/08 v1.3 Providing info/warning/error messages (HO)
)
(/usr/local/texlive/2015/texmf-dist/tex/generic/oberdiek/ltxcmds.sty
Package: ltxcmds 2011/11/09 v1.22 LaTeX kernel commands for general use (HO)
)
\Gread@gobject=\count99
)))
(/usr/local/texlive/2015/texmf-dist/tex/latex/natbib/natbib.sty
Package: natbib 2010/09/13 8.31b (PWD, AO)
\bibhang=\skip49
\bibsep=\skip50
LaTeX Info: Redefining \cite on input line 694.
\c@NAT@ctr=\count100
)
(/usr/local/texlive/2015/texmf-dist/tex/latex/mathtools/mathtools.sty
Package: mathtools 2015/05/11 v1.16 mathematical typesetting tools

(/usr/local/texlive/2015/texmf-dist/tex/latex/graphics/keyval.sty
Package: keyval 2014/10/28 v1.15 key=value parser (DPC)
\KV@toks@=\toks25
)
(/usr/local/texlive/2015/texmf-dist/tex/latex/tools/calc.sty
Package: calc 2014/10/28 v4.3 Infix arithmetic (KKT,FJ)
\calc@Acount=\count101
\calc@Bcount=\count102
\calc@Adimen=\dimen112
\calc@Bdimen=\dimen113
\calc@Askip=\skip51
\calc@Bskip=\skip52
LaTeX Info: Redefining \setlength on input line 80.
LaTeX Info: Redefining \addtolength on input line 81.
\calc@Ccount=\count103
\calc@Cskip=\skip53
)
(/usr/local/texlive/2015/texmf-dist/tex/latex/mathtools/mhsetup.sty
Package: mhsetup 2010/01/21 v1.2a programming setup (MH)
)
LaTeX Info: Thecontrolsequence`\('isalreadyrobust on input line 129.
LaTeX Info: Thecontrolsequence`\)'isalreadyrobust on input line 129.
LaTeX Info: Thecontrolsequence`\['isalreadyrobust on input line 129.
LaTeX Info: Thecontrolsequence`\]'isalreadyrobust on input line 129.
\g_MT_multlinerow_int=\count104
\l_MT_multwidth_dim=\dimen114
\origjot=\skip54
\l_MT_shortvdotswithinadjustabove_dim=\dimen115
\l_MT_shortvdotswithinadjustbelow_dim=\dimen116
\l_MT_above_intertext_sep=\dimen117
\l_MT_below_intertext_sep=\dimen118
\l_MT_above_shortintertext_sep=\dimen119
\l_MT_below_shortintertext_sep=\dimen120
)
(/usr/local/texlive/2015/texmf-dist/tex/latex/subfigure/subfigure.sty
Package: subfigure 2002/03/15 v2.1.5 subfigure package
\subfigtopskip=\skip55
\subfigcapskip=\skip56
\subfigcaptopadj=\dimen121
\subfigbottomskip=\skip57
\subfigcapmargin=\dimen122
\subfiglabelskip=\skip58
\c@subfigure=\count105
\c@lofdepth=\count106
\c@subtable=\count107
\c@lotdepth=\count108

****************************************
* Local config file subfigure.cfg used *
****************************************
(/usr/local/texlive/2015/texmf-dist/tex/latex/subfigure/subfigure.cfg)
\subfig@top=\skip59
\subfig@bottom=\skip60
)
(/usr/local/texlive/2015/texmf-dist/tex/latex/caption/caption.sty
Package: caption 2013/05/02 v3.3-89 Customizing captions (AR)

(/usr/local/texlive/2015/texmf-dist/tex/latex/caption/caption3.sty
Package: caption3 2013/05/02 v1.6-88 caption3 kernel (AR)
Package caption3 Info: TeX engine: e-TeX on input line 57.
\captionmargin=\dimen123
\captionmargin@=\dimen124
\captionwidth=\dimen125
\caption@tempdima=\dimen126
\caption@indent=\dimen127
\caption@parindent=\dimen128
\caption@hangindent=\dimen129
)
\c@ContinuedFloat=\count109
Package caption Info: subfigure package is loaded.
)
(/usr/local/texlive/2015/texmf-dist/tex/latex/graphics/graphicx.sty
Package: graphicx 2014/10/28 v1.0g Enhanced LaTeX Graphics (DPC,SPQR)
\Gin@req@height=\dimen130
\Gin@req@width=\dimen131
)
(/usr/local/texlive/2015/texmf-dist/tex/latex/colortbl/colortbl.sty
Package: colortbl 2012/02/13 v1.0a Color table columns (DPC)

(/usr/local/texlive/2015/texmf-dist/tex/latex/tools/array.sty
Package: array 2014/10/28 v2.4c Tabular extension package (FMi)
\col@sep=\dimen132
\extrarowheight=\dimen133
\NC@list=\toks26
\extratabsurround=\skip61
\backup@length=\skip62
)
(/usr/local/texlive/2015/texmf-dist/tex/latex/graphics/color.sty
Package: color 2014/10/28 v1.1a Standard LaTeX Color (DPC)

(/usr/local/texlive/2015/texmf-dist/tex/latex/latexconfig/color.cfg
File: color.cfg 2007/01/18 v1.5 color configuration of teTeX/TeXLive
)
Package color Info: Driver file: pdftex.def on input line 142.
)
\everycr=\toks27
\minrowclearance=\skip63
)
(/usr/local/texlive/2015/texmf-dist/tex/latex/tools/hhline.sty
Package: hhline 2014/10/28 v2.03 Table rule package (DPC)
)
(/usr/local/texlive/2015/texmf-dist/tex/latex/multirow/multirow.sty
\bigstrutjot=\dimen134
)
(/usr/local/texlive/2015/texmf-dist/tex/latex/tools/multicol.sty
Package: multicol 2015/03/31 v1.8m multicolumn formatting (FMi)
\c@tracingmulticols=\count110
\mult@box=\box28
\multicol@leftmargin=\dimen135
\c@unbalance=\count111
\c@collectmore=\count112
\doublecol@number=\count113
\multicoltolerance=\count114
\multicolpretolerance=\count115
\full@width=\dimen136
\page@free=\dimen137
\premulticols=\dimen138
\postmulticols=\dimen139
\multicolsep=\skip64
\multicolbaselineskip=\skip65
\partial@page=\box29
\last@line=\box30
\maxbalancingoverflow=\dimen140
\mult@rightbox=\box31
\mult@grightbox=\box32
\mult@gfirstbox=\box33
\mult@firstbox=\box34
\@tempa=\box35
\@tempa=\box36
\@tempa=\box37
\@tempa=\box38
\@tempa=\box39
\@tempa=\box40
\@tempa=\box41
\@tempa=\box42
\@tempa=\box43
\@tempa=\box44
\@tempa=\box45
\@tempa=\box46
\@tempa=\box47
\@tempa=\box48
\@tempa=\box49
\@tempa=\box50
\@tempa=\box51
\c@columnbadness=\count116
\c@finalcolumnbadness=\count117
\last@try=\dimen141
\multicolovershoot=\dimen142
\multicolundershoot=\dimen143
\mult@nat@firstbox=\box52
\colbreak@box=\box53
\mc@col@check@num=\count118
)
(/usr/local/texlive/2015/texmf-dist/tex/latex/setspace/setspace.sty
Package: setspace 2011/12/19 v6.7a set line spacing
)
(/usr/local/texlive/2015/texmf-dist/tex/latex/pdfpages/pdfpages.sty
Package: pdfpages 2015/05/11 v0.4x Insert pages of external PDF documents (AM)

(/usr/local/texlive/2015/texmf-dist/tex/latex/base/ifthen.sty
Package: ifthen 2014/09/29 v1.1c Standard LaTeX ifthen package (DPC)
)
(/usr/local/texlive/2015/texmf-dist/tex/latex/eso-pic/eso-pic.sty
Package: eso-pic 2015/04/20 v2.0e eso-pic (RN)

(/usr/local/texlive/2015/texmf-dist/tex/generic/oberdiek/atbegshi.sty
Package: atbegshi 2011/10/05 v1.16 At begin shipout hook (HO)

(/usr/local/texlive/2015/texmf-dist/tex/generic/oberdiek/ifpdf.sty
Package: ifpdf 2011/01/30 v2.3 Provides the ifpdf switch (HO)
Package ifpdf Info: pdfTeX in PDF mode is detected.
)))
\AM@pagewidth=\dimen144
\AM@pageheight=\dimen145

(/usr/local/texlive/2015/texmf-dist/tex/latex/pdfpages/pppdftex.def
File: pppdftex.def 2015/05/11 v0.4x Pdfpages driver for pdfTeX (AM)
)
\AM@pagebox=\box54
\AM@toc@title=\toks28
\c@AM@survey=\count119
\AM@templatesizebox=\box55
)
(/usr/local/texlive/2015/texmf-dist/tex/latex/geometry/geometry.sty
Package: geometry 2010/09/12 v5.6 Page Geometry

(/usr/local/texlive/2015/texmf-dist/tex/generic/oberdiek/ifvtex.sty
Package: ifvtex 2010/03/01 v1.5 Detect VTeX and its facilities (HO)
Package ifvtex Info: VTeX not detected.
)
(/usr/local/texlive/2015/texmf-dist/tex/generic/ifxetex/ifxetex.sty
Package: ifxetex 2010/09/12 v0.6 Provides ifxetex conditional
)
\Gm@cnth=\count120
\Gm@cntv=\count121
\c@Gm@tempcnt=\count122
\Gm@bindingoffset=\dimen146
\Gm@wd@mp=\dimen147
\Gm@odd@mp=\dimen148
\Gm@even@mp=\dimen149
\Gm@layoutwidth=\dimen150
\Gm@layoutheight=\dimen151
\Gm@layouthoffset=\dimen152
\Gm@layoutvoffset=\dimen153
\Gm@dimlist=\toks29
)
(/usr/local/texlive/2015/texmf-dist/tex/latex/natbib/bibentry.sty
Package: bibentry 2007/10/30 1.5 (PWD)
)
(/usr/local/texlive/2015/texmf-dist/tex/latex/hyperref/xr-hyper.sty
Package: xr-hyper 2000/03/22 v6.00beta4 eXternal References (DPC)
)
(/usr/local/texlive/2015/texmf-dist/tex/latex/hyperref/hyperref.sty
Package: hyperref 2012/11/06 v6.83m Hypertext links for LaTeX

(/usr/local/texlive/2015/texmf-dist/tex/generic/oberdiek/hobsub-hyperref.sty
Package: hobsub-hyperref 2012/05/28 v1.13 Bundle oberdiek, subset hyperref (HO)


(/usr/local/texlive/2015/texmf-dist/tex/generic/oberdiek/hobsub-generic.sty
Package: hobsub-generic 2012/05/28 v1.13 Bundle oberdiek, subset generic (HO)
Package: hobsub 2012/05/28 v1.13 Construct package bundles (HO)
Package hobsub Info: Skipping package `infwarerr' (already loaded).
Package hobsub Info: Skipping package `ltxcmds' (already loaded).
Package: ifluatex 2010/03/01 v1.3 Provides the ifluatex switch (HO)
Package ifluatex Info: LuaTeX not detected.
Package hobsub Info: Skipping package `ifvtex' (already loaded).
Package: intcalc 2007/09/27 v1.1 Expandable calculations with integers (HO)
Package hobsub Info: Skipping package `ifpdf' (already loaded).
Package: etexcmds 2011/02/16 v1.5 Avoid name clashes with e-TeX commands (HO)
Package etexcmds Info: Could not find \expanded.
(etexcmds)             That can mean that you are not using pdfTeX 1.50 or
(etexcmds)             that some package has redefined \expanded.
(etexcmds)             In the latter case, load this package earlier.
Package: kvsetkeys 2012/04/25 v1.16 Key value parser (HO)
Package: kvdefinekeys 2011/04/07 v1.3 Define keys (HO)
Package: pdftexcmds 2011/11/29 v0.20 Utility functions of pdfTeX for LuaTeX (HO
)
Package pdftexcmds Info: LuaTeX not detected.
Package pdftexcmds Info: \pdf@primitive is available.
Package pdftexcmds Info: \pdf@ifprimitive is available.
Package pdftexcmds Info: \pdfdraftmode found.
Package: pdfescape 2011/11/25 v1.13 Implements pdfTeX's escape features (HO)
Package: bigintcalc 2012/04/08 v1.3 Expandable calculations on big integers (HO
)
Package: bitset 2011/01/30 v1.1 Handle bit-vector datatype (HO)
Package: uniquecounter 2011/01/30 v1.2 Provide unlimited unique counter (HO)
)
Package hobsub Info: Skipping package `hobsub' (already loaded).
Package: letltxmacro 2010/09/02 v1.4 Let assignment for LaTeX macros (HO)
Package: hopatch 2012/05/28 v1.2 Wrapper for package hooks (HO)
Package: xcolor-patch 2011/01/30 xcolor patch
Package: atveryend 2011/06/30 v1.8 Hooks at the very end of document (HO)
Package atveryend Info: \enddocument detected (standard20110627).
Package hobsub Info: Skipping package `atbegshi' (already loaded).
Package: refcount 2011/10/16 v3.4 Data extraction from label references (HO)
Package: hycolor 2011/01/30 v1.7 Color options for hyperref/bookmark (HO)
)
(/usr/local/texlive/2015/texmf-dist/tex/latex/oberdiek/auxhook.sty
Package: auxhook 2011/03/04 v1.3 Hooks for auxiliary files (HO)
)
(/usr/local/texlive/2015/texmf-dist/tex/latex/oberdiek/kvoptions.sty
Package: kvoptions 2011/06/30 v3.11 Key value format for package options (HO)
)
\@linkdim=\dimen154
\Hy@linkcounter=\count123
\Hy@pagecounter=\count124

(/usr/local/texlive/2015/texmf-dist/tex/latex/hyperref/pd1enc.def
File: pd1enc.def 2012/11/06 v6.83m Hyperref: PDFDocEncoding definition (HO)
)
\Hy@SavedSpaceFactor=\count125

(/usr/local/texlive/2015/texmf-dist/tex/latex/latexconfig/hyperref.cfg
File: hyperref.cfg 2002/06/06 v1.2 hyperref configuration of TeXLive
)
Package hyperref Info: Hyper figures OFF on input line 4443.
Package hyperref Info: Link nesting OFF on input line 4448.
Package hyperref Info: Hyper index ON on input line 4451.
Package hyperref Info: Plain pages OFF on input line 4458.
Package hyperref Info: Backreferencing OFF on input line 4463.
Package hyperref Info: Implicit mode ON; LaTeX internals redefined.
Package hyperref Info: Bookmarks ON on input line 4688.
\c@Hy@tempcnt=\count126

(/usr/local/texlive/2015/texmf-dist/tex/latex/url/url.sty
\Urlmuskip=\muskip11
Package: url 2013/09/16  ver 3.4  Verb mode for urls, etc.
)
LaTeX Info: Redefining \url on input line 5041.
\XeTeXLinkMargin=\dimen155
\Fld@menulength=\count127
\Field@Width=\dimen156
\Fld@charsize=\dimen157
Package hyperref Info: Hyper figures OFF on input line 6295.
Package hyperref Info: Link nesting OFF on input line 6300.
Package hyperref Info: Hyper index ON on input line 6303.
Package hyperref Info: backreferencing OFF on input line 6310.
Package hyperref Info: Link coloring OFF on input line 6315.
Package hyperref Info: Link coloring with OCG OFF on input line 6320.
Package hyperref Info: PDF/A mode OFF on input line 6325.
LaTeX Info: Redefining \ref on input line 6365.
LaTeX Info: Redefining \pageref on input line 6369.
\Hy@abspage=\count128
\c@Item=\count129
\c@Hfootnote=\count130
)

Package hyperref Message: Driver (autodetected): hpdftex.

(/usr/local/texlive/2015/texmf-dist/tex/latex/hyperref/hpdftex.def
File: hpdftex.def 2012/11/06 v6.83m Hyperref driver for pdfTeX
\Fld@listcount=\count131
\c@bookmark@seq@number=\count132

(/usr/local/texlive/2015/texmf-dist/tex/latex/oberdiek/rerunfilecheck.sty
Package: rerunfilecheck 2011/04/15 v1.7 Rerun checks for auxiliary files (HO)
Package uniquecounter Info: New unique counter `rerunfilecheck' on input line 2
82.
)
\Hy@SectionHShift=\skip66
)
(/usr/local/texlive/2015/texmf-dist/tex/latex/floatrow/floatrow.sty
Package: floatrow 2008/08/02 v0.3b floatrow: float package extension
\c@float@type=\count133
\float@exts=\toks30
\float@box=\box56
\@floatcapt=\box57
Package floatrow Info: Modified float package code loaded on input line 455.
Package floatrow Info: Modified rotfloat package code loaded on input line 473.

\FR@everyfloat=\toks31
\flrow@foot=\insert233
\FB@wd=\dimen158
\FBo@wd=\dimen159
\FBc@wd=\dimen160
\FBo@ht=\skip67
\FBc@ht=\skip68
\FBf@ht=\skip69
\FBo@max=\skip70
\FBc@max=\skip71
\FBf@max=\skip72
\c@FBl@b=\count134
\floatbox@depth=\count135
\c@FRobj=\count136
\c@FRsobj=\count137
\Xhsize=\skip73
\sXhsize=\skip74
\Zhsize=\skip75
\sZhsize=\skip76
\flrow@rowbox=\box58
\FR@Zunitlength=\dimen161
\c@FBcnt=\count138
\FPOScnt=\count139
\LTleft=\skip77
\LTright=\skip78
\LTleft=\skip79
\LTright=\skip80
\flrow@types=\toks32
)
Package hyperref Info: Option `colorlinks' set `true' on input line 41.
\c@prop=\count140
\c@definition=\count141
\c@lemma=\count142
\c@corollary=\count143

(./draft_Feb2020midwestMacro.aux)
\openout1 = `draft_Feb2020midwestMacro.aux'.

LaTeX Font Info:    Checking defaults for OML/cmm/m/it on input line 90.
LaTeX Font Info:    ... okay on input line 90.
LaTeX Font Info:    Checking defaults for T1/cmr/m/n on input line 90.
LaTeX Font Info:    ... okay on input line 90.
LaTeX Font Info:    Checking defaults for OT1/cmr/m/n on input line 90.
LaTeX Font Info:    ... okay on input line 90.
LaTeX Font Info:    Checking defaults for OMS/cmsy/m/n on input line 90.
LaTeX Font Info:    ... okay on input line 90.
LaTeX Font Info:    Checking defaults for OMX/cmex/m/n on input line 90.
LaTeX Font Info:    ... okay on input line 90.
LaTeX Font Info:    Checking defaults for U/cmr/m/n on input line 90.
LaTeX Font Info:    ... okay on input line 90.
LaTeX Font Info:    Checking defaults for PD1/pdf/m/n on input line 90.
LaTeX Font Info:    ... okay on input line 90.

(/usr/local/texlive/2015/texmf-dist/tex/context/base/supp-pdf.mkii
[Loading MPS to PDF converter (version 2006.09.02).]
\scratchcounter=\count144
\scratchdimen=\dimen162
\scratchbox=\box59
\nofMPsegments=\count145
\nofMParguments=\count146
\everyMPshowfont=\toks33
\MPscratchCnt=\count147
\MPscratchDim=\dimen163
\MPnumerator=\count148
\makeMPintoPDFobject=\count149
\everyMPtoPDFconversion=\toks34
) (/usr/local/texlive/2015/texmf-dist/tex/latex/oberdiek/epstopdf-base.sty
Package: epstopdf-base 2010/02/09 v2.5 Base part for package epstopdf

(/usr/local/texlive/2015/texmf-dist/tex/latex/oberdiek/grfext.sty
Package: grfext 2010/08/19 v1.1 Manage graphics extensions (HO)
)
Package grfext Info: Graphics extension search list:
(grfext)             [.png,.pdf,.jpg,.mps,.jpeg,.jbig2,.jb2,.PNG,.PDF,.JPG,.JPE
G,.JBIG2,.JB2,.eps]
(grfext)             \AppendGraphicsExtensions on input line 452.

(/usr/local/texlive/2015/texmf-dist/tex/latex/latexconfig/epstopdf-sys.cfg
File: epstopdf-sys.cfg 2010/07/13 v1.3 Configuration of (r)epstopdf for TeX Liv
e
))
Package caption Info: Begin \AtBeginDocument code.
Package caption Info: floatrow package is loaded.
Package caption Info: float package is loaded.
Package caption Info: floatrow package is loaded.
Package caption Info: hyperref package is loaded.
Package caption Info: End \AtBeginDocument code.
\AtBeginShipoutBox=\box60

*geometry* driver: auto-detecting
*geometry* detected driver: pdftex
*geometry* verbose mode - [ preamble ] result:
* driver: pdftex
* paper: <default>
* layout: <same size as paper>
* layoutoffset:(h,v)=(0.0pt,0.0pt)
* modes: 
* h-part:(L,W,R)=(59.98422pt, 489.99052pt, 64.32025pt)
* v-part:(T,H,B)=(72.26999pt, 650.43001pt, 72.26999pt)
* \paperwidth=614.295pt
* \paperheight=794.96999pt
* \textwidth=489.99052pt
* \textheight=650.43001pt
* \oddsidemargin=-12.28577pt
* \evensidemargin=-12.28577pt
* \topmargin=-37.0pt
* \headheight=12.0pt
* \headsep=25.0pt
* \topskip=11.0pt
* \footskip=30.0pt
* \marginparwidth=59.0pt
* \marginparsep=10.0pt
* \columnsep=10.0pt
* \skip\footins=10.0pt plus 4.0pt minus 2.0pt
* \hoffset=0.0pt
* \voffset=0.0pt
* \mag=1000
* \@twocolumnfalse
* \@twosidefalse
* \@mparswitchfalse
* \@reversemarginfalse
* (1in=72.27pt=25.4mm, 1cm=28.453pt)

Package hyperref Info: Link coloring ON on input line 90.
(/usr/local/texlive/2015/texmf-dist/tex/latex/hyperref/nameref.sty
Package: nameref 2012/10/27 v2.43 Cross-referencing by name of section

(/usr/local/texlive/2015/texmf-dist/tex/generic/oberdiek/gettitlestring.sty
Package: gettitlestring 2010/12/03 v1.4 Cleanup title references (HO)
)
\c@section@level=\count150
)
LaTeX Info: Redefining \ref on input line 90.
LaTeX Info: Redefining \pageref on input line 90.
LaTeX Info: Redefining \nameref on input line 90.

(./draft_Feb2020midwestMacro.out) (./draft_Feb2020midwestMacro.out)
\@outlinefile=\write3
\openout3 = `draft_Feb2020midwestMacro.out'.

LaTeX Font Info:    Try loading font information for U+msa on input line 101.

(/usr/local/texlive/2015/texmf-dist/tex/latex/amsfonts/umsa.fd
File: umsa.fd 2013/01/14 v3.01 AMS symbols A
)
LaTeX Font Info:    Try loading font information for U+msb on input line 101.

(/usr/local/texlive/2015/texmf-dist/tex/latex/amsfonts/umsb.fd
File: umsb.fd 2013/01/14 v3.01 AMS symbols B
) [1

{/usr/local/texlive/2015/texmf-var/fonts/map/pdftex/updmap/pdftex.map}]
<../../figures/urate_2020_02_09.png, id=75, 1139.25626pt x 639.38875pt>
File: ../../figures/urate_2020_02_09.png Graphic file (type png)

<use ../../figures/urate_2020_02_09.png>
Package pdftex.def Info: ../../figures/urate_2020_02_09.png used on input line 
119.
(pdftex.def)             Requested size: 205.05728pt x 115.085pt.

<../../figures/pce_2020_02_09.png, id=76, 1139.25626pt x 629.35126pt>
File: ../../figures/pce_2020_02_09.png Graphic file (type png)

<use ../../figures/pce_2020_02_09.png>
Package pdftex.def Info: ../../figures/pce_2020_02_09.png used on input line 12
0.
(pdftex.def)             Requested size: 205.05728pt x 113.27834pt.

<../../figures/frr_2020_02_09.png, id=77, 1139.25626pt x 639.38875pt>
File: ../../figures/frr_2020_02_09.png Graphic file (type png)

<use ../../figures/frr_2020_02_09.png>
Package pdftex.def Info: ../../figures/frr_2020_02_09.png used on input line 12
1.
(pdftex.def)             Requested size: 205.05728pt x 115.085pt.

<../../figures/epi10_2020_02_09.png, id=79, 1139.25626pt x 639.38875pt>
File: ../../figures/epi10_2020_02_09.png Graphic file (type png)

<use ../../figures/epi10_2020_02_09.png>
Package pdftex.def Info: ../../figures/epi10_2020_02_09.png used on input line 
129.
(pdftex.def)             Requested size: 250.63715pt x 140.66595pt.


LaTeX Warning: `!h' float specifier changed to `!ht'.

[2 <../../figures/urate_2020_02_09.png (PNG copy)> <../../figures/pce_2020_02_0
9.png (PNG copy)> <../../figures/frr_2020_02_09.png (PNG copy)>] [3 <../../figu
res/epi10_2020_02_09.png (PNG copy)>] [4] [5] [6] [7] [8] [9] [10] [11]
[12] [13] [14]
<../../figures/plot_sim_loss_loss_RE_params_psi_pi_1_5_psi_x_0_gbar_0_145_thetb
ar_4_thettilde_2_5_kap_0_8_lamx_0_lami_0_2020_02_09.png, id=416, 1060.96375pt x
 660.4675pt>
File: ../../figures/plot_sim_loss_loss_RE_params_psi_pi_1_5_psi_x_0_gbar_0_145_
thetbar_4_thettilde_2_5_kap_0_8_lamx_0_lami_0_2020_02_09.png Graphic file (type
 png)

<use ../../figures/plot_sim_loss_loss_RE_params_psi_pi_1_5_psi_x_0_gbar_0_145_t
hetbar_4_thettilde_2_5_kap_0_8_lamx_0_lami_0_2020_02_09.png>
Package pdftex.def Info: ../../figures/plot_sim_loss_loss_RE_params_psi_pi_1_5_
psi_x_0_gbar_0_145_thetbar_4_thettilde_2_5_kap_0_8_lamx_0_lami_0_2020_02_09.png
 used on input line 408.
(pdftex.def)             Requested size: 190.96523pt x 118.87901pt.

<../../figures/plot_sim_loss_loss_again_critCUSUM_constant_only_params_psi_pi_1
_5_psi_x_0_gbar_0_145_thetbar_4_thettilde_2_5_kap_0_8_lamx_0_lami_0_2020_02_09.
png, id=417, 1084.05pt x 660.4675pt>
File: ../../figures/plot_sim_loss_loss_again_critCUSUM_constant_only_params_psi
_pi_1_5_psi_x_0_gbar_0_145_thetbar_4_thettilde_2_5_kap_0_8_lamx_0_lami_0_2020_0
2_09.png Graphic file (type png)

<use ../../figures/plot_sim_loss_loss_again_critCUSUM_constant_only_params_psi_
pi_1_5_psi_x_0_gbar_0_145_thetbar_4_thettilde_2_5_kap_0_8_lamx_0_lami_0_2020_02
_09.png>
Package pdftex.def Info: ../../figures/plot_sim_loss_loss_again_critCUSUM_const
ant_only_params_psi_pi_1_5_psi_x_0_gbar_0_145_thetbar_4_thettilde_2_5_kap_0_8_l
amx_0_lami_0_2020_02_09.png used on input line 409.
(pdftex.def)             Requested size: 195.12057pt x 118.87901pt.

<../../figures/command_IRFs_anchoring_RIR_LH_anchmonpol_again_critCUSUM_constan
t_only_2020_02_10.png, id=419, 1407.2575pt x 769.87625pt>
File: ../../figures/command_IRFs_anchoring_RIR_LH_anchmonpol_again_critCUSUM_co
nstant_only_2020_02_10.png Graphic file (type png)

<use ../../figures/command_IRFs_anchoring_RIR_LH_anchmonpol_again_critCUSUM_con
stant_only_2020_02_10.png>
Package pdftex.def Info: ../../figures/command_IRFs_anchoring_RIR_LH_anchmonpol
_again_critCUSUM_constant_only_2020_02_10.png used on input line 417.
(pdftex.def)             Requested size: 253.29543pt x 138.57175pt.

<../../figures/command_IRFs_anchoring_RIR_LH_unanchmonpol_again_critCUSUM_const
ant_only_2020_02_10.png, id=420, 1407.2575pt x 769.87625pt>
File: ../../figures/command_IRFs_anchoring_RIR_LH_unanchmonpol_again_critCUSUM_
constant_only_2020_02_10.png Graphic file (type png)

<use ../../figures/command_IRFs_anchoring_RIR_LH_unanchmonpol_again_critCUSUM_c
onstant_only_2020_02_10.png>
Package pdftex.def Info: ../../figures/command_IRFs_anchoring_RIR_LH_unanchmonp
ol_again_critCUSUM_constant_only_2020_02_10.png used on input line 418.
(pdftex.def)             Requested size: 253.29543pt x 138.57175pt.


LaTeX Warning: `!h' float specifier changed to `!ht'.

[15 <../../figures/plot_sim_loss_loss_RE_params_psi_pi_1_5_psi_x_0_gbar_0_145_t
hetbar_4_thettilde_2_5_kap_0_8_lamx_0_lami_0_2020_02_09.png (PNG copy)> <../../
figures/plot_sim_loss_loss_again_critCUSUM_constant_only_params_psi_pi_1_5_psi_
x_0_gbar_0_145_thetbar_4_thettilde_2_5_kap_0_8_lamx_0_lami_0_2020_02_09.png (PN
G copy)>]
<../../figures/command_IRFs_anchoring_loss_again_critCUSUM_constant_only_params
_psi_pi_1_01_psi_x_0_gbar_0_145_thetbar_4_thettilde_2_5_kap_0_8_lamx_0_lami_0_2
020_02_09.png, id=430, 1117.17375pt x 604.2575pt>
File: ../../figures/command_IRFs_anchoring_loss_again_critCUSUM_constant_only_p
arams_psi_pi_1_01_psi_x_0_gbar_0_145_thetbar_4_thettilde_2_5_kap_0_8_lamx_0_lam
i_0_2020_02_09.png Graphic file (type png)

<use ../../figures/command_IRFs_anchoring_loss_again_critCUSUM_constant_only_pa
rams_psi_pi_1_01_psi_x_0_gbar_0_145_thetbar_4_thettilde_2_5_kap_0_8_lamx_0_lami
_0_2020_02_09.png>
Package pdftex.def Info: ../../figures/command_IRFs_anchoring_loss_again_critCU
SUM_constant_only_params_psi_pi_1_01_psi_x_0_gbar_0_145_thetbar_4_thettilde_2_5
_kap_0_8_lamx_0_lami_0_2020_02_09.png used on input line 427.
(pdftex.def)             Requested size: 201.0826pt x 108.76166pt.

<../../figures/command_IRFs_anchoring_loss_again_critCUSUM_constant_only_params
_psi_pi_1_5_psi_x_0_gbar_0_145_thetbar_4_thettilde_2_5_kap_0_8_lamx_0_lami_0_20
20_02_09.png, id=431, 1117.17375pt x 604.2575pt>
File: ../../figures/command_IRFs_anchoring_loss_again_critCUSUM_constant_only_p
arams_psi_pi_1_5_psi_x_0_gbar_0_145_thetbar_4_thettilde_2_5_kap_0_8_lamx_0_lami
_0_2020_02_09.png Graphic file (type png)

<use ../../figures/command_IRFs_anchoring_loss_again_critCUSUM_constant_only_pa
rams_psi_pi_1_5_psi_x_0_gbar_0_145_thetbar_4_thettilde_2_5_kap_0_8_lamx_0_lami_
0_2020_02_09.png>
Package pdftex.def Info: ../../figures/command_IRFs_anchoring_loss_again_critCU
SUM_constant_only_params_psi_pi_1_5_psi_x_0_gbar_0_145_thetbar_4_thettilde_2_5_
kap_0_8_lamx_0_lami_0_2020_02_09.png used on input line 428.
(pdftex.def)             Requested size: 201.0826pt x 108.76166pt.

<../../figures/command_IRFs_anchoring_loss_again_critCUSUM_constant_only_params
_psi_pi_2_psi_x_0_gbar_0_145_thetbar_4_thettilde_2_5_kap_0_8_lamx_0_lami_0_2020
_02_09.png, id=432, 1140.26pt x 604.2575pt>
File: ../../figures/command_IRFs_anchoring_loss_again_critCUSUM_constant_only_p
arams_psi_pi_2_psi_x_0_gbar_0_145_thetbar_4_thettilde_2_5_kap_0_8_lamx_0_lami_0
_2020_02_09.png Graphic file (type png)

<use ../../figures/command_IRFs_anchoring_loss_again_critCUSUM_constant_only_pa
rams_psi_pi_2_psi_x_0_gbar_0_145_thetbar_4_thettilde_2_5_kap_0_8_lamx_0_lami_0_
2020_02_09.png>
Package pdftex.def Info: ../../figures/command_IRFs_anchoring_loss_again_critCU
SUM_constant_only_params_psi_pi_2_psi_x_0_gbar_0_145_thetbar_4_thettilde_2_5_ka
p_0_8_lamx_0_lami_0_2020_02_09.png used on input line 429.
(pdftex.def)             Requested size: 205.23795pt x 108.76166pt.


LaTeX Warning: `!h' float specifier changed to `!ht'.

[16 <../../figures/command_IRFs_anchoring_RIR_LH_anchmonpol_again_critCUSUM_con
stant_only_2020_02_10.png (PNG copy)> <../../figures/command_IRFs_anchoring_RIR
_LH_unanchmonpol_again_critCUSUM_constant_only_2020_02_10.png (PNG copy)>]
<../../figures/command_IRFs_anchoring_RIR_LH_unanch_monpol_again_critCUSUM_cons
tant_only_psi_pi_1_01_2020_02_10.png, id=446, 1407.2575pt x 769.87625pt>
File: ../../figures/command_IRFs_anchoring_RIR_LH_unanch_monpol_again_critCUSUM
_constant_only_psi_pi_1_01_2020_02_10.png Graphic file (type png)

<use ../../figures/command_IRFs_anchoring_RIR_LH_unanch_monpol_again_critCUSUM_
constant_only_psi_pi_1_01_2020_02_10.png>
Package pdftex.def Info: ../../figures/command_IRFs_anchoring_RIR_LH_unanch_mon
pol_again_critCUSUM_constant_only_psi_pi_1_01_2020_02_10.png used on input line
 439.
(pdftex.def)             Requested size: 253.29543pt x 138.57175pt.

<../../figures/command_IRFs_anchoring_RIR_LH_unanch_monpol_again_critCUSUM_cons
tant_only_psi_pi_1_5_2020_02_10.png, id=447, 1407.2575pt x 769.87625pt>
File: ../../figures/command_IRFs_anchoring_RIR_LH_unanch_monpol_again_critCUSUM
_constant_only_psi_pi_1_5_2020_02_10.png Graphic file (type png)

<use ../../figures/command_IRFs_anchoring_RIR_LH_unanch_monpol_again_critCUSUM_
constant_only_psi_pi_1_5_2020_02_10.png>
Package pdftex.def Info: ../../figures/command_IRFs_anchoring_RIR_LH_unanch_mon
pol_again_critCUSUM_constant_only_psi_pi_1_5_2020_02_10.png used on input line 
440.
(pdftex.def)             Requested size: 253.29543pt x 138.57175pt.

<../../figures/command_IRFs_anchoring_RIR_LH_unanch_monpol_again_critCUSUM_cons
tant_only_psi_pi_2_2020_02_10.png, id=448, 1407.2575pt x 769.87625pt>
File: ../../figures/command_IRFs_anchoring_RIR_LH_unanch_monpol_again_critCUSUM
_constant_only_psi_pi_2_2020_02_10.png Graphic file (type png)

<use ../../figures/command_IRFs_anchoring_RIR_LH_unanch_monpol_again_critCUSUM_
constant_only_psi_pi_2_2020_02_10.png>
Package pdftex.def Info: ../../figures/command_IRFs_anchoring_RIR_LH_unanch_mon
pol_again_critCUSUM_constant_only_psi_pi_2_2020_02_10.png used on input line 44
1.
(pdftex.def)             Requested size: 253.29543pt x 138.57175pt.


LaTeX Warning: `!h' float specifier changed to `!ht'.

[17 <../../figures/command_IRFs_anchoring_loss_again_critCUSUM_constant_only_pa
rams_psi_pi_1_01_psi_x_0_gbar_0_145_thetbar_4_thettilde_2_5_kap_0_8_lamx_0_lami
_0_2020_02_09.png (PNG copy)> <../../figures/command_IRFs_anchoring_loss_again_
critCUSUM_constant_only_params_psi_pi_1_5_psi_x_0_gbar_0_145_thetbar_4_thettild
e_2_5_kap_0_8_lamx_0_lami_0_2020_02_09.png (PNG copy)> <../../figures/command_I
RFs_anchoring_loss_again_critCUSUM_constant_only_params_psi_pi_2_psi_x_0_gbar_0
_145_thetbar_4_thettilde_2_5_kap_0_8_lamx_0_lami_0_2020_02_09.png (PNG copy)>]
[18 <../../figures/command_IRFs_anchoring_RIR_LH_unanch_monpol_again_critCUSUM_
constant_only_psi_pi_1_01_2020_02_10.png (PNG copy)> <../../figures/command_IRF
s_anchoring_RIR_LH_unanch_monpol_again_critCUSUM_constant_only_psi_pi_1_5_2020_
02_10.png (PNG copy)> <../../figures/command_IRFs_anchoring_RIR_LH_unanch_monpo
l_again_critCUSUM_constant_only_psi_pi_2_2020_02_10.png (PNG copy)>] [19]
[20] (./draft_Feb2020midwestMacro.bbl [21

]) [22]
Package atveryend Info: Empty hook `BeforeClearDocument' on input line 533.
 [23]
Package atveryend Info: Empty hook `AfterLastShipout' on input line 533.

(./draft_Feb2020midwestMacro.aux

Package natbib Warning: Citation(s) may have changed.
(natbib)                Rerun to get citations correct.

)
Package atveryend Info: Executing hook `AtVeryEndDocument' on input line 533.
Package atveryend Info: Executing hook `AtEndAfterFileList' on input line 533.
Package rerunfilecheck Info: File `draft_Feb2020midwestMacro.out' has not chang
ed.
(rerunfilecheck)             Checksum: E3E8864BDC4AEBB2024B555E16DD0CCF;945.


LaTeX Warning: Label(s) may have changed. Rerun to get cross-references right.

Package atveryend Info: Empty hook `AtVeryVeryEnd' on input line 533.
 ) 
Here is how much of TeX's memory you used:
 10418 strings out of 493089
 163595 string characters out of 6134842
 272881 words of memory out of 5000000
 13586 multiletter control sequences out of 15000+600000
 15434 words of font info for 58 fonts, out of 8000000 for 9000
 1141 hyphenation exceptions out of 8191
 36i,21n,39p,1706b,466s stack positions out of 5000i,500n,10000p,200000b,80000s
</usr/local/texlive/2015/texmf-dist/fonts/type1/public/amsfonts/cm/cmbx10.pfb
></usr/local/texlive/2015/texmf-dist/fonts/type1/public/amsfonts/cm/cmbx12.pfb>
</usr/local/texlive/2015/texmf-dist/fonts/type1/public/amsfonts/cm/cmbx9.pfb></
usr/local/texlive/2015/texmf-dist/fonts/type1/public/amsfonts/cm/cmex10.pfb></u
sr/local/texlive/2015/texmf-dist/fonts/type1/public/amsfonts/cm/cmmi10.pfb></us
r/local/texlive/2015/texmf-dist/fonts/type1/public/amsfonts/cm/cmmi6.pfb></usr/
local/texlive/2015/texmf-dist/fonts/type1/public/amsfonts/cm/cmmi8.pfb></usr/lo
cal/texlive/2015/texmf-dist/fonts/type1/public/amsfonts/cm/cmmi9.pfb></usr/loca
l/texlive/2015/texmf-dist/fonts/type1/public/amsfonts/cm/cmr10.pfb></usr/local/
texlive/2015/texmf-dist/fonts/type1/public/amsfonts/cm/cmr12.pfb></usr/local/te
xlive/2015/texmf-dist/fonts/type1/public/amsfonts/cm/cmr17.pfb></usr/local/texl
ive/2015/texmf-dist/fonts/type1/public/amsfonts/cm/cmr6.pfb></usr/local/texlive
/2015/texmf-dist/fonts/type1/public/amsfonts/cm/cmr8.pfb></usr/local/texlive/20
15/texmf-dist/fonts/type1/public/amsfonts/cm/cmr9.pfb></usr/local/texlive/2015/
texmf-dist/fonts/type1/public/amsfonts/cm/cmsy10.pfb></usr/local/texlive/2015/t
exmf-dist/fonts/type1/public/amsfonts/cm/cmsy6.pfb></usr/local/texlive/2015/tex
mf-dist/fonts/type1/public/amsfonts/cm/cmsy8.pfb></usr/local/texlive/2015/texmf
-dist/fonts/type1/public/amsfonts/cm/cmti10.pfb></usr/local/texlive/2015/texmf-
dist/fonts/type1/public/amsfonts/symbols/msbm10.pfb>
Output written on draft_Feb2020midwestMacro.pdf (23 pages, 949697 bytes).
PDF statistics:
 609 PDF objects out of 1000 (max. 8388607)
 545 compressed objects within 6 object streams
 144 named destinations out of 1000 (max. 500000)
 191 words of extra memory for PDF output out of 10000 (max. 10000000)

