\BOOKMARK [1][-]{section.1}{Introduction}{}% 1
\BOOKMARK [1][-]{section.2}{The model}{}% 2
\BOOKMARK [2][-]{subsection.2.1}{Households}{section.2}% 3
\BOOKMARK [2][-]{subsection.2.2}{Firms}{section.2}% 4
\BOOKMARK [2][-]{subsection.2.3}{Aggregate laws of motion}{section.2}% 5
\BOOKMARK [1][-]{section.3}{Learning with an anchoring mechanism}{}% 6
\BOOKMARK [2][-]{subsection.3.1}{Perceived law of motion}{section.3}% 7
\BOOKMARK [2][-]{subsection.3.2}{Endogenous gain as anchoring mechanism}{section.3}% 8
\BOOKMARK [2][-]{subsection.3.3}{Actual law of motion}{section.3}% 9
\BOOKMARK [1][-]{section.4}{Estimating the anchoring function}{}% 10
\BOOKMARK [1][-]{section.5}{Monetary policy and anchoring}{}% 11
\BOOKMARK [2][-]{subsection.5.1}{The Ramsey policy under anchoring}{section.5}% 12
\BOOKMARK [2][-]{subsection.5.2}{Implementing the Ramsey policy: the optimal interest rate sequence}{section.5}% 13
\BOOKMARK [2][-]{subsection.5.3}{Optimal Taylor rule under anchoring}{section.5}% 14
\BOOKMARK [2][-]{subsection.5.4}{Welfare gains from optimal policy}{section.5}% 15
\BOOKMARK [2][-]{subsection.5.5}{Discussion}{section.5}% 16
\BOOKMARK [1][-]{section.6}{Conclusion}{}% 17
\BOOKMARK [1][-]{appendix.A}{Filtering out liquidity risk from TIPS}{}% 18
\BOOKMARK [1][-]{appendix.B}{Compact model notation}{}% 19
\BOOKMARK [1][-]{appendix.C}{The observation matrix for learning}{}% 20
\BOOKMARK [1][-]{appendix.D}{Alternative specifications for the anchoring function}{}% 21
\BOOKMARK [1][-]{appendix.E}{Estimation procedure}{}% 22
\BOOKMARK [1][-]{appendix.F}{The policy problem in the simplified baseline model }{}% 23
\BOOKMARK [1][-]{appendix.G}{A target criterion for an anchoring mechanism specified in terms of gain changes}{}% 24
\BOOKMARK [1][-]{appendix.H}{Parameterized expectations algorithm \(PEA\)}{}% 25
\BOOKMARK [1][-]{appendix.I}{Parametric value function iteration}{}% 26
\BOOKMARK [1][-]{appendix.J}{Oscillatory dynamics in adaptive learning models}{}% 27
\BOOKMARK [1][-]{appendix.K}{Impulse responses in the anchoring model}{}% 28
