This is pdfTeX, Version 3.14159265-2.6-1.40.16 (TeX Live 2015) (preloaded format=pdflatex 2015.5.24)  5 JUN 2021 16:54
entering extended mode
 restricted \write18 enabled.
 file:line:error style messages enabled.
 %&-line parsing enabled.
**/Users/lauragati/Dropbox/BC_Research/next/writeups/Draft10_June2021/draft_june_AER_template.tex
(/Users/lauragati/Dropbox/BC_Research/next/writeups/Draft10_June2021/draft_june_AER_template.tex
LaTeX2e <2015/01/01>
Babel <3.9l> and hyphenation patterns for 79 languages loaded.
(/Users/lauragati/Dropbox/BC_Research/next/writeups/Draft10_June2021/AEA.cls
Document Class: AEA 2011/07/24 American Economic Association Article Classes
(/usr/local/texlive/2015/texmf-dist/tex/latex/tools/multicol.sty
Package: multicol 2015/03/31 v1.8m multicolumn formatting (FMi)
\c@tracingmulticols=\count79
\mult@box=\box26
\multicol@leftmargin=\dimen102
\c@unbalance=\count80
\c@collectmore=\count81
\doublecol@number=\count82
\multicoltolerance=\count83
\multicolpretolerance=\count84
\full@width=\dimen103
\page@free=\dimen104
\premulticols=\dimen105
\postmulticols=\dimen106
\multicolsep=\skip41
\multicolbaselineskip=\skip42
\partial@page=\box27
\last@line=\box28
\maxbalancingoverflow=\dimen107
\mult@rightbox=\box29
\mult@grightbox=\box30
\mult@gfirstbox=\box31
\mult@firstbox=\box32
\@tempa=\box33
\@tempa=\box34
\@tempa=\box35
\@tempa=\box36
\@tempa=\box37
\@tempa=\box38
\@tempa=\box39
\@tempa=\box40
\@tempa=\box41
\@tempa=\box42
\@tempa=\box43
\@tempa=\box44
\@tempa=\box45
\@tempa=\box46
\@tempa=\box47
\@tempa=\box48
\@tempa=\box49
\c@columnbadness=\count85
\c@finalcolumnbadness=\count86
\last@try=\dimen108
\multicolovershoot=\dimen109
\multicolundershoot=\dimen110
\mult@nat@firstbox=\box50
\colbreak@box=\box51
\mc@col@check@num=\count87
) (/usr/local/texlive/2015/texmf-dist/tex/latex/setspace/setspace.sty
Package: setspace 2011/12/19 v6.7a set line spacing
) (/usr/local/texlive/2015/texmf-dist/tex/latex/amsmath/amsmath.sty
Package: amsmath 2013/01/14 v2.14 AMS math features
\@mathmargin=\skip43

For additional information on amsmath, use the `?' option.
(/usr/local/texlive/2015/texmf-dist/tex/latex/amsmath/amstext.sty
Package: amstext 2000/06/29 v2.01
 (/usr/local/texlive/2015/texmf-dist/tex/latex/amsmath/amsgen.sty
File: amsgen.sty 1999/11/30 v2.0
\@emptytoks=\toks14
\ex@=\dimen111
)) (/usr/local/texlive/2015/texmf-dist/tex/latex/amsmath/amsbsy.sty
Package: amsbsy 1999/11/29 v1.2d
\pmbraise@=\dimen112
) (/usr/local/texlive/2015/texmf-dist/tex/latex/amsmath/amsopn.sty
Package: amsopn 1999/12/14 v2.01 operator names
)
\inf@bad=\count88
LaTeX Info: Redefining \frac on input line 210.
\uproot@=\count89
\leftroot@=\count90
LaTeX Info: Redefining \overline on input line 306.
\classnum@=\count91
\DOTSCASE@=\count92
LaTeX Info: Redefining \ldots on input line 378.
LaTeX Info: Redefining \dots on input line 381.
LaTeX Info: Redefining \cdots on input line 466.
\Mathstrutbox@=\box52
\strutbox@=\box53
\big@size=\dimen113
LaTeX Font Info:    Redeclaring font encoding OML on input line 566.
LaTeX Font Info:    Redeclaring font encoding OMS on input line 567.
\macc@depth=\count93
\c@MaxMatrixCols=\count94
\dotsspace@=\muskip10
\c@parentequation=\count95
\dspbrk@lvl=\count96
\tag@help=\toks15
\row@=\count97
\column@=\count98
\maxfields@=\count99
\andhelp@=\toks16
\eqnshift@=\dimen114
\alignsep@=\dimen115
\tagshift@=\dimen116
\tagwidth@=\dimen117
\totwidth@=\dimen118
\lineht@=\dimen119
\@envbody=\toks17
\multlinegap=\skip44
\multlinetaggap=\skip45
\mathdisplay@stack=\toks18
LaTeX Info: Redefining \[ on input line 2665.
LaTeX Info: Redefining \] on input line 2666.
)
Journal Selected: THE AMERICAN ECONOMIC REVIEW
Mode Selected: final
\abstractIndent=\skip46
\abstractWidth=\skip47
\c@part=\count100
\c@section=\count101
\c@subsection=\count102
\c@subsubsection=\count103
\c@paragraph=\count104
\c@subparagraph=\count105
\c@figure=\count106
\c@table=\count107
\abovecaptionskip=\skip48
\belowcaptionskip=\skip49
\bibindent=\dimen120
) (/usr/local/texlive/2015/texmf-dist/tex/latex/natbib/natbib.sty
Package: natbib 2010/09/13 8.31b (PWD, AO)
\bibhang=\skip50
\bibsep=\skip51
LaTeX Info: Redefining \cite on input line 694.
\c@NAT@ctr=\count108
) (/usr/local/texlive/2015/texmf-dist/tex/latex/amsfonts/amssymb.sty
Package: amssymb 2013/01/14 v3.01 AMS font symbols
 (/usr/local/texlive/2015/texmf-dist/tex/latex/amsfonts/amsfonts.sty
Package: amsfonts 2013/01/14 v3.01 Basic AMSFonts support
\symAMSa=\mathgroup4
\symAMSb=\mathgroup5
LaTeX Font Info:    Overwriting math alphabet `\mathfrak' in version `bold'
(Font)                  U/euf/m/n --> U/euf/b/n on input line 106.
)) (/usr/local/texlive/2015/texmf-dist/tex/latex/bbm-macros/bbm.sty
Package: bbm 1999/03/15 V 1.2 provides fonts for set symbols - TH
LaTeX Font Info:    Overwriting math alphabet `\mathbbm' in version `bold'
(Font)                  U/bbm/m/n --> U/bbm/bx/n on input line 33.
LaTeX Font Info:    Overwriting math alphabet `\mathbbmss' in version `bold'
(Font)                  U/bbmss/m/n --> U/bbmss/bx/n on input line 35.
) (/usr/local/texlive/2015/texmf-dist/tex/latex/thmtools/thmtools.sty
Package: thmtools 2014/04/21 v66
\thmt@toks=\toks19
\c@thmt@dummyctr=\count109
 (/usr/local/texlive/2015/texmf-dist/tex/latex/thmtools/thm-patch.sty
Package: thm-patch 2014/04/21 v66
 (/usr/local/texlive/2015/texmf-dist/tex/latex/thmtools/parseargs.sty
Package: parseargs 2014/04/21 v66
\@parsespec=\toks20
)) (/usr/local/texlive/2015/texmf-dist/tex/latex/thmtools/thm-kv.sty
Package: thm-kv 2014/04/21 v66
Package thm-kv Info: Theorem names will be uppercased on input line 40.
 (/usr/local/texlive/2015/texmf-dist/tex/latex/graphics/keyval.sty
Package: keyval 2014/10/28 v1.15 key=value parser (DPC)
\KV@toks@=\toks21
) (/usr/local/texlive/2015/texmf-dist/tex/generic/oberdiek/kvsetkeys.sty
Package: kvsetkeys 2012/04/25 v1.16 Key value parser (HO)
 (/usr/local/texlive/2015/texmf-dist/tex/generic/oberdiek/infwarerr.sty
Package: infwarerr 2010/04/08 v1.3 Providing info/warning/error messages (HO)
) (/usr/local/texlive/2015/texmf-dist/tex/generic/oberdiek/etexcmds.sty
Package: etexcmds 2011/02/16 v1.5 Avoid name clashes with e-TeX commands (HO)
 (/usr/local/texlive/2015/texmf-dist/tex/generic/oberdiek/ifluatex.sty
Package: ifluatex 2010/03/01 v1.3 Provides the ifluatex switch (HO)
Package ifluatex Info: LuaTeX not detected.
)
Package etexcmds Info: Could not find \expanded.
(etexcmds)             That can mean that you are not using pdfTeX 1.50 or
(etexcmds)             that some package has redefined \expanded.
(etexcmds)             In the latter case, load this package earlier.
))
Package thm-kv Info: kvsetkeys patch (v1.16 or later) on input line 156.
) (/usr/local/texlive/2015/texmf-dist/tex/latex/thmtools/thm-autoref.sty
Package: thm-autoref 2014/04/21 v66
 (/usr/local/texlive/2015/texmf-dist/tex/latex/thmtools/aliasctr.sty
Package: aliasctr 2014/04/21 v66
 (/usr/local/texlive/2015/texmf-dist/tex/latex/carlisle/remreset.sty))) (/usr/local/texlive/2015/texmf-dist/tex/latex/thmtools/thm-listof.sty
Package: thm-listof 2014/04/21 v66
) (/usr/local/texlive/2015/texmf-dist/tex/latex/thmtools/thm-restate.sty
Package: thm-restate 2014/04/21 v66
)) (/usr/local/texlive/2015/texmf-dist/tex/latex/mathtools/mathtools.sty
Package: mathtools 2015/05/11 v1.16 mathematical typesetting tools
 (/usr/local/texlive/2015/texmf-dist/tex/latex/tools/calc.sty
Package: calc 2014/10/28 v4.3 Infix arithmetic (KKT,FJ)
\calc@Acount=\count110
\calc@Bcount=\count111
\calc@Adimen=\dimen121
\calc@Bdimen=\dimen122
\calc@Askip=\skip52
\calc@Bskip=\skip53
LaTeX Info: Redefining \setlength on input line 80.
LaTeX Info: Redefining \addtolength on input line 81.
\calc@Ccount=\count112
\calc@Cskip=\skip54
) (/usr/local/texlive/2015/texmf-dist/tex/latex/mathtools/mhsetup.sty
Package: mhsetup 2010/01/21 v1.2a programming setup (MH)
)
LaTeX Info: Thecontrolsequence`\('isalreadyrobust on input line 129.
LaTeX Info: Thecontrolsequence`\)'isalreadyrobust on input line 129.
LaTeX Info: Thecontrolsequence`\['isalreadyrobust on input line 129.
LaTeX Info: Thecontrolsequence`\]'isalreadyrobust on input line 129.
\g_MT_multlinerow_int=\count113
\l_MT_multwidth_dim=\dimen123
\origjot=\skip55
\l_MT_shortvdotswithinadjustabove_dim=\dimen124
\l_MT_shortvdotswithinadjustbelow_dim=\dimen125
\l_MT_above_intertext_sep=\dimen126
\l_MT_below_intertext_sep=\dimen127
\l_MT_above_shortintertext_sep=\dimen128
\l_MT_below_shortintertext_sep=\dimen129
) (/usr/local/texlive/2015/texmf-dist/tex/latex/breqn/breqn.sty (/usr/local/texlive/2015/texmf-dist/tex/latex/l3kernel/expl3.sty
Package: expl3 2015/03/01 v5547 L3 programming layer (loader) 
 (/usr/local/texlive/2015/texmf-dist/tex/latex/l3kernel/expl3-code.tex
Package: expl3 2015/03/01 v5547 L3 programming layer (code) 
L3 Module: l3bootstrap 2015/02/28 v5542 L3 Bootstrap code
L3 Module: l3names 2015/02/24 v5535 L3 Namespace for primitives
L3 Module: l3basics 2015/01/27 v5500 L3 Basic definitions
L3 Module: l3expan 2014/11/27 v5472 L3 Argument expansion
L3 Module: l3tl 2015/01/27 v5500 L3 Token lists
L3 Module: l3str 2015/03/01 v5545 L3 Strings
L3 Module: l3seq 2014/08/23 v5354 L3 Sequences and stacks
L3 Module: l3int 2015/02/21 v5529 L3 Integers
\c_max_int=\count114
\l_tmpa_int=\count115
\l_tmpb_int=\count116
\g_tmpa_int=\count117
\g_tmpb_int=\count118
L3 Module: l3quark 2014/08/23 v5354 L3 Quarks
L3 Module: l3prg 2014/08/23 v5354 L3 Control structures
\g__prg_map_int=\count119
L3 Module: l3clist 2014/08/23 v5354 L3 Comma separated lists
L3 Module: l3token 2014/09/15 v5422 L3 Experimental token manipulation
L3 Module: l3prop 2014/08/23 v5354 L3 Property lists
L3 Module: l3msg 2015/02/26 v5537 L3 Messages
L3 Module: l3file 2014/08/24 v5369 L3 File and I/O operations
\l_iow_line_count_int=\count120
\l__iow_target_count_int=\count121
\l__iow_current_line_int=\count122
\l__iow_current_word_int=\count123
\l__iow_current_indentation_int=\count124
L3 Module: l3skip 2014/08/23 v5354 L3 Dimensions and skips
\c_zero_dim=\dimen130
\c_max_dim=\dimen131
\l_tmpa_dim=\dimen132
\l_tmpb_dim=\dimen133
\g_tmpa_dim=\dimen134
\g_tmpb_dim=\dimen135
\c_zero_skip=\skip56
\c_max_skip=\skip57
\l_tmpa_skip=\skip58
\l_tmpb_skip=\skip59
\g_tmpa_skip=\skip60
\g_tmpb_skip=\skip61
\c_zero_muskip=\muskip11
\c_max_muskip=\muskip12
\l_tmpa_muskip=\muskip13
\l_tmpb_muskip=\muskip14
\g_tmpa_muskip=\muskip15
\g_tmpb_muskip=\muskip16
L3 Module: l3keys 2015/01/27 v5500 L3 Key-value interfaces
\g__keyval_level_int=\count125
\l_keys_choice_int=\count126
L3 Module: l3fp 2014/08/22 v5336 L3 Floating points
\c__fp_leading_shift_int=\count127
\c__fp_middle_shift_int=\count128
\c__fp_trailing_shift_int=\count129
\c__fp_big_leading_shift_int=\count130
\c__fp_big_middle_shift_int=\count131
\c__fp_big_trailing_shift_int=\count132
\c__fp_Bigg_leading_shift_int=\count133
\c__fp_Bigg_middle_shift_int=\count134
\c__fp_Bigg_trailing_shift_int=\count135
L3 Module: l3box 2014/08/23 v5354 L3 Experimental boxes
\c_empty_box=\box54
\l_tmpa_box=\box55
\l_tmpb_box=\box56
\g_tmpa_box=\box57
\g_tmpb_box=\box58
L3 Module: l3coffins 2014/08/23 v5354 L3 Coffin code layer
\l__coffin_internal_box=\box59
\l__coffin_internal_dim=\dimen136
\l__coffin_offset_x_dim=\dimen137
\l__coffin_offset_y_dim=\dimen138
\l__coffin_x_dim=\dimen139
\l__coffin_y_dim=\dimen140
\l__coffin_x_prime_dim=\dimen141
\l__coffin_y_prime_dim=\dimen142
\c_empty_coffin=\box60
\l__coffin_aligned_coffin=\box61
\l__coffin_aligned_internal_coffin=\box62
\l_tmpa_coffin=\box63
\l_tmpb_coffin=\box64
\l__coffin_display_coffin=\box65
\l__coffin_display_coord_coffin=\box66
\l__coffin_display_pole_coffin=\box67
\l__coffin_display_offset_dim=\dimen143
\l__coffin_display_x_dim=\dimen144
\l__coffin_display_y_dim=\dimen145
L3 Module: l3color 2014/08/23 v5354 L3 Experimental color support
L3 Module: l3candidates 2015/03/01 v5544 L3 Experimental additions to l3kernel
\l__box_top_dim=\dimen146
\l__box_bottom_dim=\dimen147
\l__box_left_dim=\dimen148
\l__box_right_dim=\dimen149
\l__box_top_new_dim=\dimen150
\l__box_bottom_new_dim=\dimen151
\l__box_left_new_dim=\dimen152
\l__box_right_new_dim=\dimen153
\l__box_internal_box=\box68
\l__coffin_bounding_shift_dim=\dimen154
\l__coffin_left_corner_dim=\dimen155
\l__coffin_right_corner_dim=\dimen156
\l__coffin_bottom_corner_dim=\dimen157
\l__coffin_top_corner_dim=\dimen158
\l__coffin_scaled_total_height_dim=\dimen159
\l__coffin_scaled_width_dim=\dimen160
) (/usr/local/texlive/2015/texmf-dist/tex/latex/l3kernel/l3unicode-data.def
File: l3unicode-data.def 2015/03/01 v5544 L3 Unicode data
) (/usr/local/texlive/2015/texmf-dist/tex/latex/l3kernel/l3pdfmode.def
File: l3pdfmode.def 2015/03/01 v5544 L3 Experimental driver: PDF mode
\l__driver_color_stack_int=\count136
))
Package: breqn 2012/05/10 v0.98b Breaking equations
 (/usr/local/texlive/2015/texmf-dist/tex/latex/breqn/flexisym.sty
Package: flexisym 2013/03/16 v0.97c Make math characters macros
LaTeX Info: Redefining \textprime on input line 299.
LaTeX Info: Redefining \not on input line 357.
 (/usr/local/texlive/2015/texmf-dist/tex/latex/breqn/cmbase.sym
File: cmbase.sym 2007/12/19 v0.92
LaTeX Info: Redefining \hbar on input line 324.
LaTeX Info: Redefining \surd on input line 326.
LaTeX Info: Redefining \angle on input line 334.
LaTeX Info: Redefining \neq on input line 335.
LaTeX Info: Redefining \mapsto on input line 336.
LaTeX Info: Redefining \cong on input line 337.
LaTeX Info: Redefining \notin on input line 340.
LaTeX Info: Redefining \rightleftharpoons on input line 341.
LaTeX Info: Redefining \doteq on input line 342.
LaTeX Info: Redefining \hookrightarrow on input line 343.
LaTeX Info: Redefining \hookleftarrow on input line 344.
LaTeX Info: Redefining \bowtie on input line 345.
LaTeX Info: Redefining \models on input line 346.
LaTeX Info: Redefining \Longrightarrow on input line 347.
LaTeX Info: Redefining \longrightarrow on input line 348.
LaTeX Info: Redefining \Longleftarrow on input line 349.
LaTeX Info: Redefining \longleftarrow on input line 350.
LaTeX Info: Redefining \longmapsto on input line 351.
LaTeX Info: Redefining \longleftrightarrow on input line 352.
LaTeX Info: Redefining \Longleftrightarrow on input line 353.
LaTeX Info: Redefining \cdots on input line 357.
LaTeX Info: Redefining \vdots on input line 360.
LaTeX Info: Redefining \ddots on input line 365.
) (/usr/local/texlive/2015/texmf-dist/tex/latex/breqn/mathstyle.sty
Package: mathstyle 2014/06/10 v0.90a Tracking mathstyle implicitly
LaTeX Info: Redefining \displaystyle on input line 82.
LaTeX Info: Redefining \textstyle on input line 84.
LaTeX Info: Redefining \scriptstyle on input line 86.
LaTeX Info: Redefining \scriptscriptstyle on input line 88.
LaTeX Info: Redefining \genfrac on input line 122.
))
\inf@bad=\count137
\maxint=\count138
\listwidth=\dimen161
\eqnumsep=\dimen162
\eqmargin=\dimen163
\eqlinespacing=\skip62
\eqlineskip=\skip63
\eqlineskiplimit=\dimen164
\eqbinoffset=\muskip17
\eqdelimoffset=\muskip18
\eqindentstep=\dimen165
\eqstyle=\toks22
\eqbreakdepth=\count139
\eqinterlinepenalty=\count140
\intereqpenalty=\count141
\intereqskip=\skip64
\prerelpenalty=\count142
\prebinoppenalty=\count143
\Dmedmuskip=\muskip19
\Dthickmuskip=\muskip20
\eqleftskip=\skip65
\eqrightskip=\skip66
\eq@vspan=\skip67
\eq@binoffset=\muskip21
\EQ@box=\box69
\EQ@copy=\box70
\EQ@numbox=\box71
\eq@wdNum=\dimen166
\GRP@numbox=\box72
\grp@wdNum=\dimen167
\eq@lines=\count144
\eq@curline=\count145
\eq@badness=\count146
\EQ@vims=\count147
\eq@dp=\dimen168
\eq@wdL=\dimen169
\eq@wdT=\dimen170
\eq@wdMin=\dimen171
\grp@wdL=\dimen172
\grp@wdR=\dimen173
\grp@wdT=\dimen174
\eq@wdRmax=\dimen175
\eq@firstht=\dimen176
\eq@wdCond=\dimen177
\eq@indentstep=\dimen178
\eq@linewidth=\dimen179
\grp@linewidth=\dimen180
\eq@hshift=\dimen181
\eq@given@sidespace=\dimen182
\mathindent=\dimen183
\eq@final@linecount=\count148
\eq@wdR=\dimen184
\EQ@continue=\toks23
\lr@level=\count149
\GRP@queue=\toks24
\GRP@box=\box73
\GRP@wholebox=\box74
\darraycolsep=\skip68
\cur@row=\count150
\cur@col=\count151
\conditionsep=\skip69
) (/usr/local/texlive/2015/texmf-dist/tex/latex/graphics/graphicx.sty
Package: graphicx 2014/10/28 v1.0g Enhanced LaTeX Graphics (DPC,SPQR)
 (/usr/local/texlive/2015/texmf-dist/tex/latex/graphics/graphics.sty
Package: graphics 2014/10/28 v1.0p Standard LaTeX Graphics (DPC,SPQR)
 (/usr/local/texlive/2015/texmf-dist/tex/latex/graphics/trig.sty
Package: trig 1999/03/16 v1.09 sin cos tan (DPC)
) (/usr/local/texlive/2015/texmf-dist/tex/latex/latexconfig/graphics.cfg
File: graphics.cfg 2010/04/23 v1.9 graphics configuration of TeX Live
)
Package graphics Info: Driver file: pdftex.def on input line 94.
 (/usr/local/texlive/2015/texmf-dist/tex/latex/pdftex-def/pdftex.def
File: pdftex.def 2011/05/27 v0.06d Graphics/color for pdfTeX
 (/usr/local/texlive/2015/texmf-dist/tex/generic/oberdiek/ltxcmds.sty
Package: ltxcmds 2011/11/09 v1.22 LaTeX kernel commands for general use (HO)
)
\Gread@gobject=\count152
))
\Gin@req@height=\dimen185
\Gin@req@width=\dimen186
) (/usr/local/texlive/2015/texmf-dist/tex/latex/subfigure/subfigure.sty
Package: subfigure 2002/03/15 v2.1.5 subfigure package
\subfigtopskip=\skip70
\subfigcapskip=\skip71
\subfigcaptopadj=\dimen187
\subfigbottomskip=\skip72
\subfigcapmargin=\dimen188
\subfiglabelskip=\skip73
\c@subfigure=\count153
\c@lofdepth=\count154
\c@subtable=\count155
\c@lotdepth=\count156

****************************************
* Local config file subfigure.cfg used *
****************************************
(/usr/local/texlive/2015/texmf-dist/tex/latex/subfigure/subfigure.cfg)
\subfig@top=\skip74
\subfig@bottom=\skip75
) (/usr/local/texlive/2015/texmf-dist/tex/latex/colortbl/colortbl.sty
Package: colortbl 2012/02/13 v1.0a Color table columns (DPC)
 (/usr/local/texlive/2015/texmf-dist/tex/latex/tools/array.sty
Package: array 2014/10/28 v2.4c Tabular extension package (FMi)
\col@sep=\dimen189
\extrarowheight=\dimen190
\NC@list=\toks25
\extratabsurround=\skip76
\backup@length=\skip77
) (/usr/local/texlive/2015/texmf-dist/tex/latex/graphics/color.sty
Package: color 2014/10/28 v1.1a Standard LaTeX Color (DPC)
 (/usr/local/texlive/2015/texmf-dist/tex/latex/latexconfig/color.cfg
File: color.cfg 2007/01/18 v1.5 color configuration of teTeX/TeXLive
)
Package color Info: Driver file: pdftex.def on input line 142.
)
\everycr=\toks26
\minrowclearance=\skip78
)
\c@prop=\count157
\c@definition=\count158
\c@remark=\count159
\c@lemma=\count160
\c@corollary=\count161
\c@result=\count162
\c@ass=\count163
 (/Users/lauragati/Dropbox/BC_Research/next/writeups/Draft10_June2021/draft_june_AER_template.aux)
\openout1 = `draft_june_AER_template.aux'.

LaTeX Font Info:    Checking defaults for OML/cmm/m/it on input line 243.
LaTeX Font Info:    ... okay on input line 243.
LaTeX Font Info:    Checking defaults for T1/cmr/m/n on input line 243.
LaTeX Font Info:    ... okay on input line 243.
LaTeX Font Info:    Checking defaults for OT1/cmr/m/n on input line 243.
LaTeX Font Info:    ... okay on input line 243.
LaTeX Font Info:    Checking defaults for OMS/cmsy/m/n on input line 243.
LaTeX Font Info:    ... okay on input line 243.
LaTeX Font Info:    Checking defaults for OMX/cmex/m/n on input line 243.
LaTeX Font Info:    ... okay on input line 243.
LaTeX Font Info:    Checking defaults for U/cmr/m/n on input line 243.
LaTeX Font Info:    ... okay on input line 243.
 (/usr/local/texlive/2015/texmf-dist/tex/context/base/supp-pdf.mkii
[Loading MPS to PDF converter (version 2006.09.02).]
\scratchcounter=\count164
\scratchdimen=\dimen191
\scratchbox=\box75
\nofMPsegments=\count165
\nofMParguments=\count166
\everyMPshowfont=\toks27
\MPscratchCnt=\count167
\MPscratchDim=\dimen192
\MPnumerator=\count168
\makeMPintoPDFobject=\count169
\everyMPtoPDFconversion=\toks28
) (/usr/local/texlive/2015/texmf-dist/tex/generic/oberdiek/pdftexcmds.sty
Package: pdftexcmds 2011/11/29 v0.20 Utility functions of pdfTeX for LuaTeX (HO)
 (/usr/local/texlive/2015/texmf-dist/tex/generic/oberdiek/ifpdf.sty
Package: ifpdf 2011/01/30 v2.3 Provides the ifpdf switch (HO)
Package ifpdf Info: pdfTeX in PDF mode is detected.
)
Package pdftexcmds Info: LuaTeX not detected.
Package pdftexcmds Info: \pdf@primitive is available.
Package pdftexcmds Info: \pdf@ifprimitive is available.
Package pdftexcmds Info: \pdfdraftmode found.
) (/usr/local/texlive/2015/texmf-dist/tex/latex/oberdiek/epstopdf-base.sty
Package: epstopdf-base 2010/02/09 v2.5 Base part for package epstopdf
 (/usr/local/texlive/2015/texmf-dist/tex/latex/oberdiek/grfext.sty
Package: grfext 2010/08/19 v1.1 Manage graphics extensions (HO)
 (/usr/local/texlive/2015/texmf-dist/tex/generic/oberdiek/kvdefinekeys.sty
Package: kvdefinekeys 2011/04/07 v1.3 Define keys (HO)
)) (/usr/local/texlive/2015/texmf-dist/tex/latex/oberdiek/kvoptions.sty
Package: kvoptions 2011/06/30 v3.11 Key value format for package options (HO)
)
Package grfext Info: Graphics extension search list:
(grfext)             [.png,.pdf,.jpg,.mps,.jpeg,.jbig2,.jb2,.PNG,.PDF,.JPG,.JPEG,.JBIG2,.JB2,.eps]
(grfext)             \AppendGraphicsExtensions on input line 452.
 (/usr/local/texlive/2015/texmf-dist/tex/latex/latexconfig/epstopdf-sys.cfg
File: epstopdf-sys.cfg 2010/07/13 v1.3 Configuration of (r)epstopdf for TeX Live
))
LaTeX Font Info:    Try loading font information for U+msa on input line 265.
 (/usr/local/texlive/2015/texmf-dist/tex/latex/amsfonts/umsa.fd
File: umsa.fd 2013/01/14 v3.01 AMS symbols A
)
LaTeX Font Info:    Try loading font information for U+msb on input line 265.
 (/usr/local/texlive/2015/texmf-dist/tex/latex/amsfonts/umsb.fd
File: umsb.fd 2013/01/14 v3.01 AMS symbols B
)
LaTeX Font Info:    Try loading font information for OMS+cmr on input line 265.
 (/usr/local/texlive/2015/texmf-dist/tex/latex/base/omscmr.fd
File: omscmr.fd 2014/09/29 v2.5h Standard LaTeX font definitions
)
LaTeX Font Info:    Font shape `OMS/cmr/m/n' in size <8> not available
(Font)              Font shape `OMS/cmsy/m/n' tried instead on input line 265.
LaTeX Font Info:    Font shape `OMS/cmr/m/n' in size <6> not available
(Font)              Font shape `OMS/cmsy/m/n' tried instead on input line 265.
 [1

{/usr/local/texlive/2015/texmf-var/fonts/map/pdftex/updmap/pdftex.map}] <../../figures/rolling_overlapping_command_anchoring_in_data_individual_23_Sep_2020_21_04_48.png, id=15, 1131.22626pt x 690.58pt>
File: ../../figures/rolling_overlapping_command_anchoring_in_data_individual_23_Sep_2020_21_04_48.png Graphic file (type png)
 <use ../../figures/rolling_overlapping_command_anchoring_in_data_individual_23_Sep_2020_21_04_48.png>
Package pdftex.def Info: ../../figures/rolling_overlapping_command_anchoring_in_data_individual_23_Sep_2020_21_04_48.png used on input line 328.
(pdftex.def)             Requested size: 248.87054pt x 151.92807pt.
 [2 <../../figures/rolling_overlapping_command_anchoring_in_data_individual_23_Sep_2020_21_04_48.png (PNG copy)>]
Underfull \vbox (badness 2261) has occurred while \output is active []

 [3]
Underfull \vbox (badness 2261) has occurred while \output is active []

 [4] [5] [6] [7] [8]
Underfull \vbox (badness 10000) has occurred while \output is active []

 [9]
Overfull \vbox (2.37213pt too high) has occurred while \output is active []

 [10] [11]
Underfull \vbox (badness 1158) has occurred while \output is active []

 [12]
Overfull \hbox (2.34578pt too wide) detected at line 523
\OML/cmm/m/it/10.95 f[] \OMS/cmsy/m/n/10.95 ^^Q []\OML/cmm/m/it/10.95 a[] \OT1/cmr/m/n/10.95 + \OML/cmm/m/it/10.95 b[]\OT1/cmr/m/n/10.95 (\OML/cmm/m/it/10.95 I[] \OMS/cmsy/m/n/10.95 ^^@ \OML/cmm/m/it/10.95 ^^Lh\OT1/cmr/m/n/10.95 )[]\OML/cmm/m/it/10.95 s[] [] f[] \OMS/cmsy/m/n/10.95 ^^Q []\OML/cmm/m/it/10.95 a[] \OT1/cmr/m/n/10.95 + \OML/cmm/m/it/10.95 b[]\OT1/cmr/m/n/10.95 (\OML/cmm/m/it/10.95 I[] \OMS/cmsy/m/n/10.95 ^^@ \OML/cmm/m/it/10.95 ^^Lh\OT1/cmr/m/n/10.95 )[]\OML/cmm/m/it/10.95 s[]:
 []

[13] [14] [15] [16] <../../figures/alph_opt_N_100_nfe_5_gridspacing_manual_Wdiffs2_100000_Wmid_1000_Nsimulations_command_sigmas_15_Oct_2020_15_02_07.png, id=70, 1066.98625pt x 720.6925pt>
File: ../../figures/alph_opt_N_100_nfe_5_gridspacing_manual_Wdiffs2_100000_Wmid_1000_Nsimulations_command_sigmas_15_Oct_2020_15_02_07.png Graphic file (type png)
 <use ../../figures/alph_opt_N_100_nfe_5_gridspacing_manual_Wdiffs2_100000_Wmid_1000_Nsimulations_command_sigmas_15_Oct_2020_15_02_07.png>
Package pdftex.def Info: ../../figures/alph_opt_N_100_nfe_5_gridspacing_manual_Wdiffs2_100000_Wmid_1000_Nsimulations_command_sigmas_15_Oct_2020_15_02_07.png used on input line 642.
(pdftex.def)             Requested size: 234.7377pt x 158.55284pt.
 [17 <../../figures/alph_opt_N_100_nfe_5_gridspacing_manual_Wdiffs2_100000_Wmid_1000_Nsimulations_command_sigmas_15_Oct_2020_15_02_07.png (PNG copy)>] <../../figures/fe_SPF_command_anchoring_in_data_19_Sep_2020_11_45_59.png, id=74, 1059.96pt x 755.82375pt>
File: ../../figures/fe_SPF_command_anchoring_in_data_19_Sep_2020_11_45_59.png Graphic file (type png)
 <use ../../figures/fe_SPF_command_anchoring_in_data_19_Sep_2020_11_45_59.png>
Package pdftex.def Info: ../../figures/fe_SPF_command_anchoring_in_data_19_Sep_2020_11_45_59.png used on input line 660.
(pdftex.def)             Requested size: 169.59706pt x 120.93427pt.
 <../../figures/gain_SPF_command_anchoring_in_data_11_Oct_2020_11_08_39.png, id=75, 1077.02374pt x 748.7975pt>
File: ../../figures/gain_SPF_command_anchoring_in_data_11_Oct_2020_11_08_39.png Graphic file (type png)
 <use ../../figures/gain_SPF_command_anchoring_in_data_11_Oct_2020_11_08_39.png>
Package pdftex.def Info: ../../figures/gain_SPF_command_anchoring_in_data_11_Oct_2020_11_08_39.png used on input line 661.
(pdftex.def)             Requested size: 172.32732pt x 119.81004pt.
 [18 <../../figures/fe_SPF_command_anchoring_in_data_19_Sep_2020_11_45_59.png (PNG copy)> <../../figures/gain_SPF_command_anchoring_in_data_11_Oct_2020_11_08_39.png (PNG copy)>] [19] [20] [21] [22] [23] [24]
Underfull \vbox (badness 1158) has occurred while \output is active []

 [25] <../../figures/analyze_opt_policy_ip18_Oct_2020.png, id=103, 1103.12125pt x 757.83125pt>
File: ../../figures/analyze_opt_policy_ip18_Oct_2020.png Graphic file (type png)
 <use ../../figures/analyze_opt_policy_ip18_Oct_2020.png>
Package pdftex.def Info: ../../figures/analyze_opt_policy_ip18_Oct_2020.png used on input line 816.
(pdftex.def)             Requested size: 176.503pt x 121.25548pt.
 <../../figures/analyze_opt_policy_hist_pib_18_Oct_2020.png, id=104, 1086.0575pt x 757.83125pt>
File: ../../figures/analyze_opt_policy_hist_pib_18_Oct_2020.png Graphic file (type png)
 <use ../../figures/analyze_opt_policy_hist_pib_18_Oct_2020.png>
Package pdftex.def Info: ../../figures/analyze_opt_policy_hist_pib_18_Oct_2020.png used on input line 817.
(pdftex.def)             Requested size: 173.77275pt x 121.25548pt.


LaTeX Warning: `h' float specifier changed to `ht'.

[26] <../../figures/RIR_together_psi_pi1_5_command_IRFs_approx_pretty_2020_10_25.png, id=108, 1271.75125pt x 787.94376pt>
File: ../../figures/RIR_together_psi_pi1_5_command_IRFs_approx_pretty_2020_10_25.png Graphic file (type png)
 <use ../../figures/RIR_together_psi_pi1_5_command_IRFs_approx_pretty_2020_10_25.png>
Package pdftex.def Info: ../../figures/RIR_together_psi_pi1_5_command_IRFs_approx_pretty_2020_10_25.png used on input line 831.
(pdftex.def)             Requested size: 279.78613pt x 173.34816pt.


LaTeX Warning: `h' float specifier changed to `ht'.

[27 <../../figures/analyze_opt_policy_ip18_Oct_2020.png (PNG copy)> <../../figures/analyze_opt_policy_hist_pib_18_Oct_2020.png (PNG copy)>] [28 <../../figures/RIR_together_psi_pi1_5_command_IRFs_approx_pretty_2020_10_25.png (PNG copy)>] [29] <../../figures/plot_sim_loss_approx_2y_losses_with_optimal_again_critsmooth_constant_only_pi_only_lamx0_05_lami0_2020_10_14.png, id=118, 1124.2pt x 688.5725pt>
File: ../../figures/plot_sim_loss_approx_2y_losses_with_optimal_again_critsmooth_constant_only_pi_only_lamx0_05_lami0_2020_10_14.png Graphic file (type png)
 <use ../../figures/plot_sim_loss_approx_2y_losses_with_optimal_again_critsmooth_constant_only_pi_only_lamx0_05_lami0_2020_10_14.png>
Package pdftex.def Info: ../../figures/plot_sim_loss_approx_2y_losses_with_optimal_again_critsmooth_constant_only_pi_only_lamx0_05_lami0_2020_10_14.png used on input line 904.
(pdftex.def)             Requested size: 247.32477pt x 151.4864pt.
 [30 <../../figures/plot_sim_loss_approx_2y_losses_with_optimal_again_critsmooth_constant_only_pi_only_lamx0_05_lami0_2020_10_14.png (PNG copy)>] [31] <../../figures/RIR_together_psi_pi2_command_IRFs_approx_pretty_together_2020_10_25.png, id=126, 1271.75125pt x 787.94376pt>
File: ../../figures/RIR_together_psi_pi2_command_IRFs_approx_pretty_together_2020_10_25.png Graphic file (type png)
 <use ../../figures/RIR_together_psi_pi2_command_IRFs_approx_pretty_together_2020_10_25.png>
Package pdftex.def Info: ../../figures/RIR_together_psi_pi2_command_IRFs_approx_pretty_together_2020_10_25.png used on input line 925.
(pdftex.def)             Requested size: 279.78613pt x 173.34816pt.
 [32 <../../figures/RIR_together_psi_pi2_command_IRFs_approx_pretty_together_2020_10_25.png (PNG copy)>] [33]
Underfull \vbox (badness 1158) has occurred while \output is active []

 [34] [35] (/Users/lauragati/Dropbox/BC_Research/next/writeups/Draft10_June2021/draft_june_AER_template.bbl [36

] [37] [38] [39]) [40] <../../figures/rolling_overlapping_pi_command_anchoring_in_data_individual_25_Sep_2020_10_37_43.png, id=155, 1111.15125pt x 690.58pt>
File: ../../figures/rolling_overlapping_pi_command_anchoring_in_data_individual_25_Sep_2020_10_37_43.png Graphic file (type png)
 <use ../../figures/rolling_overlapping_pi_command_anchoring_in_data_individual_25_Sep_2020_10_37_43.png>
Package pdftex.def Info: ../../figures/rolling_overlapping_pi_command_anchoring_in_data_individual_25_Sep_2020_10_37_43.png used on input line 1073.
(pdftex.def)             Requested size: 177.78783pt x 110.49506pt.
 <../../figures/rolling_overlapping_pi_controls_pilevel_command_anchoring_in_data_individual_20_Oct_2020_11_42_26.png, id=156, 1131.22626pt x 690.58pt>
File: ../../figures/rolling_overlapping_pi_controls_pilevel_command_anchoring_in_data_individual_20_Oct_2020_11_42_26.png Graphic file (type png)
 <use ../../figures/rolling_overlapping_pi_controls_pilevel_command_anchoring_in_data_individual_20_Oct_2020_11_42_26.png>
Package pdftex.def Info: ../../figures/rolling_overlapping_pi_controls_pilevel_command_anchoring_in_data_individual_20_Oct_2020_11_42_26.png used on input line 1074.
(pdftex.def)             Requested size: 180.9999pt x 110.49506pt.
 <../../figures/rolling_overlapping_pce_core_command_anchoring_in_data_individual_PCE_20_Oct_2020_11_16_01.png, id=157, 1131.22626pt x 689.57625pt>
File: ../../figures/rolling_overlapping_pce_core_command_anchoring_in_data_individual_PCE_20_Oct_2020_11_16_01.png Graphic file (type png)
 <use ../../figures/rolling_overlapping_pce_core_command_anchoring_in_data_individual_PCE_20_Oct_2020_11_16_01.png>
Package pdftex.def Info: ../../figures/rolling_overlapping_pce_core_command_anchoring_in_data_individual_PCE_20_Oct_2020_11_16_01.png used on input line 1075.
(pdftex.def)             Requested size: 180.9999pt x 110.33444pt.


LaTeX Warning: `h' float specifier changed to `ht'.

<../../figures/epi_be_in_data_command_anchoring_in_data_14_Sep_2020_18_12_59.png, id=158, 1058.95625pt x 688.5725pt>
File: ../../figures/epi_be_in_data_command_anchoring_in_data_14_Sep_2020_18_12_59.png Graphic file (type png)
 <use ../../figures/epi_be_in_data_command_anchoring_in_data_14_Sep_2020_18_12_59.png>
Package pdftex.def Info: ../../figures/epi_be_in_data_command_anchoring_in_data_14_Sep_2020_18_12_59.png used on input line 1092.
(pdftex.def)             Requested size: 169.43646pt x 110.17384pt.
 <../../figures/epi_in_data_command_anchoring_in_data_14_Sep_2020_18_12_59.png, id=159, 1080.035pt x 696.6025pt>
File: ../../figures/epi_in_data_command_anchoring_in_data_14_Sep_2020_18_12_59.png Graphic file (type png)
 <use ../../figures/epi_in_data_command_anchoring_in_data_14_Sep_2020_18_12_59.png>
Package pdftex.def Info: ../../figures/epi_in_data_command_anchoring_in_data_14_Sep_2020_18_12_59.png used on input line 1093.
(pdftex.def)             Requested size: 172.80913pt x 111.45866pt.

Underfull \hbox (badness 1028) in paragraph at lines 1093--1093
[]\OT1/cmr/m/n/8 (b) 10-year ahead in-fla-tion ex-pec-ta-tions of
 []


LaTeX Warning: `h' float specifier changed to `ht'.

[41] [42 <../../figures/rolling_overlapping_pi_command_anchoring_in_data_individual_25_Sep_2020_10_37_43.png (PNG copy)> <../../figures/rolling_overlapping_pi_controls_pilevel_command_anchoring_in_data_individual_20_Oct_2020_11_42_26.png (PNG copy)> <../../figures/rolling_overlapping_pce_core_command_anchoring_in_data_individual_PCE_20_Oct_2020_11_16_01.png (PNG copy)>] [43 <../../figures/epi_be_in_data_command_anchoring_in_data_14_Sep_2020_18_12_59.png (PNG copy)> <../../figures/epi_in_data_command_anchoring_in_data_14_Sep_2020_18_12_59.png (PNG copy)>] <../../figures/cleaned_epi10_2020_07_28.png, id=170, 1069.9975pt x 695.59875pt>
File: ../../figures/cleaned_epi10_2020_07_28.png Graphic file (type png)
 <use ../../figures/cleaned_epi10_2020_07_28.png>
Package pdftex.def Info: ../../figures/cleaned_epi10_2020_07_28.png used on input line 1120.
(pdftex.def)             Requested size: 235.40018pt x 153.0322pt.


LaTeX Warning: `h' float specifier changed to `ht'.

[44] [45 <../../figures/cleaned_epi10_2020_07_28.png (PNG copy)>] [46] [47] [48]
Underfull \vbox (badness 1205) has occurred while \output is active []

 [49] <../../figures/autocovariogram_N_100_nfe_5_gridspacing_manual_Wdiffs2_100000_Wmid_1000_Nsimulations_command_sigmas_17_Sep_2020_12_05_56.png, id=190, 1051.93pt x 731.73375pt>
File: ../../figures/autocovariogram_N_100_nfe_5_gridspacing_manual_Wdiffs2_100000_Wmid_1000_Nsimulations_command_sigmas_17_Sep_2020_12_05_56.png Graphic file (type png)
 <use ../../figures/autocovariogram_N_100_nfe_5_gridspacing_manual_Wdiffs2_100000_Wmid_1000_Nsimulations_command_sigmas_17_Sep_2020_12_05_56.png>
Package pdftex.def Info: ../../figures/autocovariogram_N_100_nfe_5_gridspacing_manual_Wdiffs2_100000_Wmid_1000_Nsimulations_command_sigmas_17_Sep_2020_12_05_56.png used on input line 1240.
(pdftex.def)             Requested size: 368.18102pt x 256.11064pt.
 [50 <../../figures/autocovariogram_N_100_nfe_5_gridspacing_manual_Wdiffs2_100000_Wmid_1000_Nsimulations_command_sigmas_17_Sep_2020_12_05_56.png (PNG copy)>]
Underfull \vbox (badness 10000) has occurred while \output is active []

 [51]
Underfull \vbox (badness 10000) has occurred while \output is active []

 [52]
Underfull \vbox (badness 10000) has occurred while \output is active []

 [53] [54] <../../figures/compare_value_pea_results_approx_value_outputs_approx17_Sep_2020_14_01_16_pea_outputs_approx17_Sep_2020_13_47_33_pretty_19_Sep_2020_09_30_01.png, id=207, 1090.0725pt x 689.57625pt>
File: ../../figures/compare_value_pea_results_approx_value_outputs_approx17_Sep_2020_14_01_16_pea_outputs_approx17_Sep_2020_13_47_33_pretty_19_Sep_2020_09_30_01.png Graphic file (type png)
 <use ../../figures/compare_value_pea_results_approx_value_outputs_approx17_Sep_2020_14_01_16_pea_outputs_approx17_Sep_2020_13_47_33_pretty_19_Sep_2020_09_30_01.png>
Package pdftex.def Info: ../../figures/compare_value_pea_results_approx_value_outputs_approx17_Sep_2020_14_01_16_pea_outputs_approx17_Sep_2020_13_47_33_pretty_19_Sep_2020_09_30_01.png used on input line 1339.
(pdftex.def)             Requested size: 239.81668pt x 151.70723pt.
 [55 <../../figures/compare_value_pea_results_approx_value_outputs_approx17_Sep_2020_14_01_16_pea_outputs_approx17_Sep_2020_13_47_33_pretty_19_Sep_2020_09_30_01.png (PNG copy)>] [56] (/Users/lauragati/Dropbox/BC_Research/next/writeups/Draft10_June2021/draft_june_AER_template.aux) ) 
Here is how much of TeX's memory you used:
 11134 strings out of 493089
 202117 string characters out of 6134842
 243172 words of memory out of 5000000
 14468 multiletter control sequences out of 15000+600000
 13325 words of font info for 49 fonts, out of 8000000 for 9000
 1141 hyphenation exceptions out of 8191
 38i,21n,37p,10463b,403s stack positions out of 5000i,500n,10000p,200000b,80000s
</usr/local/texlive/2015/texmf-dist/fonts/type1/public/amsfonts/cm/cmbx10.pfb></usr/local/texlive/2015/texmf-dist/fonts/type1/public/amsfonts/cm/cmbx8.pfb></usr/local/texlive/2015/texmf-dist/fonts/type1/public/amsfonts/cm/cmcsc10.pfb></usr/local/texlive/2015/texmf-dist/fonts/type1/public/amsfonts/cm/cmex10.pfb></usr/local/texlive/2015/texmf-dist/fonts/type1/public/amsfonts/cm/cmmi10.pfb></usr/local/texlive/2015/texmf-dist/fonts/type1/public/amsfonts/cm/cmmi6.pfb></usr/local/texlive/2015/texmf-dist/fonts/type1/public/amsfonts/cm/cmmi8.pfb></usr/local/texlive/2015/texmf-dist/fonts/type1/public/amsfonts/cm/cmr10.pfb></usr/local/texlive/2015/texmf-dist/fonts/type1/public/amsfonts/cm/cmr6.pfb></usr/local/texlive/2015/texmf-dist/fonts/type1/public/amsfonts/cm/cmr8.pfb></usr/local/texlive/2015/texmf-dist/fonts/type1/public/amsfonts/cm/cmssbx10.pfb></usr/local/texlive/2015/texmf-dist/fonts/type1/public/amsfonts/cm/cmsy10.pfb></usr/local/texlive/2015/texmf-dist/fonts/type1/public/amsfonts/cm/cmsy6.pfb></usr/local/texlive/2015/texmf-dist/fonts/type1/public/amsfonts/cm/cmsy8.pfb></usr/local/texlive/2015/texmf-dist/fonts/type1/public/amsfonts/cm/cmti10.pfb></usr/local/texlive/2015/texmf-dist/fonts/type1/public/amsfonts/cm/cmti8.pfb></usr/local/texlive/2015/texmf-dist/fonts/type1/public/amsfonts/symbols/msbm10.pfb>
Output written on /Users/lauragati/Dropbox/BC_Research/next/writeups/Draft10_June2021/draft_june_AER_template.pdf (56 pages, 1287355 bytes).
PDF statistics:
 271 PDF objects out of 1000 (max. 8388607)
 177 compressed objects within 2 object streams
 0 named destinations out of 1000 (max. 500000)
 86 words of extra memory for PDF output out of 10000 (max. 10000000)

