This is pdfTeX, Version 3.14159265-2.6-1.40.16 (TeX Live 2015) (preloaded format=pdflatex 2015.5.24)  30 JUL 2020 09:38
entering extended mode
 restricted \write18 enabled.
 file:line:error style messages enabled.
 %&-line parsing enabled.
**abbreviations.tex
(./abbreviations.tex
LaTeX2e <2015/01/01>
Babel <3.9l> and hyphenation patterns for 79 languages loaded.
(/usr/local/texlive/2015/texmf-dist/tex/latex/base/article.cls
Document Class: article 2014/09/29 v1.4h Standard LaTeX document class
(/usr/local/texlive/2015/texmf-dist/tex/latex/base/size11.clo
File: size11.clo 2014/09/29 v1.4h Standard LaTeX file (size option)
)
\c@part=\count79
\c@section=\count80
\c@subsection=\count81
\c@subsubsection=\count82
\c@paragraph=\count83
\c@subparagraph=\count84
\c@figure=\count85
\c@table=\count86
\abovecaptionskip=\skip41
\belowcaptionskip=\skip42
\bibindent=\dimen102
)
(/usr/local/texlive/2015/texmf-dist/tex/latex/amsmath/amsmath.sty
Package: amsmath 2013/01/14 v2.14 AMS math features
\@mathmargin=\skip43

For additional information on amsmath, use the `?' option.
(/usr/local/texlive/2015/texmf-dist/tex/latex/amsmath/amstext.sty
Package: amstext 2000/06/29 v2.01

(/usr/local/texlive/2015/texmf-dist/tex/latex/amsmath/amsgen.sty
File: amsgen.sty 1999/11/30 v2.0
\@emptytoks=\toks14
\ex@=\dimen103
))
(/usr/local/texlive/2015/texmf-dist/tex/latex/amsmath/amsbsy.sty
Package: amsbsy 1999/11/29 v1.2d
\pmbraise@=\dimen104
)
(/usr/local/texlive/2015/texmf-dist/tex/latex/amsmath/amsopn.sty
Package: amsopn 1999/12/14 v2.01 operator names
)
\inf@bad=\count87
LaTeX Info: Redefining \frac on input line 210.
\uproot@=\count88
\leftroot@=\count89
LaTeX Info: Redefining \overline on input line 306.
\classnum@=\count90
\DOTSCASE@=\count91
LaTeX Info: Redefining \ldots on input line 378.
LaTeX Info: Redefining \dots on input line 381.
LaTeX Info: Redefining \cdots on input line 466.
\Mathstrutbox@=\box26
\strutbox@=\box27
\big@size=\dimen105
LaTeX Font Info:    Redeclaring font encoding OML on input line 566.
LaTeX Font Info:    Redeclaring font encoding OMS on input line 567.
\macc@depth=\count92
\c@MaxMatrixCols=\count93
\dotsspace@=\muskip10
\c@parentequation=\count94
\dspbrk@lvl=\count95
\tag@help=\toks15
\row@=\count96
\column@=\count97
\maxfields@=\count98
\andhelp@=\toks16
\eqnshift@=\dimen106
\alignsep@=\dimen107
\tagshift@=\dimen108
\tagwidth@=\dimen109
\totwidth@=\dimen110
\lineht@=\dimen111
\@envbody=\toks17
\multlinegap=\skip44
\multlinetaggap=\skip45
\mathdisplay@stack=\toks18
LaTeX Info: Redefining \[ on input line 2665.
LaTeX Info: Redefining \] on input line 2666.
)
(/usr/local/texlive/2015/texmf-dist/tex/latex/amscls/amsthm.sty
Package: amsthm 2015/03/04 v2.20.2
\thm@style=\toks19
\thm@bodyfont=\toks20
\thm@headfont=\toks21
\thm@notefont=\toks22
\thm@headpunct=\toks23
\thm@preskip=\skip46
\thm@postskip=\skip47
\thm@headsep=\skip48
\dth@everypar=\toks24
)
(/usr/local/texlive/2015/texmf-dist/tex/latex/amsfonts/amssymb.sty
Package: amssymb 2013/01/14 v3.01 AMS font symbols

(/usr/local/texlive/2015/texmf-dist/tex/latex/amsfonts/amsfonts.sty
Package: amsfonts 2013/01/14 v3.01 Basic AMSFonts support
\symAMSa=\mathgroup4
\symAMSb=\mathgroup5
LaTeX Font Info:    Overwriting math alphabet `\mathfrak' in version `bold'
(Font)                  U/euf/m/n --> U/euf/b/n on input line 106.
))
(/usr/local/texlive/2015/texmf-dist/tex/latex/graphics/lscape.sty
Package: lscape 2000/10/22 v3.01 Landscape Pages (DPC)

(/usr/local/texlive/2015/texmf-dist/tex/latex/graphics/graphics.sty
Package: graphics 2014/10/28 v1.0p Standard LaTeX Graphics (DPC,SPQR)

(/usr/local/texlive/2015/texmf-dist/tex/latex/graphics/trig.sty
Package: trig 1999/03/16 v1.09 sin cos tan (DPC)
)
(/usr/local/texlive/2015/texmf-dist/tex/latex/latexconfig/graphics.cfg
File: graphics.cfg 2010/04/23 v1.9 graphics configuration of TeX Live
)
Package graphics Info: Driver file: pdftex.def on input line 94.

(/usr/local/texlive/2015/texmf-dist/tex/latex/pdftex-def/pdftex.def
File: pdftex.def 2011/05/27 v0.06d Graphics/color for pdfTeX

(/usr/local/texlive/2015/texmf-dist/tex/generic/oberdiek/infwarerr.sty
Package: infwarerr 2010/04/08 v1.3 Providing info/warning/error messages (HO)
)
(/usr/local/texlive/2015/texmf-dist/tex/generic/oberdiek/ltxcmds.sty
Package: ltxcmds 2011/11/09 v1.22 LaTeX kernel commands for general use (HO)
)
\Gread@gobject=\count99
)))
(/usr/local/texlive/2015/texmf-dist/tex/latex/natbib/natbib.sty
Package: natbib 2010/09/13 8.31b (PWD, AO)
\bibhang=\skip49
\bibsep=\skip50
LaTeX Info: Redefining \cite on input line 694.
\c@NAT@ctr=\count100
)
(/usr/local/texlive/2015/texmf-dist/tex/latex/mathtools/mathtools.sty
Package: mathtools 2015/05/11 v1.16 mathematical typesetting tools

(/usr/local/texlive/2015/texmf-dist/tex/latex/graphics/keyval.sty
Package: keyval 2014/10/28 v1.15 key=value parser (DPC)
\KV@toks@=\toks25
)
(/usr/local/texlive/2015/texmf-dist/tex/latex/tools/calc.sty
Package: calc 2014/10/28 v4.3 Infix arithmetic (KKT,FJ)
\calc@Acount=\count101
\calc@Bcount=\count102
\calc@Adimen=\dimen112
\calc@Bdimen=\dimen113
\calc@Askip=\skip51
\calc@Bskip=\skip52
LaTeX Info: Redefining \setlength on input line 80.
LaTeX Info: Redefining \addtolength on input line 81.
\calc@Ccount=\count103
\calc@Cskip=\skip53
)
(/usr/local/texlive/2015/texmf-dist/tex/latex/mathtools/mhsetup.sty
Package: mhsetup 2010/01/21 v1.2a programming setup (MH)
)
LaTeX Info: Thecontrolsequence`\('isalreadyrobust on input line 129.
LaTeX Info: Thecontrolsequence`\)'isalreadyrobust on input line 129.
LaTeX Info: Thecontrolsequence`\['isalreadyrobust on input line 129.
LaTeX Info: Thecontrolsequence`\]'isalreadyrobust on input line 129.
\g_MT_multlinerow_int=\count104
\l_MT_multwidth_dim=\dimen114
\origjot=\skip54
\l_MT_shortvdotswithinadjustabove_dim=\dimen115
\l_MT_shortvdotswithinadjustbelow_dim=\dimen116
\l_MT_above_intertext_sep=\dimen117
\l_MT_below_intertext_sep=\dimen118
\l_MT_above_shortintertext_sep=\dimen119
\l_MT_below_shortintertext_sep=\dimen120
)
(/usr/local/texlive/2015/texmf-dist/tex/latex/subfigure/subfigure.sty
Package: subfigure 2002/03/15 v2.1.5 subfigure package
\subfigtopskip=\skip55
\subfigcapskip=\skip56
\subfigcaptopadj=\dimen121
\subfigbottomskip=\skip57
\subfigcapmargin=\dimen122
\subfiglabelskip=\skip58
\c@subfigure=\count105
\c@lofdepth=\count106
\c@subtable=\count107
\c@lotdepth=\count108

****************************************
* Local config file subfigure.cfg used *
****************************************
(/usr/local/texlive/2015/texmf-dist/tex/latex/subfigure/subfigure.cfg)
\subfig@top=\skip59
\subfig@bottom=\skip60
)
(/usr/local/texlive/2015/texmf-dist/tex/latex/caption/caption.sty
Package: caption 2013/05/02 v3.3-89 Customizing captions (AR)

(/usr/local/texlive/2015/texmf-dist/tex/latex/caption/caption3.sty
Package: caption3 2013/05/02 v1.6-88 caption3 kernel (AR)
Package caption3 Info: TeX engine: e-TeX on input line 57.
\captionmargin=\dimen123
\captionmargin@=\dimen124
\captionwidth=\dimen125
\caption@tempdima=\dimen126
\caption@indent=\dimen127
\caption@parindent=\dimen128
\caption@hangindent=\dimen129
)
\c@ContinuedFloat=\count109
Package caption Info: subfigure package is loaded.
)
(/usr/local/texlive/2015/texmf-dist/tex/latex/graphics/graphicx.sty
Package: graphicx 2014/10/28 v1.0g Enhanced LaTeX Graphics (DPC,SPQR)
\Gin@req@height=\dimen130
\Gin@req@width=\dimen131
)
(/usr/local/texlive/2015/texmf-dist/tex/latex/colortbl/colortbl.sty
Package: colortbl 2012/02/13 v1.0a Color table columns (DPC)

(/usr/local/texlive/2015/texmf-dist/tex/latex/tools/array.sty
Package: array 2014/10/28 v2.4c Tabular extension package (FMi)
\col@sep=\dimen132
\extrarowheight=\dimen133
\NC@list=\toks26
\extratabsurround=\skip61
\backup@length=\skip62
)
(/usr/local/texlive/2015/texmf-dist/tex/latex/graphics/color.sty
Package: color 2014/10/28 v1.1a Standard LaTeX Color (DPC)

(/usr/local/texlive/2015/texmf-dist/tex/latex/latexconfig/color.cfg
File: color.cfg 2007/01/18 v1.5 color configuration of teTeX/TeXLive
)
Package color Info: Driver file: pdftex.def on input line 142.
)
\everycr=\toks27
\minrowclearance=\skip63
)
(/usr/local/texlive/2015/texmf-dist/tex/latex/tools/hhline.sty
Package: hhline 2014/10/28 v2.03 Table rule package (DPC)
)
(/usr/local/texlive/2015/texmf-dist/tex/latex/multirow/multirow.sty
\bigstrutjot=\dimen134
)
(/usr/local/texlive/2015/texmf-dist/tex/latex/tools/multicol.sty
Package: multicol 2015/03/31 v1.8m multicolumn formatting (FMi)
\c@tracingmulticols=\count110
\mult@box=\box28
\multicol@leftmargin=\dimen135
\c@unbalance=\count111
\c@collectmore=\count112
\doublecol@number=\count113
\multicoltolerance=\count114
\multicolpretolerance=\count115
\full@width=\dimen136
\page@free=\dimen137
\premulticols=\dimen138
\postmulticols=\dimen139
\multicolsep=\skip64
\multicolbaselineskip=\skip65
\partial@page=\box29
\last@line=\box30
\maxbalancingoverflow=\dimen140
\mult@rightbox=\box31
\mult@grightbox=\box32
\mult@gfirstbox=\box33
\mult@firstbox=\box34
\@tempa=\box35
\@tempa=\box36
\@tempa=\box37
\@tempa=\box38
\@tempa=\box39
\@tempa=\box40
\@tempa=\box41
\@tempa=\box42
\@tempa=\box43
\@tempa=\box44
\@tempa=\box45
\@tempa=\box46
\@tempa=\box47
\@tempa=\box48
\@tempa=\box49
\@tempa=\box50
\@tempa=\box51
\c@columnbadness=\count116
\c@finalcolumnbadness=\count117
\last@try=\dimen141
\multicolovershoot=\dimen142
\multicolundershoot=\dimen143
\mult@nat@firstbox=\box52
\colbreak@box=\box53
\mc@col@check@num=\count118
)
(/usr/local/texlive/2015/texmf-dist/tex/latex/setspace/setspace.sty
Package: setspace 2011/12/19 v6.7a set line spacing
)
(/usr/local/texlive/2015/texmf-dist/tex/latex/pdfpages/pdfpages.sty
Package: pdfpages 2015/05/11 v0.4x Insert pages of external PDF documents (AM)

(/usr/local/texlive/2015/texmf-dist/tex/latex/base/ifthen.sty
Package: ifthen 2014/09/29 v1.1c Standard LaTeX ifthen package (DPC)
)
(/usr/local/texlive/2015/texmf-dist/tex/latex/eso-pic/eso-pic.sty
Package: eso-pic 2015/04/20 v2.0e eso-pic (RN)

(/usr/local/texlive/2015/texmf-dist/tex/generic/oberdiek/atbegshi.sty
Package: atbegshi 2011/10/05 v1.16 At begin shipout hook (HO)

(/usr/local/texlive/2015/texmf-dist/tex/generic/oberdiek/ifpdf.sty
Package: ifpdf 2011/01/30 v2.3 Provides the ifpdf switch (HO)
Package ifpdf Info: pdfTeX in PDF mode is detected.
)))
\AM@pagewidth=\dimen144
\AM@pageheight=\dimen145

(/usr/local/texlive/2015/texmf-dist/tex/latex/pdfpages/pppdftex.def
File: pppdftex.def 2015/05/11 v0.4x Pdfpages driver for pdfTeX (AM)
)
\AM@pagebox=\box54
\AM@toc@title=\toks28
\c@AM@survey=\count119
\AM@templatesizebox=\box55
)
(/usr/local/texlive/2015/texmf-dist/tex/latex/geometry/geometry.sty
Package: geometry 2010/09/12 v5.6 Page Geometry

(/usr/local/texlive/2015/texmf-dist/tex/generic/oberdiek/ifvtex.sty
Package: ifvtex 2010/03/01 v1.5 Detect VTeX and its facilities (HO)
Package ifvtex Info: VTeX not detected.
)
(/usr/local/texlive/2015/texmf-dist/tex/generic/ifxetex/ifxetex.sty
Package: ifxetex 2010/09/12 v0.6 Provides ifxetex conditional
)
\Gm@cnth=\count120
\Gm@cntv=\count121
\c@Gm@tempcnt=\count122
\Gm@bindingoffset=\dimen146
\Gm@wd@mp=\dimen147
\Gm@odd@mp=\dimen148
\Gm@even@mp=\dimen149
\Gm@layoutwidth=\dimen150
\Gm@layoutheight=\dimen151
\Gm@layouthoffset=\dimen152
\Gm@layoutvoffset=\dimen153
\Gm@dimlist=\toks29
)
(/usr/local/texlive/2015/texmf-dist/tex/latex/natbib/bibentry.sty
Package: bibentry 2007/10/30 1.5 (PWD)
)
(/usr/local/texlive/2015/texmf-dist/tex/latex/hyperref/xr-hyper.sty
Package: xr-hyper 2000/03/22 v6.00beta4 eXternal References (DPC)
)
(/usr/local/texlive/2015/texmf-dist/tex/latex/hyperref/hyperref.sty
Package: hyperref 2012/11/06 v6.83m Hypertext links for LaTeX

(/usr/local/texlive/2015/texmf-dist/tex/generic/oberdiek/hobsub-hyperref.sty
Package: hobsub-hyperref 2012/05/28 v1.13 Bundle oberdiek, subset hyperref (HO)


(/usr/local/texlive/2015/texmf-dist/tex/generic/oberdiek/hobsub-generic.sty
Package: hobsub-generic 2012/05/28 v1.13 Bundle oberdiek, subset generic (HO)
Package: hobsub 2012/05/28 v1.13 Construct package bundles (HO)
Package hobsub Info: Skipping package `infwarerr' (already loaded).
Package hobsub Info: Skipping package `ltxcmds' (already loaded).
Package: ifluatex 2010/03/01 v1.3 Provides the ifluatex switch (HO)
Package ifluatex Info: LuaTeX not detected.
Package hobsub Info: Skipping package `ifvtex' (already loaded).
Package: intcalc 2007/09/27 v1.1 Expandable calculations with integers (HO)
Package hobsub Info: Skipping package `ifpdf' (already loaded).
Package: etexcmds 2011/02/16 v1.5 Avoid name clashes with e-TeX commands (HO)
Package etexcmds Info: Could not find \expanded.
(etexcmds)             That can mean that you are not using pdfTeX 1.50 or
(etexcmds)             that some package has redefined \expanded.
(etexcmds)             In the latter case, load this package earlier.
Package: kvsetkeys 2012/04/25 v1.16 Key value parser (HO)
Package: kvdefinekeys 2011/04/07 v1.3 Define keys (HO)
Package: pdftexcmds 2011/11/29 v0.20 Utility functions of pdfTeX for LuaTeX (HO
)
Package pdftexcmds Info: LuaTeX not detected.
Package pdftexcmds Info: \pdf@primitive is available.
Package pdftexcmds Info: \pdf@ifprimitive is available.
Package pdftexcmds Info: \pdfdraftmode found.
Package: pdfescape 2011/11/25 v1.13 Implements pdfTeX's escape features (HO)
Package: bigintcalc 2012/04/08 v1.3 Expandable calculations on big integers (HO
)
Package: bitset 2011/01/30 v1.1 Handle bit-vector datatype (HO)
Package: uniquecounter 2011/01/30 v1.2 Provide unlimited unique counter (HO)
)
Package hobsub Info: Skipping package `hobsub' (already loaded).
Package: letltxmacro 2010/09/02 v1.4 Let assignment for LaTeX macros (HO)
Package: hopatch 2012/05/28 v1.2 Wrapper for package hooks (HO)
Package: xcolor-patch 2011/01/30 xcolor patch
Package: atveryend 2011/06/30 v1.8 Hooks at the very end of document (HO)
Package atveryend Info: \enddocument detected (standard20110627).
Package hobsub Info: Skipping package `atbegshi' (already loaded).
Package: refcount 2011/10/16 v3.4 Data extraction from label references (HO)
Package: hycolor 2011/01/30 v1.7 Color options for hyperref/bookmark (HO)
)
(/usr/local/texlive/2015/texmf-dist/tex/latex/oberdiek/auxhook.sty
Package: auxhook 2011/03/04 v1.3 Hooks for auxiliary files (HO)
)
(/usr/local/texlive/2015/texmf-dist/tex/latex/oberdiek/kvoptions.sty
Package: kvoptions 2011/06/30 v3.11 Key value format for package options (HO)
)
\@linkdim=\dimen154
\Hy@linkcounter=\count123
\Hy@pagecounter=\count124

(/usr/local/texlive/2015/texmf-dist/tex/latex/hyperref/pd1enc.def
File: pd1enc.def 2012/11/06 v6.83m Hyperref: PDFDocEncoding definition (HO)
)
\Hy@SavedSpaceFactor=\count125

(/usr/local/texlive/2015/texmf-dist/tex/latex/latexconfig/hyperref.cfg
File: hyperref.cfg 2002/06/06 v1.2 hyperref configuration of TeXLive
)
Package hyperref Info: Hyper figures OFF on input line 4443.
Package hyperref Info: Link nesting OFF on input line 4448.
Package hyperref Info: Hyper index ON on input line 4451.
Package hyperref Info: Plain pages OFF on input line 4458.
Package hyperref Info: Backreferencing OFF on input line 4463.
Package hyperref Info: Implicit mode ON; LaTeX internals redefined.
Package hyperref Info: Bookmarks ON on input line 4688.
\c@Hy@tempcnt=\count126

(/usr/local/texlive/2015/texmf-dist/tex/latex/url/url.sty
\Urlmuskip=\muskip11
Package: url 2013/09/16  ver 3.4  Verb mode for urls, etc.
)
LaTeX Info: Redefining \url on input line 5041.
\XeTeXLinkMargin=\dimen155
\Fld@menulength=\count127
\Field@Width=\dimen156
\Fld@charsize=\dimen157
Package hyperref Info: Hyper figures OFF on input line 6295.
Package hyperref Info: Link nesting OFF on input line 6300.
Package hyperref Info: Hyper index ON on input line 6303.
Package hyperref Info: backreferencing OFF on input line 6310.
Package hyperref Info: Link coloring OFF on input line 6315.
Package hyperref Info: Link coloring with OCG OFF on input line 6320.
Package hyperref Info: PDF/A mode OFF on input line 6325.
LaTeX Info: Redefining \ref on input line 6365.
LaTeX Info: Redefining \pageref on input line 6369.
\Hy@abspage=\count128
\c@Item=\count129
\c@Hfootnote=\count130
)

Package hyperref Message: Driver (autodetected): hpdftex.

(/usr/local/texlive/2015/texmf-dist/tex/latex/hyperref/hpdftex.def
File: hpdftex.def 2012/11/06 v6.83m Hyperref driver for pdfTeX
\Fld@listcount=\count131
\c@bookmark@seq@number=\count132

(/usr/local/texlive/2015/texmf-dist/tex/latex/oberdiek/rerunfilecheck.sty
Package: rerunfilecheck 2011/04/15 v1.7 Rerun checks for auxiliary files (HO)
Package uniquecounter Info: New unique counter `rerunfilecheck' on input line 2
82.
)
\Hy@SectionHShift=\skip66
)
(/usr/local/texlive/2015/texmf-dist/tex/latex/floatrow/floatrow.sty
Package: floatrow 2008/08/02 v0.3b floatrow: float package extension
\c@float@type=\count133
\float@exts=\toks30
\float@box=\box56
\@floatcapt=\box57
Package floatrow Info: Modified float package code loaded on input line 455.
Package floatrow Info: Modified rotfloat package code loaded on input line 473.

\FR@everyfloat=\toks31
\flrow@foot=\insert233
\FB@wd=\dimen158
\FBo@wd=\dimen159
\FBc@wd=\dimen160
\FBo@ht=\skip67
\FBc@ht=\skip68
\FBf@ht=\skip69
\FBo@max=\skip70
\FBc@max=\skip71
\FBf@max=\skip72
\c@FBl@b=\count134
\floatbox@depth=\count135
\c@FRobj=\count136
\c@FRsobj=\count137
\Xhsize=\skip73
\sXhsize=\skip74
\Zhsize=\skip75
\sZhsize=\skip76
\flrow@rowbox=\box58
\FR@Zunitlength=\dimen161
\c@FBcnt=\count138
\FPOScnt=\count139
\LTleft=\skip77
\LTright=\skip78
\LTleft=\skip79
\LTright=\skip80
\flrow@types=\toks32
)
Package hyperref Info: Option `colorlinks' set `true' on input line 44.
\c@prop=\count140
\c@definition=\count141
\c@lemma=\count142
\c@corollary=\count143
\c@result=\count144

No file abbreviations.aux.
\openout1 = `abbreviations.aux'.

LaTeX Font Info:    Checking defaults for OML/cmm/m/it on input line 189.
LaTeX Font Info:    ... okay on input line 189.
LaTeX Font Info:    Checking defaults for T1/cmr/m/n on input line 189.
LaTeX Font Info:    ... okay on input line 189.
LaTeX Font Info:    Checking defaults for OT1/cmr/m/n on input line 189.
LaTeX Font Info:    ... okay on input line 189.
LaTeX Font Info:    Checking defaults for OMS/cmsy/m/n on input line 189.
LaTeX Font Info:    ... okay on input line 189.
LaTeX Font Info:    Checking defaults for OMX/cmex/m/n on input line 189.
LaTeX Font Info:    ... okay on input line 189.
LaTeX Font Info:    Checking defaults for U/cmr/m/n on input line 189.
LaTeX Font Info:    ... okay on input line 189.
LaTeX Font Info:    Checking defaults for PD1/pdf/m/n on input line 189.
LaTeX Font Info:    ... okay on input line 189.
(/usr/local/texlive/2015/texmf-dist/tex/context/base/supp-pdf.mkii
[Loading MPS to PDF converter (version 2006.09.02).]
\scratchcounter=\count145
\scratchdimen=\dimen162
\scratchbox=\box59
\nofMPsegments=\count146
\nofMParguments=\count147
\everyMPshowfont=\toks33
\MPscratchCnt=\count148
\MPscratchDim=\dimen163
\MPnumerator=\count149
\makeMPintoPDFobject=\count150
\everyMPtoPDFconversion=\toks34
) (/usr/local/texlive/2015/texmf-dist/tex/latex/oberdiek/epstopdf-base.sty
Package: epstopdf-base 2010/02/09 v2.5 Base part for package epstopdf

(/usr/local/texlive/2015/texmf-dist/tex/latex/oberdiek/grfext.sty
Package: grfext 2010/08/19 v1.1 Manage graphics extensions (HO)
)
Package grfext Info: Graphics extension search list:
(grfext)             [.png,.pdf,.jpg,.mps,.jpeg,.jbig2,.jb2,.PNG,.PDF,.JPG,.JPE
G,.JBIG2,.JB2,.eps]
(grfext)             \AppendGraphicsExtensions on input line 452.

(/usr/local/texlive/2015/texmf-dist/tex/latex/latexconfig/epstopdf-sys.cfg
File: epstopdf-sys.cfg 2010/07/13 v1.3 Configuration of (r)epstopdf for TeX Liv
e
))
Package caption Info: Begin \AtBeginDocument code.
Package caption Info: floatrow package is loaded.
Package caption Info: float package is loaded.
Package caption Info: floatrow package is loaded.
Package caption Info: hyperref package is loaded.
Package caption Info: End \AtBeginDocument code.
\AtBeginShipoutBox=\box60

*geometry* driver: auto-detecting
*geometry* detected driver: pdftex
*geometry* verbose mode - [ preamble ] result:
* driver: pdftex
* paper: <default>
* layout: <same size as paper>
* layoutoffset:(h,v)=(0.0pt,0.0pt)
* modes: 
* h-part:(L,W,R)=(59.98422pt, 489.99052pt, 64.32025pt)
* v-part:(T,H,B)=(72.26999pt, 650.43001pt, 72.26999pt)
* \paperwidth=614.295pt
* \paperheight=794.96999pt
* \textwidth=489.99052pt
* \textheight=650.43001pt
* \oddsidemargin=-12.28577pt
* \evensidemargin=-12.28577pt
* \topmargin=-37.0pt
* \headheight=12.0pt
* \headsep=25.0pt
* \topskip=11.0pt
* \footskip=30.0pt
* \marginparwidth=59.0pt
* \marginparsep=10.0pt
* \columnsep=10.0pt
* \skip\footins=10.0pt plus 4.0pt minus 2.0pt
* \hoffset=0.0pt
* \voffset=0.0pt
* \mag=1000
* \@twocolumnfalse
* \@twosidefalse
* \@mparswitchfalse
* \@reversemarginfalse
* (1in=72.27pt=25.4mm, 1cm=28.453pt)

Package hyperref Info: Link coloring ON on input line 189.
(/usr/local/texlive/2015/texmf-dist/tex/latex/hyperref/nameref.sty
Package: nameref 2012/10/27 v2.43 Cross-referencing by name of section

(/usr/local/texlive/2015/texmf-dist/tex/generic/oberdiek/gettitlestring.sty
Package: gettitlestring 2010/12/03 v1.4 Cleanup title references (HO)
)
\c@section@level=\count151
)
LaTeX Info: Redefining \ref on input line 189.
LaTeX Info: Redefining \pageref on input line 189.
LaTeX Info: Redefining \nameref on input line 189.
\@outlinefile=\write3
\openout3 = `abbreviations.out'.

LaTeX Font Info:    Try loading font information for U+msa on input line 200.

(/usr/local/texlive/2015/texmf-dist/tex/latex/amsfonts/umsa.fd
File: umsa.fd 2013/01/14 v3.01 AMS symbols A
)
LaTeX Font Info:    Try loading font information for U+msb on input line 200.

(/usr/local/texlive/2015/texmf-dist/tex/latex/amsfonts/umsb.fd
File: umsb.fd 2013/01/14 v3.01 AMS symbols B
) [1

{/usr/local/texlive/2015/texmf-var/fonts/map/pdftex/updmap/pdftex.map}]

LaTeX Warning: Reference `epi' on page 2 undefined on input line 228.

<../../figures/epi10_2020_06_04.png, id=15, 1370.11874pt x 841.1425pt>
File: ../../figures/epi10_2020_06_04.png Graphic file (type png)

<use ../../figures/epi10_2020_06_04.png>
Package pdftex.def Info: ../../figures/epi10_2020_06_04.png used on input line 
231.
(pdftex.def)             Requested size: 301.42705pt x 185.05193pt.


LaTeX Warning: Reference `TIPS' on page 2 undefined on input line 233.


LaTeX Warning: Reference `TIPS' on page 2 undefined on input line 233.


Package natbib Warning: Citation `carvalho2019anchored' on page 2 undefined on 
input line 237.

[2 <../../figures/epi10_2020_06_04.png (PNG copy)>]

Package natbib Warning: Citation `kydland1977rules' on page 3 undefined on inpu
t line 247.

[3]

Package natbib Warning: Citation `clarida1999science' on page 4 undefined on in
put line 259.


Package natbib Warning: Citation `woodford2011interest' on page 4 undefined on 
input line 259.


Package natbib Warning: Citation `svensson1999inflation' on page 4 undefined on
 input line 259.


Package natbib Warning: Citation `evans_honkapohja2001' on page 4 undefined on 
input line 261.


Package natbib Warning: Citation `milani2007expectations' on page 4 undefined o
n input line 265.


Package natbib Warning: Citation `eusepi2011expectations' on page 4 undefined o
n input line 265.


Package natbib Warning: Citation `cogley1993impulse' on page 4 undefined on inp
ut line 265.


Package natbib Warning: Citation `milani2014learning' on page 4 undefined on in
put line 265.


Package natbib Warning: Citation `carvalho2019anchored' on page 4 undefined on 
input line 265.


Package natbib Warning: Citation `carvalho2019anchored' on page 4 undefined on 
input line 265.


Package natbib Warning: Citation `sargent1999' on page 4 undefined on input lin
e 265.

[4]

LaTeX Warning: Reference `NK' on page 5 undefined on input line 267.


LaTeX Warning: Reference `learning' on page 5 undefined on input line 267.


LaTeX Warning: Reference `estimation' on page 5 undefined on input line 267.


LaTeX Warning: Reference `analytical' on page 5 undefined on input line 267.


LaTeX Warning: Reference `ramsey' on page 5 undefined on input line 267.


LaTeX Warning: Reference `implement' on page 5 undefined on input line 267.


LaTeX Warning: Reference `opt_TR' on page 5 undefined on input line 267.


LaTeX Warning: Reference `conclusion' on page 5 undefined on input line 267.


Package natbib Warning: Citation `calvo1983staggered' on page 5 undefined on in
put line 272.


Package natbib Warning: Citation `woodford2011interest' on page 5 undefined on 
input line 272.

[5]

LaTeX Warning: Reference `FOCs' on page 6 undefined on input line 295.

[6]

LaTeX Warning: Reference `lifetime_profits' on page 7 undefined on input line 3
16.


Package natbib Warning: Citation `preston2005' on page 7 undefined on input lin
e 321.


Package natbib Warning: Citation `preston2005' on page 7 undefined on input lin
e 321.


Package natbib Warning: Citation `bullard2002learning' on page 7 undefined on i
nput line 321.


Package natbib Warning: Citation `preston2005' on page 7 undefined on input lin
e 321.


Package natbib Warning: Citation `preston2005' on page 7 undefined on input lin
e 323.


Package natbib Warning: Citation `evans2009SP' on page 7 undefined on input lin
e 323.


Package natbib Warning: Citation `preston2005' on page 7 undefined on input lin
e 323.

[7]

LaTeX Warning: Reference `NKIS' on page 8 undefined on input line 330.


LaTeX Warning: Reference `NKPC' on page 8 undefined on input line 330.


LaTeX Warning: Reference `NKIS' on page 8 undefined on input line 330.


LaTeX Warning: Reference `NKPC' on page 8 undefined on input line 330.


LaTeX Warning: Reference `learning' on page 8 undefined on input line 330.


LaTeX Warning: Reference `NKIS' on page 8 undefined on input line 330.


LaTeX Warning: Reference `NKPC' on page 8 undefined on input line 330.


LaTeX Warning: Reference `app_compact' on page 8 undefined on input line 340.


LaTeX Warning: Reference `NKIS' on page 8 undefined on input line 340.


LaTeX Warning: Reference `NKPC' on page 8 undefined on input line 340.


LaTeX Warning: Reference `TR' on page 8 undefined on input line 340.


LaTeX Warning: Reference `app_compact' on page 8 undefined on input line 344.


LaTeX Warning: Reference `app_compact' on page 8 undefined on input line 348.


LaTeX Warning: Reference `LOM_s' on page 8 undefined on input line 354.


LaTeX Warning: Reference `RE_obs' on page 8 undefined on input line 354.


LaTeX Warning: Reference `app_FG' on page 8 undefined on input line 354.


LaTeX Warning: Reference `RE_obs' on page 8 undefined on input line 354.

[8]

LaTeX Warning: Reference `PLM' on page 9 undefined on input line 360.


Package natbib Warning: Citation `sargent1999' on page 9 undefined on input lin
e 368.


LaTeX Warning: Reference `LOM_s' on page 9 undefined on input line 370.

[9]

LaTeX Warning: Reference `PLM' on page 10 undefined on input line 375.


Package natbib Warning: Citation `carvalho2019anchored' on page 10 undefined on
 input line 384.


LaTeX Warning: Reference `alternative_criteria' on page 10 undefined on input l
ine 389.


LaTeX Warning: Reference `anchoring' on page 10 undefined on input line 389.


LaTeX Warning: Reference `estimation' on page 10 undefined on input line 389.

[10]

LaTeX Warning: Reference `LOM_LR' on page 11 undefined on input line 395.


LaTeX Warning: Reference `PLM' on page 11 undefined on input line 398.


LaTeX Warning: Reference `fafb' on page 11 undefined on input line 398.


LaTeX Warning: Reference `LOM_LR' on page 11 undefined on input line 402.


LaTeX Warning: Reference `app_FG' on page 11 undefined on input line 408.


LaTeX Warning: Reference `LOM_s' on page 11 undefined on input line 408.


LaTeX Warning: Reference `RE_obs' on page 11 undefined on input line 408.


LaTeX Warning: Reference `LOM_s' on page 11 undefined on input line 408.


LaTeX Warning: Reference `ALM' on page 11 undefined on input line 408.


LaTeX Warning: Reference `anchoring' on page 11 undefined on input line 414.

[11]

LaTeX Warning: Reference `ramsey' on page 12 undefined on input line 416.


Package natbib Warning: Citation `lee1991simulation' on page 12 undefined on in
put line 422.


Package natbib Warning: Citation `duffie1990simulated' on page 12 undefined on 
input line 422.


Package natbib Warning: Citation `smith1993SMM' on page 12 undefined on input l
ine 422.


LaTeX Warning: Reference `SMM' on page 12 undefined on input line 422.


<../../figures/command_GMM_LOMgain_univariate_alph_opt_loss_273_nfe_7_16_Jul_20
20.png, id=135, 1397.22pt x 844.15375pt>
File: ../../figures/command_GMM_LOMgain_univariate_alph_opt_loss_273_nfe_7_16_J
ul_2020.png Graphic file (type png)

<use ../../figures/command_GMM_LOMgain_univariate_alph_opt_loss_273_nfe_7_16_Ju
l_2020.png>
Package pdftex.def Info: ../../figures/command_GMM_LOMgain_univariate_alph_opt_
loss_273_nfe_7_16_Jul_2020.png used on input line 425.
(pdftex.def)             Requested size: 307.38936pt x 185.7144pt.


LaTeX Warning: Reference `alpha_hat' on page 12 undefined on input line 431.


Package natbib Warning: Citation `branch2006simple' on page 12 undefined on inp
ut line 433.


Package natbib Warning: Citation `milani2007expectations' on page 12 undefined 
on input line 433.


Package natbib Warning: Citation `milani2014learning' on page 12 undefined on i
nput line 433.


Package natbib Warning: Citation `carvalho2019anchored' on page 12 undefined on
 input line 433.


Package natbib Warning: Citation `eusepi2011expectations' on page 12 undefined 
on input line 433.

[12 <../../figures/command_GMM_LOMgain_univariate_alph_opt_loss_273_nfe_7_16_Ju
l_2020.png (PNG copy)>]

LaTeX Warning: Reference `ramsey' on page 13 undefined on input line 444.


LaTeX Warning: Reference `implement' on page 13 undefined on input line 446.


LaTeX Warning: Reference `opt_TR' on page 13 undefined on input line 448.


Package natbib Warning: Citation `woodford2011interest' on page 13 undefined on
 input line 453.

[13]

LaTeX Warning: Reference `CBloss' on page 14 undefined on input line 457.


LaTeX Warning: Reference `NKIS' on page 14 undefined on input line 457.


LaTeX Warning: Reference `NKPC' on page 14 undefined on input line 457.


LaTeX Warning: Reference `learning' on page 14 undefined on input line 457.


LaTeX Warning: Reference `opt_TR' on page 14 undefined on input line 459.


LaTeX Warning: Reference `TR' on page 14 undefined on input line 463.


LaTeX Warning: Reference `NKIS' on page 14 undefined on input line 463.


LaTeX Warning: Reference `NKPC' on page 14 undefined on input line 463.


LaTeX Warning: Reference `app_midsimple_problem' on page 14 undefined on input 
line 470.


LaTeX Warning: Reference `implement' on page 14 undefined on input line 470.


LaTeX Warning: Reference `app_generalTC' on page 14 undefined on input line 472
.

[14]

LaTeX Warning: Reference `app_midsimple_problem' on page 15 undefined on input 
line 487.


LaTeX Warning: Reference `anchoring_simple' on page 15 undefined on input line 
487.


LaTeX Warning: Reference `app_generalTC' on page 15 undefined on input line 487
.


LaTeX Warning: Reference `target' on page 15 undefined on input line 490.


LaTeX Warning: Reference `target' on page 15 undefined on input line 494.


Package natbib Warning: Citation `gaspar2010inflation' on page 15 undefined on 
input line 500.


Package natbib Warning: Citation `gaspar2010inflation' on page 15 undefined on 
input line 500.


Package natbib Warning: Citation `molnar2014optimal' on page 15 undefined on in
put line 500.


Package natbib Warning: Citation `molnar2014optimal' on page 15 undefined on in
put line 500.


Package natbib Warning: Citation `molnar2014optimal' on page 15 undefined on in
put line 500.

[15]

LaTeX Warning: Reference `target_molnar' on page 16 undefined on input line 504
.


LaTeX Warning: Reference `target' on page 16 undefined on input line 504.


LaTeX Warning: Reference `target_molnar' on page 16 undefined on input line 504
.


LaTeX Warning: Reference `target' on page 16 undefined on input line 506.


LaTeX Warning: Reference `app_midsimple_problem' on page 16 undefined on input 
line 506.


LaTeX Warning: Reference `gaspar22' on page 16 undefined on input line 506.


Package natbib Warning: Citation `carvalho2019anchored' on page 16 undefined on
 input line 510.

[16]

LaTeX Warning: Reference `implement' on page 17 undefined on input line 518.


LaTeX Warning: Reference `opt_TR' on page 17 undefined on input line 518.


Package natbib Warning: Citation `clarida1999science' on page 17 undefined on i
nput line 525.


Package natbib Warning: Citation `kydland1977rules' on page 17 undefined on inp
ut line 528.


LaTeX Warning: Reference `anchoring_simple' on page 17 undefined on input line 
536.


LaTeX Warning: Reference `anchoring_simple' on page 17 undefined on input line 
536.

[17]

Package natbib Warning: Citation `molnar2014optimal' on page 18 undefined on in
put line 543.


Package natbib Warning: Citation `mele2019perils' on page 18 undefined on input
 line 547.


Package natbib Warning: Citation `lucas1976econometric' on page 18 undefined on
 input line 549.


Package natbib Warning: Citation `coibion2015information' on page 18 undefined 
on input line 551.

[18]

Package natbib Warning: Citation `cho1995induction' on page 19 undefined on inp
ut line 553.


Package natbib Warning: Citation `ireland2000expectations' on page 19 undefined
 on input line 553.


Package natbib Warning: Citation `woodford2019monetary' on page 19 undefined on
 input line 553.


Package natbib Warning: Citation `dombeck2017effects' on page 19 undefined on i
nput line 553.


LaTeX Warning: Reference `target' on page 19 undefined on input line 558.


LaTeX Warning: Reference `ramsey' on page 19 undefined on input line 558.


LaTeX Warning: Reference `calibration1' on page 19 undefined on input line 560.



Package natbib Warning: Citation `chari2000sticky' on page 19 undefined on inpu
t line 560.


Package natbib Warning: Citation `woodford2011interest' on page 19 undefined on
 input line 560.


Package natbib Warning: Citation `chari2000sticky' on page 19 undefined on inpu
t line 560.


Package natbib Warning: Citation `bils2004some' on page 19 undefined on input l
ine 560.


Package natbib Warning: Citation `klenow2010microeconomic' on page 19 undefined
 on input line 560.


Package natbib Warning: Citation `klenow2008state' on page 19 undefined on inpu
t line 560.


Package natbib Warning: Citation `nakamura2008five' on page 19 undefined on inp
ut line 560.


Package natbib Warning: Citation `eichenbaum2011reference' on page 19 undefined
 on input line 560.


Package natbib Warning: Citation `rotemberg1997optimization' on page 19 undefin
ed on input line 561.


LaTeX Warning: Reference `target' on page 19 undefined on input line 561.


Package natbib Warning: Citation `taylor1993discretion' on page 19 undefined on
 input line 563.


LaTeX Warning: Reference `calibration1' on page 19 undefined on input line 563.


[19]

Package natbib Warning: Citation `carvalho2019anchored' on page 20 undefined on
 input line 596.


Package natbib Warning: Citation `carvalho2019anchored' on page 20 undefined on
 input line 596.


LaTeX Warning: Reference `alternative_criteria' on page 20 undefined on input l
ine 596.


Package natbib Warning: Citation `carvalho2019anchored' on page 20 undefined on
 input line 596.


LaTeX Warning: Reference `target' on page 20 undefined on input line 596.


LaTeX Warning: Reference `pea' on page 20 undefined on input line 598.


LaTeX Warning: Reference `vfi' on page 20 undefined on input line 598.


LaTeX Warning: Reference `di' on page 20 undefined on input line 604.


<../../figures/analyze_opt_policy_ip29_Jul_2020.png, id=222, 1084.05pt x 718.68
5pt>
File: ../../figures/analyze_opt_policy_ip29_Jul_2020.png Graphic file (type png
)
 <use ../../figures/analyze_opt_policy_ip29_Jul_2020.png>
Package pdftex.def Info: ../../figures/analyze_opt_policy_ip29_Jul_2020.png use
d on input line 608.
(pdftex.def)             Requested size: 227.65721pt x 150.9283pt.


LaTeX Warning: `!h' float specifier changed to `!ht'.


LaTeX Warning: Reference `di' on page 20 undefined on input line 613.

[20]

LaTeX Warning: Reference `ramsey' on page 21 undefined on input line 619.

[21 <../../figures/analyze_opt_policy_ip29_Jul_2020.png (PNG copy)>]

Package natbib Warning: Citation `evans_honkapohja2001' on page 22 undefined on
 input line 621.


Package natbib Warning: Citation `evans2013bayesian' on page 22 undefined on in
put line 621.


Package natbib Warning: Citation `anufriev2012evolutionary' on page 22 undefine
d on input line 621.


LaTeX Warning: Reference `app_oscillations' on page 22 undefined on input line 
621.


LaTeX Warning: Reference `app_IRFs' on page 22 undefined on input line 621.


Package natbib Warning: Citation `ball1994credible' on page 22 undefined on inp
ut line 621.


LaTeX Warning: Reference `target' on page 22 undefined on input line 625.


LaTeX Warning: Reference `calibration1' on page 22 undefined on input line 625.



<../../figures/implement_anchTC_obs_TR_approx29_Jul_2020.png, id=242, 1054.9412
5pt x 754.82pt>
File: ../../figures/implement_anchTC_obs_TR_approx29_Jul_2020.png Graphic file 
(type png)

<use ../../figures/implement_anchTC_obs_TR_approx29_Jul_2020.png>
Package pdftex.def Info: ../../figures/implement_anchTC_obs_TR_approx29_Jul_202
0.png used on input line 628.
(pdftex.def)             Requested size: 305.92513pt x 218.8922pt.

<../../figures/implement_anchTC_obs_approx17_Jul_2020.png, id=243, 1370.11874pt
 x 881.2925pt>
File: ../../figures/implement_anchTC_obs_approx17_Jul_2020.png Graphic file (ty
pe png)
 <use ../../figures/implement_anchTC_obs_approx17_Jul_2020.png>
Package pdftex.def Info: ../../figures/implement_anchTC_obs_approx17_Jul_2020.p
ng used on input line 630.
(pdftex.def)             Requested size: 328.83522pt x 211.51451pt.


LaTeX Warning: `!h' float specifier changed to `!ht'.


LaTeX Warning: Reference `pea_TCvsTR' on page 22 undefined on input line 637.


LaTeX Warning: Reference `target' on page 22 undefined on input line 637.

[22]

Package natbib Warning: Citation `taylor1993discretion' on page 23 undefined on
 input line 644.


Package natbib Warning: Citation `woodford2011interest' on page 23 undefined on
 input line 644.


LaTeX Warning: Reference `target' on page 23 undefined on input line 644.


LaTeX Warning: Reference `cgg_discretion' on page 23 undefined on input line 64
4.


LaTeX Warning: Reference `result_no_commitment' on page 23 undefined on input l
ine 644.

[23 <../../figures/implement_anchTC_obs_TR_approx29_Jul_2020.png (PNG copy)> <.
./../figures/implement_anchTC_obs_approx17_Jul_2020.png (PNG copy)>]

LaTeX Warning: Reference `calibration1' on page 24 undefined on input line 646.



LaTeX Warning: Reference `estimation' on page 24 undefined on input line 646.


LaTeX Warning: Reference `par_opt' on page 24 undefined on input line 648.


LaTeX Warning: Reference `fig_loss' on page 24 undefined on input line 670.


LaTeX Warning: Reference `implement' on page 24 undefined on input line 672.


LaTeX Warning: Reference `IRF' on page 24 undefined on input line 672.


LaTeX Warning: Reference `anchor_psi' on page 24 undefined on input line 672.

[24]
<../../figures/plot_sim_loss_approx_pretty_losses_again_critsmooth_constant_onl
y_pi_only_params_psi_pi_1_5_psi_x_0_gbar_0_145_lamx_0_lami_0_2020_07_29.png, id
=271, 1054.94125pt x 696.6025pt>
File: ../../figures/plot_sim_loss_approx_pretty_losses_again_critsmooth_constan
t_only_pi_only_params_psi_pi_1_5_psi_x_0_gbar_0_145_lamx_0_lami_0_2020_07_29.pn
g Graphic file (type png)

<use ../../figures/plot_sim_loss_approx_pretty_losses_again_critsmooth_constant
_only_pi_only_params_psi_pi_1_5_psi_x_0_gbar_0_145_lamx_0_lami_0_2020_07_29.png
>
Package pdftex.def Info: ../../figures/plot_sim_loss_approx_pretty_losses_again
_critsmooth_constant_only_pi_only_params_psi_pi_1_5_psi_x_0_gbar_0_145_lamx_0_l
ami_0_2020_07_29.png used on input line 676.
(pdftex.def)             Requested size: 232.0878pt x 153.25302pt.

<../../figures/plot_sim_loss_approx_pretty_losses_again_critsmooth_constant_onl
y_pi_only_params_psi_pi_1_5_psi_x_0_gbar_0_145_lamx_1_lami_0_2020_07_29.png, id
=272, 1093.08376pt x 688.5725pt>
File: ../../figures/plot_sim_loss_approx_pretty_losses_again_critsmooth_constan
t_only_pi_only_params_psi_pi_1_5_psi_x_0_gbar_0_145_lamx_1_lami_0_2020_07_29.pn
g Graphic file (type png)

<use ../../figures/plot_sim_loss_approx_pretty_losses_again_critsmooth_constant
_only_pi_only_params_psi_pi_1_5_psi_x_0_gbar_0_145_lamx_1_lami_0_2020_07_29.png
>
Package pdftex.def Info: ../../figures/plot_sim_loss_approx_pretty_losses_again
_critsmooth_constant_only_pi_only_params_psi_pi_1_5_psi_x_0_gbar_0_145_lamx_1_l
ami_0_2020_07_29.png used on input line 678.
(pdftex.def)             Requested size: 240.47917pt x 151.4864pt.

<../../figures/plot_sim_loss_approx_pretty_losses_again_critsmooth_constant_onl
y_pi_only_params_psi_pi_1_5_psi_x_0_gbar_0_145_lamx_0_lami_1_2020_07_29.png, id
=273, 1075.01625pt x 694.595pt>
File: ../../figures/plot_sim_loss_approx_pretty_losses_again_critsmooth_constan
t_only_pi_only_params_psi_pi_1_5_psi_x_0_gbar_0_145_lamx_0_lami_1_2020_07_29.pn
g Graphic file (type png)

<use ../../figures/plot_sim_loss_approx_pretty_losses_again_critsmooth_constant
_only_pi_only_params_psi_pi_1_5_psi_x_0_gbar_0_145_lamx_0_lami_1_2020_07_29.png
>
Package pdftex.def Info: ../../figures/plot_sim_loss_approx_pretty_losses_again
_critsmooth_constant_only_pi_only_params_psi_pi_1_5_psi_x_0_gbar_0_145_lamx_0_l
ami_1_2020_07_29.png used on input line 679.
(pdftex.def)             Requested size: 236.5043pt x 152.81137pt.

<../../figures/plot_sim_loss_approx_pretty_losses_again_critsmooth_constant_onl
y_pi_only_params_psi_pi_1_5_psi_x_0_gbar_0_145_lamx_1_lami_1_2020_07_29.png, id
=274, 1094.0875pt x 696.6025pt>
File: ../../figures/plot_sim_loss_approx_pretty_losses_again_critsmooth_constan
t_only_pi_only_params_psi_pi_1_5_psi_x_0_gbar_0_145_lamx_1_lami_1_2020_07_29.pn
g Graphic file (type png)

<use ../../figures/plot_sim_loss_approx_pretty_losses_again_critsmooth_constant
_only_pi_only_params_psi_pi_1_5_psi_x_0_gbar_0_145_lamx_1_lami_1_2020_07_29.png
>
Package pdftex.def Info: ../../figures/plot_sim_loss_approx_pretty_losses_again
_critsmooth_constant_only_pi_only_params_psi_pi_1_5_psi_x_0_gbar_0_145_lamx_1_l
ami_1_2020_07_29.png used on input line 681.
(pdftex.def)             Requested size: 240.69998pt x 153.25302pt.


LaTeX Warning: Reference `implement' on page 25 undefined on input line 687.


LaTeX Warning: Reference `implement' on page 25 undefined on input line 687.


LaTeX Warning: Reference `ramsey' on page 25 undefined on input line 689.


LaTeX Warning: Reference `implement' on page 25 undefined on input line 689.

[25 <../../figures/plot_sim_loss_approx_pretty_losses_again_critsmooth_constant
_only_pi_only_params_psi_pi_1_5_psi_x_0_gbar_0_145_lamx_0_lami_0_2020_07_29.png
 (PNG copy)> <../../figures/plot_sim_loss_approx_pretty_losses_again_critsmooth
_constant_only_pi_only_params_psi_pi_1_5_psi_x_0_gbar_0_145_lamx_1_lami_0_2020_
07_29.png (PNG copy)> <../../figures/plot_sim_loss_approx_pretty_losses_again_c
ritsmooth_constant_only_pi_only_params_psi_pi_1_5_psi_x_0_gbar_0_145_lamx_0_lam
i_1_2020_07_29.png (PNG copy)> <../../figures/plot_sim_loss_approx_pretty_losse
s_again_critsmooth_constant_only_pi_only_params_psi_pi_1_5_psi_x_0_gbar_0_145_l
amx_1_lami_1_2020_07_29.png (PNG copy)>]

LaTeX Warning: Reference `result_no_commitment' on page 26 undefined on input l
ine 693.


LaTeX Warning: Reference `target' on page 26 undefined on input line 693.


LaTeX Warning: Reference `implement' on page 26 undefined on input line 695.


LaTeX Warning: Reference `implement' on page 26 undefined on input line 695.


LaTeX Warning: Reference `opt_TR' on page 26 undefined on input line 697.


LaTeX Warning: Reference `implement' on page 26 undefined on input line 699.


Package natbib Warning: Citation `LUBIK201685' on page 26 undefined on input li
ne 699.


LaTeX Warning: Reference `implement' on page 26 undefined on input line 699.

[26]

Package natbib Warning: Citation `carvalho2019anchored' on page 27 undefined on
 input line 710.


LaTeX Warning: Reference `result_no_commitment' on page 27 undefined on input l
ine 714.


Package natbib Warning: Citation `beaudry2006stock' on page 27 undefined on inp
ut line 714.


Package natbib Warning: Citation `campbell2012macroeconomic' on page 27 undefin
ed on input line 714.


Package natbib Warning: Citation `Branch2011' on page 27 undefined on input lin
e 716.

[27] [28]
No file abbreviations.bbl.

Package natbib Warning: Citation `andreasen2018tips' on page 29 undefined on in
put line 739.


Package natbib Warning: Citation `andreasen2018tips' on page 29 undefined on in
put line 739.


LaTeX Warning: Reference `epi_cleaned' on page 29 undefined on input line 739.


<../../figures/cleaned_epi10_2020_07_28.png, id=299, 1069.9975pt x 695.59875pt>
File: ../../figures/cleaned_epi10_2020_07_28.png Graphic file (type png)
<use ../../figures/cleaned_epi10_2020_07_28.png>
Package pdftex.def Info: ../../figures/cleaned_epi10_2020_07_28.png used on inp
ut line 742.
(pdftex.def)             Requested size: 321.00172pt x 208.68123pt.


Package natbib Warning: Citation `andreasen2018tips' on page 29 undefined on in
put line 748.


Package natbib Warning: Citation `andreasen2018tips' on page 29 undefined on in
put line 748.

[29

 <../../figures/cleaned_epi10_2020_07_28.png (PNG copy)>]

LaTeX Warning: Reference `LOM_s' on page 30 undefined on input line 767.

[30]

LaTeX Warning: Reference `anchoring' on page 31 undefined on input line 795.


LaTeX Warning: Reference `gain' on page 31 undefined on input line 800.


LaTeX Warning: Reference `estimation' on page 31 undefined on input line 803.


Package natbib Warning: Citation `carvalho2019anchored' on page 31 undefined on
 input line 805.


Package natbib Warning: Citation `carvalho2019anchored' on page 31 undefined on
 input line 810.


LaTeX Warning: Reference `app_FG' on page 31 undefined on input line 814.


Package natbib Warning: Citation `carvalho2019anchored' on page 31 undefined on
 input line 816.


Package natbib Warning: Citation `carvalho2019anchored' on page 31 undefined on
 input line 816.


Package natbib Warning: Citation `brown1975techniques' on page 31 undefined on 
input line 821.


Package natbib Warning: Citation `lutkepohl2013introduction' on page 31 undefin
ed on input line 821.

[31]

Package natbib Warning: Citation `carvalho2019anchored' on page 32 undefined on
 input line 823.


Package natbib Warning: Citation `carvalho2019anchored' on page 32 undefined on
 input line 825.


Package natbib Warning: Citation `carvalho2019anchored' on page 32 undefined on
 input line 825.


Package natbib Warning: Citation `carvalho2019anchored' on page 32 undefined on
 input line 825.


Package natbib Warning: Citation `carvalho2019anchored' on page 32 undefined on
 input line 825.


Package natbib Warning: Citation `gobbi2019monetary' on page 32 undefined on in
put line 829.


Package natbib Warning: Citation `gobbi2019monetary' on page 32 undefined on in
put line 829.


LaTeX Warning: Reference `estimation' on page 32 undefined on input line 837.

[32]

Package natbib Warning: Citation `baxter1999measuring' on page 33 undefined on 
input line 847.


LaTeX Warning: Reference `RLS' on page 33 undefined on input line 849.


LaTeX Warning: Reference `RLS' on page 33 undefined on input line 851.


Package natbib Warning: Citation `gobbi2019monetary' on page 33 undefined on in
put line 851.


LaTeX Warning: Reference `autocovariogram' on page 33 undefined on input line 8
53.


<../../figures/command_GMM_LOMgain_univariate_autocovariogram_nfe_7_loss_273_gr
idspacing_uneven_Wdiffs2_10000_Wmid_1000_16_Jul_2020.png, id=346, 1355.0625pt x
 879.285pt>
File: ../../figures/command_GMM_LOMgain_univariate_autocovariogram_nfe_7_loss_2
73_gridspacing_uneven_Wdiffs2_10000_Wmid_1000_16_Jul_2020.png Graphic file (typ
e png)

<use ../../figures/command_GMM_LOMgain_univariate_autocovariogram_nfe_7_loss_27
3_gridspacing_uneven_Wdiffs2_10000_Wmid_1000_16_Jul_2020.png>
Package pdftex.def Info: ../../figures/command_GMM_LOMgain_univariate_autocovar
iogram_nfe_7_loss_273_gridspacing_uneven_Wdiffs2_10000_Wmid_1000_16_Jul_2020.pn
g used on input line 857.
(pdftex.def)             Requested size: 474.27899pt x 307.75436pt.
 [33] [34 <../../figures/command_GMM_LOMgain_univariate_autocovariogram_nfe_7_l
oss_273_gridspacing_uneven_Wdiffs2_10000_Wmid_1000_16_Jul_2020.png (PNG copy)>]


LaTeX Warning: Reference `gaspar22' on page 35 undefined on input line 883.


Package natbib Warning: Citation `gaspar2010inflation' on page 35 undefined on 
input line 883.


Package natbib Warning: Citation `molnar2014optimal' on page 35 undefined on in
put line 883.


LaTeX Warning: Reference `result_no_commitment' on page 35 undefined on input l
ine 883.


Package natbib Warning: Citation `clarida1999science' on page 35 undefined on i
nput line 883.


LaTeX Warning: Reference `target' on page 35 undefined on input line 883.


LaTeX Warning: Reference `simpleFOC1' on page 35 undefined on input line 885.


LaTeX Warning: Reference `simpleFOC2' on page 35 undefined on input line 885.


LaTeX Warning: Reference `simpleFOC1' on page 35 undefined on input line 885.


LaTeX Warning: Reference `simpleFOC2' on page 35 undefined on input line 885.


LaTeX Warning: Reference `simpleRLS' on page 35 undefined on input line 891.

[35]

LaTeX Warning: Reference `anchoring' on page 36 undefined on input line 894.


LaTeX Warning: Reference `gaspar22' on page 36 undefined on input line 909.


LaTeX Warning: Reference `1'' on page 36 undefined on input line 915.


LaTeX Warning: Reference `6'' on page 36 undefined on input line 915.


LaTeX Warning: Reference `1'' on page 36 undefined on input line 915.

[36]

LaTeX Warning: Reference `sol1'' on page 37 undefined on input line 919.


LaTeX Warning: Reference `B1' on page 37 undefined on input line 935.


Package natbib Warning: Citation `christiano2000occasionally' on page 37 undefi
ned on input line 935.


LaTeX Warning: Reference `A9' on page 37 undefined on input line 937.


LaTeX Warning: Reference `B1' on page 37 undefined on input line 937.


LaTeX Warning: Reference `A9' on page 37 undefined on input line 941.


LaTeX Warning: Reference `B1' on page 37 undefined on input line 941.


Package natbib Warning: Citation `christiano2000occasionally' on page 37 undefi
ned on input line 941.

[37]

Package natbib Warning: Citation `judd1998numerical' on page 38 undefined on in
put line 948.


LaTeX Warning: Reference `compare_pea_vfi' on page 38 undefined on input line 9
48.


<../../figures/compare_value_pea_results_approx_value_outputs_approx17_Jul_2020
_14_27_00_pea_outputs_approx17_Jul_2020_11_40_09_pretty.png, id=406, 1405.25pt 
x 812.03375pt>
File: ../../figures/compare_value_pea_results_approx_value_outputs_approx17_Jul
_2020_14_27_00_pea_outputs_approx17_Jul_2020_11_40_09_pretty.png Graphic file (
type png)

<use ../../figures/compare_value_pea_results_approx_value_outputs_approx17_Jul_
2020_14_27_00_pea_outputs_approx17_Jul_2020_11_40_09_pretty.png>
Package pdftex.def Info: ../../figures/compare_value_pea_results_approx_value_o
utputs_approx17_Jul_2020_14_27_00_pea_outputs_approx17_Jul_2020_11_40_09_pretty
.png used on input line 951.
(pdftex.def)             Requested size: 281.04501pt x 162.40387pt.

<../../figures/compare_value_pea_results_approx_value_outputs_approx17_Jul_2020
_14_27_00_pea_outputs_approx17_Jul_2020_15_28_03_pretty_17_Jul_2020_15_34_46.pn
g, id=407, 1401.235pt x 812.03375pt>
File: ../../figures/compare_value_pea_results_approx_value_outputs_approx17_Jul
_2020_14_27_00_pea_outputs_approx17_Jul_2020_15_28_03_pretty_17_Jul_2020_15_34_
46.png Graphic file (type png)

<use ../../figures/compare_value_pea_results_approx_value_outputs_approx17_Jul_
2020_14_27_00_pea_outputs_approx17_Jul_2020_15_28_03_pretty_17_Jul_2020_15_34_4
6.png>
Package pdftex.def Info: ../../figures/compare_value_pea_results_approx_value_o
utputs_approx17_Jul_2020_14_27_00_pea_outputs_approx17_Jul_2020_15_28_03_pretty
_17_Jul_2020_15_34_46.png used on input line 952.
(pdftex.def)             Requested size: 280.24203pt x 162.40387pt.


LaTeX Warning: `!h' float specifier changed to `!ht'.


LaTeX Warning: Reference `simple_NKPC' on page 38 undefined on input line 963.


LaTeX Warning: Reference `ramsey' on page 38 undefined on input line 963.


LaTeX Warning: Reference `simple_expectations' on page 38 undefined on input li
ne 963.

[38]

LaTeX Warning: Reference `oscillating_fe' on page 39 undefined on input line 97
3.


LaTeX Warning: Reference `IRF' on page 39 undefined on input line 975.


LaTeX Warning: Reference `alternative_criteria' on page 39 undefined on input l
ine 978.

[39 <../../figures/compare_value_pea_results_approx_value_outputs_approx17_Jul_
2020_14_27_00_pea_outputs_approx17_Jul_2020_11_40_09_pretty.png (PNG copy)> <..
/../figures/compare_value_pea_results_approx_value_outputs_approx17_Jul_2020_14
_27_00_pea_outputs_approx17_Jul_2020_15_28_03_pretty_17_Jul_2020_15_34_46.png (
PNG copy)>]

LaTeX Warning: Reference `IRF' on page 40 undefined on input line 980.


<../../figures/command_IFS_anchoring_pretty_RIR_LH_anch_monpol_again_critCUSUM_
constant_only_T_400_N_1000_burnin_5_params_psi_pi_1_5_psi_x_0_gbar_0_145_thetba
r_16_thettilde_2_5_kap_0_8_lamx_0_lami_0_date_2020_06_05.png, id=428, 1421.31pt
 x 824.07875pt>
File: ../../figures/command_IFS_anchoring_pretty_RIR_LH_anch_monpol_again_critC
USUM_constant_only_T_400_N_1000_burnin_5_params_psi_pi_1_5_psi_x_0_gbar_0_145_t
hetbar_16_thettilde_2_5_kap_0_8_lamx_0_lami_0_date_2020_06_05.png Graphic file 
(type png)

<use ../../figures/command_IFS_anchoring_pretty_RIR_LH_anch_monpol_again_critCU
SUM_constant_only_T_400_N_1000_burnin_5_params_psi_pi_1_5_psi_x_0_gbar_0_145_th
etbar_16_thettilde_2_5_kap_0_8_lamx_0_lami_0_date_2020_06_05.png>
Package pdftex.def Info: ../../figures/command_IFS_anchoring_pretty_RIR_LH_anch
_monpol_again_critCUSUM_constant_only_T_400_N_1000_burnin_5_params_psi_pi_1_5_p
si_x_0_gbar_0_145_thetbar_16_thettilde_2_5_kap_0_8_lamx_0_lami_0_date_2020_06_0
5.png used on input line 983.
(pdftex.def)             Requested size: 255.82477pt x 148.32777pt.

<../../figures/command_IFS_anchoring_pretty_RIR_LH_unanch_monpol_again_critCUSU
M_constant_only_T_400_N_1000_burnin_5_params_psi_pi_1_5_psi_x_0_gbar_0_145_thet
bar_16_thettilde_2_5_kap_0_8_lamx_0_lami_0_date_2020_06_05.png, id=429, 1421.31
pt x 824.07875pt>
File: ../../figures/command_IFS_anchoring_pretty_RIR_LH_unanch_monpol_again_cri
tCUSUM_constant_only_T_400_N_1000_burnin_5_params_psi_pi_1_5_psi_x_0_gbar_0_145
_thetbar_16_thettilde_2_5_kap_0_8_lamx_0_lami_0_date_2020_06_05.png Graphic fil
e (type png)

<use ../../figures/command_IFS_anchoring_pretty_RIR_LH_unanch_monpol_again_crit
CUSUM_constant_only_T_400_N_1000_burnin_5_params_psi_pi_1_5_psi_x_0_gbar_0_145_
thetbar_16_thettilde_2_5_kap_0_8_lamx_0_lami_0_date_2020_06_05.png>
Package pdftex.def Info: ../../figures/command_IFS_anchoring_pretty_RIR_LH_unan
ch_monpol_again_critCUSUM_constant_only_T_400_N_1000_burnin_5_params_psi_pi_1_5
_psi_x_0_gbar_0_145_thetbar_16_thettilde_2_5_kap_0_8_lamx_0_lami_0_date_2020_06
_05.png used on input line 984.
(pdftex.def)             Requested size: 255.82477pt x 148.32777pt.


LaTeX Warning: Reference `app_oscillations' on page 40 undefined on input line 
990.

[40 <../../figures/command_IFS_anchoring_pretty_RIR_LH_anch_monpol_again_critCU
SUM_constant_only_T_400_N_1000_burnin_5_params_psi_pi_1_5_psi_x_0_gbar_0_145_th
etbar_16_thettilde_2_5_kap_0_8_lamx_0_lami_0_date_2020_06_05.png (PNG copy)> <.
./../figures/command_IFS_anchoring_pretty_RIR_LH_unanch_monpol_again_critCUSUM_
constant_only_T_400_N_1000_burnin_5_params_psi_pi_1_5_psi_x_0_gbar_0_145_thetba
r_16_thettilde_2_5_kap_0_8_lamx_0_lami_0_date_2020_06_05.png (PNG copy)>]
<../../figures/command_IFS_anchoring_pretty_invgain_again_critCUSUM_constant_on
ly_params_psi_pi_1_01_psi_x_0_gbar_0_145_thetbar_16_thettilde_2_5_kap_0_8_lamx_
0_lami_0_2020_06_05.png, id=439, 1418.29875pt x 841.1425pt>
File: ../../figures/command_IFS_anchoring_pretty_invgain_again_critCUSUM_consta
nt_only_params_psi_pi_1_01_psi_x_0_gbar_0_145_thetbar_16_thettilde_2_5_kap_0_8_
lamx_0_lami_0_2020_06_05.png Graphic file (type png)

<use ../../figures/command_IFS_anchoring_pretty_invgain_again_critCUSUM_constan
t_only_params_psi_pi_1_01_psi_x_0_gbar_0_145_thetbar_16_thettilde_2_5_kap_0_8_l
amx_0_lami_0_2020_06_05.png>
Package pdftex.def Info: ../../figures/command_IFS_anchoring_pretty_invgain_aga
in_critCUSUM_constant_only_params_psi_pi_1_01_psi_x_0_gbar_0_145_thetbar_16_the
ttilde_2_5_kap_0_8_lamx_0_lami_0_2020_06_05.png used on input line 993.
(pdftex.def)             Requested size: 198.56047pt x 117.75914pt.

<../../figures/command_IFS_anchoring_pretty_invgain_again_critCUSUM_constant_on
ly_params_psi_pi_1_5_psi_x_0_gbar_0_145_thetbar_16_thettilde_2_5_kap_0_8_lamx_0
_lami_0_2020_06_05.png, id=440, 1418.29875pt x 841.1425pt>
File: ../../figures/command_IFS_anchoring_pretty_invgain_again_critCUSUM_consta
nt_only_params_psi_pi_1_5_psi_x_0_gbar_0_145_thetbar_16_thettilde_2_5_kap_0_8_l
amx_0_lami_0_2020_06_05.png Graphic file (type png)

<use ../../figures/command_IFS_anchoring_pretty_invgain_again_critCUSUM_constan
t_only_params_psi_pi_1_5_psi_x_0_gbar_0_145_thetbar_16_thettilde_2_5_kap_0_8_la
mx_0_lami_0_2020_06_05.png>
Package pdftex.def Info: ../../figures/command_IFS_anchoring_pretty_invgain_aga
in_critCUSUM_constant_only_params_psi_pi_1_5_psi_x_0_gbar_0_145_thetbar_16_thet
tilde_2_5_kap_0_8_lamx_0_lami_0_2020_06_05.png used on input line 994.
(pdftex.def)             Requested size: 198.56047pt x 117.75914pt.

<../../figures/command_IFS_anchoring_pretty_invgain_again_critCUSUM_constant_on
ly_params_psi_pi_2_psi_x_0_gbar_0_145_thetbar_16_thettilde_2_5_kap_0_8_lamx_0_l
ami_0_2020_06_05.png, id=441, 1418.29875pt x 841.1425pt>
File: ../../figures/command_IFS_anchoring_pretty_invgain_again_critCUSUM_consta
nt_only_params_psi_pi_2_psi_x_0_gbar_0_145_thetbar_16_thettilde_2_5_kap_0_8_lam
x_0_lami_0_2020_06_05.png Graphic file (type png)

<use ../../figures/command_IFS_anchoring_pretty_invgain_again_critCUSUM_constan
t_only_params_psi_pi_2_psi_x_0_gbar_0_145_thetbar_16_thettilde_2_5_kap_0_8_lamx
_0_lami_0_2020_06_05.png>
Package pdftex.def Info: ../../figures/command_IFS_anchoring_pretty_invgain_aga
in_critCUSUM_constant_only_params_psi_pi_2_psi_x_0_gbar_0_145_thetbar_16_thetti
lde_2_5_kap_0_8_lamx_0_lami_0_2020_06_05.png used on input line 995.
(pdftex.def)             Requested size: 198.56047pt x 117.75914pt.


LaTeX Warning: Reference `anchor_psi' on page 41 undefined on input line 1001.


LaTeX Warning: Reference `alternative_criteria' on page 41 undefined on input l
ine 1001.


Package natbib Warning: Citation `carvalho2019anchored' on page 41 undefined on
 input line 1001.


LaTeX Warning: Reference `IRF_unanchored_psi' on page 41 undefined on input lin
e 1003.


LaTeX Warning: Reference `IRF' on page 41 undefined on input line 1003.


<../../figures/command_IFS_anchoring_pretty_RIR_LH_unanch_monpol_again_critCUSU
M_constant_only_T_400_N_1000_burnin_5_params_psi_pi_1_01_psi_x_0_gbar_0_145_the
tbar_16_thettilde_2_5_kap_0_8_lamx_0_lami_0_date_2020_06_05.png, id=443, 1421.3
1pt x 824.07875pt>
File: ../../figures/command_IFS_anchoring_pretty_RIR_LH_unanch_monpol_again_cri
tCUSUM_constant_only_T_400_N_1000_burnin_5_params_psi_pi_1_01_psi_x_0_gbar_0_14
5_thetbar_16_thettilde_2_5_kap_0_8_lamx_0_lami_0_date_2020_06_05.png Graphic fi
le (type png)

<use ../../figures/command_IFS_anchoring_pretty_RIR_LH_unanch_monpol_again_crit
CUSUM_constant_only_T_400_N_1000_burnin_5_params_psi_pi_1_01_psi_x_0_gbar_0_145
_thetbar_16_thettilde_2_5_kap_0_8_lamx_0_lami_0_date_2020_06_05.png>
Package pdftex.def Info: ../../figures/command_IFS_anchoring_pretty_RIR_LH_unan
ch_monpol_again_critCUSUM_constant_only_T_400_N_1000_burnin_5_params_psi_pi_1_0
1_psi_x_0_gbar_0_145_thetbar_16_thettilde_2_5_kap_0_8_lamx_0_lami_0_date_2020_0
6_05.png used on input line 1005.
(pdftex.def)             Requested size: 284.25696pt x 164.81282pt.
File: ../../figures/command_IFS_anchoring_pretty_RIR_LH_unanch_monpol_again_cri
tCUSUM_constant_only_T_400_N_1000_burnin_5_params_psi_pi_1_5_psi_x_0_gbar_0_145
_thetbar_16_thettilde_2_5_kap_0_8_lamx_0_lami_0_date_2020_06_05.png Graphic fil
e (type png)

<use ../../figures/command_IFS_anchoring_pretty_RIR_LH_unanch_monpol_again_crit
CUSUM_constant_only_T_400_N_1000_burnin_5_params_psi_pi_1_5_psi_x_0_gbar_0_145_
thetbar_16_thettilde_2_5_kap_0_8_lamx_0_lami_0_date_2020_06_05.png>
Package pdftex.def Info: ../../figures/command_IFS_anchoring_pretty_RIR_LH_unan
ch_monpol_again_critCUSUM_constant_only_T_400_N_1000_burnin_5_params_psi_pi_1_5
_psi_x_0_gbar_0_145_thetbar_16_thettilde_2_5_kap_0_8_lamx_0_lami_0_date_2020_06
_05.png used on input line 1006.
(pdftex.def)             Requested size: 284.25696pt x 164.81282pt.

<../../figures/command_IFS_anchoring_pretty_RIR_LH_unanch_monpol_again_critCUSU
M_constant_only_T_400_N_1000_burnin_5_params_psi_pi_2_psi_x_0_gbar_0_145_thetba
r_16_thettilde_2_5_kap_0_8_lamx_0_lami_0_date_2020_06_05.png, id=444, 1421.31pt
 x 824.07875pt>
File: ../../figures/command_IFS_anchoring_pretty_RIR_LH_unanch_monpol_again_cri
tCUSUM_constant_only_T_400_N_1000_burnin_5_params_psi_pi_2_psi_x_0_gbar_0_145_t
hetbar_16_thettilde_2_5_kap_0_8_lamx_0_lami_0_date_2020_06_05.png Graphic file 
(type png)

<use ../../figures/command_IFS_anchoring_pretty_RIR_LH_unanch_monpol_again_crit
CUSUM_constant_only_T_400_N_1000_burnin_5_params_psi_pi_2_psi_x_0_gbar_0_145_th
etbar_16_thettilde_2_5_kap_0_8_lamx_0_lami_0_date_2020_06_05.png>
Package pdftex.def Info: ../../figures/command_IFS_anchoring_pretty_RIR_LH_unan
ch_monpol_again_critCUSUM_constant_only_T_400_N_1000_burnin_5_params_psi_pi_2_p
si_x_0_gbar_0_145_thetbar_16_thettilde_2_5_kap_0_8_lamx_0_lami_0_date_2020_06_0
5.png used on input line 1007.
(pdftex.def)             Requested size: 284.25696pt x 164.81282pt.


LaTeX Warning: `!h' float specifier changed to `!ht'.

[41 <../../figures/command_IFS_anchoring_pretty_invgain_again_critCUSUM_constan
t_only_params_psi_pi_1_01_psi_x_0_gbar_0_145_thetbar_16_thettilde_2_5_kap_0_8_l
amx_0_lami_0_2020_06_05.png (PNG copy)> <../../figures/command_IFS_anchoring_pr
etty_invgain_again_critCUSUM_constant_only_params_psi_pi_1_5_psi_x_0_gbar_0_145
_thetbar_16_thettilde_2_5_kap_0_8_lamx_0_lami_0_2020_06_05.png (PNG copy)> <../
../figures/command_IFS_anchoring_pretty_invgain_again_critCUSUM_constant_only_p
arams_psi_pi_2_psi_x_0_gbar_0_145_thetbar_16_thettilde_2_5_kap_0_8_lamx_0_lami_
0_2020_06_05.png (PNG copy)>]

LaTeX Warning: Text page 42 contains only floats.

[42 <../../figures/command_IFS_anchoring_pretty_RIR_LH_unanch_monpol_again_crit
CUSUM_constant_only_T_400_N_1000_burnin_5_params_psi_pi_1_01_psi_x_0_gbar_0_145
_thetbar_16_thettilde_2_5_kap_0_8_lamx_0_lami_0_date_2020_06_05.png (PNG copy)>
 <../../figures/command_IFS_anchoring_pretty_RIR_LH_unanch_monpol_again_critCUS
UM_constant_only_T_400_N_1000_burnin_5_params_psi_pi_2_psi_x_0_gbar_0_145_thetb
ar_16_thettilde_2_5_kap_0_8_lamx_0_lami_0_date_2020_06_05.png (PNG copy)>]

Package natbib Warning: Citation `ball1994credible' on page 43 undefined on inp
ut line 1014.


Package natbib Warning: Citation `ball1994credible' on page 43 undefined on inp
ut line 1014.


LaTeX Warning: Reference `IRF' on page 43 undefined on input line 1016.


LaTeX Warning: Reference `IRF' on page 43 undefined on input line 1016.


Package natbib Warning: Citation `ball1994credible' on page 43 undefined on inp
ut line 1016.


LaTeX Warning: Reference `NKIS' on page 43 undefined on input line 1018.


Package natbib Warning: Citation `ball1994credible' on page 43 undefined on inp
ut line 1018.


LaTeX Warning: Reference `IRF' on page 43 undefined on input line 1018.


Package natbib Warning: There were undefined citations.

Package atveryend Info: Empty hook `BeforeClearDocument' on input line 1021.
[43]
Package atveryend Info: Empty hook `AfterLastShipout' on input line 1021.
 (./abbreviations.aux)
Package atveryend Info: Executing hook `AtVeryEndDocument' on input line 1021.
Package atveryend Info: Executing hook `AtEndAfterFileList' on input line 1021.



Package rerunfilecheck Warning: File `abbreviations.out' has changed.
(rerunfilecheck)                Rerun to get outlines right
(rerunfilecheck)                or use package `bookmark'.

Package rerunfilecheck Info: Checksums for `abbreviations.out':
(rerunfilecheck)             Before: <no file>
(rerunfilecheck)             After:  7CA8BD42706276787FE9AE424D86F4E1;1974.

LaTeX Warning: There were undefined references.


LaTeX Warning: Label(s) may have changed. Rerun to get cross-references right.

Package atveryend Info: Empty hook `AtVeryVeryEnd' on input line 1021.
 ) 
Here is how much of TeX's memory you used:
 10520 strings out of 493089
 169408 string characters out of 6134842
 270165 words of memory out of 5000000
 13593 multiletter control sequences out of 15000+600000
 16135 words of font info for 60 fonts, out of 8000000 for 9000
 1141 hyphenation exceptions out of 8191
 36i,21n,39p,1982b,461s stack positions out of 5000i,500n,10000p,200000b,80000s
</usr/local/texlive/2015/texmf-dist/fonts/type1/public/amsfonts/cm/cmbx10.pfb
></usr/local/texlive/2015/texmf-dist/fonts/type1/public/amsfonts/cm/cmbx12.pfb>
</usr/local/texlive/2015/texmf-dist/fonts/type1/public/amsfonts/cm/cmbx8.pfb></
usr/local/texlive/2015/texmf-dist/fonts/type1/public/amsfonts/cm/cmbx9.pfb></us
r/local/texlive/2015/texmf-dist/fonts/type1/public/amsfonts/cm/cmex10.pfb></usr
/local/texlive/2015/texmf-dist/fonts/type1/public/amsfonts/cm/cmmi10.pfb></usr/
local/texlive/2015/texmf-dist/fonts/type1/public/amsfonts/cm/cmmi5.pfb></usr/lo
cal/texlive/2015/texmf-dist/fonts/type1/public/amsfonts/cm/cmmi6.pfb></usr/loca
l/texlive/2015/texmf-dist/fonts/type1/public/amsfonts/cm/cmmi8.pfb></usr/local/
texlive/2015/texmf-dist/fonts/type1/public/amsfonts/cm/cmmi9.pfb></usr/local/te
xlive/2015/texmf-dist/fonts/type1/public/amsfonts/cm/cmr10.pfb></usr/local/texl
ive/2015/texmf-dist/fonts/type1/public/amsfonts/cm/cmr12.pfb></usr/local/texliv
e/2015/texmf-dist/fonts/type1/public/amsfonts/cm/cmr17.pfb></usr/local/texlive/
2015/texmf-dist/fonts/type1/public/amsfonts/cm/cmr5.pfb></usr/local/texlive/201
5/texmf-dist/fonts/type1/public/amsfonts/cm/cmr6.pfb></usr/local/texlive/2015/t
exmf-dist/fonts/type1/public/amsfonts/cm/cmr8.pfb></usr/local/texlive/2015/texm
f-dist/fonts/type1/public/amsfonts/cm/cmr9.pfb></usr/local/texlive/2015/texmf-d
ist/fonts/type1/public/amsfonts/cm/cmsy10.pfb></usr/local/texlive/2015/texmf-di
st/fonts/type1/public/amsfonts/cm/cmsy5.pfb></usr/local/texlive/2015/texmf-dist
/fonts/type1/public/amsfonts/cm/cmsy6.pfb></usr/local/texlive/2015/texmf-dist/f
onts/type1/public/amsfonts/cm/cmsy8.pfb></usr/local/texlive/2015/texmf-dist/fon
ts/type1/public/amsfonts/cm/cmsy9.pfb></usr/local/texlive/2015/texmf-dist/fonts
/type1/public/amsfonts/cm/cmti10.pfb></usr/local/texlive/2015/texmf-dist/fonts/
type1/public/amsfonts/symbols/msbm10.pfb>
Output written on abbreviations.pdf (43 pages, 1643071 bytes).
PDF statistics:
 600 PDF objects out of 1000 (max. 8388607)
 505 compressed objects within 6 object streams
 239 named destinations out of 1000 (max. 500000)
 101 words of extra memory for PDF output out of 10000 (max. 10000000)

