This is pdfTeX, Version 3.14159265-2.6-1.40.16 (TeX Live 2015) (preloaded format=pdflatex 2015.5.24)  5 JUN 2020 10:54
entering extended mode
 restricted \write18 enabled.
 file:line:error style messages enabled.
 %&-line parsing enabled.
**visuals_draft.tex
(./visuals_draft.tex
LaTeX2e <2015/01/01>
Babel <3.9l> and hyphenation patterns for 79 languages loaded.
(/usr/local/texlive/2015/texmf-dist/tex/latex/base/article.cls
Document Class: article 2014/09/29 v1.4h Standard LaTeX document class
(/usr/local/texlive/2015/texmf-dist/tex/latex/base/size11.clo
File: size11.clo 2014/09/29 v1.4h Standard LaTeX file (size option)
)
\c@part=\count79
\c@section=\count80
\c@subsection=\count81
\c@subsubsection=\count82
\c@paragraph=\count83
\c@subparagraph=\count84
\c@figure=\count85
\c@table=\count86
\abovecaptionskip=\skip41
\belowcaptionskip=\skip42
\bibindent=\dimen102
)
(/usr/local/texlive/2015/texmf-dist/tex/latex/amsmath/amsmath.sty
Package: amsmath 2013/01/14 v2.14 AMS math features
\@mathmargin=\skip43

For additional information on amsmath, use the `?' option.
(/usr/local/texlive/2015/texmf-dist/tex/latex/amsmath/amstext.sty
Package: amstext 2000/06/29 v2.01

(/usr/local/texlive/2015/texmf-dist/tex/latex/amsmath/amsgen.sty
File: amsgen.sty 1999/11/30 v2.0
\@emptytoks=\toks14
\ex@=\dimen103
))
(/usr/local/texlive/2015/texmf-dist/tex/latex/amsmath/amsbsy.sty
Package: amsbsy 1999/11/29 v1.2d
\pmbraise@=\dimen104
)
(/usr/local/texlive/2015/texmf-dist/tex/latex/amsmath/amsopn.sty
Package: amsopn 1999/12/14 v2.01 operator names
)
\inf@bad=\count87
LaTeX Info: Redefining \frac on input line 210.
\uproot@=\count88
\leftroot@=\count89
LaTeX Info: Redefining \overline on input line 306.
\classnum@=\count90
\DOTSCASE@=\count91
LaTeX Info: Redefining \ldots on input line 378.
LaTeX Info: Redefining \dots on input line 381.
LaTeX Info: Redefining \cdots on input line 466.
\Mathstrutbox@=\box26
\strutbox@=\box27
\big@size=\dimen105
LaTeX Font Info:    Redeclaring font encoding OML on input line 566.
LaTeX Font Info:    Redeclaring font encoding OMS on input line 567.
\macc@depth=\count92
\c@MaxMatrixCols=\count93
\dotsspace@=\muskip10
\c@parentequation=\count94
\dspbrk@lvl=\count95
\tag@help=\toks15
\row@=\count96
\column@=\count97
\maxfields@=\count98
\andhelp@=\toks16
\eqnshift@=\dimen106
\alignsep@=\dimen107
\tagshift@=\dimen108
\tagwidth@=\dimen109
\totwidth@=\dimen110
\lineht@=\dimen111
\@envbody=\toks17
\multlinegap=\skip44
\multlinetaggap=\skip45
\mathdisplay@stack=\toks18
LaTeX Info: Redefining \[ on input line 2665.
LaTeX Info: Redefining \] on input line 2666.
)
(/usr/local/texlive/2015/texmf-dist/tex/latex/amscls/amsthm.sty
Package: amsthm 2015/03/04 v2.20.2
\thm@style=\toks19
\thm@bodyfont=\toks20
\thm@headfont=\toks21
\thm@notefont=\toks22
\thm@headpunct=\toks23
\thm@preskip=\skip46
\thm@postskip=\skip47
\thm@headsep=\skip48
\dth@everypar=\toks24
)
(/usr/local/texlive/2015/texmf-dist/tex/latex/amsfonts/amssymb.sty
Package: amssymb 2013/01/14 v3.01 AMS font symbols

(/usr/local/texlive/2015/texmf-dist/tex/latex/amsfonts/amsfonts.sty
Package: amsfonts 2013/01/14 v3.01 Basic AMSFonts support
\symAMSa=\mathgroup4
\symAMSb=\mathgroup5
LaTeX Font Info:    Overwriting math alphabet `\mathfrak' in version `bold'
(Font)                  U/euf/m/n --> U/euf/b/n on input line 106.
))
(/usr/local/texlive/2015/texmf-dist/tex/latex/graphics/lscape.sty
Package: lscape 2000/10/22 v3.01 Landscape Pages (DPC)

(/usr/local/texlive/2015/texmf-dist/tex/latex/graphics/graphics.sty
Package: graphics 2014/10/28 v1.0p Standard LaTeX Graphics (DPC,SPQR)

(/usr/local/texlive/2015/texmf-dist/tex/latex/graphics/trig.sty
Package: trig 1999/03/16 v1.09 sin cos tan (DPC)
)
(/usr/local/texlive/2015/texmf-dist/tex/latex/latexconfig/graphics.cfg
File: graphics.cfg 2010/04/23 v1.9 graphics configuration of TeX Live
)
Package graphics Info: Driver file: pdftex.def on input line 94.

(/usr/local/texlive/2015/texmf-dist/tex/latex/pdftex-def/pdftex.def
File: pdftex.def 2011/05/27 v0.06d Graphics/color for pdfTeX

(/usr/local/texlive/2015/texmf-dist/tex/generic/oberdiek/infwarerr.sty
Package: infwarerr 2010/04/08 v1.3 Providing info/warning/error messages (HO)
)
(/usr/local/texlive/2015/texmf-dist/tex/generic/oberdiek/ltxcmds.sty
Package: ltxcmds 2011/11/09 v1.22 LaTeX kernel commands for general use (HO)
)
\Gread@gobject=\count99
)))
(/usr/local/texlive/2015/texmf-dist/tex/latex/natbib/natbib.sty
Package: natbib 2010/09/13 8.31b (PWD, AO)
\bibhang=\skip49
\bibsep=\skip50
LaTeX Info: Redefining \cite on input line 694.
\c@NAT@ctr=\count100
)
(/usr/local/texlive/2015/texmf-dist/tex/latex/mathtools/mathtools.sty
Package: mathtools 2015/05/11 v1.16 mathematical typesetting tools

(/usr/local/texlive/2015/texmf-dist/tex/latex/graphics/keyval.sty
Package: keyval 2014/10/28 v1.15 key=value parser (DPC)
\KV@toks@=\toks25
)
(/usr/local/texlive/2015/texmf-dist/tex/latex/tools/calc.sty
Package: calc 2014/10/28 v4.3 Infix arithmetic (KKT,FJ)
\calc@Acount=\count101
\calc@Bcount=\count102
\calc@Adimen=\dimen112
\calc@Bdimen=\dimen113
\calc@Askip=\skip51
\calc@Bskip=\skip52
LaTeX Info: Redefining \setlength on input line 80.
LaTeX Info: Redefining \addtolength on input line 81.
\calc@Ccount=\count103
\calc@Cskip=\skip53
)
(/usr/local/texlive/2015/texmf-dist/tex/latex/mathtools/mhsetup.sty
Package: mhsetup 2010/01/21 v1.2a programming setup (MH)
)
LaTeX Info: Thecontrolsequence`\('isalreadyrobust on input line 129.
LaTeX Info: Thecontrolsequence`\)'isalreadyrobust on input line 129.
LaTeX Info: Thecontrolsequence`\['isalreadyrobust on input line 129.
LaTeX Info: Thecontrolsequence`\]'isalreadyrobust on input line 129.
\g_MT_multlinerow_int=\count104
\l_MT_multwidth_dim=\dimen114
\origjot=\skip54
\l_MT_shortvdotswithinadjustabove_dim=\dimen115
\l_MT_shortvdotswithinadjustbelow_dim=\dimen116
\l_MT_above_intertext_sep=\dimen117
\l_MT_below_intertext_sep=\dimen118
\l_MT_above_shortintertext_sep=\dimen119
\l_MT_below_shortintertext_sep=\dimen120
)
(/usr/local/texlive/2015/texmf-dist/tex/latex/subfigure/subfigure.sty
Package: subfigure 2002/03/15 v2.1.5 subfigure package
\subfigtopskip=\skip55
\subfigcapskip=\skip56
\subfigcaptopadj=\dimen121
\subfigbottomskip=\skip57
\subfigcapmargin=\dimen122
\subfiglabelskip=\skip58
\c@subfigure=\count105
\c@lofdepth=\count106
\c@subtable=\count107
\c@lotdepth=\count108

****************************************
* Local config file subfigure.cfg used *
****************************************
(/usr/local/texlive/2015/texmf-dist/tex/latex/subfigure/subfigure.cfg)
\subfig@top=\skip59
\subfig@bottom=\skip60
)
(/usr/local/texlive/2015/texmf-dist/tex/latex/caption/caption.sty
Package: caption 2013/05/02 v3.3-89 Customizing captions (AR)

(/usr/local/texlive/2015/texmf-dist/tex/latex/caption/caption3.sty
Package: caption3 2013/05/02 v1.6-88 caption3 kernel (AR)
Package caption3 Info: TeX engine: e-TeX on input line 57.
\captionmargin=\dimen123
\captionmargin@=\dimen124
\captionwidth=\dimen125
\caption@tempdima=\dimen126
\caption@indent=\dimen127
\caption@parindent=\dimen128
\caption@hangindent=\dimen129
)
\c@ContinuedFloat=\count109
Package caption Info: subfigure package is loaded.
)
(/usr/local/texlive/2015/texmf-dist/tex/latex/graphics/graphicx.sty
Package: graphicx 2014/10/28 v1.0g Enhanced LaTeX Graphics (DPC,SPQR)
\Gin@req@height=\dimen130
\Gin@req@width=\dimen131
)
(/usr/local/texlive/2015/texmf-dist/tex/latex/colortbl/colortbl.sty
Package: colortbl 2012/02/13 v1.0a Color table columns (DPC)

(/usr/local/texlive/2015/texmf-dist/tex/latex/tools/array.sty
Package: array 2014/10/28 v2.4c Tabular extension package (FMi)
\col@sep=\dimen132
\extrarowheight=\dimen133
\NC@list=\toks26
\extratabsurround=\skip61
\backup@length=\skip62
)
(/usr/local/texlive/2015/texmf-dist/tex/latex/graphics/color.sty
Package: color 2014/10/28 v1.1a Standard LaTeX Color (DPC)

(/usr/local/texlive/2015/texmf-dist/tex/latex/latexconfig/color.cfg
File: color.cfg 2007/01/18 v1.5 color configuration of teTeX/TeXLive
)
Package color Info: Driver file: pdftex.def on input line 142.
)
\everycr=\toks27
\minrowclearance=\skip63
)
(/usr/local/texlive/2015/texmf-dist/tex/latex/tools/hhline.sty
Package: hhline 2014/10/28 v2.03 Table rule package (DPC)
)
(/usr/local/texlive/2015/texmf-dist/tex/latex/multirow/multirow.sty
\bigstrutjot=\dimen134
)
(/usr/local/texlive/2015/texmf-dist/tex/latex/tools/multicol.sty
Package: multicol 2015/03/31 v1.8m multicolumn formatting (FMi)
\c@tracingmulticols=\count110
\mult@box=\box28
\multicol@leftmargin=\dimen135
\c@unbalance=\count111
\c@collectmore=\count112
\doublecol@number=\count113
\multicoltolerance=\count114
\multicolpretolerance=\count115
\full@width=\dimen136
\page@free=\dimen137
\premulticols=\dimen138
\postmulticols=\dimen139
\multicolsep=\skip64
\multicolbaselineskip=\skip65
\partial@page=\box29
\last@line=\box30
\maxbalancingoverflow=\dimen140
\mult@rightbox=\box31
\mult@grightbox=\box32
\mult@gfirstbox=\box33
\mult@firstbox=\box34
\@tempa=\box35
\@tempa=\box36
\@tempa=\box37
\@tempa=\box38
\@tempa=\box39
\@tempa=\box40
\@tempa=\box41
\@tempa=\box42
\@tempa=\box43
\@tempa=\box44
\@tempa=\box45
\@tempa=\box46
\@tempa=\box47
\@tempa=\box48
\@tempa=\box49
\@tempa=\box50
\@tempa=\box51
\c@columnbadness=\count116
\c@finalcolumnbadness=\count117
\last@try=\dimen141
\multicolovershoot=\dimen142
\multicolundershoot=\dimen143
\mult@nat@firstbox=\box52
\colbreak@box=\box53
\mc@col@check@num=\count118
)
(/usr/local/texlive/2015/texmf-dist/tex/latex/setspace/setspace.sty
Package: setspace 2011/12/19 v6.7a set line spacing
)
(/usr/local/texlive/2015/texmf-dist/tex/latex/pdfpages/pdfpages.sty
Package: pdfpages 2015/05/11 v0.4x Insert pages of external PDF documents (AM)

(/usr/local/texlive/2015/texmf-dist/tex/latex/base/ifthen.sty
Package: ifthen 2014/09/29 v1.1c Standard LaTeX ifthen package (DPC)
)
(/usr/local/texlive/2015/texmf-dist/tex/latex/eso-pic/eso-pic.sty
Package: eso-pic 2015/04/20 v2.0e eso-pic (RN)

(/usr/local/texlive/2015/texmf-dist/tex/generic/oberdiek/atbegshi.sty
Package: atbegshi 2011/10/05 v1.16 At begin shipout hook (HO)

(/usr/local/texlive/2015/texmf-dist/tex/generic/oberdiek/ifpdf.sty
Package: ifpdf 2011/01/30 v2.3 Provides the ifpdf switch (HO)
Package ifpdf Info: pdfTeX in PDF mode is detected.
)))
\AM@pagewidth=\dimen144
\AM@pageheight=\dimen145

(/usr/local/texlive/2015/texmf-dist/tex/latex/pdfpages/pppdftex.def
File: pppdftex.def 2015/05/11 v0.4x Pdfpages driver for pdfTeX (AM)
)
\AM@pagebox=\box54
\AM@toc@title=\toks28
\c@AM@survey=\count119
\AM@templatesizebox=\box55
)
(/usr/local/texlive/2015/texmf-dist/tex/latex/geometry/geometry.sty
Package: geometry 2010/09/12 v5.6 Page Geometry

(/usr/local/texlive/2015/texmf-dist/tex/generic/oberdiek/ifvtex.sty
Package: ifvtex 2010/03/01 v1.5 Detect VTeX and its facilities (HO)
Package ifvtex Info: VTeX not detected.
)
(/usr/local/texlive/2015/texmf-dist/tex/generic/ifxetex/ifxetex.sty
Package: ifxetex 2010/09/12 v0.6 Provides ifxetex conditional
)
\Gm@cnth=\count120
\Gm@cntv=\count121
\c@Gm@tempcnt=\count122
\Gm@bindingoffset=\dimen146
\Gm@wd@mp=\dimen147
\Gm@odd@mp=\dimen148
\Gm@even@mp=\dimen149
\Gm@layoutwidth=\dimen150
\Gm@layoutheight=\dimen151
\Gm@layouthoffset=\dimen152
\Gm@layoutvoffset=\dimen153
\Gm@dimlist=\toks29
)
(/usr/local/texlive/2015/texmf-dist/tex/latex/natbib/bibentry.sty
Package: bibentry 2007/10/30 1.5 (PWD)
)
(/usr/local/texlive/2015/texmf-dist/tex/latex/hyperref/xr-hyper.sty
Package: xr-hyper 2000/03/22 v6.00beta4 eXternal References (DPC)
)
(/usr/local/texlive/2015/texmf-dist/tex/latex/hyperref/hyperref.sty
Package: hyperref 2012/11/06 v6.83m Hypertext links for LaTeX

(/usr/local/texlive/2015/texmf-dist/tex/generic/oberdiek/hobsub-hyperref.sty
Package: hobsub-hyperref 2012/05/28 v1.13 Bundle oberdiek, subset hyperref (HO)


(/usr/local/texlive/2015/texmf-dist/tex/generic/oberdiek/hobsub-generic.sty
Package: hobsub-generic 2012/05/28 v1.13 Bundle oberdiek, subset generic (HO)
Package: hobsub 2012/05/28 v1.13 Construct package bundles (HO)
Package hobsub Info: Skipping package `infwarerr' (already loaded).
Package hobsub Info: Skipping package `ltxcmds' (already loaded).
Package: ifluatex 2010/03/01 v1.3 Provides the ifluatex switch (HO)
Package ifluatex Info: LuaTeX not detected.
Package hobsub Info: Skipping package `ifvtex' (already loaded).
Package: intcalc 2007/09/27 v1.1 Expandable calculations with integers (HO)
Package hobsub Info: Skipping package `ifpdf' (already loaded).
Package: etexcmds 2011/02/16 v1.5 Avoid name clashes with e-TeX commands (HO)
Package etexcmds Info: Could not find \expanded.
(etexcmds)             That can mean that you are not using pdfTeX 1.50 or
(etexcmds)             that some package has redefined \expanded.
(etexcmds)             In the latter case, load this package earlier.
Package: kvsetkeys 2012/04/25 v1.16 Key value parser (HO)
Package: kvdefinekeys 2011/04/07 v1.3 Define keys (HO)
Package: pdftexcmds 2011/11/29 v0.20 Utility functions of pdfTeX for LuaTeX (HO
)
Package pdftexcmds Info: LuaTeX not detected.
Package pdftexcmds Info: \pdf@primitive is available.
Package pdftexcmds Info: \pdf@ifprimitive is available.
Package pdftexcmds Info: \pdfdraftmode found.
Package: pdfescape 2011/11/25 v1.13 Implements pdfTeX's escape features (HO)
Package: bigintcalc 2012/04/08 v1.3 Expandable calculations on big integers (HO
)
Package: bitset 2011/01/30 v1.1 Handle bit-vector datatype (HO)
Package: uniquecounter 2011/01/30 v1.2 Provide unlimited unique counter (HO)
)
Package hobsub Info: Skipping package `hobsub' (already loaded).
Package: letltxmacro 2010/09/02 v1.4 Let assignment for LaTeX macros (HO)
Package: hopatch 2012/05/28 v1.2 Wrapper for package hooks (HO)
Package: xcolor-patch 2011/01/30 xcolor patch
Package: atveryend 2011/06/30 v1.8 Hooks at the very end of document (HO)
Package atveryend Info: \enddocument detected (standard20110627).
Package hobsub Info: Skipping package `atbegshi' (already loaded).
Package: refcount 2011/10/16 v3.4 Data extraction from label references (HO)
Package: hycolor 2011/01/30 v1.7 Color options for hyperref/bookmark (HO)
)
(/usr/local/texlive/2015/texmf-dist/tex/latex/oberdiek/auxhook.sty
Package: auxhook 2011/03/04 v1.3 Hooks for auxiliary files (HO)
)
(/usr/local/texlive/2015/texmf-dist/tex/latex/oberdiek/kvoptions.sty
Package: kvoptions 2011/06/30 v3.11 Key value format for package options (HO)
)
\@linkdim=\dimen154
\Hy@linkcounter=\count123
\Hy@pagecounter=\count124

(/usr/local/texlive/2015/texmf-dist/tex/latex/hyperref/pd1enc.def
File: pd1enc.def 2012/11/06 v6.83m Hyperref: PDFDocEncoding definition (HO)
)
\Hy@SavedSpaceFactor=\count125

(/usr/local/texlive/2015/texmf-dist/tex/latex/latexconfig/hyperref.cfg
File: hyperref.cfg 2002/06/06 v1.2 hyperref configuration of TeXLive
)
Package hyperref Info: Hyper figures OFF on input line 4443.
Package hyperref Info: Link nesting OFF on input line 4448.
Package hyperref Info: Hyper index ON on input line 4451.
Package hyperref Info: Plain pages OFF on input line 4458.
Package hyperref Info: Backreferencing OFF on input line 4463.
Package hyperref Info: Implicit mode ON; LaTeX internals redefined.
Package hyperref Info: Bookmarks ON on input line 4688.
\c@Hy@tempcnt=\count126

(/usr/local/texlive/2015/texmf-dist/tex/latex/url/url.sty
\Urlmuskip=\muskip11
Package: url 2013/09/16  ver 3.4  Verb mode for urls, etc.
)
LaTeX Info: Redefining \url on input line 5041.
\XeTeXLinkMargin=\dimen155
\Fld@menulength=\count127
\Field@Width=\dimen156
\Fld@charsize=\dimen157
Package hyperref Info: Hyper figures OFF on input line 6295.
Package hyperref Info: Link nesting OFF on input line 6300.
Package hyperref Info: Hyper index ON on input line 6303.
Package hyperref Info: backreferencing OFF on input line 6310.
Package hyperref Info: Link coloring OFF on input line 6315.
Package hyperref Info: Link coloring with OCG OFF on input line 6320.
Package hyperref Info: PDF/A mode OFF on input line 6325.
LaTeX Info: Redefining \ref on input line 6365.
LaTeX Info: Redefining \pageref on input line 6369.
\Hy@abspage=\count128
\c@Item=\count129
\c@Hfootnote=\count130
)

Package hyperref Message: Driver (autodetected): hpdftex.

(/usr/local/texlive/2015/texmf-dist/tex/latex/hyperref/hpdftex.def
File: hpdftex.def 2012/11/06 v6.83m Hyperref driver for pdfTeX
\Fld@listcount=\count131
\c@bookmark@seq@number=\count132

(/usr/local/texlive/2015/texmf-dist/tex/latex/oberdiek/rerunfilecheck.sty
Package: rerunfilecheck 2011/04/15 v1.7 Rerun checks for auxiliary files (HO)
Package uniquecounter Info: New unique counter `rerunfilecheck' on input line 2
82.
)
\Hy@SectionHShift=\skip66
)
Package hyperref Info: Option `colorlinks' set `true' on input line 26.

(/usr/local/texlive/2015/texmf-dist/tex/latex/floatrow/floatrow.sty
Package: floatrow 2008/08/02 v0.3b floatrow: float package extension
\c@float@type=\count133
\float@exts=\toks30
\float@box=\box56
\@floatcapt=\box57
Package floatrow Info: Modified float package code loaded on input line 455.
Package floatrow Info: Modified rotfloat package code loaded on input line 473.

\FR@everyfloat=\toks31
\flrow@foot=\insert233
\FB@wd=\dimen158
\FBo@wd=\dimen159
\FBc@wd=\dimen160
\FBo@ht=\skip67
\FBc@ht=\skip68
\FBf@ht=\skip69
\FBo@max=\skip70
\FBc@max=\skip71
\FBf@max=\skip72
\c@FBl@b=\count134
\floatbox@depth=\count135
\c@FRobj=\count136
\c@FRsobj=\count137
\Xhsize=\skip73
\sXhsize=\skip74
\Zhsize=\skip75
\sZhsize=\skip76
\flrow@rowbox=\box58
\FR@Zunitlength=\dimen161
\c@FBcnt=\count138
\FPOScnt=\count139
\LTleft=\skip77
\LTright=\skip78
\LTleft=\skip79
\LTright=\skip80
\flrow@types=\toks32
)
(/usr/local/texlive/2015/texmf-dist/tex/latex/relsize/relsize.sty
Package: relsize 2013/03/29 ver 4.1
)
(/usr/local/texlive/2015/texmf-dist/tex/latex/xcolor/xcolor.sty
Package: xcolor 2007/01/21 v2.11 LaTeX color extensions (UK)

(/usr/local/texlive/2015/texmf-dist/tex/latex/latexconfig/color.cfg
File: color.cfg 2007/01/18 v1.5 color configuration of teTeX/TeXLive
)
Package xcolor Info: Driver file: pdftex.def on input line 225.
LaTeX Info: Redefining \color on input line 702.
Package xcolor Info: Model `cmy' substituted by `cmy0' on input line 1337.
Package xcolor Info: Model `hsb' substituted by `rgb' on input line 1341.
Package xcolor Info: Model `RGB' extended on input line 1353.
Package xcolor Info: Model `HTML' substituted by `rgb' on input line 1355.
Package xcolor Info: Model `Hsb' substituted by `hsb' on input line 1356.
Package xcolor Info: Model `tHsb' substituted by `hsb' on input line 1357.
Package xcolor Info: Model `HSB' substituted by `hsb' on input line 1358.
Package xcolor Info: Model `Gray' substituted by `gray' on input line 1359.
Package xcolor Info: Model `wave' substituted by `hsb' on input line 1360.

(/usr/local/texlive/2015/texmf-dist/tex/latex/graphics/dvipsnam.def
File: dvipsnam.def 2014/10/14 v3.0j Driver-dependent file (DPC,SPQR)
))
(/usr/local/texlive/2015/texmf-dist/tex/latex/fancyhdr/fancyhdr.sty
\fancy@headwidth=\skip81
\f@ncyO@elh=\skip82
\f@ncyO@erh=\skip83
\f@ncyO@olh=\skip84
\f@ncyO@orh=\skip85
\f@ncyO@elf=\skip86
\f@ncyO@erf=\skip87
\f@ncyO@olf=\skip88
\f@ncyO@orf=\skip89
)
(/usr/local/texlive/2015/texmf-dist/tex/latex/pgf/frontendlayer/tikz.sty
(/usr/local/texlive/2015/texmf-dist/tex/latex/pgf/basiclayer/pgf.sty
(/usr/local/texlive/2015/texmf-dist/tex/latex/pgf/utilities/pgfrcs.sty
(/usr/local/texlive/2015/texmf-dist/tex/generic/pgf/utilities/pgfutil-common.te
x
\pgfutil@everybye=\toks33
\pgfutil@tempdima=\dimen162
\pgfutil@tempdimb=\dimen163

(/usr/local/texlive/2015/texmf-dist/tex/generic/pgf/utilities/pgfutil-common-li
sts.tex))
(/usr/local/texlive/2015/texmf-dist/tex/generic/pgf/utilities/pgfutil-latex.def
\pgfutil@abb=\box59
(/usr/local/texlive/2015/texmf-dist/tex/latex/ms/everyshi.sty
Package: everyshi 2001/05/15 v3.00 EveryShipout Package (MS)
))
(/usr/local/texlive/2015/texmf-dist/tex/generic/pgf/utilities/pgfrcs.code.tex
Package: pgfrcs 2013/12/20 v3.0.0 (rcs-revision 1.28)
))
Package: pgf 2013/12/18 v3.0.0 (rcs-revision 1.14)
(/usr/local/texlive/2015/texmf-dist/tex/latex/pgf/basiclayer/pgfcore.sty
(/usr/local/texlive/2015/texmf-dist/tex/latex/pgf/systemlayer/pgfsys.sty
(/usr/local/texlive/2015/texmf-dist/tex/generic/pgf/systemlayer/pgfsys.code.tex
Package: pgfsys 2013/11/30 v3.0.0 (rcs-revision 1.47)
(/usr/local/texlive/2015/texmf-dist/tex/generic/pgf/utilities/pgfkeys.code.tex
\pgfkeys@pathtoks=\toks34
\pgfkeys@temptoks=\toks35

(/usr/local/texlive/2015/texmf-dist/tex/generic/pgf/utilities/pgfkeysfiltered.c
ode.tex
\pgfkeys@tmptoks=\toks36
))
\pgf@x=\dimen164
\pgf@y=\dimen165
\pgf@xa=\dimen166
\pgf@ya=\dimen167
\pgf@xb=\dimen168
\pgf@yb=\dimen169
\pgf@xc=\dimen170
\pgf@yc=\dimen171
\w@pgf@writea=\write3
\r@pgf@reada=\read1
\c@pgf@counta=\count140
\c@pgf@countb=\count141
\c@pgf@countc=\count142
\c@pgf@countd=\count143
\t@pgf@toka=\toks37
\t@pgf@tokb=\toks38
\t@pgf@tokc=\toks39

(/usr/local/texlive/2015/texmf-dist/tex/generic/pgf/systemlayer/pgf.cfg
File: pgf.cfg 2008/05/14  (rcs-revision 1.7)
)
Driver file for pgf: pgfsys-pdftex.def

(/usr/local/texlive/2015/texmf-dist/tex/generic/pgf/systemlayer/pgfsys-pdftex.d
ef
File: pgfsys-pdftex.def 2013/07/18  (rcs-revision 1.33)

(/usr/local/texlive/2015/texmf-dist/tex/generic/pgf/systemlayer/pgfsys-common-p
df.def
File: pgfsys-common-pdf.def 2013/10/10  (rcs-revision 1.13)
)))
(/usr/local/texlive/2015/texmf-dist/tex/generic/pgf/systemlayer/pgfsyssoftpath.
code.tex
File: pgfsyssoftpath.code.tex 2013/09/09  (rcs-revision 1.9)
\pgfsyssoftpath@smallbuffer@items=\count144
\pgfsyssoftpath@bigbuffer@items=\count145
)
(/usr/local/texlive/2015/texmf-dist/tex/generic/pgf/systemlayer/pgfsysprotocol.
code.tex
File: pgfsysprotocol.code.tex 2006/10/16  (rcs-revision 1.4)
))
(/usr/local/texlive/2015/texmf-dist/tex/generic/pgf/basiclayer/pgfcore.code.tex
Package: pgfcore 2010/04/11 v3.0.0 (rcs-revision 1.7)
(/usr/local/texlive/2015/texmf-dist/tex/generic/pgf/math/pgfmath.code.tex
(/usr/local/texlive/2015/texmf-dist/tex/generic/pgf/math/pgfmathcalc.code.tex
(/usr/local/texlive/2015/texmf-dist/tex/generic/pgf/math/pgfmathutil.code.tex)
(/usr/local/texlive/2015/texmf-dist/tex/generic/pgf/math/pgfmathparser.code.tex
\pgfmath@dimen=\dimen172
\pgfmath@count=\count146
\pgfmath@box=\box60
\pgfmath@toks=\toks40
\pgfmath@stack@operand=\toks41
\pgfmath@stack@operation=\toks42
)
(/usr/local/texlive/2015/texmf-dist/tex/generic/pgf/math/pgfmathfunctions.code.
tex
(/usr/local/texlive/2015/texmf-dist/tex/generic/pgf/math/pgfmathfunctions.basic
.code.tex)
(/usr/local/texlive/2015/texmf-dist/tex/generic/pgf/math/pgfmathfunctions.trigo
nometric.code.tex)
(/usr/local/texlive/2015/texmf-dist/tex/generic/pgf/math/pgfmathfunctions.rando
m.code.tex)
(/usr/local/texlive/2015/texmf-dist/tex/generic/pgf/math/pgfmathfunctions.compa
rison.code.tex)
(/usr/local/texlive/2015/texmf-dist/tex/generic/pgf/math/pgfmathfunctions.base.
code.tex)
(/usr/local/texlive/2015/texmf-dist/tex/generic/pgf/math/pgfmathfunctions.round
.code.tex)
(/usr/local/texlive/2015/texmf-dist/tex/generic/pgf/math/pgfmathfunctions.misc.
code.tex)
(/usr/local/texlive/2015/texmf-dist/tex/generic/pgf/math/pgfmathfunctions.integ
erarithmetics.code.tex)))
(/usr/local/texlive/2015/texmf-dist/tex/generic/pgf/math/pgfmathfloat.code.tex
\c@pgfmathroundto@lastzeros=\count147
))
(/usr/local/texlive/2015/texmf-dist/tex/generic/pgf/basiclayer/pgfcorepoints.co
de.tex
File: pgfcorepoints.code.tex 2013/10/07  (rcs-revision 1.27)
\pgf@picminx=\dimen173
\pgf@picmaxx=\dimen174
\pgf@picminy=\dimen175
\pgf@picmaxy=\dimen176
\pgf@pathminx=\dimen177
\pgf@pathmaxx=\dimen178
\pgf@pathminy=\dimen179
\pgf@pathmaxy=\dimen180
\pgf@xx=\dimen181
\pgf@xy=\dimen182
\pgf@yx=\dimen183
\pgf@yy=\dimen184
\pgf@zx=\dimen185
\pgf@zy=\dimen186
)
(/usr/local/texlive/2015/texmf-dist/tex/generic/pgf/basiclayer/pgfcorepathconst
ruct.code.tex
File: pgfcorepathconstruct.code.tex 2013/10/07  (rcs-revision 1.29)
\pgf@path@lastx=\dimen187
\pgf@path@lasty=\dimen188
)
(/usr/local/texlive/2015/texmf-dist/tex/generic/pgf/basiclayer/pgfcorepathusage
.code.tex
File: pgfcorepathusage.code.tex 2013/12/13  (rcs-revision 1.23)
\pgf@shorten@end@additional=\dimen189
\pgf@shorten@start@additional=\dimen190
)
(/usr/local/texlive/2015/texmf-dist/tex/generic/pgf/basiclayer/pgfcorescopes.co
de.tex
File: pgfcorescopes.code.tex 2013/10/09  (rcs-revision 1.44)
\pgfpic=\box61
\pgf@hbox=\box62
\pgf@layerbox@main=\box63
\pgf@picture@serial@count=\count148
)
(/usr/local/texlive/2015/texmf-dist/tex/generic/pgf/basiclayer/pgfcoregraphicst
ate.code.tex
File: pgfcoregraphicstate.code.tex 2013/09/19  (rcs-revision 1.11)
\pgflinewidth=\dimen191
)
(/usr/local/texlive/2015/texmf-dist/tex/generic/pgf/basiclayer/pgfcoretransform
ations.code.tex
File: pgfcoretransformations.code.tex 2013/10/10  (rcs-revision 1.17)
\pgf@pt@x=\dimen192
\pgf@pt@y=\dimen193
\pgf@pt@temp=\dimen194
)
(/usr/local/texlive/2015/texmf-dist/tex/generic/pgf/basiclayer/pgfcorequick.cod
e.tex
File: pgfcorequick.code.tex 2008/10/09  (rcs-revision 1.3)
)
(/usr/local/texlive/2015/texmf-dist/tex/generic/pgf/basiclayer/pgfcoreobjects.c
ode.tex
File: pgfcoreobjects.code.tex 2006/10/11  (rcs-revision 1.2)
)
(/usr/local/texlive/2015/texmf-dist/tex/generic/pgf/basiclayer/pgfcorepathproce
ssing.code.tex
File: pgfcorepathprocessing.code.tex 2013/09/09  (rcs-revision 1.9)
)
(/usr/local/texlive/2015/texmf-dist/tex/generic/pgf/basiclayer/pgfcorearrows.co
de.tex
File: pgfcorearrows.code.tex 2013/11/07  (rcs-revision 1.40)
\pgfarrowsep=\dimen195
)
(/usr/local/texlive/2015/texmf-dist/tex/generic/pgf/basiclayer/pgfcoreshade.cod
e.tex
File: pgfcoreshade.code.tex 2013/07/15  (rcs-revision 1.15)
\pgf@max=\dimen196
\pgf@sys@shading@range@num=\count149
)
(/usr/local/texlive/2015/texmf-dist/tex/generic/pgf/basiclayer/pgfcoreimage.cod
e.tex
File: pgfcoreimage.code.tex 2013/07/15  (rcs-revision 1.18)

(/usr/local/texlive/2015/texmf-dist/tex/generic/pgf/basiclayer/pgfcoreexternal.
code.tex
File: pgfcoreexternal.code.tex 2013/07/15  (rcs-revision 1.20)
\pgfexternal@startupbox=\box64
))
(/usr/local/texlive/2015/texmf-dist/tex/generic/pgf/basiclayer/pgfcorelayers.co
de.tex
File: pgfcorelayers.code.tex 2013/07/18  (rcs-revision 1.7)
)
(/usr/local/texlive/2015/texmf-dist/tex/generic/pgf/basiclayer/pgfcoretranspare
ncy.code.tex
File: pgfcoretransparency.code.tex 2013/09/30  (rcs-revision 1.5)
)
(/usr/local/texlive/2015/texmf-dist/tex/generic/pgf/basiclayer/pgfcorepatterns.
code.tex
File: pgfcorepatterns.code.tex 2013/11/07  (rcs-revision 1.5)
)))
(/usr/local/texlive/2015/texmf-dist/tex/generic/pgf/modules/pgfmoduleshapes.cod
e.tex
File: pgfmoduleshapes.code.tex 2013/10/31  (rcs-revision 1.34)
\pgfnodeparttextbox=\box65
)
(/usr/local/texlive/2015/texmf-dist/tex/generic/pgf/modules/pgfmoduleplot.code.
tex
File: pgfmoduleplot.code.tex 2013/07/31  (rcs-revision 1.12)
)
(/usr/local/texlive/2015/texmf-dist/tex/latex/pgf/compatibility/pgfcomp-version
-0-65.sty
Package: pgfcomp-version-0-65 2007/07/03 v3.0.0 (rcs-revision 1.7)
\pgf@nodesepstart=\dimen197
\pgf@nodesepend=\dimen198
)
(/usr/local/texlive/2015/texmf-dist/tex/latex/pgf/compatibility/pgfcomp-version
-1-18.sty
Package: pgfcomp-version-1-18 2007/07/23 v3.0.0 (rcs-revision 1.1)
))
(/usr/local/texlive/2015/texmf-dist/tex/latex/pgf/utilities/pgffor.sty
(/usr/local/texlive/2015/texmf-dist/tex/latex/pgf/utilities/pgfkeys.sty
(/usr/local/texlive/2015/texmf-dist/tex/generic/pgf/utilities/pgfkeys.code.tex)
) (/usr/local/texlive/2015/texmf-dist/tex/latex/pgf/math/pgfmath.sty
(/usr/local/texlive/2015/texmf-dist/tex/generic/pgf/math/pgfmath.code.tex))
(/usr/local/texlive/2015/texmf-dist/tex/generic/pgf/utilities/pgffor.code.tex
Package: pgffor 2013/12/13 v3.0.0 (rcs-revision 1.25)

(/usr/local/texlive/2015/texmf-dist/tex/generic/pgf/math/pgfmath.code.tex)
\pgffor@iter=\dimen199
\pgffor@skip=\dimen200
\pgffor@stack=\toks43
\pgffor@toks=\toks44
))
(/usr/local/texlive/2015/texmf-dist/tex/generic/pgf/frontendlayer/tikz/tikz.cod
e.tex
Package: tikz 2013/12/13 v3.0.0 (rcs-revision 1.142)

(/usr/local/texlive/2015/texmf-dist/tex/generic/pgf/libraries/pgflibraryplothan
dlers.code.tex
File: pgflibraryplothandlers.code.tex 2013/08/31 v3.0.0 (rcs-revision 1.20)
\pgf@plot@mark@count=\count150
\pgfplotmarksize=\dimen201
)
\tikz@lastx=\dimen202
\tikz@lasty=\dimen203
\tikz@lastxsaved=\dimen204
\tikz@lastysaved=\dimen205
\tikzleveldistance=\dimen206
\tikzsiblingdistance=\dimen207
\tikz@figbox=\box66
\tikz@figbox@bg=\box67
\tikz@tempbox=\box68
\tikz@tempbox@bg=\box69
\tikztreelevel=\count151
\tikznumberofchildren=\count152
\tikznumberofcurrentchild=\count153
\tikz@fig@count=\count154

(/usr/local/texlive/2015/texmf-dist/tex/generic/pgf/modules/pgfmodulematrix.cod
e.tex
File: pgfmodulematrix.code.tex 2013/09/17  (rcs-revision 1.8)
\pgfmatrixcurrentrow=\count155
\pgfmatrixcurrentcolumn=\count156
\pgf@matrix@numberofcolumns=\count157
)
\tikz@expandcount=\count158

(/usr/local/texlive/2015/texmf-dist/tex/generic/pgf/frontendlayer/tikz/librarie
s/tikzlibrarytopaths.code.tex
File: tikzlibrarytopaths.code.tex 2008/06/17 v3.0.0 (rcs-revision 1.2)
)))
Package hyperref Info: Option `colorlinks' set `true' on input line 61.
\c@prop=\count159
\c@definition=\count160
\c@lemma=\count161
\c@corollary=\count162
\c@conjecture=\count163
 (./visuals_draft.aux

LaTeX Warning: Label `fig_loss' multiply defined.


LaTeX Warning: Label `IRF' multiply defined.


LaTeX Warning: Label `anchor_psi' multiply defined.


LaTeX Warning: Label `IRF_unanchored_psi' multiply defined.

)
\openout1 = `visuals_draft.aux'.

LaTeX Font Info:    Checking defaults for OML/cmm/m/it on input line 117.
LaTeX Font Info:    ... okay on input line 117.
LaTeX Font Info:    Checking defaults for T1/cmr/m/n on input line 117.
LaTeX Font Info:    ... okay on input line 117.
LaTeX Font Info:    Checking defaults for OT1/cmr/m/n on input line 117.
LaTeX Font Info:    ... okay on input line 117.
LaTeX Font Info:    Checking defaults for OMS/cmsy/m/n on input line 117.
LaTeX Font Info:    ... okay on input line 117.
LaTeX Font Info:    Checking defaults for OMX/cmex/m/n on input line 117.
LaTeX Font Info:    ... okay on input line 117.
LaTeX Font Info:    Checking defaults for U/cmr/m/n on input line 117.
LaTeX Font Info:    ... okay on input line 117.
LaTeX Font Info:    Checking defaults for PD1/pdf/m/n on input line 117.
LaTeX Font Info:    ... okay on input line 117.
 (/usr/local/texlive/2015/texmf-dist/tex/context/base/supp-pdf.mkii
[Loading MPS to PDF converter (version 2006.09.02).]
\scratchcounter=\count164
\scratchdimen=\dimen208
\scratchbox=\box70
\nofMPsegments=\count165
\nofMParguments=\count166
\everyMPshowfont=\toks45
\MPscratchCnt=\count167
\MPscratchDim=\dimen209
\MPnumerator=\count168
\makeMPintoPDFobject=\count169
\everyMPtoPDFconversion=\toks46
) (/usr/local/texlive/2015/texmf-dist/tex/latex/oberdiek/epstopdf-base.sty
Package: epstopdf-base 2010/02/09 v2.5 Base part for package epstopdf

(/usr/local/texlive/2015/texmf-dist/tex/latex/oberdiek/grfext.sty
Package: grfext 2010/08/19 v1.1 Manage graphics extensions (HO)
)
Package grfext Info: Graphics extension search list:
(grfext)             [.png,.pdf,.jpg,.mps,.jpeg,.jbig2,.jb2,.PNG,.PDF,.JPG,.JPE
G,.JBIG2,.JB2,.eps]
(grfext)             \AppendGraphicsExtensions on input line 452.

(/usr/local/texlive/2015/texmf-dist/tex/latex/latexconfig/epstopdf-sys.cfg
File: epstopdf-sys.cfg 2010/07/13 v1.3 Configuration of (r)epstopdf for TeX Liv
e
))
Package caption Info: Begin \AtBeginDocument code.
Package caption Info: floatrow package is loaded.
Package caption Info: float package is loaded.
Package caption Info: floatrow package is loaded.
Package caption Info: hyperref package is loaded.
Package caption Info: End \AtBeginDocument code.
\AtBeginShipoutBox=\box71

*geometry* driver: auto-detecting
*geometry* detected driver: pdftex
*geometry* verbose mode - [ preamble ] result:
* driver: pdftex
* paper: <default>
* layout: <same size as paper>
* layoutoffset:(h,v)=(0.0pt,0.0pt)
* modes: 
* h-part:(L,W,R)=(59.98422pt, 489.99052pt, 64.32025pt)
* v-part:(T,H,B)=(72.26999pt, 650.43001pt, 72.26999pt)
* \paperwidth=614.295pt
* \paperheight=794.96999pt
* \textwidth=489.99052pt
* \textheight=650.43001pt
* \oddsidemargin=-12.28577pt
* \evensidemargin=-12.28577pt
* \topmargin=-37.0pt
* \headheight=12.0pt
* \headsep=25.0pt
* \topskip=11.0pt
* \footskip=30.0pt
* \marginparwidth=59.0pt
* \marginparsep=10.0pt
* \columnsep=10.0pt
* \skip\footins=10.0pt plus 4.0pt minus 2.0pt
* \hoffset=0.0pt
* \voffset=0.0pt
* \mag=1000
* \@twocolumnfalse
* \@twosidefalse
* \@mparswitchfalse
* \@reversemarginfalse
* (1in=72.27pt=25.4mm, 1cm=28.453pt)

Package hyperref Info: Link coloring ON on input line 117.
(/usr/local/texlive/2015/texmf-dist/tex/latex/hyperref/nameref.sty
Package: nameref 2012/10/27 v2.43 Cross-referencing by name of section

(/usr/local/texlive/2015/texmf-dist/tex/generic/oberdiek/gettitlestring.sty
Package: gettitlestring 2010/12/03 v1.4 Cleanup title references (HO)
)
\c@section@level=\count170
)
LaTeX Info: Redefining \ref on input line 117.
LaTeX Info: Redefining \pageref on input line 117.
LaTeX Info: Redefining \nameref on input line 117.

(./visuals_draft.out) (./visuals_draft.out)
\@outlinefile=\write4
\openout4 = `visuals_draft.out'.


ABD: EveryShipout initializing macros
LaTeX Font Info:    Try loading font information for U+msa on input line 125.

(/usr/local/texlive/2015/texmf-dist/tex/latex/amsfonts/umsa.fd
File: umsa.fd 2013/01/14 v3.01 AMS symbols A
)
LaTeX Font Info:    Try loading font information for U+msb on input line 125.

(/usr/local/texlive/2015/texmf-dist/tex/latex/amsfonts/umsb.fd
File: umsb.fd 2013/01/14 v3.01 AMS symbols B
)
(./visuals_draft.lof)
\tf@lof=\write5
\openout5 = `visuals_draft.lof'.


<../../figures/epi10_2020_06_04.png, id=19, 1370.11874pt x 841.1425pt>
File: ../../figures/epi10_2020_06_04.png Graphic file (type png)

<use ../../figures/epi10_2020_06_04.png>
Package pdftex.def Info: ../../figures/epi10_2020_06_04.png used on input line 
133.
(pdftex.def)             Requested size: 301.42705pt x 185.05193pt.


LaTeX Warning: `!h' float specifier changed to `!ht'.

<../../figures/analyze_opt_policy_ik.png, id=20, 1417.295pt x 872.25874pt>
File: ../../figures/analyze_opt_policy_ik.png Graphic file (type png)

<use ../../figures/analyze_opt_policy_ik.png>
Package pdftex.def Info: ../../figures/analyze_opt_policy_ik.png used on input 
line 139.
(pdftex.def)             Requested size: 240.93697pt x 148.28201pt.

<../../figures/analyze_opt_policy_ip.png, id=21, 1386.17876pt x 841.1425pt>
File: ../../figures/analyze_opt_policy_ip.png Graphic file (type png)

<use ../../figures/analyze_opt_policy_ip.png>
Package pdftex.def Info: ../../figures/analyze_opt_policy_ip.png used on input 
line 140.
(pdftex.def)             Requested size: 235.64726pt x 142.99232pt.


LaTeX Warning: `!h' float specifier changed to `!ht'.

<../../figures/implement_anchTC_obs_TR.png, id=22, 1370.11874pt x 881.2925pt>
File: ../../figures/implement_anchTC_obs_TR.png Graphic file (type png)

<use ../../figures/implement_anchTC_obs_TR.png>
Package pdftex.def Info: ../../figures/implement_anchTC_obs_TR.png used on inpu
t line 146.
(pdftex.def)             Requested size: 328.83522pt x 211.51451pt.

<../../figures/implement_anchTC_obs.png, id=23, 1370.11874pt x 881.2925pt>
File: ../../figures/implement_anchTC_obs.png Graphic file (type png)

<use ../../figures/implement_anchTC_obs.png>
Package pdftex.def Info: ../../figures/implement_anchTC_obs.png used on input l
ine 148.
(pdftex.def)             Requested size: 328.83522pt x 211.51451pt.


LaTeX Warning: `!h' float specifier changed to `!ht'.

[1

{/usr/local/texlive/2015/texmf-var/fonts/map/pdftex/updmap/pdftex.map}]

Package Fancyhdr Warning: \headheight is too small (12.0pt): 
 Make it at least 13.59999pt.
 We now make it that large for the rest of the document.
 This may cause the page layout to be inconsistent, however.

[2 <../../figures/epi10_2020_06_04.png (PNG copy)> <../../figures/analyze_opt_p
olicy_ik.png (PNG copy)> <../../figures/analyze_opt_policy_ip.png (PNG copy)>]

Package Fancyhdr Warning: \headheight is too small (12.0pt): 
 Make it at least 13.59999pt.
 We now make it that large for the rest of the document.
 This may cause the page layout to be inconsistent, however.

[3 <../../figures/implement_anchTC_obs_TR.png (PNG copy)> <../../figures/implem
ent_anchTC_obs.png (PNG copy)>]
<../../figures/plot_sim_loss_loss_RE_params_psi_pi_1_5_psi_x_0_gbar_0_145_thetb
ar_4_thettilde_2_5_kap_0_8_lamx_0_lami_0_2020_02_09.png, id=65, 1060.96375pt x 
660.4675pt>
File: ../../figures/plot_sim_loss_loss_RE_params_psi_pi_1_5_psi_x_0_gbar_0_145_
thetbar_4_thettilde_2_5_kap_0_8_lamx_0_lami_0_2020_02_09.png Graphic file (type
 png)

<use ../../figures/plot_sim_loss_loss_RE_params_psi_pi_1_5_psi_x_0_gbar_0_145_t
hetbar_4_thettilde_2_5_kap_0_8_lamx_0_lami_0_2020_02_09.png>
Package pdftex.def Info: ../../figures/plot_sim_loss_loss_RE_params_psi_pi_1_5_
psi_x_0_gbar_0_145_thetbar_4_thettilde_2_5_kap_0_8_lamx_0_lami_0_2020_02_09.png
 used on input line 155.
(pdftex.def)             Requested size: 190.96523pt x 118.87901pt.

<../../figures/plot_sim_loss_loss_again_critCUSUM_constant_only_params_psi_pi_1
_5_psi_x_0_gbar_0_145_thetbar_4_thettilde_2_5_kap_0_8_lamx_0_lami_0_2020_02_09.
png, id=66, 1084.05pt x 660.4675pt>
File: ../../figures/plot_sim_loss_loss_again_critCUSUM_constant_only_params_psi
_pi_1_5_psi_x_0_gbar_0_145_thetbar_4_thettilde_2_5_kap_0_8_lamx_0_lami_0_2020_0
2_09.png Graphic file (type png)

<use ../../figures/plot_sim_loss_loss_again_critCUSUM_constant_only_params_psi_
pi_1_5_psi_x_0_gbar_0_145_thetbar_4_thettilde_2_5_kap_0_8_lamx_0_lami_0_2020_02
_09.png>
Package pdftex.def Info: ../../figures/plot_sim_loss_loss_again_critCUSUM_const
ant_only_params_psi_pi_1_5_psi_x_0_gbar_0_145_thetbar_4_thettilde_2_5_kap_0_8_l
amx_0_lami_0_2020_02_09.png used on input line 156.
(pdftex.def)             Requested size: 195.12057pt x 118.87901pt.

<../../figures/plot_sim_loss_pretty_loss_RE_again_critCUSUM_constant_only_param
s_psi_pi_1_5_psi_x_0_gbar_0_145_thetbar_16_thettilde_2_5_kap_0_8_lamx_0_lami_0_
2020_06_05.png, id=67, 1397.22pt x 841.1425pt>
File: ../../figures/plot_sim_loss_pretty_loss_RE_again_critCUSUM_constant_only_
params_psi_pi_1_5_psi_x_0_gbar_0_145_thetbar_16_thettilde_2_5_kap_0_8_lamx_0_la
mi_0_2020_06_05.png Graphic file (type png)

<use ../../figures/plot_sim_loss_pretty_loss_RE_again_critCUSUM_constant_only_p
arams_psi_pi_1_5_psi_x_0_gbar_0_145_thetbar_16_thettilde_2_5_kap_0_8_lamx_0_lam
i_0_2020_06_05.png>
Package pdftex.def Info: ../../figures/plot_sim_loss_pretty_loss_RE_again_critC
USUM_constant_only_params_psi_pi_1_5_psi_x_0_gbar_0_145_thetbar_16_thettilde_2_
5_kap_0_8_lamx_0_lami_0_2020_06_05.png used on input line 166.
(pdftex.def)             Requested size: 195.60947pt x 117.75914pt.

<../../figures/plot_sim_loss_pretty_loss_again_critCUSUM_constant_only_T_400_N_
100_burnin_0_params_psi_pi_1_5_psi_x_0_gbar_0_145_thetbar_16_thettilde_2_5_kap_
0_8_lamx_0_lami_0_date_2020_06_05.png, id=68, 1377.145pt x 872.25874pt>
File: ../../figures/plot_sim_loss_pretty_loss_again_critCUSUM_constant_only_T_4
00_N_100_burnin_0_params_psi_pi_1_5_psi_x_0_gbar_0_145_thetbar_16_thettilde_2_5
_kap_0_8_lamx_0_lami_0_date_2020_06_05.png Graphic file (type png)

<use ../../figures/plot_sim_loss_pretty_loss_again_critCUSUM_constant_only_T_40
0_N_100_burnin_0_params_psi_pi_1_5_psi_x_0_gbar_0_145_thetbar_16_thettilde_2_5_
kap_0_8_lamx_0_lami_0_date_2020_06_05.png>
Package pdftex.def Info: ../../figures/plot_sim_loss_pretty_loss_again_critCUSU
M_constant_only_T_400_N_100_burnin_0_params_psi_pi_1_5_psi_x_0_gbar_0_145_thetb
ar_16_thettilde_2_5_kap_0_8_lamx_0_lami_0_date_2020_06_05.png used on input lin
e 167.
(pdftex.def)             Requested size: 192.79898pt x 122.11539pt.


Package Fancyhdr Warning: \headheight is too small (12.0pt): 
 Make it at least 13.59999pt.
 We now make it that large for the rest of the document.
 This may cause the page layout to be inconsistent, however.

[4

 <../../figures/plot_sim_loss_loss_RE_params_psi_pi_1_5_psi_x_0_gbar_0_145_thet
bar_4_thettilde_2_5_kap_0_8_lamx_0_lami_0_2020_02_09.png (PNG copy)> <../../fig
ures/plot_sim_loss_loss_again_critCUSUM_constant_only_params_psi_pi_1_5_psi_x_0
_gbar_0_145_thetbar_4_thettilde_2_5_kap_0_8_lamx_0_lami_0_2020_02_09.png (PNG c
opy)> <../../figures/plot_sim_loss_pretty_loss_RE_again_critCUSUM_constant_only
_params_psi_pi_1_5_psi_x_0_gbar_0_145_thetbar_16_thettilde_2_5_kap_0_8_lamx_0_l
ami_0_2020_06_05.png (PNG copy)> <../../figures/plot_sim_loss_pretty_loss_again
_critCUSUM_constant_only_T_400_N_100_burnin_0_params_psi_pi_1_5_psi_x_0_gbar_0_
145_thetbar_16_thettilde_2_5_kap_0_8_lamx_0_lami_0_date_2020_06_05.png (PNG cop
y)>]
<../../figures/command_IRFs_anchoring_RIR_LH_anchmonpol_again_critCUSUM_constan
t_only_2020_02_10.png, id=79, 1407.2575pt x 769.87625pt>
File: ../../figures/command_IRFs_anchoring_RIR_LH_anchmonpol_again_critCUSUM_co
nstant_only_2020_02_10.png Graphic file (type png)

<use ../../figures/command_IRFs_anchoring_RIR_LH_anchmonpol_again_critCUSUM_con
stant_only_2020_02_10.png>
Package pdftex.def Info: ../../figures/command_IRFs_anchoring_RIR_LH_anchmonpol
_again_critCUSUM_constant_only_2020_02_10.png used on input line 181.
(pdftex.def)             Requested size: 253.29543pt x 138.57175pt.

<../../figures/command_IRFs_anchoring_RIR_LH_unanchmonpol_again_critCUSUM_const
ant_only_2020_02_10.png, id=80, 1407.2575pt x 769.87625pt>
File: ../../figures/command_IRFs_anchoring_RIR_LH_unanchmonpol_again_critCUSUM_
constant_only_2020_02_10.png Graphic file (type png)

<use ../../figures/command_IRFs_anchoring_RIR_LH_unanchmonpol_again_critCUSUM_c
onstant_only_2020_02_10.png>
Package pdftex.def Info: ../../figures/command_IRFs_anchoring_RIR_LH_unanchmonp
ol_again_critCUSUM_constant_only_2020_02_10.png used on input line 182.
(pdftex.def)             Requested size: 253.29543pt x 138.57175pt.

<../../figures/command_IFS_anchoring_pretty_RIR_LH_anch_monpol_again_critCUSUM_
constant_only_T_400_N_1000_burnin_5_params_psi_pi_1_5_psi_x_0_gbar_0_145_thetba
r_16_thettilde_2_5_kap_0_8_lamx_0_lami_0_date_2020_06_05.png, id=81, 1421.31pt 
x 824.07875pt>
File: ../../figures/command_IFS_anchoring_pretty_RIR_LH_anch_monpol_again_critC
USUM_constant_only_T_400_N_1000_burnin_5_params_psi_pi_1_5_psi_x_0_gbar_0_145_t
hetbar_16_thettilde_2_5_kap_0_8_lamx_0_lami_0_date_2020_06_05.png Graphic file 
(type png)

<use ../../figures/command_IFS_anchoring_pretty_RIR_LH_anch_monpol_again_critCU
SUM_constant_only_T_400_N_1000_burnin_5_params_psi_pi_1_5_psi_x_0_gbar_0_145_th
etbar_16_thettilde_2_5_kap_0_8_lamx_0_lami_0_date_2020_06_05.png>
Package pdftex.def Info: ../../figures/command_IFS_anchoring_pretty_RIR_LH_anch
_monpol_again_critCUSUM_constant_only_T_400_N_1000_burnin_5_params_psi_pi_1_5_p
si_x_0_gbar_0_145_thetbar_16_thettilde_2_5_kap_0_8_lamx_0_lami_0_date_2020_06_0
5.png used on input line 192.
(pdftex.def)             Requested size: 255.82477pt x 148.32777pt.

<../../figures/command_IFS_anchoring_pretty_RIR_LH_unanch_monpol_again_critCUSU
M_constant_only_T_400_N_1000_burnin_5_params_psi_pi_1_5_psi_x_0_gbar_0_145_thet
bar_16_thettilde_2_5_kap_0_8_lamx_0_lami_0_date_2020_06_05.png, id=82, 1421.31p
t x 824.07875pt>
File: ../../figures/command_IFS_anchoring_pretty_RIR_LH_unanch_monpol_again_cri
tCUSUM_constant_only_T_400_N_1000_burnin_5_params_psi_pi_1_5_psi_x_0_gbar_0_145
_thetbar_16_thettilde_2_5_kap_0_8_lamx_0_lami_0_date_2020_06_05.png Graphic fil
e (type png)

<use ../../figures/command_IFS_anchoring_pretty_RIR_LH_unanch_monpol_again_crit
CUSUM_constant_only_T_400_N_1000_burnin_5_params_psi_pi_1_5_psi_x_0_gbar_0_145_
thetbar_16_thettilde_2_5_kap_0_8_lamx_0_lami_0_date_2020_06_05.png>
Package pdftex.def Info: ../../figures/command_IFS_anchoring_pretty_RIR_LH_unan
ch_monpol_again_critCUSUM_constant_only_T_400_N_1000_burnin_5_params_psi_pi_1_5
_psi_x_0_gbar_0_145_thetbar_16_thettilde_2_5_kap_0_8_lamx_0_lami_0_date_2020_06
_05.png used on input line 193.
(pdftex.def)             Requested size: 255.82477pt x 148.32777pt.


LaTeX Warning: `!h' float specifier changed to `!ht'.


<../../figures/command_IRFs_anchoring_loss_again_critCUSUM_constant_only_params
_psi_pi_1_01_psi_x_0_gbar_0_145_thetbar_4_thettilde_2_5_kap_0_8_lamx_0_lami_0_2
020_02_09.png, id=83, 1117.17375pt x 604.2575pt>
File: ../../figures/command_IRFs_anchoring_loss_again_critCUSUM_constant_only_p
arams_psi_pi_1_01_psi_x_0_gbar_0_145_thetbar_4_thettilde_2_5_kap_0_8_lamx_0_lam
i_0_2020_02_09.png Graphic file (type png)

<use ../../figures/command_IRFs_anchoring_loss_again_critCUSUM_constant_only_pa
rams_psi_pi_1_01_psi_x_0_gbar_0_145_thetbar_4_thettilde_2_5_kap_0_8_lamx_0_lami
_0_2020_02_09.png>
Package pdftex.def Info: ../../figures/command_IRFs_anchoring_loss_again_critCU
SUM_constant_only_params_psi_pi_1_01_psi_x_0_gbar_0_145_thetbar_4_thettilde_2_5
_kap_0_8_lamx_0_lami_0_2020_02_09.png used on input line 204.
(pdftex.def)             Requested size: 201.0826pt x 108.76166pt.

<../../figures/command_IRFs_anchoring_loss_again_critCUSUM_constant_only_params
_psi_pi_1_5_psi_x_0_gbar_0_145_thetbar_4_thettilde_2_5_kap_0_8_lamx_0_lami_0_20
20_02_09.png, id=84, 1117.17375pt x 604.2575pt>
File: ../../figures/command_IRFs_anchoring_loss_again_critCUSUM_constant_only_p
arams_psi_pi_1_5_psi_x_0_gbar_0_145_thetbar_4_thettilde_2_5_kap_0_8_lamx_0_lami
_0_2020_02_09.png Graphic file (type png)

<use ../../figures/command_IRFs_anchoring_loss_again_critCUSUM_constant_only_pa
rams_psi_pi_1_5_psi_x_0_gbar_0_145_thetbar_4_thettilde_2_5_kap_0_8_lamx_0_lami_
0_2020_02_09.png>
Package pdftex.def Info: ../../figures/command_IRFs_anchoring_loss_again_critCU
SUM_constant_only_params_psi_pi_1_5_psi_x_0_gbar_0_145_thetbar_4_thettilde_2_5_
kap_0_8_lamx_0_lami_0_2020_02_09.png used on input line 205.
(pdftex.def)             Requested size: 201.0826pt x 108.76166pt.

<../../figures/command_IRFs_anchoring_loss_again_critCUSUM_constant_only_params
_psi_pi_2_psi_x_0_gbar_0_145_thetbar_4_thettilde_2_5_kap_0_8_lamx_0_lami_0_2020
_02_09.png, id=85, 1140.26pt x 604.2575pt>
File: ../../figures/command_IRFs_anchoring_loss_again_critCUSUM_constant_only_p
arams_psi_pi_2_psi_x_0_gbar_0_145_thetbar_4_thettilde_2_5_kap_0_8_lamx_0_lami_0
_2020_02_09.png Graphic file (type png)

<use ../../figures/command_IRFs_anchoring_loss_again_critCUSUM_constant_only_pa
rams_psi_pi_2_psi_x_0_gbar_0_145_thetbar_4_thettilde_2_5_kap_0_8_lamx_0_lami_0_
2020_02_09.png>
Package pdftex.def Info: ../../figures/command_IRFs_anchoring_loss_again_critCU
SUM_constant_only_params_psi_pi_2_psi_x_0_gbar_0_145_thetbar_4_thettilde_2_5_ka
p_0_8_lamx_0_lami_0_2020_02_09.png used on input line 206.
(pdftex.def)             Requested size: 205.23795pt x 108.76166pt.


LaTeX Warning: `!h' float specifier changed to `!ht'.


<../../figures/command_IFS_anchoring_pretty_invgain_again_critCUSUM_constant_on
ly_params_psi_pi_1_01_psi_x_0_gbar_0_145_thetbar_16_thettilde_2_5_kap_0_8_lamx_
0_lami_0_2020_06_05.png, id=86, 1418.29875pt x 841.1425pt>
File: ../../figures/command_IFS_anchoring_pretty_invgain_again_critCUSUM_consta
nt_only_params_psi_pi_1_01_psi_x_0_gbar_0_145_thetbar_16_thettilde_2_5_kap_0_8_
lamx_0_lami_0_2020_06_05.png Graphic file (type png)

<use ../../figures/command_IFS_anchoring_pretty_invgain_again_critCUSUM_constan
t_only_params_psi_pi_1_01_psi_x_0_gbar_0_145_thetbar_16_thettilde_2_5_kap_0_8_l
amx_0_lami_0_2020_06_05.png>
Package pdftex.def Info: ../../figures/command_IFS_anchoring_pretty_invgain_aga
in_critCUSUM_constant_only_params_psi_pi_1_01_psi_x_0_gbar_0_145_thetbar_16_the
ttilde_2_5_kap_0_8_lamx_0_lami_0_2020_06_05.png used on input line 216.
(pdftex.def)             Requested size: 255.28276pt x 151.39911pt.

<../../figures/command_IFS_anchoring_pretty_invgain_again_critCUSUM_constant_on
ly_params_psi_pi_1_5_psi_x_0_gbar_0_145_thetbar_16_thettilde_2_5_kap_0_8_lamx_0
_lami_0_2020_06_05.png, id=87, 1418.29875pt x 841.1425pt>
File: ../../figures/command_IFS_anchoring_pretty_invgain_again_critCUSUM_consta
nt_only_params_psi_pi_1_5_psi_x_0_gbar_0_145_thetbar_16_thettilde_2_5_kap_0_8_l
amx_0_lami_0_2020_06_05.png Graphic file (type png)

<use ../../figures/command_IFS_anchoring_pretty_invgain_again_critCUSUM_constan
t_only_params_psi_pi_1_5_psi_x_0_gbar_0_145_thetbar_16_thettilde_2_5_kap_0_8_la
mx_0_lami_0_2020_06_05.png>
Package pdftex.def Info: ../../figures/command_IFS_anchoring_pretty_invgain_aga
in_critCUSUM_constant_only_params_psi_pi_1_5_psi_x_0_gbar_0_145_thetbar_16_thet
tilde_2_5_kap_0_8_lamx_0_lami_0_2020_06_05.png used on input line 217.
(pdftex.def)             Requested size: 255.28276pt x 151.39911pt.

<../../figures/command_IFS_anchoring_pretty_invgain_again_critCUSUM_constant_on
ly_params_psi_pi_2_psi_x_0_gbar_0_145_thetbar_16_thettilde_2_5_kap_0_8_lamx_0_l
ami_0_2020_06_05.png, id=88, 1418.29875pt x 841.1425pt>
File: ../../figures/command_IFS_anchoring_pretty_invgain_again_critCUSUM_consta
nt_only_params_psi_pi_2_psi_x_0_gbar_0_145_thetbar_16_thettilde_2_5_kap_0_8_lam
x_0_lami_0_2020_06_05.png Graphic file (type png)

<use ../../figures/command_IFS_anchoring_pretty_invgain_again_critCUSUM_constan
t_only_params_psi_pi_2_psi_x_0_gbar_0_145_thetbar_16_thettilde_2_5_kap_0_8_lamx
_0_lami_0_2020_06_05.png>
Package pdftex.def Info: ../../figures/command_IFS_anchoring_pretty_invgain_aga
in_critCUSUM_constant_only_params_psi_pi_2_psi_x_0_gbar_0_145_thetbar_16_thetti
lde_2_5_kap_0_8_lamx_0_lami_0_2020_06_05.png used on input line 218.
(pdftex.def)             Requested size: 255.28276pt x 151.39911pt.


LaTeX Warning: `!h' float specifier changed to `!ht'.


<../../figures/command_IRFs_anchoring_RIR_LH_unanch_monpol_again_critCUSUM_cons
tant_only_psi_pi_1_01_2020_02_10.png, id=89, 1407.2575pt x 769.87625pt>
File: ../../figures/command_IRFs_anchoring_RIR_LH_unanch_monpol_again_critCUSUM
_constant_only_psi_pi_1_01_2020_02_10.png Graphic file (type png)

<use ../../figures/command_IRFs_anchoring_RIR_LH_unanch_monpol_again_critCUSUM_
constant_only_psi_pi_1_01_2020_02_10.png>
Package pdftex.def Info: ../../figures/command_IRFs_anchoring_RIR_LH_unanch_mon
pol_again_critCUSUM_constant_only_psi_pi_1_01_2020_02_10.png used on input line
 229.
(pdftex.def)             Requested size: 253.29543pt x 138.57175pt.

<../../figures/command_IRFs_anchoring_RIR_LH_unanch_monpol_again_critCUSUM_cons
tant_only_psi_pi_1_5_2020_02_10.png, id=90, 1407.2575pt x 769.87625pt>
File: ../../figures/command_IRFs_anchoring_RIR_LH_unanch_monpol_again_critCUSUM
_constant_only_psi_pi_1_5_2020_02_10.png Graphic file (type png)

<use ../../figures/command_IRFs_anchoring_RIR_LH_unanch_monpol_again_critCUSUM_
constant_only_psi_pi_1_5_2020_02_10.png>
Package pdftex.def Info: ../../figures/command_IRFs_anchoring_RIR_LH_unanch_mon
pol_again_critCUSUM_constant_only_psi_pi_1_5_2020_02_10.png used on input line 
230.
(pdftex.def)             Requested size: 253.29543pt x 138.57175pt.

<../../figures/command_IRFs_anchoring_RIR_LH_unanch_monpol_again_critCUSUM_cons
tant_only_psi_pi_2_2020_02_10.png, id=91, 1407.2575pt x 769.87625pt>
File: ../../figures/command_IRFs_anchoring_RIR_LH_unanch_monpol_again_critCUSUM
_constant_only_psi_pi_2_2020_02_10.png Graphic file (type png)

<use ../../figures/command_IRFs_anchoring_RIR_LH_unanch_monpol_again_critCUSUM_
constant_only_psi_pi_2_2020_02_10.png>
Package pdftex.def Info: ../../figures/command_IRFs_anchoring_RIR_LH_unanch_mon
pol_again_critCUSUM_constant_only_psi_pi_2_2020_02_10.png used on input line 23
1.
(pdftex.def)             Requested size: 253.29543pt x 138.57175pt.


LaTeX Warning: `!h' float specifier changed to `!ht'.


<../../figures/command_IFS_anchoring_pretty_RIR_LH_unanch_monpol_again_critCUSU
M_constant_only_T_400_N_1000_burnin_5_params_psi_pi_1_01_psi_x_0_gbar_0_145_the
tbar_16_thettilde_2_5_kap_0_8_lamx_0_lami_0_date_2020_06_05.png, id=92, 1421.31
pt x 824.07875pt>
File: ../../figures/command_IFS_anchoring_pretty_RIR_LH_unanch_monpol_again_cri
tCUSUM_constant_only_T_400_N_1000_burnin_5_params_psi_pi_1_01_psi_x_0_gbar_0_14
5_thetbar_16_thettilde_2_5_kap_0_8_lamx_0_lami_0_date_2020_06_05.png Graphic fi
le (type png)

<use ../../figures/command_IFS_anchoring_pretty_RIR_LH_unanch_monpol_again_crit
CUSUM_constant_only_T_400_N_1000_burnin_5_params_psi_pi_1_01_psi_x_0_gbar_0_145
_thetbar_16_thettilde_2_5_kap_0_8_lamx_0_lami_0_date_2020_06_05.png>
Package pdftex.def Info: ../../figures/command_IFS_anchoring_pretty_RIR_LH_unan
ch_monpol_again_critCUSUM_constant_only_T_400_N_1000_burnin_5_params_psi_pi_1_0
1_psi_x_0_gbar_0_145_thetbar_16_thettilde_2_5_kap_0_8_lamx_0_lami_0_date_2020_0
6_05.png used on input line 242.
(pdftex.def)             Requested size: 255.82477pt x 148.32777pt.
File: ../../figures/command_IFS_anchoring_pretty_RIR_LH_unanch_monpol_again_cri
tCUSUM_constant_only_T_400_N_1000_burnin_5_params_psi_pi_1_5_psi_x_0_gbar_0_145
_thetbar_16_thettilde_2_5_kap_0_8_lamx_0_lami_0_date_2020_06_05.png Graphic fil
e (type png)

<use ../../figures/command_IFS_anchoring_pretty_RIR_LH_unanch_monpol_again_crit
CUSUM_constant_only_T_400_N_1000_burnin_5_params_psi_pi_1_5_psi_x_0_gbar_0_145_
thetbar_16_thettilde_2_5_kap_0_8_lamx_0_lami_0_date_2020_06_05.png>
Package pdftex.def Info: ../../figures/command_IFS_anchoring_pretty_RIR_LH_unan
ch_monpol_again_critCUSUM_constant_only_T_400_N_1000_burnin_5_params_psi_pi_1_5
_psi_x_0_gbar_0_145_thetbar_16_thettilde_2_5_kap_0_8_lamx_0_lami_0_date_2020_06
_05.png used on input line 243.
(pdftex.def)             Requested size: 255.82477pt x 148.32777pt.

<../../figures/command_IFS_anchoring_pretty_RIR_LH_unanch_monpol_again_critCUSU
M_constant_only_T_400_N_1000_burnin_5_params_psi_pi_2_psi_x_0_gbar_0_145_thetba
r_16_thettilde_2_5_kap_0_8_lamx_0_lami_0_date_2020_06_05.png, id=93, 1421.31pt 
x 824.07875pt>
File: ../../figures/command_IFS_anchoring_pretty_RIR_LH_unanch_monpol_again_cri
tCUSUM_constant_only_T_400_N_1000_burnin_5_params_psi_pi_2_psi_x_0_gbar_0_145_t
hetbar_16_thettilde_2_5_kap_0_8_lamx_0_lami_0_date_2020_06_05.png Graphic file 
(type png)

<use ../../figures/command_IFS_anchoring_pretty_RIR_LH_unanch_monpol_again_crit
CUSUM_constant_only_T_400_N_1000_burnin_5_params_psi_pi_2_psi_x_0_gbar_0_145_th
etbar_16_thettilde_2_5_kap_0_8_lamx_0_lami_0_date_2020_06_05.png>
Package pdftex.def Info: ../../figures/command_IFS_anchoring_pretty_RIR_LH_unan
ch_monpol_again_critCUSUM_constant_only_T_400_N_1000_burnin_5_params_psi_pi_2_p
si_x_0_gbar_0_145_thetbar_16_thettilde_2_5_kap_0_8_lamx_0_lami_0_date_2020_06_0
5.png used on input line 244.
(pdftex.def)             Requested size: 255.82477pt x 148.32777pt.


LaTeX Warning: `!h' float specifier changed to `!ht'.


<../../figures/compare_value_pea_results_value_outputs_server_inputs_pretty.png
, id=94, 1401.235pt x 812.03375pt>
File: ../../figures/compare_value_pea_results_value_outputs_server_inputs_prett
y.png Graphic file (type png)

<use ../../figures/compare_value_pea_results_value_outputs_server_inputs_pretty
.png>
Package pdftex.def Info: ../../figures/compare_value_pea_results_value_outputs_
server_inputs_pretty.png used on input line 255.
(pdftex.def)             Requested size: 238.2068pt x 138.0439pt.

<../../figures/compare_value_pea_results_value_outputs_server02_Jun_2020_14_58_
12_pea_outputs_30_May_2020_10_18_28_pretty.png, id=95, 1401.235pt x 812.03375pt
>
File: ../../figures/compare_value_pea_results_value_outputs_server02_Jun_2020_1
4_58_12_pea_outputs_30_May_2020_10_18_28_pretty.png Graphic file (type png)

<use ../../figures/compare_value_pea_results_value_outputs_server02_Jun_2020_14
_58_12_pea_outputs_30_May_2020_10_18_28_pretty.png>
Package pdftex.def Info: ../../figures/compare_value_pea_results_value_outputs_
server02_Jun_2020_14_58_12_pea_outputs_30_May_2020_10_18_28_pretty.png used on 
input line 256.
(pdftex.def)             Requested size: 238.2068pt x 138.0439pt.


LaTeX Warning: `!h' float specifier changed to `!ht'.


Package Fancyhdr Warning: \headheight is too small (12.0pt): 
 Make it at least 13.59999pt.
 We now make it that large for the rest of the document.
 This may cause the page layout to be inconsistent, however.

[5

 <../../figures/command_IRFs_anchoring_RIR_LH_anchmonpol_again_critCUSUM_consta
nt_only_2020_02_10.png (PNG copy)> <../../figures/command_IRFs_anchoring_RIR_LH
_unanchmonpol_again_critCUSUM_constant_only_2020_02_10.png (PNG copy)>]
Package atveryend Info: Empty hook `BeforeClearDocument' on input line 262.


Package Fancyhdr Warning: \headheight is too small (12.0pt): 
 Make it at least 13.59999pt.
 We now make it that large for the rest of the document.
 This may cause the page layout to be inconsistent, however.

[6 <../../figures/command_IFS_anchoring_pretty_RIR_LH_anch_monpol_again_critCUS
UM_constant_only_T_400_N_1000_burnin_5_params_psi_pi_1_5_psi_x_0_gbar_0_145_the
tbar_16_thettilde_2_5_kap_0_8_lamx_0_lami_0_date_2020_06_05.png (PNG copy)> <..
/../figures/command_IFS_anchoring_pretty_RIR_LH_unanch_monpol_again_critCUSUM_c
onstant_only_T_400_N_1000_burnin_5_params_psi_pi_1_5_psi_x_0_gbar_0_145_thetbar
_16_thettilde_2_5_kap_0_8_lamx_0_lami_0_date_2020_06_05.png (PNG copy)>]

Package Fancyhdr Warning: \headheight is too small (12.0pt): 
 Make it at least 13.59999pt.
 We now make it that large for the rest of the document.
 This may cause the page layout to be inconsistent, however.

[7 <../../figures/command_IRFs_anchoring_loss_again_critCUSUM_constant_only_par
ams_psi_pi_1_01_psi_x_0_gbar_0_145_thetbar_4_thettilde_2_5_kap_0_8_lamx_0_lami_
0_2020_02_09.png (PNG copy)> <../../figures/command_IRFs_anchoring_loss_again_c
ritCUSUM_constant_only_params_psi_pi_1_5_psi_x_0_gbar_0_145_thetbar_4_thettilde
_2_5_kap_0_8_lamx_0_lami_0_2020_02_09.png (PNG copy)> <../../figures/command_IR
Fs_anchoring_loss_again_critCUSUM_constant_only_params_psi_pi_2_psi_x_0_gbar_0_
145_thetbar_4_thettilde_2_5_kap_0_8_lamx_0_lami_0_2020_02_09.png (PNG copy)>]

Package Fancyhdr Warning: \headheight is too small (12.0pt): 
 Make it at least 13.59999pt.
 We now make it that large for the rest of the document.
 This may cause the page layout to be inconsistent, however.

[8 <../../figures/command_IFS_anchoring_pretty_invgain_again_critCUSUM_constant
_only_params_psi_pi_1_01_psi_x_0_gbar_0_145_thetbar_16_thettilde_2_5_kap_0_8_la
mx_0_lami_0_2020_06_05.png (PNG copy)> <../../figures/command_IFS_anchoring_pre
tty_invgain_again_critCUSUM_constant_only_params_psi_pi_1_5_psi_x_0_gbar_0_145_
thetbar_16_thettilde_2_5_kap_0_8_lamx_0_lami_0_2020_06_05.png (PNG copy)> <../.
./figures/command_IFS_anchoring_pretty_invgain_again_critCUSUM_constant_only_pa
rams_psi_pi_2_psi_x_0_gbar_0_145_thetbar_16_thettilde_2_5_kap_0_8_lamx_0_lami_0
_2020_06_05.png (PNG copy)>]

Package Fancyhdr Warning: \headheight is too small (12.0pt): 
 Make it at least 13.59999pt.
 We now make it that large for the rest of the document.
 This may cause the page layout to be inconsistent, however.

[9 <../../figures/command_IRFs_anchoring_RIR_LH_unanch_monpol_again_critCUSUM_c
onstant_only_psi_pi_1_01_2020_02_10.png (PNG copy)> <../../figures/command_IRFs
_anchoring_RIR_LH_unanch_monpol_again_critCUSUM_constant_only_psi_pi_1_5_2020_0
2_10.png (PNG copy)> <../../figures/command_IRFs_anchoring_RIR_LH_unanch_monpol
_again_critCUSUM_constant_only_psi_pi_2_2020_02_10.png (PNG copy)>]

Package Fancyhdr Warning: \headheight is too small (12.0pt): 
 Make it at least 13.59999pt.
 We now make it that large for the rest of the document.
 This may cause the page layout to be inconsistent, however.

[10 <../../figures/command_IFS_anchoring_pretty_RIR_LH_unanch_monpol_again_crit
CUSUM_constant_only_T_400_N_1000_burnin_5_params_psi_pi_1_01_psi_x_0_gbar_0_145
_thetbar_16_thettilde_2_5_kap_0_8_lamx_0_lami_0_date_2020_06_05.png (PNG copy)>
 <../../figures/command_IFS_anchoring_pretty_RIR_LH_unanch_monpol_again_critCUS
UM_constant_only_T_400_N_1000_burnin_5_params_psi_pi_2_psi_x_0_gbar_0_145_thetb
ar_16_thettilde_2_5_kap_0_8_lamx_0_lami_0_date_2020_06_05.png (PNG copy)>]

Package Fancyhdr Warning: \headheight is too small (12.0pt): 
 Make it at least 13.59999pt.
 We now make it that large for the rest of the document.
 This may cause the page layout to be inconsistent, however.

[11 <../../figures/compare_value_pea_results_value_outputs_server_inputs_pretty
.png (PNG copy)> <../../figures/compare_value_pea_results_value_outputs_server0
2_Jun_2020_14_58_12_pea_outputs_30_May_2020_10_18_28_pretty.png (PNG copy)>]
Package atveryend Info: Empty hook `AfterLastShipout' on input line 262.

(./visuals_draft.aux)
Package atveryend Info: Executing hook `AtVeryEndDocument' on input line 262.
Package atveryend Info: Executing hook `AtEndAfterFileList' on input line 262.
Package rerunfilecheck Info: File `visuals_draft.out' has not changed.
(rerunfilecheck)             Checksum: D41D8CD98F00B204E9800998ECF8427E;0.


LaTeX Warning: There were multiply-defined labels.

Package atveryend Info: Empty hook `AtVeryVeryEnd' on input line 262.
 ) 
Here is how much of TeX's memory you used:
 20126 strings out of 493089
 379774 string characters out of 6134842
 453694 words of memory out of 5000000
 23161 multiletter control sequences out of 15000+600000
 13235 words of font info for 51 fonts, out of 8000000 for 9000
 1141 hyphenation exceptions out of 8191
 55i,11n,54p,564b,439s stack positions out of 5000i,500n,10000p,200000b,80000s
</usr/local/texlive/2015/texmf-dist/fonts/type1/public/amsfonts/cm/cmbx12.pfb
></usr/local/texlive/2015/texmf-dist/fonts/type1/public/amsfonts/cm/cmbx9.pfb><
/usr/local/texlive/2015/texmf-dist/fonts/type1/public/amsfonts/cm/cmmi10.pfb></
usr/local/texlive/2015/texmf-dist/fonts/type1/public/amsfonts/cm/cmmi6.pfb></us
r/local/texlive/2015/texmf-dist/fonts/type1/public/amsfonts/cm/cmmi8.pfb></usr/
local/texlive/2015/texmf-dist/fonts/type1/public/amsfonts/cm/cmmi9.pfb></usr/lo
cal/texlive/2015/texmf-dist/fonts/type1/public/amsfonts/cm/cmr10.pfb></usr/loca
l/texlive/2015/texmf-dist/fonts/type1/public/amsfonts/cm/cmr12.pfb></usr/local/
texlive/2015/texmf-dist/fonts/type1/public/amsfonts/cm/cmr17.pfb></usr/local/te
xlive/2015/texmf-dist/fonts/type1/public/amsfonts/cm/cmr6.pfb></usr/local/texli
ve/2015/texmf-dist/fonts/type1/public/amsfonts/cm/cmr9.pfb></usr/local/texlive/
2015/texmf-dist/fonts/type1/public/amsfonts/cm/cmsy6.pfb></usr/local/texlive/20
15/texmf-dist/fonts/type1/public/amsfonts/cm/cmsy8.pfb>
Output written on visuals_draft.pdf (11 pages, 1695521 bytes).
PDF statistics:
 199 PDF objects out of 1000 (max. 8388607)
 145 compressed objects within 2 object streams
 51 named destinations out of 1000 (max. 500000)
 143 words of extra memory for PDF output out of 10000 (max. 10000000)

