\BOOKMARK [1][-]{section.1}{Introduction}{}% 1
\BOOKMARK [1][-]{section.2}{The model}{}% 2
\BOOKMARK [2][-]{subsection.2.1}{Households}{section.2}% 3
\BOOKMARK [2][-]{subsection.2.2}{Firms}{section.2}% 4
\BOOKMARK [2][-]{subsection.2.3}{Aggregate laws of motion}{section.2}% 5
\BOOKMARK [1][-]{section.3}{Learning with an anchoring mechanism}{}% 6
\BOOKMARK [2][-]{subsection.3.1}{Perceived law of motion}{section.3}% 7
\BOOKMARK [2][-]{subsection.3.2}{Endogenous gain as anchoring mechanism}{section.3}% 8
\BOOKMARK [2][-]{subsection.3.3}{Actual law of motion}{section.3}% 9
\BOOKMARK [2][-]{subsection.3.4}{Simplifying assumptions}{section.3}% 10
\BOOKMARK [1][-]{section.4}{Quantification of learning channel}{}% 11
\BOOKMARK [2][-]{subsection.4.1}{Calibration}{section.4}% 12
\BOOKMARK [2][-]{subsection.4.2}{Estimation}{section.4}% 13
\BOOKMARK [1][-]{section.5}{Monetary policy and anchoring}{}% 14
\BOOKMARK [2][-]{subsection.5.1}{The Ramsey policy under anchoring}{section.5}% 15
\BOOKMARK [2][-]{subsection.5.2}{Implementing the Ramsey policy: the optimal interest rate sequence}{section.5}% 16
\BOOKMARK [2][-]{subsection.5.3}{Optimal Taylor rule under anchoring}{section.5}% 17
\BOOKMARK [1][-]{section.6}{Conclusion}{}% 18
\BOOKMARK [1][-]{appendix.A}{Robustness of rolling regression results}{}% 19
\BOOKMARK [1][-]{appendix.B}{Alternative measures of long-run inflation expectations}{}% 20
\BOOKMARK [1][-]{appendix.C}{Filtering out liquidity risk from TIPS}{}% 21
\BOOKMARK [1][-]{appendix.D}{Compact model notation}{}% 22
\BOOKMARK [1][-]{appendix.E}{The observation matrix for learning}{}% 23
\BOOKMARK [1][-]{appendix.F}{Alternative specifications for the anchoring function}{}% 24
\BOOKMARK [1][-]{appendix.G}{Estimation procedure}{}% 25
\BOOKMARK [1][-]{appendix.H}{The policy problem in the simplified baseline model }{}% 26
\BOOKMARK [1][-]{appendix.I}{Relaxing Assumption 2}{}% 27
\BOOKMARK [1][-]{appendix.J}{Parameterized expectations algorithm \(PEA\)}{}% 28
\BOOKMARK [1][-]{appendix.K}{Parametric value function iteration}{}% 29
\BOOKMARK [1][-]{appendix.L}{Oscillatory dynamics in adaptive learning models}{}% 30
