\BOOKMARK [1][-]{section.1}{Model summary with interest rate smoothing it-1}{}% 1
\BOOKMARK [1][-]{section.2}{Compact notation - with lagged interest rate term in TR}{}% 2
\BOOKMARK [1][-]{section.3}{Recap of timing}{}% 3
\BOOKMARK [1][-]{section.4}{Current set of baseline parameters}{}% 4
\BOOKMARK [1][-]{section.5}{IRFs: RE only}{}% 5
\BOOKMARK [2][-]{subsection.5.1}{RE: all shocks at a glance}{section.5}% 6
\BOOKMARK [2][-]{subsection.5.2}{RE: monetary policy shock for various i }{section.5}% 7
\BOOKMARK [2][-]{subsection.5.3}{RE: monetary policy shock for various \040\(keep i = 0.7\)}{section.5}% 8
\BOOKMARK [2][-]{subsection.5.4}{RE: monetary policy shock for various \040\(keep i = 0.7\)}{section.5}% 9
\BOOKMARK [1][-]{section.6}{Further analysis plots - what are expectations doing? }{}% 10
\BOOKMARK [1][-]{section.7}{GE effects of long-horizon expectations }{}% 11
\BOOKMARK [1][-]{section.8}{Decreasing \040}{}% 12
\BOOKMARK [1][-]{section.9}{A note on shocks and anchoring }{}% 13
\BOOKMARK [1][-]{section.10}{IRFs for learning, i = 0.6, =0.5}{}% 14
\BOOKMARK [2][-]{subsection.10.1}{Natural rate shock, varying }{section.10}% 15
\BOOKMARK [2][-]{subsection.10.2}{Natural rate shock, varying }{section.10}% 16
\BOOKMARK [2][-]{subsection.10.3}{Monetary policy shock, varying }{section.10}% 17
\BOOKMARK [2][-]{subsection.10.4}{Monetary policy shock, varying }{section.10}% 18
\BOOKMARK [2][-]{subsection.10.5}{Cost-push shock, varying }{section.10}% 19
\BOOKMARK [2][-]{subsection.10.6}{Cost-push shock, varying }{section.10}% 20
