This is pdfTeX, Version 3.14159265-2.6-1.40.16 (TeX Live 2015) (preloaded format=pdflatex 2015.5.24)  23 OCT 2019 13:08
entering extended mode
 restricted \write18 enabled.
 file:line:error style messages enabled.
 %&-line parsing enabled.
**materials6.tex
(./materials6.tex
LaTeX2e <2015/01/01>
Babel <3.9l> and hyphenation patterns for 79 languages loaded.
(/usr/local/texlive/2015/texmf-dist/tex/latex/base/article.cls
Document Class: article 2014/09/29 v1.4h Standard LaTeX document class
(/usr/local/texlive/2015/texmf-dist/tex/latex/base/size11.clo
File: size11.clo 2014/09/29 v1.4h Standard LaTeX file (size option)
)
\c@part=\count79
\c@section=\count80
\c@subsection=\count81
\c@subsubsection=\count82
\c@paragraph=\count83
\c@subparagraph=\count84
\c@figure=\count85
\c@table=\count86
\abovecaptionskip=\skip41
\belowcaptionskip=\skip42
\bibindent=\dimen102
)
(/usr/local/texlive/2015/texmf-dist/tex/latex/amsmath/amsmath.sty
Package: amsmath 2013/01/14 v2.14 AMS math features
\@mathmargin=\skip43

For additional information on amsmath, use the `?' option.
(/usr/local/texlive/2015/texmf-dist/tex/latex/amsmath/amstext.sty
Package: amstext 2000/06/29 v2.01

(/usr/local/texlive/2015/texmf-dist/tex/latex/amsmath/amsgen.sty
File: amsgen.sty 1999/11/30 v2.0
\@emptytoks=\toks14
\ex@=\dimen103
))
(/usr/local/texlive/2015/texmf-dist/tex/latex/amsmath/amsbsy.sty
Package: amsbsy 1999/11/29 v1.2d
\pmbraise@=\dimen104
)
(/usr/local/texlive/2015/texmf-dist/tex/latex/amsmath/amsopn.sty
Package: amsopn 1999/12/14 v2.01 operator names
)
\inf@bad=\count87
LaTeX Info: Redefining \frac on input line 210.
\uproot@=\count88
\leftroot@=\count89
LaTeX Info: Redefining \overline on input line 306.
\classnum@=\count90
\DOTSCASE@=\count91
LaTeX Info: Redefining \ldots on input line 378.
LaTeX Info: Redefining \dots on input line 381.
LaTeX Info: Redefining \cdots on input line 466.
\Mathstrutbox@=\box26
\strutbox@=\box27
\big@size=\dimen105
LaTeX Font Info:    Redeclaring font encoding OML on input line 566.
LaTeX Font Info:    Redeclaring font encoding OMS on input line 567.
\macc@depth=\count92
\c@MaxMatrixCols=\count93
\dotsspace@=\muskip10
\c@parentequation=\count94
\dspbrk@lvl=\count95
\tag@help=\toks15
\row@=\count96
\column@=\count97
\maxfields@=\count98
\andhelp@=\toks16
\eqnshift@=\dimen106
\alignsep@=\dimen107
\tagshift@=\dimen108
\tagwidth@=\dimen109
\totwidth@=\dimen110
\lineht@=\dimen111
\@envbody=\toks17
\multlinegap=\skip44
\multlinetaggap=\skip45
\mathdisplay@stack=\toks18
LaTeX Info: Redefining \[ on input line 2665.
LaTeX Info: Redefining \] on input line 2666.
)
(/usr/local/texlive/2015/texmf-dist/tex/latex/amscls/amsthm.sty
Package: amsthm 2015/03/04 v2.20.2
\thm@style=\toks19
\thm@bodyfont=\toks20
\thm@headfont=\toks21
\thm@notefont=\toks22
\thm@headpunct=\toks23
\thm@preskip=\skip46
\thm@postskip=\skip47
\thm@headsep=\skip48
\dth@everypar=\toks24
)
(/usr/local/texlive/2015/texmf-dist/tex/latex/amsfonts/amssymb.sty
Package: amssymb 2013/01/14 v3.01 AMS font symbols

(/usr/local/texlive/2015/texmf-dist/tex/latex/amsfonts/amsfonts.sty
Package: amsfonts 2013/01/14 v3.01 Basic AMSFonts support
\symAMSa=\mathgroup4
\symAMSb=\mathgroup5
LaTeX Font Info:    Overwriting math alphabet `\mathfrak' in version `bold'
(Font)                  U/euf/m/n --> U/euf/b/n on input line 106.
))
(/usr/local/texlive/2015/texmf-dist/tex/latex/graphics/lscape.sty
Package: lscape 2000/10/22 v3.01 Landscape Pages (DPC)

(/usr/local/texlive/2015/texmf-dist/tex/latex/graphics/graphics.sty
Package: graphics 2014/10/28 v1.0p Standard LaTeX Graphics (DPC,SPQR)

(/usr/local/texlive/2015/texmf-dist/tex/latex/graphics/trig.sty
Package: trig 1999/03/16 v1.09 sin cos tan (DPC)
)
(/usr/local/texlive/2015/texmf-dist/tex/latex/latexconfig/graphics.cfg
File: graphics.cfg 2010/04/23 v1.9 graphics configuration of TeX Live
)
Package graphics Info: Driver file: pdftex.def on input line 94.

(/usr/local/texlive/2015/texmf-dist/tex/latex/pdftex-def/pdftex.def
File: pdftex.def 2011/05/27 v0.06d Graphics/color for pdfTeX

(/usr/local/texlive/2015/texmf-dist/tex/generic/oberdiek/infwarerr.sty
Package: infwarerr 2010/04/08 v1.3 Providing info/warning/error messages (HO)
)
(/usr/local/texlive/2015/texmf-dist/tex/generic/oberdiek/ltxcmds.sty
Package: ltxcmds 2011/11/09 v1.22 LaTeX kernel commands for general use (HO)
)
\Gread@gobject=\count99
)))
(/usr/local/texlive/2015/texmf-dist/tex/latex/natbib/natbib.sty
Package: natbib 2010/09/13 8.31b (PWD, AO)
\bibhang=\skip49
\bibsep=\skip50
LaTeX Info: Redefining \cite on input line 694.
\c@NAT@ctr=\count100
)
(/usr/local/texlive/2015/texmf-dist/tex/latex/mathtools/mathtools.sty
Package: mathtools 2015/05/11 v1.16 mathematical typesetting tools

(/usr/local/texlive/2015/texmf-dist/tex/latex/graphics/keyval.sty
Package: keyval 2014/10/28 v1.15 key=value parser (DPC)
\KV@toks@=\toks25
)
(/usr/local/texlive/2015/texmf-dist/tex/latex/tools/calc.sty
Package: calc 2014/10/28 v4.3 Infix arithmetic (KKT,FJ)
\calc@Acount=\count101
\calc@Bcount=\count102
\calc@Adimen=\dimen112
\calc@Bdimen=\dimen113
\calc@Askip=\skip51
\calc@Bskip=\skip52
LaTeX Info: Redefining \setlength on input line 80.
LaTeX Info: Redefining \addtolength on input line 81.
\calc@Ccount=\count103
\calc@Cskip=\skip53
)
(/usr/local/texlive/2015/texmf-dist/tex/latex/mathtools/mhsetup.sty
Package: mhsetup 2010/01/21 v1.2a programming setup (MH)
)
LaTeX Info: Thecontrolsequence`\('isalreadyrobust on input line 129.
LaTeX Info: Thecontrolsequence`\)'isalreadyrobust on input line 129.
LaTeX Info: Thecontrolsequence`\['isalreadyrobust on input line 129.
LaTeX Info: Thecontrolsequence`\]'isalreadyrobust on input line 129.
\g_MT_multlinerow_int=\count104
\l_MT_multwidth_dim=\dimen114
\origjot=\skip54
\l_MT_shortvdotswithinadjustabove_dim=\dimen115
\l_MT_shortvdotswithinadjustbelow_dim=\dimen116
\l_MT_above_intertext_sep=\dimen117
\l_MT_below_intertext_sep=\dimen118
\l_MT_above_shortintertext_sep=\dimen119
\l_MT_below_shortintertext_sep=\dimen120
)
(/usr/local/texlive/2015/texmf-dist/tex/latex/subfigure/subfigure.sty
Package: subfigure 2002/03/15 v2.1.5 subfigure package
\subfigtopskip=\skip55
\subfigcapskip=\skip56
\subfigcaptopadj=\dimen121
\subfigbottomskip=\skip57
\subfigcapmargin=\dimen122
\subfiglabelskip=\skip58
\c@subfigure=\count105
\c@lofdepth=\count106
\c@subtable=\count107
\c@lotdepth=\count108

****************************************
* Local config file subfigure.cfg used *
****************************************
(/usr/local/texlive/2015/texmf-dist/tex/latex/subfigure/subfigure.cfg)
\subfig@top=\skip59
\subfig@bottom=\skip60
)
(/usr/local/texlive/2015/texmf-dist/tex/latex/caption/caption.sty
Package: caption 2013/05/02 v3.3-89 Customizing captions (AR)

(/usr/local/texlive/2015/texmf-dist/tex/latex/caption/caption3.sty
Package: caption3 2013/05/02 v1.6-88 caption3 kernel (AR)
Package caption3 Info: TeX engine: e-TeX on input line 57.
\captionmargin=\dimen123
\captionmargin@=\dimen124
\captionwidth=\dimen125
\caption@tempdima=\dimen126
\caption@indent=\dimen127
\caption@parindent=\dimen128
\caption@hangindent=\dimen129
)
\c@ContinuedFloat=\count109
Package caption Info: subfigure package is loaded.
)
(/usr/local/texlive/2015/texmf-dist/tex/latex/graphics/graphicx.sty
Package: graphicx 2014/10/28 v1.0g Enhanced LaTeX Graphics (DPC,SPQR)
\Gin@req@height=\dimen130
\Gin@req@width=\dimen131
)
(/usr/local/texlive/2015/texmf-dist/tex/latex/colortbl/colortbl.sty
Package: colortbl 2012/02/13 v1.0a Color table columns (DPC)

(/usr/local/texlive/2015/texmf-dist/tex/latex/tools/array.sty
Package: array 2014/10/28 v2.4c Tabular extension package (FMi)
\col@sep=\dimen132
\extrarowheight=\dimen133
\NC@list=\toks26
\extratabsurround=\skip61
\backup@length=\skip62
)
(/usr/local/texlive/2015/texmf-dist/tex/latex/graphics/color.sty
Package: color 2014/10/28 v1.1a Standard LaTeX Color (DPC)

(/usr/local/texlive/2015/texmf-dist/tex/latex/latexconfig/color.cfg
File: color.cfg 2007/01/18 v1.5 color configuration of teTeX/TeXLive
)
Package color Info: Driver file: pdftex.def on input line 142.
)
\everycr=\toks27
\minrowclearance=\skip63
)
(/usr/local/texlive/2015/texmf-dist/tex/latex/tools/hhline.sty
Package: hhline 2014/10/28 v2.03 Table rule package (DPC)
)
(/usr/local/texlive/2015/texmf-dist/tex/latex/multirow/multirow.sty
\bigstrutjot=\dimen134
)
(/usr/local/texlive/2015/texmf-dist/tex/latex/tools/multicol.sty
Package: multicol 2015/03/31 v1.8m multicolumn formatting (FMi)
\c@tracingmulticols=\count110
\mult@box=\box28
\multicol@leftmargin=\dimen135
\c@unbalance=\count111
\c@collectmore=\count112
\doublecol@number=\count113
\multicoltolerance=\count114
\multicolpretolerance=\count115
\full@width=\dimen136
\page@free=\dimen137
\premulticols=\dimen138
\postmulticols=\dimen139
\multicolsep=\skip64
\multicolbaselineskip=\skip65
\partial@page=\box29
\last@line=\box30
\maxbalancingoverflow=\dimen140
\mult@rightbox=\box31
\mult@grightbox=\box32
\mult@gfirstbox=\box33
\mult@firstbox=\box34
\@tempa=\box35
\@tempa=\box36
\@tempa=\box37
\@tempa=\box38
\@tempa=\box39
\@tempa=\box40
\@tempa=\box41
\@tempa=\box42
\@tempa=\box43
\@tempa=\box44
\@tempa=\box45
\@tempa=\box46
\@tempa=\box47
\@tempa=\box48
\@tempa=\box49
\@tempa=\box50
\@tempa=\box51
\c@columnbadness=\count116
\c@finalcolumnbadness=\count117
\last@try=\dimen141
\multicolovershoot=\dimen142
\multicolundershoot=\dimen143
\mult@nat@firstbox=\box52
\colbreak@box=\box53
\mc@col@check@num=\count118
)
(/usr/local/texlive/2015/texmf-dist/tex/latex/setspace/setspace.sty
Package: setspace 2011/12/19 v6.7a set line spacing
)
(/usr/local/texlive/2015/texmf-dist/tex/latex/pdfpages/pdfpages.sty
Package: pdfpages 2015/05/11 v0.4x Insert pages of external PDF documents (AM)

(/usr/local/texlive/2015/texmf-dist/tex/latex/base/ifthen.sty
Package: ifthen 2014/09/29 v1.1c Standard LaTeX ifthen package (DPC)
)
(/usr/local/texlive/2015/texmf-dist/tex/latex/eso-pic/eso-pic.sty
Package: eso-pic 2015/04/20 v2.0e eso-pic (RN)

(/usr/local/texlive/2015/texmf-dist/tex/generic/oberdiek/atbegshi.sty
Package: atbegshi 2011/10/05 v1.16 At begin shipout hook (HO)

(/usr/local/texlive/2015/texmf-dist/tex/generic/oberdiek/ifpdf.sty
Package: ifpdf 2011/01/30 v2.3 Provides the ifpdf switch (HO)
Package ifpdf Info: pdfTeX in PDF mode is detected.
)))
\AM@pagewidth=\dimen144
\AM@pageheight=\dimen145

(/usr/local/texlive/2015/texmf-dist/tex/latex/pdfpages/pppdftex.def
File: pppdftex.def 2015/05/11 v0.4x Pdfpages driver for pdfTeX (AM)
)
\AM@pagebox=\box54
\AM@toc@title=\toks28
\c@AM@survey=\count119
\AM@templatesizebox=\box55
)
(/usr/local/texlive/2015/texmf-dist/tex/latex/geometry/geometry.sty
Package: geometry 2010/09/12 v5.6 Page Geometry

(/usr/local/texlive/2015/texmf-dist/tex/generic/oberdiek/ifvtex.sty
Package: ifvtex 2010/03/01 v1.5 Detect VTeX and its facilities (HO)
Package ifvtex Info: VTeX not detected.
)
(/usr/local/texlive/2015/texmf-dist/tex/generic/ifxetex/ifxetex.sty
Package: ifxetex 2010/09/12 v0.6 Provides ifxetex conditional
)
\Gm@cnth=\count120
\Gm@cntv=\count121
\c@Gm@tempcnt=\count122
\Gm@bindingoffset=\dimen146
\Gm@wd@mp=\dimen147
\Gm@odd@mp=\dimen148
\Gm@even@mp=\dimen149
\Gm@layoutwidth=\dimen150
\Gm@layoutheight=\dimen151
\Gm@layouthoffset=\dimen152
\Gm@layoutvoffset=\dimen153
\Gm@dimlist=\toks29
)
(/usr/local/texlive/2015/texmf-dist/tex/latex/natbib/bibentry.sty
Package: bibentry 2007/10/30 1.5 (PWD)
)
(/usr/local/texlive/2015/texmf-dist/tex/latex/hyperref/xr-hyper.sty
Package: xr-hyper 2000/03/22 v6.00beta4 eXternal References (DPC)
)
(/usr/local/texlive/2015/texmf-dist/tex/latex/hyperref/hyperref.sty
Package: hyperref 2012/11/06 v6.83m Hypertext links for LaTeX

(/usr/local/texlive/2015/texmf-dist/tex/generic/oberdiek/hobsub-hyperref.sty
Package: hobsub-hyperref 2012/05/28 v1.13 Bundle oberdiek, subset hyperref (HO)


(/usr/local/texlive/2015/texmf-dist/tex/generic/oberdiek/hobsub-generic.sty
Package: hobsub-generic 2012/05/28 v1.13 Bundle oberdiek, subset generic (HO)
Package: hobsub 2012/05/28 v1.13 Construct package bundles (HO)
Package hobsub Info: Skipping package `infwarerr' (already loaded).
Package hobsub Info: Skipping package `ltxcmds' (already loaded).
Package: ifluatex 2010/03/01 v1.3 Provides the ifluatex switch (HO)
Package ifluatex Info: LuaTeX not detected.
Package hobsub Info: Skipping package `ifvtex' (already loaded).
Package: intcalc 2007/09/27 v1.1 Expandable calculations with integers (HO)
Package hobsub Info: Skipping package `ifpdf' (already loaded).
Package: etexcmds 2011/02/16 v1.5 Avoid name clashes with e-TeX commands (HO)
Package etexcmds Info: Could not find \expanded.
(etexcmds)             That can mean that you are not using pdfTeX 1.50 or
(etexcmds)             that some package has redefined \expanded.
(etexcmds)             In the latter case, load this package earlier.
Package: kvsetkeys 2012/04/25 v1.16 Key value parser (HO)
Package: kvdefinekeys 2011/04/07 v1.3 Define keys (HO)
Package: pdftexcmds 2011/11/29 v0.20 Utility functions of pdfTeX for LuaTeX (HO
)
Package pdftexcmds Info: LuaTeX not detected.
Package pdftexcmds Info: \pdf@primitive is available.
Package pdftexcmds Info: \pdf@ifprimitive is available.
Package pdftexcmds Info: \pdfdraftmode found.
Package: pdfescape 2011/11/25 v1.13 Implements pdfTeX's escape features (HO)
Package: bigintcalc 2012/04/08 v1.3 Expandable calculations on big integers (HO
)
Package: bitset 2011/01/30 v1.1 Handle bit-vector datatype (HO)
Package: uniquecounter 2011/01/30 v1.2 Provide unlimited unique counter (HO)
)
Package hobsub Info: Skipping package `hobsub' (already loaded).
Package: letltxmacro 2010/09/02 v1.4 Let assignment for LaTeX macros (HO)
Package: hopatch 2012/05/28 v1.2 Wrapper for package hooks (HO)
Package: xcolor-patch 2011/01/30 xcolor patch
Package: atveryend 2011/06/30 v1.8 Hooks at the very end of document (HO)
Package atveryend Info: \enddocument detected (standard20110627).
Package hobsub Info: Skipping package `atbegshi' (already loaded).
Package: refcount 2011/10/16 v3.4 Data extraction from label references (HO)
Package: hycolor 2011/01/30 v1.7 Color options for hyperref/bookmark (HO)
)
(/usr/local/texlive/2015/texmf-dist/tex/latex/oberdiek/auxhook.sty
Package: auxhook 2011/03/04 v1.3 Hooks for auxiliary files (HO)
)
(/usr/local/texlive/2015/texmf-dist/tex/latex/oberdiek/kvoptions.sty
Package: kvoptions 2011/06/30 v3.11 Key value format for package options (HO)
)
\@linkdim=\dimen154
\Hy@linkcounter=\count123
\Hy@pagecounter=\count124

(/usr/local/texlive/2015/texmf-dist/tex/latex/hyperref/pd1enc.def
File: pd1enc.def 2012/11/06 v6.83m Hyperref: PDFDocEncoding definition (HO)
)
\Hy@SavedSpaceFactor=\count125

(/usr/local/texlive/2015/texmf-dist/tex/latex/latexconfig/hyperref.cfg
File: hyperref.cfg 2002/06/06 v1.2 hyperref configuration of TeXLive
)
Package hyperref Info: Hyper figures OFF on input line 4443.
Package hyperref Info: Link nesting OFF on input line 4448.
Package hyperref Info: Hyper index ON on input line 4451.
Package hyperref Info: Plain pages OFF on input line 4458.
Package hyperref Info: Backreferencing OFF on input line 4463.
Package hyperref Info: Implicit mode ON; LaTeX internals redefined.
Package hyperref Info: Bookmarks ON on input line 4688.
\c@Hy@tempcnt=\count126

(/usr/local/texlive/2015/texmf-dist/tex/latex/url/url.sty
\Urlmuskip=\muskip11
Package: url 2013/09/16  ver 3.4  Verb mode for urls, etc.
)
LaTeX Info: Redefining \url on input line 5041.
\XeTeXLinkMargin=\dimen155
\Fld@menulength=\count127
\Field@Width=\dimen156
\Fld@charsize=\dimen157
Package hyperref Info: Hyper figures OFF on input line 6295.
Package hyperref Info: Link nesting OFF on input line 6300.
Package hyperref Info: Hyper index ON on input line 6303.
Package hyperref Info: backreferencing OFF on input line 6310.
Package hyperref Info: Link coloring OFF on input line 6315.
Package hyperref Info: Link coloring with OCG OFF on input line 6320.
Package hyperref Info: PDF/A mode OFF on input line 6325.
LaTeX Info: Redefining \ref on input line 6365.
LaTeX Info: Redefining \pageref on input line 6369.
\Hy@abspage=\count128
\c@Item=\count129
\c@Hfootnote=\count130
)

Package hyperref Message: Driver (autodetected): hpdftex.

(/usr/local/texlive/2015/texmf-dist/tex/latex/hyperref/hpdftex.def
File: hpdftex.def 2012/11/06 v6.83m Hyperref driver for pdfTeX
\Fld@listcount=\count131
\c@bookmark@seq@number=\count132

(/usr/local/texlive/2015/texmf-dist/tex/latex/oberdiek/rerunfilecheck.sty
Package: rerunfilecheck 2011/04/15 v1.7 Rerun checks for auxiliary files (HO)
Package uniquecounter Info: New unique counter `rerunfilecheck' on input line 2
82.
)
\Hy@SectionHShift=\skip66
)
(/usr/local/texlive/2015/texmf-dist/tex/latex/floatrow/floatrow.sty
Package: floatrow 2008/08/02 v0.3b floatrow: float package extension
\c@float@type=\count133
\float@exts=\toks30
\float@box=\box56
\@floatcapt=\box57
Package floatrow Info: Modified float package code loaded on input line 455.
Package floatrow Info: Modified rotfloat package code loaded on input line 473.

\FR@everyfloat=\toks31
\flrow@foot=\insert233
\FB@wd=\dimen158
\FBo@wd=\dimen159
\FBc@wd=\dimen160
\FBo@ht=\skip67
\FBc@ht=\skip68
\FBf@ht=\skip69
\FBo@max=\skip70
\FBc@max=\skip71
\FBf@max=\skip72
\c@FBl@b=\count134
\floatbox@depth=\count135
\c@FRobj=\count136
\c@FRsobj=\count137
\Xhsize=\skip73
\sXhsize=\skip74
\Zhsize=\skip75
\sZhsize=\skip76
\flrow@rowbox=\box58
\FR@Zunitlength=\dimen161
\c@FBcnt=\count138
\FPOScnt=\count139
\LTleft=\skip77
\LTright=\skip78
\LTleft=\skip79
\LTright=\skip80
\flrow@types=\toks32
)
(/usr/local/texlive/2015/texmf-dist/tex/latex/relsize/relsize.sty
Package: relsize 2013/03/29 ver 4.1
)
(/usr/local/texlive/2015/texmf-dist/tex/latex/xcolor/xcolor.sty
Package: xcolor 2007/01/21 v2.11 LaTeX color extensions (UK)

(/usr/local/texlive/2015/texmf-dist/tex/latex/latexconfig/color.cfg
File: color.cfg 2007/01/18 v1.5 color configuration of teTeX/TeXLive
)
Package xcolor Info: Driver file: pdftex.def on input line 225.
LaTeX Info: Redefining \color on input line 702.
Package xcolor Info: Model `cmy' substituted by `cmy0' on input line 1337.
Package xcolor Info: Model `hsb' substituted by `rgb' on input line 1341.
Package xcolor Info: Model `RGB' extended on input line 1353.
Package xcolor Info: Model `HTML' substituted by `rgb' on input line 1355.
Package xcolor Info: Model `Hsb' substituted by `hsb' on input line 1356.
Package xcolor Info: Model `tHsb' substituted by `hsb' on input line 1357.
Package xcolor Info: Model `HSB' substituted by `hsb' on input line 1358.
Package xcolor Info: Model `Gray' substituted by `gray' on input line 1359.
Package xcolor Info: Model `wave' substituted by `hsb' on input line 1360.

(/usr/local/texlive/2015/texmf-dist/tex/latex/graphics/dvipsnam.def
File: dvipsnam.def 2014/10/14 v3.0j Driver-dependent file (DPC,SPQR)
))
(/usr/local/texlive/2015/texmf-dist/tex/latex/fancyhdr/fancyhdr.sty
\fancy@headwidth=\skip81
\f@ncyO@elh=\skip82
\f@ncyO@erh=\skip83
\f@ncyO@olh=\skip84
\f@ncyO@orh=\skip85
\f@ncyO@elf=\skip86
\f@ncyO@erf=\skip87
\f@ncyO@olf=\skip88
\f@ncyO@orf=\skip89
)
Package hyperref Info: Option `colorlinks' set `true' on input line 52.
\c@prop=\count140
\c@definition=\count141
\c@lemma=\count142
\c@corollary=\count143
\c@conjecture=\count144

(./materials6.aux)
\openout1 = `materials6.aux'.

LaTeX Font Info:    Checking defaults for OML/cmm/m/it on input line 106.
LaTeX Font Info:    ... okay on input line 106.
LaTeX Font Info:    Checking defaults for T1/cmr/m/n on input line 106.
LaTeX Font Info:    ... okay on input line 106.
LaTeX Font Info:    Checking defaults for OT1/cmr/m/n on input line 106.
LaTeX Font Info:    ... okay on input line 106.
LaTeX Font Info:    Checking defaults for OMS/cmsy/m/n on input line 106.
LaTeX Font Info:    ... okay on input line 106.
LaTeX Font Info:    Checking defaults for OMX/cmex/m/n on input line 106.
LaTeX Font Info:    ... okay on input line 106.
LaTeX Font Info:    Checking defaults for U/cmr/m/n on input line 106.
LaTeX Font Info:    ... okay on input line 106.
LaTeX Font Info:    Checking defaults for PD1/pdf/m/n on input line 106.
LaTeX Font Info:    ... okay on input line 106.

(/usr/local/texlive/2015/texmf-dist/tex/context/base/supp-pdf.mkii
[Loading MPS to PDF converter (version 2006.09.02).]
\scratchcounter=\count145
\scratchdimen=\dimen162
\scratchbox=\box59
\nofMPsegments=\count146
\nofMParguments=\count147
\everyMPshowfont=\toks33
\MPscratchCnt=\count148
\MPscratchDim=\dimen163
\MPnumerator=\count149
\makeMPintoPDFobject=\count150
\everyMPtoPDFconversion=\toks34
) (/usr/local/texlive/2015/texmf-dist/tex/latex/oberdiek/epstopdf-base.sty
Package: epstopdf-base 2010/02/09 v2.5 Base part for package epstopdf

(/usr/local/texlive/2015/texmf-dist/tex/latex/oberdiek/grfext.sty
Package: grfext 2010/08/19 v1.1 Manage graphics extensions (HO)
)
Package grfext Info: Graphics extension search list:
(grfext)             [.png,.pdf,.jpg,.mps,.jpeg,.jbig2,.jb2,.PNG,.PDF,.JPG,.JPE
G,.JBIG2,.JB2,.eps]
(grfext)             \AppendGraphicsExtensions on input line 452.

(/usr/local/texlive/2015/texmf-dist/tex/latex/latexconfig/epstopdf-sys.cfg
File: epstopdf-sys.cfg 2010/07/13 v1.3 Configuration of (r)epstopdf for TeX Liv
e
))
Package caption Info: Begin \AtBeginDocument code.
Package caption Info: floatrow package is loaded.
Package caption Info: float package is loaded.
Package caption Info: floatrow package is loaded.
Package caption Info: hyperref package is loaded.
Package caption Info: End \AtBeginDocument code.
\AtBeginShipoutBox=\box60

*geometry* driver: auto-detecting
*geometry* detected driver: pdftex
*geometry* verbose mode - [ preamble ] result:
* driver: pdftex
* paper: <default>
* layout: <same size as paper>
* layoutoffset:(h,v)=(0.0pt,0.0pt)
* modes: 
* h-part:(L,W,R)=(59.98422pt, 489.99052pt, 64.32025pt)
* v-part:(T,H,B)=(72.26999pt, 650.43001pt, 72.26999pt)
* \paperwidth=614.295pt
* \paperheight=794.96999pt
* \textwidth=489.99052pt
* \textheight=650.43001pt
* \oddsidemargin=-12.28577pt
* \evensidemargin=-12.28577pt
* \topmargin=-37.0pt
* \headheight=12.0pt
* \headsep=25.0pt
* \topskip=11.0pt
* \footskip=30.0pt
* \marginparwidth=59.0pt
* \marginparsep=10.0pt
* \columnsep=10.0pt
* \skip\footins=10.0pt plus 4.0pt minus 2.0pt
* \hoffset=0.0pt
* \voffset=0.0pt
* \mag=1000
* \@twocolumnfalse
* \@twosidefalse
* \@mparswitchfalse
* \@reversemarginfalse
* (1in=72.27pt=25.4mm, 1cm=28.453pt)

Package hyperref Info: Link coloring ON on input line 106.
(/usr/local/texlive/2015/texmf-dist/tex/latex/hyperref/nameref.sty
Package: nameref 2012/10/27 v2.43 Cross-referencing by name of section

(/usr/local/texlive/2015/texmf-dist/tex/generic/oberdiek/gettitlestring.sty
Package: gettitlestring 2010/12/03 v1.4 Cleanup title references (HO)
)
\c@section@level=\count151
)
LaTeX Info: Redefining \ref on input line 106.
LaTeX Info: Redefining \pageref on input line 106.
LaTeX Info: Redefining \nameref on input line 106.

(./materials6.out) (./materials6.out)
\@outlinefile=\write3
\openout3 = `materials6.out'.

LaTeX Font Info:    Try loading font information for U+msa on input line 114.

(/usr/local/texlive/2015/texmf-dist/tex/latex/amsfonts/umsa.fd
File: umsa.fd 2013/01/14 v3.01 AMS symbols A
)
LaTeX Font Info:    Try loading font information for U+msb on input line 114.

(/usr/local/texlive/2015/texmf-dist/tex/latex/amsfonts/umsb.fd
File: umsb.fd 2013/01/14 v3.01 AMS symbols B
)
(./materials6.toc)
\tf@toc=\write4
\openout4 = `materials6.toc'.

 [1

{/usr/local/texlive/2015/texmf-var/fonts/map/pdftex/updmap/pdftex.map}]

Package hyperref Warning: Token not allowed in a PDF string (PDFDocEncoding):
(hyperref)                removing `math shift' on input line 125.


Package hyperref Warning: Token not allowed in a PDF string (PDFDocEncoding):
(hyperref)                removing `\rho' on input line 125.


Package hyperref Warning: Token not allowed in a PDF string (PDFDocEncoding):
(hyperref)                removing `subscript' on input line 125.


Package hyperref Warning: Token not allowed in a PDF string (PDFDocEncoding):
(hyperref)                removing `math shift' on input line 125.


Package Fancyhdr Warning: \headheight is too small (12.0pt): 
 Make it at least 13.59999pt.
 We now make it that large for the rest of the document.
 This may cause the page layout to be inconsistent, however.

[2]
Overfull \hbox (34.84163pt too wide) in paragraph at lines 172--172
[] 
 []


Package relsize Warning: Font size 27.24664pt is too large.
(relsize)                Using 24.88pt instead on input line 174.


Package Fancyhdr Warning: \headheight is too small (12.0pt): 
 Make it at least 13.59999pt.
 We now make it that large for the rest of the document.
 This may cause the page layout to be inconsistent, however.

[3]

Package hyperref Warning: Token not allowed in a PDF string (PDFDocEncoding):
(hyperref)                removing `math shift' on input line 190.


Package hyperref Warning: Token not allowed in a PDF string (PDFDocEncoding):
(hyperref)                removing `\pi' on input line 190.


Package hyperref Warning: Token not allowed in a PDF string (PDFDocEncoding):
(hyperref)                removing `math shift' on input line 190.


Package hyperref Warning: Token not allowed in a PDF string (PDFDocEncoding):
(hyperref)                removing `math shift' on input line 190.


Package hyperref Warning: Token not allowed in a PDF string (PDFDocEncoding):
(hyperref)                removing `math shift' on input line 190.


Package hyperref Warning: Token not allowed in a PDF string (PDFDocEncoding):
(hyperref)                removing `math shift' on input line 192.


Package hyperref Warning: Token not allowed in a PDF string (PDFDocEncoding):
(hyperref)                removing `\psi' on input line 192.


Package hyperref Warning: Token not allowed in a PDF string (PDFDocEncoding):
(hyperref)                removing `subscript' on input line 192.


Package hyperref Warning: Token not allowed in a PDF string (PDFDocEncoding):
(hyperref)                removing `\psi' on input line 192.


Package hyperref Warning: Token not allowed in a PDF string (PDFDocEncoding):
(hyperref)                removing `subscript' on input line 192.


Package hyperref Warning: Token not allowed in a PDF string (PDFDocEncoding):
(hyperref)                removing `\pi' on input line 192.


Package hyperref Warning: Token not allowed in a PDF string (PDFDocEncoding):
(hyperref)                removing `\rho' on input line 192.


Package hyperref Warning: Token not allowed in a PDF string (PDFDocEncoding):
(hyperref)                removing `math shift' on input line 192.


<../figures/materials6_observables_intrate_smoothing_rho0.png, id=134, 1561.835
pt x 859.21pt>
File: ../figures/materials6_observables_intrate_smoothing_rho0.png Graphic file
 (type png)

<use ../figures/materials6_observables_intrate_smoothing_rho0.png>
Package pdftex.def Info: ../figures/materials6_observables_intrate_smoothing_rh
o0.png used on input line 194.
(pdftex.def)             Requested size: 343.60477pt x 189.02678pt.

<../figures/materials6_gain_drift_cusum_intrate_smoothing_rho0.png, id=135, 160
3.9925pt x 858.20625pt>
File: ../figures/materials6_gain_drift_cusum_intrate_smoothing_rho0.png Graphic
 file (type png)

<use ../figures/materials6_gain_drift_cusum_intrate_smoothing_rho0.png>
Package pdftex.def Info: ../figures/materials6_gain_drift_cusum_intrate_smoothi
ng_rho0.png used on input line 195.
(pdftex.def)             Requested size: 352.87944pt x 188.80595pt.


Package Fancyhdr Warning: \headheight is too small (12.0pt): 
 Make it at least 13.59999pt.
 We now make it that large for the rest of the document.
 This may cause the page layout to be inconsistent, however.

[4 <../figures/materials6_observables_intrate_smoothing_rho0.png (PNG copy)> <.
./figures/materials6_gain_drift_cusum_intrate_smoothing_rho0.png (PNG copy)>]

Package hyperref Warning: Token not allowed in a PDF string (PDFDocEncoding):
(hyperref)                removing `math shift' on input line 203.


Package hyperref Warning: Token not allowed in a PDF string (PDFDocEncoding):
(hyperref)                removing `\rho' on input line 203.


Package hyperref Warning: Token not allowed in a PDF string (PDFDocEncoding):
(hyperref)                removing `math shift' on input line 203.


<../figures/materials6_IRFs_intrate_smoothing_natrate_rho0.png, id=146, 1622.06
pt x 859.21pt>
File: ../figures/materials6_IRFs_intrate_smoothing_natrate_rho0.png Graphic fil
e (type png)

<use ../figures/materials6_IRFs_intrate_smoothing_natrate_rho0.png>
Package pdftex.def Info: ../figures/materials6_IRFs_intrate_smoothing_natrate_r
ho0.png used on input line 206.
(pdftex.def)             Requested size: 227.08685pt x 120.28857pt.

<../figures/materials6_IRFs_intrate_smoothing_natrate_rho0_3.png, id=147, 1622.
06pt x 859.21pt>
File: ../figures/materials6_IRFs_intrate_smoothing_natrate_rho0_3.png Graphic f
ile (type png)

<use ../figures/materials6_IRFs_intrate_smoothing_natrate_rho0_3.png>
Package pdftex.def Info: ../figures/materials6_IRFs_intrate_smoothing_natrate_r
ho0_3.png used on input line 207.
(pdftex.def)             Requested size: 227.08685pt x 120.28857pt.

<../figures/materials6_IRFs_intrate_smoothing_natrate_rho0_6.png, id=148, 1622.
06pt x 859.21pt>
File: ../figures/materials6_IRFs_intrate_smoothing_natrate_rho0_6.png Graphic f
ile (type png)

<use ../figures/materials6_IRFs_intrate_smoothing_natrate_rho0_6.png>
Package pdftex.def Info: ../figures/materials6_IRFs_intrate_smoothing_natrate_r
ho0_6.png used on input line 208.
(pdftex.def)             Requested size: 227.08685pt x 120.28857pt.

<../figures/materials6_IRFs_intrate_smoothing_natrate_rho0_9.png, id=149, 1622.
06pt x 859.21pt>
File: ../figures/materials6_IRFs_intrate_smoothing_natrate_rho0_9.png Graphic f
ile (type png)

<use ../figures/materials6_IRFs_intrate_smoothing_natrate_rho0_9.png>
Package pdftex.def Info: ../figures/materials6_IRFs_intrate_smoothing_natrate_r
ho0_9.png used on input line 209.
(pdftex.def)             Requested size: 227.08685pt x 120.28857pt.

<../figures/materials6_IRFs_intrate_smoothing_monpol_rho0.png, id=150, 1595.962
5pt x 859.21pt>
File: ../figures/materials6_IRFs_intrate_smoothing_monpol_rho0.png Graphic file
 (type png)

<use ../figures/materials6_IRFs_intrate_smoothing_monpol_rho0.png>
Package pdftex.def Info: ../figures/materials6_IRFs_intrate_smoothing_monpol_rh
o0.png used on input line 215.
(pdftex.def)             Requested size: 223.43323pt x 120.28857pt.

<../figures/materials6_IRFs_intrate_smoothing_monpol_rho0_3.png, id=151, 1595.9
625pt x 859.21pt>
File: ../figures/materials6_IRFs_intrate_smoothing_monpol_rho0_3.png Graphic fi
le (type png)

<use ../figures/materials6_IRFs_intrate_smoothing_monpol_rho0_3.png>
Package pdftex.def Info: ../figures/materials6_IRFs_intrate_smoothing_monpol_rh
o0_3.png used on input line 216.
(pdftex.def)             Requested size: 223.43323pt x 120.28857pt.

<../figures/materials6_IRFs_intrate_smoothing_monpol_rho0_6.png, id=152, 1595.9
625pt x 859.21pt>
File: ../figures/materials6_IRFs_intrate_smoothing_monpol_rho0_6.png Graphic fi
le (type png)

<use ../figures/materials6_IRFs_intrate_smoothing_monpol_rho0_6.png>
Package pdftex.def Info: ../figures/materials6_IRFs_intrate_smoothing_monpol_rh
o0_6.png used on input line 217.
(pdftex.def)             Requested size: 223.43323pt x 120.28857pt.

<../figures/materials6_IRFs_intrate_smoothing_monpol_rho0_9.png, id=153, 1595.9
625pt x 859.21pt>
File: ../figures/materials6_IRFs_intrate_smoothing_monpol_rho0_9.png Graphic fi
le (type png)

<use ../figures/materials6_IRFs_intrate_smoothing_monpol_rho0_9.png>
Package pdftex.def Info: ../figures/materials6_IRFs_intrate_smoothing_monpol_rh
o0_9.png used on input line 218.
(pdftex.def)             Requested size: 223.43323pt x 120.28857pt.


LaTeX Warning: `!h' float specifier changed to `!ht'.


<../figures/materials6_IRFs_intrate_smoothing_costpush_rho0.png, id=154, 1595.9
625pt x 859.21pt>
File: ../figures/materials6_IRFs_intrate_smoothing_costpush_rho0.png Graphic fi
le (type png)

<use ../figures/materials6_IRFs_intrate_smoothing_costpush_rho0.png>
Package pdftex.def Info: ../figures/materials6_IRFs_intrate_smoothing_costpush_
rho0.png used on input line 223.
(pdftex.def)             Requested size: 223.43323pt x 120.28857pt.

<../figures/materials6_IRFs_intrate_smoothing_costpush_rho0_3.png, id=155, 1595
.9625pt x 859.21pt>
File: ../figures/materials6_IRFs_intrate_smoothing_costpush_rho0_3.png Graphic 
file (type png)

<use ../figures/materials6_IRFs_intrate_smoothing_costpush_rho0_3.png>
Package pdftex.def Info: ../figures/materials6_IRFs_intrate_smoothing_costpush_
rho0_3.png used on input line 224.
(pdftex.def)             Requested size: 223.43323pt x 120.28857pt.

<../figures/materials6_IRFs_intrate_smoothing_costpush_rho0_6.png, id=156, 1595
.9625pt x 859.21pt>
File: ../figures/materials6_IRFs_intrate_smoothing_costpush_rho0_6.png Graphic 
file (type png)

<use ../figures/materials6_IRFs_intrate_smoothing_costpush_rho0_6.png>
Package pdftex.def Info: ../figures/materials6_IRFs_intrate_smoothing_costpush_
rho0_6.png used on input line 225.
(pdftex.def)             Requested size: 223.43323pt x 120.28857pt.

<../figures/materials6_IRFs_intrate_smoothing_costpush_rho0_9.png, id=157, 1595
.9625pt x 859.21pt>
File: ../figures/materials6_IRFs_intrate_smoothing_costpush_rho0_9.png Graphic 
file (type png)

<use ../figures/materials6_IRFs_intrate_smoothing_costpush_rho0_9.png>
Package pdftex.def Info: ../figures/materials6_IRFs_intrate_smoothing_costpush_
rho0_9.png used on input line 226.
(pdftex.def)             Requested size: 223.43323pt x 120.28857pt.


LaTeX Warning: `!h' float specifier changed to `!ht'.


Package Fancyhdr Warning: \headheight is too small (12.0pt): 
 Make it at least 13.59999pt.
 We now make it that large for the rest of the document.
 This may cause the page layout to be inconsistent, however.

[5 <../figures/materials6_IRFs_intrate_smoothing_natrate_rho0.png (PNG copy)> <
../figures/materials6_IRFs_intrate_smoothing_natrate_rho0_3.png (PNG copy)> <..
/figures/materials6_IRFs_intrate_smoothing_natrate_rho0_6.png (PNG copy)> <../f
igures/materials6_IRFs_intrate_smoothing_natrate_rho0_9.png (PNG copy)>]

Package Fancyhdr Warning: \headheight is too small (12.0pt): 
 Make it at least 13.59999pt.
 We now make it that large for the rest of the document.
 This may cause the page layout to be inconsistent, however.

[6 <../figures/materials6_IRFs_intrate_smoothing_monpol_rho0.png (PNG copy)> <.
./figures/materials6_IRFs_intrate_smoothing_monpol_rho0_3.png (PNG copy)> <../f
igures/materials6_IRFs_intrate_smoothing_monpol_rho0_6.png (PNG copy)> <../figu
res/materials6_IRFs_intrate_smoothing_monpol_rho0_9.png (PNG copy)> <../figures
/materials6_IRFs_intrate_smoothing_costpush_rho0.png (PNG copy)> <../figures/ma
terials6_IRFs_intrate_smoothing_costpush_rho0_3.png (PNG copy)> <../figures/mat
erials6_IRFs_intrate_smoothing_costpush_rho0_6.png (PNG copy)> <../figures/mate
rials6_IRFs_intrate_smoothing_costpush_rho0_9.png (PNG copy)>]

Package hyperref Warning: Token not allowed in a PDF string (PDFDocEncoding):
(hyperref)                removing `math shift' on input line 231.


Package hyperref Warning: Token not allowed in a PDF string (PDFDocEncoding):
(hyperref)                removing `\rho' on input line 231.


Package hyperref Warning: Token not allowed in a PDF string (PDFDocEncoding):
(hyperref)                removing `math shift' on input line 231.

File: ../figures/materials6_gain_drift_cusum_intrate_smoothing_rho0.png Graphic
 file (type png)
<use ../figures/materials6_gain_drift_cusum_intrate_smoothing_rho0.png>
Package pdftex.def Info: ../figures/materials6_gain_drift_cusum_intrate_smoothi
ng_rho0.png used on input line 235.
(pdftex.def)             Requested size: 192.4708pt x 102.9803pt.

<../figures/materials6_gain_drift_cusum_intrate_smoothing_rho0_3.png, id=182, 1
603.9925pt x 858.20625pt>
File: ../figures/materials6_gain_drift_cusum_intrate_smoothing_rho0_3.png Graph
ic file (type png)

<use ../figures/materials6_gain_drift_cusum_intrate_smoothing_rho0_3.png>
Package pdftex.def Info: ../figures/materials6_gain_drift_cusum_intrate_smoothi
ng_rho0_3.png used on input line 236.
(pdftex.def)             Requested size: 192.4708pt x 102.9803pt.

<../figures/materials6_gain_drift_cusum_intrate_smoothing_rho0_6.png, id=183, 1
603.9925pt x 858.20625pt>
File: ../figures/materials6_gain_drift_cusum_intrate_smoothing_rho0_6.png Graph
ic file (type png)

<use ../figures/materials6_gain_drift_cusum_intrate_smoothing_rho0_6.png>
Package pdftex.def Info: ../figures/materials6_gain_drift_cusum_intrate_smoothi
ng_rho0_6.png used on input line 237.
(pdftex.def)             Requested size: 192.4708pt x 102.9803pt.

<../figures/materials6_gain_drift_cusum_intrate_smoothing_rho0_9.png, id=184, 1
603.9925pt x 858.20625pt>
File: ../figures/materials6_gain_drift_cusum_intrate_smoothing_rho0_9.png Graph
ic file (type png)

<use ../figures/materials6_gain_drift_cusum_intrate_smoothing_rho0_9.png>
Package pdftex.def Info: ../figures/materials6_gain_drift_cusum_intrate_smoothi
ng_rho0_9.png used on input line 238.
(pdftex.def)             Requested size: 192.4708pt x 102.9803pt.


Package hyperref Warning: Token not allowed in a PDF string (PDFDocEncoding):
(hyperref)                removing `math shift' on input line 243.


Package hyperref Warning: Token not allowed in a PDF string (PDFDocEncoding):
(hyperref)                removing `\rho' on input line 243.


Package hyperref Warning: Token not allowed in a PDF string (PDFDocEncoding):
(hyperref)                removing `math shift' on input line 243.


<../figures/materials6_gain_drift_natrate_rho0.png, id=185, 1603.9925pt x 858.2
0625pt>
File: ../figures/materials6_gain_drift_natrate_rho0.png Graphic file (type png)

 <use ../figures/materials6_gain_drift_natrate_rho0.png>
Package pdftex.def Info: ../figures/materials6_gain_drift_natrate_rho0.png used
 on input line 245.
(pdftex.def)             Requested size: 224.55742pt x 120.14806pt.

<../figures/materials6_gain_drift_natrate_rho0_3.png, id=186, 1603.9925pt x 858
.20625pt>
File: ../figures/materials6_gain_drift_natrate_rho0_3.png Graphic file (type pn
g)
 <use ../figures/materials6_gain_drift_natrate_rho0_3.png>
Package pdftex.def Info: ../figures/materials6_gain_drift_natrate_rho0_3.png us
ed on input line 246.
(pdftex.def)             Requested size: 224.55742pt x 120.14806pt.

<../figures/materials6_gain_drift_natrate_rho0_6.png, id=187, 1603.9925pt x 858
.20625pt>
File: ../figures/materials6_gain_drift_natrate_rho0_6.png Graphic file (type pn
g)
 <use ../figures/materials6_gain_drift_natrate_rho0_6.png>
Package pdftex.def Info: ../figures/materials6_gain_drift_natrate_rho0_6.png us
ed on input line 247.
(pdftex.def)             Requested size: 224.55742pt x 120.14806pt.

<../figures/materials6_gain_drift_natrate_rho0_9.png, id=188, 1603.9925pt x 858
.20625pt>
File: ../figures/materials6_gain_drift_natrate_rho0_9.png Graphic file (type pn
g)
 <use ../figures/materials6_gain_drift_natrate_rho0_9.png>
Package pdftex.def Info: ../figures/materials6_gain_drift_natrate_rho0_9.png us
ed on input line 248.
(pdftex.def)             Requested size: 224.55742pt x 120.14806pt.

<../figures/materials6_gain_drift_monpol_rho0.png, id=189, 1603.9925pt x 858.20
625pt>
File: ../figures/materials6_gain_drift_monpol_rho0.png Graphic file (type png)
 <use ../figures/materials6_gain_drift_monpol_rho0.png>
Package pdftex.def Info: ../figures/materials6_gain_drift_monpol_rho0.png used 
on input line 252.
(pdftex.def)             Requested size: 224.55742pt x 120.14806pt.

<../figures/materials6_gain_drift_monpol_rho0_3.png, id=190, 1603.9925pt x 858.
20625pt>
File: ../figures/materials6_gain_drift_monpol_rho0_3.png Graphic file (type png
)
 <use ../figures/materials6_gain_drift_monpol_rho0_3.png>
Package pdftex.def Info: ../figures/materials6_gain_drift_monpol_rho0_3.png use
d on input line 253.
(pdftex.def)             Requested size: 224.55742pt x 120.14806pt.

<../figures/materials6_gain_drift_monpol_rho0_6.png, id=191, 1603.9925pt x 858.
20625pt>
File: ../figures/materials6_gain_drift_monpol_rho0_6.png Graphic file (type png
)
 <use ../figures/materials6_gain_drift_monpol_rho0_6.png>
Package pdftex.def Info: ../figures/materials6_gain_drift_monpol_rho0_6.png use
d on input line 254.
(pdftex.def)             Requested size: 224.55742pt x 120.14806pt.

<../figures/materials6_gain_drift_monpol_rho0_9.png, id=192, 1603.9925pt x 858.
20625pt>
File: ../figures/materials6_gain_drift_monpol_rho0_9.png Graphic file (type png
)
 <use ../figures/materials6_gain_drift_monpol_rho0_9.png>
Package pdftex.def Info: ../figures/materials6_gain_drift_monpol_rho0_9.png use
d on input line 255.
(pdftex.def)             Requested size: 224.55742pt x 120.14806pt.


LaTeX Warning: `!h' float specifier changed to `!ht'.


<../figures/materials6_gain_drift_costpush_rho0.png, id=193, 1603.9925pt x 858.
20625pt>
File: ../figures/materials6_gain_drift_costpush_rho0.png Graphic file (type png
)
 <use ../figures/materials6_gain_drift_costpush_rho0.png>
Package pdftex.def Info: ../figures/materials6_gain_drift_costpush_rho0.png use
d on input line 259.
(pdftex.def)             Requested size: 224.55742pt x 120.14806pt.

<../figures/materials6_gain_drift_costpush_rho0_3.png, id=194, 1603.9925pt x 85
8.20625pt>
File: ../figures/materials6_gain_drift_costpush_rho0_3.png Graphic file (type p
ng)
 <use ../figures/materials6_gain_drift_costpush_rho0_3.png>
Package pdftex.def Info: ../figures/materials6_gain_drift_costpush_rho0_3.png u
sed on input line 260.
(pdftex.def)             Requested size: 224.55742pt x 120.14806pt.

<../figures/materials6_gain_drift_costpush_rho0_6.png, id=195, 1603.9925pt x 85
8.20625pt>
File: ../figures/materials6_gain_drift_costpush_rho0_6.png Graphic file (type p
ng)
 <use ../figures/materials6_gain_drift_costpush_rho0_6.png>
Package pdftex.def Info: ../figures/materials6_gain_drift_costpush_rho0_6.png u
sed on input line 261.
(pdftex.def)             Requested size: 224.55742pt x 120.14806pt.

<../figures/materials6_gain_drift_costpush_rho0_9.png, id=196, 1603.9925pt x 85
8.20625pt>
File: ../figures/materials6_gain_drift_costpush_rho0_9.png Graphic file (type p
ng)
 <use ../figures/materials6_gain_drift_costpush_rho0_9.png>
Package pdftex.def Info: ../figures/materials6_gain_drift_costpush_rho0_9.png u
sed on input line 262.
(pdftex.def)             Requested size: 224.55742pt x 120.14806pt.


LaTeX Warning: `!h' float specifier changed to `!ht'.


Package Fancyhdr Warning: \headheight is too small (12.0pt): 
 Make it at least 13.59999pt.
 We now make it that large for the rest of the document.
 This may cause the page layout to be inconsistent, however.

[7

 <../figures/materials6_gain_drift_cusum_intrate_smoothing_rho0_3.png (PNG copy
)> <../figures/materials6_gain_drift_cusum_intrate_smoothing_rho0_6.png (PNG co
py)> <../figures/materials6_gain_drift_cusum_intrate_smoothing_rho0_9.png (PNG 
copy)> <../figures/materials6_gain_drift_natrate_rho0.png (PNG copy)> <../figur
es/materials6_gain_drift_natrate_rho0_3.png (PNG copy)> <../figures/materials6_
gain_drift_natrate_rho0_6.png (PNG copy)> <../figures/materials6_gain_drift_nat
rate_rho0_9.png (PNG copy)>]

Package Fancyhdr Warning: \headheight is too small (12.0pt): 
 Make it at least 13.59999pt.
 We now make it that large for the rest of the document.
 This may cause the page layout to be inconsistent, however.

[8 <../figures/materials6_gain_drift_monpol_rho0.png (PNG copy)> <../figures/ma
terials6_gain_drift_monpol_rho0_3.png (PNG copy)> <../figures/materials6_gain_d
rift_monpol_rho0_6.png (PNG copy)> <../figures/materials6_gain_drift_monpol_rho
0_9.png (PNG copy)> <../figures/materials6_gain_drift_costpush_rho0.png (PNG co
py)> <../figures/materials6_gain_drift_costpush_rho0_3.png (PNG copy)> <../figu
res/materials6_gain_drift_costpush_rho0_6.png (PNG copy)> <../figures/materials
6_gain_drift_costpush_rho0_9.png (PNG copy)>]

Package hyperref Warning: Token not allowed in a PDF string (PDFDocEncoding):
(hyperref)                removing `math shift' on input line 267.


Package hyperref Warning: Token not allowed in a PDF string (PDFDocEncoding):
(hyperref)                removing `\psi' on input line 267.


Package hyperref Warning: Token not allowed in a PDF string (PDFDocEncoding):
(hyperref)                removing `subscript' on input line 267.


Package hyperref Warning: Token not allowed in a PDF string (PDFDocEncoding):
(hyperref)                removing `\pi' on input line 267.


Package hyperref Warning: Token not allowed in a PDF string (PDFDocEncoding):
(hyperref)                removing `\rho' on input line 267.


Package hyperref Warning: Token not allowed in a PDF string (PDFDocEncoding):
(hyperref)                removing `math shift' on input line 267.


<../figures/materials6_IRFs_intrate_smoothing_natrate_rho0_psi_pi_1_1.png, id=2
26, 1153.30875pt x 588.1975pt>
File: ../figures/materials6_IRFs_intrate_smoothing_natrate_rho0_psi_pi_1_1.png 
Graphic file (type png)

<use ../figures/materials6_IRFs_intrate_smoothing_natrate_rho0_psi_pi_1_1.png>
Package pdftex.def Info: ../figures/materials6_IRFs_intrate_smoothing_natrate_r
ho0_psi_pi_1_1.png used on input line 269.
(pdftex.def)             Requested size: 207.58661pt x 105.87097pt.

<../figures/materials6_IRFs_intrate_smoothing_natrate_rho0_psi_pi_1_5.png, id=2
27, 1153.30875pt x 592.2125pt>
File: ../figures/materials6_IRFs_intrate_smoothing_natrate_rho0_psi_pi_1_5.png 
Graphic file (type png)

<use ../figures/materials6_IRFs_intrate_smoothing_natrate_rho0_psi_pi_1_5.png>
Package pdftex.def Info: ../figures/materials6_IRFs_intrate_smoothing_natrate_r
ho0_psi_pi_1_5.png used on input line 270.
(pdftex.def)             Requested size: 207.58661pt x 106.59364pt.

<../figures/materials6_IRFs_intrate_smoothing_natrate_rho0_psi_pi_2.png, id=228
, 1153.30875pt x 588.1975pt>
File: ../figures/materials6_IRFs_intrate_smoothing_natrate_rho0_psi_pi_2.png Gr
aphic file (type png)

<use ../figures/materials6_IRFs_intrate_smoothing_natrate_rho0_psi_pi_2.png>
Package pdftex.def Info: ../figures/materials6_IRFs_intrate_smoothing_natrate_r
ho0_psi_pi_2.png used on input line 271.
(pdftex.def)             Requested size: 207.58661pt x 105.87097pt.

<../figures/materials6_IRFs_intrate_smoothing_monpol_rho0_psi_pi_1_1.png, id=22
9, 1153.30875pt x 588.1975pt>
File: ../figures/materials6_IRFs_intrate_smoothing_monpol_rho0_psi_pi_1_1.png G
raphic file (type png)

<use ../figures/materials6_IRFs_intrate_smoothing_monpol_rho0_psi_pi_1_1.png>
Package pdftex.def Info: ../figures/materials6_IRFs_intrate_smoothing_monpol_rh
o0_psi_pi_1_1.png used on input line 276.
(pdftex.def)             Requested size: 207.58661pt x 105.87097pt.

<../figures/materials6_IRFs_intrate_smoothing_monpol_rho0_psi_pi_1_5.png, id=23
0, 1153.30875pt x 593.21625pt>
File: ../figures/materials6_IRFs_intrate_smoothing_monpol_rho0_psi_pi_1_5.png G
raphic file (type png)

<use ../figures/materials6_IRFs_intrate_smoothing_monpol_rho0_psi_pi_1_5.png>
Package pdftex.def Info: ../figures/materials6_IRFs_intrate_smoothing_monpol_rh
o0_psi_pi_1_5.png used on input line 277.
(pdftex.def)             Requested size: 207.58661pt x 106.7743pt.

<../figures/materials6_IRFs_intrate_smoothing_monpol_rho0_psi_pi_2.png, id=231,
 1153.30875pt x 588.1975pt>
File: ../figures/materials6_IRFs_intrate_smoothing_monpol_rho0_psi_pi_2.png Gra
phic file (type png)

<use ../figures/materials6_IRFs_intrate_smoothing_monpol_rho0_psi_pi_2.png>
Package pdftex.def Info: ../figures/materials6_IRFs_intrate_smoothing_monpol_rh
o0_psi_pi_2.png used on input line 278.
(pdftex.def)             Requested size: 207.58661pt x 105.87097pt.

<../figures/materials6_IRFs_intrate_smoothing_costpush_rho0_psi_pi_1_1.png, id=
232, 1153.30875pt x 589.20125pt>
File: ../figures/materials6_IRFs_intrate_smoothing_costpush_rho0_psi_pi_1_1.png
 Graphic file (type png)

<use ../figures/materials6_IRFs_intrate_smoothing_costpush_rho0_psi_pi_1_1.png>
Package pdftex.def Info: ../figures/materials6_IRFs_intrate_smoothing_costpush_
rho0_psi_pi_1_1.png used on input line 283.
(pdftex.def)             Requested size: 207.58661pt x 106.05164pt.

<../figures/materials6_IRFs_intrate_smoothing_costpush_rho0_psi_pi_1_5.png, id=
233, 1153.30875pt x 593.21625pt>
File: ../figures/materials6_IRFs_intrate_smoothing_costpush_rho0_psi_pi_1_5.png
 Graphic file (type png)

<use ../figures/materials6_IRFs_intrate_smoothing_costpush_rho0_psi_pi_1_5.png>
Package pdftex.def Info: ../figures/materials6_IRFs_intrate_smoothing_costpush_
rho0_psi_pi_1_5.png used on input line 284.
(pdftex.def)             Requested size: 207.58661pt x 106.7743pt.

<../figures/materials6_IRFs_intrate_smoothing_costpush_rho0_psi_pi_2.png, id=23
4, 1153.30875pt x 589.20125pt>
File: ../figures/materials6_IRFs_intrate_smoothing_costpush_rho0_psi_pi_2.png G
raphic file (type png)

<use ../figures/materials6_IRFs_intrate_smoothing_costpush_rho0_psi_pi_2.png>
Package pdftex.def Info: ../figures/materials6_IRFs_intrate_smoothing_costpush_
rho0_psi_pi_2.png used on input line 285.
(pdftex.def)             Requested size: 207.58661pt x 106.05164pt.


LaTeX Warning: `!h' float specifier changed to `!ht'.


Package Fancyhdr Warning: \headheight is too small (12.0pt): 
 Make it at least 13.59999pt.
 We now make it that large for the rest of the document.
 This may cause the page layout to be inconsistent, however.

[9

 <../figures/materials6_IRFs_intrate_smoothing_natrate_rho0_psi_pi_1_1.png (PNG
 copy)> <../figures/materials6_IRFs_intrate_smoothing_natrate_rho0_psi_pi_1_5.p
ng (PNG copy)> <../figures/materials6_IRFs_intrate_smoothing_natrate_rho0_psi_p
i_2.png (PNG copy)> <../figures/materials6_IRFs_intrate_smoothing_monpol_rho0_p
si_pi_1_1.png (PNG copy)> <../figures/materials6_IRFs_intrate_smoothing_monpol_
rho0_psi_pi_1_5.png (PNG copy)> <../figures/materials6_IRFs_intrate_smoothing_m
onpol_rho0_psi_pi_2.png (PNG copy)>]

Package Fancyhdr Warning: \headheight is too small (12.0pt): 
 Make it at least 13.59999pt.
 We now make it that large for the rest of the document.
 This may cause the page layout to be inconsistent, however.

[10 <../figures/materials6_IRFs_intrate_smoothing_costpush_rho0_psi_pi_1_1.png 
(PNG copy)> <../figures/materials6_IRFs_intrate_smoothing_costpush_rho0_psi_pi_
1_5.png (PNG copy)> <../figures/materials6_IRFs_intrate_smoothing_costpush_rho0
_psi_pi_2.png (PNG copy)>]

Package hyperref Warning: Token not allowed in a PDF string (PDFDocEncoding):
(hyperref)                removing `math shift' on input line 290.


Package hyperref Warning: Token not allowed in a PDF string (PDFDocEncoding):
(hyperref)                removing `\psi' on input line 290.


Package hyperref Warning: Token not allowed in a PDF string (PDFDocEncoding):
(hyperref)                removing `subscript' on input line 290.


Package hyperref Warning: Token not allowed in a PDF string (PDFDocEncoding):
(hyperref)                removing `\pi' on input line 290.


Package hyperref Warning: Token not allowed in a PDF string (PDFDocEncoding):
(hyperref)                removing `math shift' on input line 290.


<../figures/materials6_gain_drift_natrate_rho0_psi_pi_1_1.png, id=255, 1172.38p
t x 588.1975pt>
File: ../figures/materials6_gain_drift_natrate_rho0_psi_pi_1_1.png Graphic file
 (type png)

<use ../figures/materials6_gain_drift_natrate_rho0_psi_pi_1_1.png>
Package pdftex.def Info: ../figures/materials6_gain_drift_natrate_rho0_psi_pi_1
_1.png used on input line 292.
(pdftex.def)             Requested size: 211.01929pt x 105.87097pt.

<../figures/materials6_gain_drift_natrate_rho0_psi_pi_1_5.png, id=256, 1172.38p
t x 592.2125pt>
File: ../figures/materials6_gain_drift_natrate_rho0_psi_pi_1_5.png Graphic file
 (type png)

<use ../figures/materials6_gain_drift_natrate_rho0_psi_pi_1_5.png>
Package pdftex.def Info: ../figures/materials6_gain_drift_natrate_rho0_psi_pi_1
_5.png used on input line 293.
(pdftex.def)             Requested size: 211.01929pt x 106.59364pt.

<../figures/materials6_gain_drift_natrate_rho0_psi_pi_2.png, id=257, 1172.38pt 
x 588.1975pt>
File: ../figures/materials6_gain_drift_natrate_rho0_psi_pi_2.png Graphic file (
type png)
 <use ../figures/materials6_gain_drift_natrate_rho0_psi_pi_2.png>
Package pdftex.def Info: ../figures/materials6_gain_drift_natrate_rho0_psi_pi_2
.png used on input line 294.
(pdftex.def)             Requested size: 211.01929pt x 105.87097pt.

<../figures/materials6_gain_drift_monpol_rho0_psi_pi_1_1.png, id=258, 1172.38pt
 x 588.1975pt>
File: ../figures/materials6_gain_drift_monpol_rho0_psi_pi_1_1.png Graphic file 
(type png)

<use ../figures/materials6_gain_drift_monpol_rho0_psi_pi_1_1.png>
Package pdftex.def Info: ../figures/materials6_gain_drift_monpol_rho0_psi_pi_1_
1.png used on input line 298.
(pdftex.def)             Requested size: 211.01929pt x 105.87097pt.

<../figures/materials6_gain_drift_monpol_rho0_psi_pi_1_5.png, id=259, 1172.38pt
 x 592.2125pt>
File: ../figures/materials6_gain_drift_monpol_rho0_psi_pi_1_5.png Graphic file 
(type png)

<use ../figures/materials6_gain_drift_monpol_rho0_psi_pi_1_5.png>
Package pdftex.def Info: ../figures/materials6_gain_drift_monpol_rho0_psi_pi_1_
5.png used on input line 299.
(pdftex.def)             Requested size: 211.01929pt x 106.59364pt.

<../figures/materials6_gain_drift_monpol_rho0_psi_pi_2.png, id=260, 1172.38pt x
 588.1975pt>
File: ../figures/materials6_gain_drift_monpol_rho0_psi_pi_2.png Graphic file (t
ype png)
 <use ../figures/materials6_gain_drift_monpol_rho0_psi_pi_2.png>
Package pdftex.def Info: ../figures/materials6_gain_drift_monpol_rho0_psi_pi_2.
png used on input line 300.
(pdftex.def)             Requested size: 211.01929pt x 105.87097pt.

<../figures/materials6_gain_drift_costpush_rho0_psi_pi_1_1.png, id=261, 1172.38
pt x 588.1975pt>
File: ../figures/materials6_gain_drift_costpush_rho0_psi_pi_1_1.png Graphic fil
e (type png)

<use ../figures/materials6_gain_drift_costpush_rho0_psi_pi_1_1.png>
Package pdftex.def Info: ../figures/materials6_gain_drift_costpush_rho0_psi_pi_
1_1.png used on input line 304.
(pdftex.def)             Requested size: 211.01929pt x 105.87097pt.

<../figures/materials6_gain_drift_costpush_rho0_psi_pi_1_5.png, id=262, 1172.38
pt x 592.2125pt>
File: ../figures/materials6_gain_drift_costpush_rho0_psi_pi_1_5.png Graphic fil
e (type png)

<use ../figures/materials6_gain_drift_costpush_rho0_psi_pi_1_5.png>
Package pdftex.def Info: ../figures/materials6_gain_drift_costpush_rho0_psi_pi_
1_5.png used on input line 305.
(pdftex.def)             Requested size: 211.01929pt x 106.59364pt.

<../figures/materials6_gain_drift_costpush_rho0_psi_pi_2.png, id=263, 1172.38pt
 x 588.1975pt>
File: ../figures/materials6_gain_drift_costpush_rho0_psi_pi_2.png Graphic file 
(type png)

<use ../figures/materials6_gain_drift_costpush_rho0_psi_pi_2.png>
Package pdftex.def Info: ../figures/materials6_gain_drift_costpush_rho0_psi_pi_
2.png used on input line 306.
(pdftex.def)             Requested size: 211.01929pt x 105.87097pt.


LaTeX Warning: `!h' float specifier changed to `!ht'.


Package Fancyhdr Warning: \headheight is too small (12.0pt): 
 Make it at least 13.59999pt.
 We now make it that large for the rest of the document.
 This may cause the page layout to be inconsistent, however.

[11

 <../figures/materials6_gain_drift_natrate_rho0_psi_pi_1_1.png (PNG copy)> <../
figures/materials6_gain_drift_natrate_rho0_psi_pi_1_5.png (PNG copy)> <../figur
es/materials6_gain_drift_natrate_rho0_psi_pi_2.png (PNG copy)> <../figures/mate
rials6_gain_drift_monpol_rho0_psi_pi_1_1.png (PNG copy)> <../figures/materials6
_gain_drift_monpol_rho0_psi_pi_1_5.png (PNG copy)> <../figures/materials6_gain_
drift_monpol_rho0_psi_pi_2.png (PNG copy)>]

Package Fancyhdr Warning: \headheight is too small (12.0pt): 
 Make it at least 13.59999pt.
 We now make it that large for the rest of the document.
 This may cause the page layout to be inconsistent, however.

[12 <../figures/materials6_gain_drift_costpush_rho0_psi_pi_1_1.png (PNG copy)> 
<../figures/materials6_gain_drift_costpush_rho0_psi_pi_1_5.png (PNG copy)> <../
figures/materials6_gain_drift_costpush_rho0_psi_pi_2.png (PNG copy)>]

Package Fancyhdr Warning: \headheight is too small (12.0pt): 
 Make it at least 13.59999pt.
 We now make it that large for the rest of the document.
 This may cause the page layout to be inconsistent, however.

[13

]

Package hyperref Warning: Token not allowed in a PDF string (PDFDocEncoding):
(hyperref)                removing `math shift' on input line 346.


Package hyperref Warning: Token not allowed in a PDF string (PDFDocEncoding):
(hyperref)                removing `\rho' on input line 346.


Package hyperref Warning: Token not allowed in a PDF string (PDFDocEncoding):
(hyperref)                removing `math shift' on input line 346.


<../figures/materials6_IRFs_intrate_smoothing_cond_anch_natrate_rho0_psi_pi_1_5
.png, id=300, 1143.27126pt x 589.20125pt>
File: ../figures/materials6_IRFs_intrate_smoothing_cond_anch_natrate_rho0_psi_p
i_1_5.png Graphic file (type png)

<use ../figures/materials6_IRFs_intrate_smoothing_cond_anch_natrate_rho0_psi_pi
_1_5.png>
Package pdftex.def Info: ../figures/materials6_IRFs_intrate_smoothing_cond_anch
_natrate_rho0_psi_pi_1_5.png used on input line 349.
(pdftex.def)             Requested size: 205.77994pt x 106.05164pt.

<../figures/materials6_IRFs_intrate_smoothing_cond_anch_natrate_rho0_3_psi_pi_1
_5.png, id=301, 1143.27126pt x 589.20125pt>
File: ../figures/materials6_IRFs_intrate_smoothing_cond_anch_natrate_rho0_3_psi
_pi_1_5.png Graphic file (type png)

<use ../figures/materials6_IRFs_intrate_smoothing_cond_anch_natrate_rho0_3_psi_
pi_1_5.png>
Package pdftex.def Info: ../figures/materials6_IRFs_intrate_smoothing_cond_anch
_natrate_rho0_3_psi_pi_1_5.png used on input line 350.
(pdftex.def)             Requested size: 205.77994pt x 106.05164pt.

<../figures/materials6_IRFs_intrate_smoothing_cond_anch_natrate_rho0_6_psi_pi_1
_5.png, id=302, 1165.35374pt x 589.20125pt>
File: ../figures/materials6_IRFs_intrate_smoothing_cond_anch_natrate_rho0_6_psi
_pi_1_5.png Graphic file (type png)

<use ../figures/materials6_IRFs_intrate_smoothing_cond_anch_natrate_rho0_6_psi_
pi_1_5.png>
Package pdftex.def Info: ../figures/materials6_IRFs_intrate_smoothing_cond_anch
_natrate_rho0_6_psi_pi_1_5.png used on input line 351.
(pdftex.def)             Requested size: 209.75462pt x 106.05164pt.

<../figures/materials6_IRFs_intrate_smoothing_cond_anch_natrate_rho0_9_psi_pi_1
_5.png, id=303, 1180.41pt x 589.20125pt>
File: ../figures/materials6_IRFs_intrate_smoothing_cond_anch_natrate_rho0_9_psi
_pi_1_5.png Graphic file (type png)

<use ../figures/materials6_IRFs_intrate_smoothing_cond_anch_natrate_rho0_9_psi_
pi_1_5.png>
Package pdftex.def Info: ../figures/materials6_IRFs_intrate_smoothing_cond_anch
_natrate_rho0_9_psi_pi_1_5.png used on input line 352.
(pdftex.def)             Requested size: 212.46463pt x 106.05164pt.

<../figures/materials6_IRFs_intrate_smoothing_cond_anch_monpol_rho0_psi_pi_1_5.
png, id=304, 1153.30875pt x 589.20125pt>
File: ../figures/materials6_IRFs_intrate_smoothing_cond_anch_monpol_rho0_psi_pi
_1_5.png Graphic file (type png)

<use ../figures/materials6_IRFs_intrate_smoothing_cond_anch_monpol_rho0_psi_pi_
1_5.png>
Package pdftex.def Info: ../figures/materials6_IRFs_intrate_smoothing_cond_anch
_monpol_rho0_psi_pi_1_5.png used on input line 358.
(pdftex.def)             Requested size: 207.58661pt x 106.05164pt.

<../figures/materials6_IRFs_intrate_smoothing_cond_anch_monpol_rho0_3_psi_pi_1_
5.png, id=305, 1153.30875pt x 589.20125pt>
File: ../figures/materials6_IRFs_intrate_smoothing_cond_anch_monpol_rho0_3_psi_
pi_1_5.png Graphic file (type png)

<use ../figures/materials6_IRFs_intrate_smoothing_cond_anch_monpol_rho0_3_psi_p
i_1_5.png>
Package pdftex.def Info: ../figures/materials6_IRFs_intrate_smoothing_cond_anch
_monpol_rho0_3_psi_pi_1_5.png used on input line 359.
(pdftex.def)             Requested size: 207.58661pt x 106.05164pt.

<../figures/materials6_IRFs_intrate_smoothing_cond_anch_monpol_rho0_6_psi_pi_1_
5.png, id=306, 1153.30875pt x 589.20125pt>
File: ../figures/materials6_IRFs_intrate_smoothing_cond_anch_monpol_rho0_6_psi_
pi_1_5.png Graphic file (type png)

<use ../figures/materials6_IRFs_intrate_smoothing_cond_anch_monpol_rho0_6_psi_p
i_1_5.png>
Package pdftex.def Info: ../figures/materials6_IRFs_intrate_smoothing_cond_anch
_monpol_rho0_6_psi_pi_1_5.png used on input line 360.
(pdftex.def)             Requested size: 207.58661pt x 106.05164pt.

<../figures/materials6_IRFs_intrate_smoothing_cond_anch_monpol_rho0_9_psi_pi_1_
5.png, id=307, 1153.30875pt x 589.20125pt>
File: ../figures/materials6_IRFs_intrate_smoothing_cond_anch_monpol_rho0_9_psi_
pi_1_5.png Graphic file (type png)

<use ../figures/materials6_IRFs_intrate_smoothing_cond_anch_monpol_rho0_9_psi_p
i_1_5.png>
Package pdftex.def Info: ../figures/materials6_IRFs_intrate_smoothing_cond_anch
_monpol_rho0_9_psi_pi_1_5.png used on input line 361.
(pdftex.def)             Requested size: 207.58661pt x 106.05164pt.


LaTeX Warning: `!h' float specifier changed to `!ht'.


<../figures/materials6_IRFs_intrate_smoothing_cond_anch_costpush_rho0_psi_pi_1_
5.png, id=308, 1138.2525pt x 589.20125pt>
File: ../figures/materials6_IRFs_intrate_smoothing_cond_anch_costpush_rho0_psi_
pi_1_5.png Graphic file (type png)

<use ../figures/materials6_IRFs_intrate_smoothing_cond_anch_costpush_rho0_psi_p
i_1_5.png>
Package pdftex.def Info: ../figures/materials6_IRFs_intrate_smoothing_cond_anch
_costpush_rho0_psi_pi_1_5.png used on input line 366.
(pdftex.def)             Requested size: 204.8766pt x 106.05164pt.

<../figures/materials6_IRFs_intrate_smoothing_cond_anch_costpush_rho0_3_psi_pi_
1_5.png, id=309, 1138.2525pt x 589.20125pt>
File: ../figures/materials6_IRFs_intrate_smoothing_cond_anch_costpush_rho0_3_ps
i_pi_1_5.png Graphic file (type png)

<use ../figures/materials6_IRFs_intrate_smoothing_cond_anch_costpush_rho0_3_psi
_pi_1_5.png>
Package pdftex.def Info: ../figures/materials6_IRFs_intrate_smoothing_cond_anch
_costpush_rho0_3_psi_pi_1_5.png used on input line 367.
(pdftex.def)             Requested size: 204.8766pt x 106.05164pt.

<../figures/materials6_IRFs_intrate_smoothing_cond_anch_costpush_rho0_6_psi_pi_
1_5.png, id=310, 1138.2525pt x 589.20125pt>
File: ../figures/materials6_IRFs_intrate_smoothing_cond_anch_costpush_rho0_6_ps
i_pi_1_5.png Graphic file (type png)

<use ../figures/materials6_IRFs_intrate_smoothing_cond_anch_costpush_rho0_6_psi
_pi_1_5.png>
Package pdftex.def Info: ../figures/materials6_IRFs_intrate_smoothing_cond_anch
_costpush_rho0_6_psi_pi_1_5.png used on input line 368.
(pdftex.def)             Requested size: 204.8766pt x 106.05164pt.

<../figures/materials6_IRFs_intrate_smoothing_cond_anch_costpush_rho0_9_psi_pi_
1_5.png, id=311, 1153.30875pt x 589.20125pt>
File: ../figures/materials6_IRFs_intrate_smoothing_cond_anch_costpush_rho0_9_ps
i_pi_1_5.png Graphic file (type png)

<use ../figures/materials6_IRFs_intrate_smoothing_cond_anch_costpush_rho0_9_psi
_pi_1_5.png>
Package pdftex.def Info: ../figures/materials6_IRFs_intrate_smoothing_cond_anch
_costpush_rho0_9_psi_pi_1_5.png used on input line 369.
(pdftex.def)             Requested size: 207.58661pt x 106.05164pt.


LaTeX Warning: `!h' float specifier changed to `!ht'.


Package Fancyhdr Warning: \headheight is too small (12.0pt): 
 Make it at least 13.59999pt.
 We now make it that large for the rest of the document.
 This may cause the page layout to be inconsistent, however.

[14 <../figures/materials6_IRFs_intrate_smoothing_cond_anch_natrate_rho0_psi_pi
_1_5.png (PNG copy)> <../figures/materials6_IRFs_intrate_smoothing_cond_anch_na
trate_rho0_3_psi_pi_1_5.png (PNG copy)> <../figures/materials6_IRFs_intrate_smo
othing_cond_anch_natrate_rho0_6_psi_pi_1_5.png (PNG copy)> <../figures/material
s6_IRFs_intrate_smoothing_cond_anch_natrate_rho0_9_psi_pi_1_5.png (PNG copy)>]

Package Fancyhdr Warning: \headheight is too small (12.0pt): 
 Make it at least 13.59999pt.
 We now make it that large for the rest of the document.
 This may cause the page layout to be inconsistent, however.

[15 <../figures/materials6_IRFs_intrate_smoothing_cond_anch_monpol_rho0_psi_pi_
1_5.png (PNG copy)> <../figures/materials6_IRFs_intrate_smoothing_cond_anch_mon
pol_rho0_3_psi_pi_1_5.png (PNG copy)> <../figures/materials6_IRFs_intrate_smoot
hing_cond_anch_monpol_rho0_6_psi_pi_1_5.png (PNG copy)> <../figures/materials6_
IRFs_intrate_smoothing_cond_anch_monpol_rho0_9_psi_pi_1_5.png (PNG copy)> <../f
igures/materials6_IRFs_intrate_smoothing_cond_anch_costpush_rho0_psi_pi_1_5.png
 (PNG copy)> <../figures/materials6_IRFs_intrate_smoothing_cond_anch_costpush_r
ho0_3_psi_pi_1_5.png (PNG copy)> <../figures/materials6_IRFs_intrate_smoothing_
cond_anch_costpush_rho0_6_psi_pi_1_5.png (PNG copy)> <../figures/materials6_IRF
s_intrate_smoothing_cond_anch_costpush_rho0_9_psi_pi_1_5.png (PNG copy)>]

Package hyperref Warning: Token not allowed in a PDF string (PDFDocEncoding):
(hyperref)                removing `math shift' on input line 374.


Package hyperref Warning: Token not allowed in a PDF string (PDFDocEncoding):
(hyperref)                removing `\rho' on input line 374.


Package hyperref Warning: Token not allowed in a PDF string (PDFDocEncoding):
(hyperref)                removing `math shift' on input line 374.


<../figures/materials6_cond_anch_gain_natrate_rho0_psi_pi_1_5.png, id=336, 1172
.38pt x 603.25375pt>
File: ../figures/materials6_cond_anch_gain_natrate_rho0_psi_pi_1_5.png Graphic 
file (type png)

<use ../figures/materials6_cond_anch_gain_natrate_rho0_psi_pi_1_5.png>
Package pdftex.def Info: ../figures/materials6_cond_anch_gain_natrate_rho0_psi_
pi_1_5.png used on input line 376.
(pdftex.def)             Requested size: 140.67952pt x 72.38731pt.

<../figures/materials6_cond_anch_gain_natrate_rho0_3_psi_pi_1_5.png, id=337, 11
72.38pt x 603.25375pt>
File: ../figures/materials6_cond_anch_gain_natrate_rho0_3_psi_pi_1_5.png Graphi
c file (type png)

<use ../figures/materials6_cond_anch_gain_natrate_rho0_3_psi_pi_1_5.png>
Package pdftex.def Info: ../figures/materials6_cond_anch_gain_natrate_rho0_3_ps
i_pi_1_5.png used on input line 377.
(pdftex.def)             Requested size: 140.67952pt x 72.38731pt.

<../figures/materials6_cond_anch_gain_natrate_rho0_6_psi_pi_1_5.png, id=338, 11
72.38pt x 603.25375pt>
File: ../figures/materials6_cond_anch_gain_natrate_rho0_6_psi_pi_1_5.png Graphi
c file (type png)

<use ../figures/materials6_cond_anch_gain_natrate_rho0_6_psi_pi_1_5.png>
Package pdftex.def Info: ../figures/materials6_cond_anch_gain_natrate_rho0_6_ps
i_pi_1_5.png used on input line 378.
(pdftex.def)             Requested size: 140.67952pt x 72.38731pt.

<../figures/materials6_cond_anch_gain_natrate_rho0_9_psi_pi_1_5.png, id=339, 11
72.38pt x 603.25375pt>
File: ../figures/materials6_cond_anch_gain_natrate_rho0_9_psi_pi_1_5.png Graphi
c file (type png)

<use ../figures/materials6_cond_anch_gain_natrate_rho0_9_psi_pi_1_5.png>
Package pdftex.def Info: ../figures/materials6_cond_anch_gain_natrate_rho0_9_ps
i_pi_1_5.png used on input line 379.
(pdftex.def)             Requested size: 140.67952pt x 72.38731pt.

<../figures/materials6_cond_anch_gain_monpol_rho0_psi_pi_1_5.png, id=340, 1172.
38pt x 603.25375pt>
File: ../figures/materials6_cond_anch_gain_monpol_rho0_psi_pi_1_5.png Graphic f
ile (type png)

<use ../figures/materials6_cond_anch_gain_monpol_rho0_psi_pi_1_5.png>
Package pdftex.def Info: ../figures/materials6_cond_anch_gain_monpol_rho0_psi_p
i_1_5.png used on input line 383.
(pdftex.def)             Requested size: 140.67952pt x 72.38731pt.

<../figures/materials6_cond_anch_gain_monpol_rho0_3_psi_pi_1_5.png, id=341, 117
2.38pt x 602.25pt>
File: ../figures/materials6_cond_anch_gain_monpol_rho0_3_psi_pi_1_5.png Graphic
 file (type png)

<use ../figures/materials6_cond_anch_gain_monpol_rho0_3_psi_pi_1_5.png>
Package pdftex.def Info: ../figures/materials6_cond_anch_gain_monpol_rho0_3_psi
_pi_1_5.png used on input line 384.
(pdftex.def)             Requested size: 140.67952pt x 72.26688pt.

<../figures/materials6_cond_anch_gain_monpol_rho0_6_psi_pi_1_5.png, id=342, 117
2.38pt x 603.25375pt>
File: ../figures/materials6_cond_anch_gain_monpol_rho0_6_psi_pi_1_5.png Graphic
 file (type png)

<use ../figures/materials6_cond_anch_gain_monpol_rho0_6_psi_pi_1_5.png>
Package pdftex.def Info: ../figures/materials6_cond_anch_gain_monpol_rho0_6_psi
_pi_1_5.png used on input line 385.
(pdftex.def)             Requested size: 140.67952pt x 72.38731pt.

<../figures/materials6_cond_anch_gain_monpol_rho0_9_psi_pi_1_5.png, id=343, 117
2.38pt x 603.25375pt>
File: ../figures/materials6_cond_anch_gain_monpol_rho0_9_psi_pi_1_5.png Graphic
 file (type png)

<use ../figures/materials6_cond_anch_gain_monpol_rho0_9_psi_pi_1_5.png>
Package pdftex.def Info: ../figures/materials6_cond_anch_gain_monpol_rho0_9_psi
_pi_1_5.png used on input line 386.
(pdftex.def)             Requested size: 140.67952pt x 72.38731pt.

<../figures/materials6_cond_anch_gain_costpush_rho0_psi_pi_1_5.png, id=344, 117
2.38pt x 603.25375pt>
File: ../figures/materials6_cond_anch_gain_costpush_rho0_psi_pi_1_5.png Graphic
 file (type png)

<use ../figures/materials6_cond_anch_gain_costpush_rho0_psi_pi_1_5.png>
Package pdftex.def Info: ../figures/materials6_cond_anch_gain_costpush_rho0_psi
_pi_1_5.png used on input line 390.
(pdftex.def)             Requested size: 140.67952pt x 72.38731pt.

<../figures/materials6_cond_anch_gain_costpush_rho0_3_psi_pi_1_5.png, id=345, 1
172.38pt x 603.25375pt>
File: ../figures/materials6_cond_anch_gain_costpush_rho0_3_psi_pi_1_5.png Graph
ic file (type png)

<use ../figures/materials6_cond_anch_gain_costpush_rho0_3_psi_pi_1_5.png>
Package pdftex.def Info: ../figures/materials6_cond_anch_gain_costpush_rho0_3_p
si_pi_1_5.png used on input line 391.
(pdftex.def)             Requested size: 140.67952pt x 72.38731pt.

<../figures/materials6_cond_anch_gain_costpush_rho0_6_psi_pi_1_5.png, id=346, 1
172.38pt x 603.25375pt>
File: ../figures/materials6_cond_anch_gain_costpush_rho0_6_psi_pi_1_5.png Graph
ic file (type png)

<use ../figures/materials6_cond_anch_gain_costpush_rho0_6_psi_pi_1_5.png>
Package pdftex.def Info: ../figures/materials6_cond_anch_gain_costpush_rho0_6_p
si_pi_1_5.png used on input line 392.
(pdftex.def)             Requested size: 140.67952pt x 72.38731pt.

<../figures/materials6_cond_anch_gain_costpush_rho0_9_psi_pi_1_5.png, id=347, 1
172.38pt x 603.25375pt>
File: ../figures/materials6_cond_anch_gain_costpush_rho0_9_psi_pi_1_5.png Graph
ic file (type png)

<use ../figures/materials6_cond_anch_gain_costpush_rho0_9_psi_pi_1_5.png>
Package pdftex.def Info: ../figures/materials6_cond_anch_gain_costpush_rho0_9_p
si_pi_1_5.png used on input line 393.
(pdftex.def)             Requested size: 140.67952pt x 72.38731pt.


LaTeX Warning: `!h' float specifier changed to `!ht'.


Package Fancyhdr Warning: \headheight is too small (12.0pt): 
 Make it at least 13.59999pt.
 We now make it that large for the rest of the document.
 This may cause the page layout to be inconsistent, however.

[16

 <../figures/materials6_cond_anch_gain_natrate_rho0_psi_pi_1_5.png (PNG copy)> 
<../figures/materials6_cond_anch_gain_natrate_rho0_3_psi_pi_1_5.png (PNG copy)>
 <../figures/materials6_cond_anch_gain_natrate_rho0_6_psi_pi_1_5.png (PNG copy)
> <../figures/materials6_cond_anch_gain_natrate_rho0_9_psi_pi_1_5.png (PNG copy
)> <../figures/materials6_cond_anch_gain_monpol_rho0_psi_pi_1_5.png (PNG copy)>
 <../figures/materials6_cond_anch_gain_monpol_rho0_3_psi_pi_1_5.png (PNG copy)>
 <../figures/materials6_cond_anch_gain_monpol_rho0_6_psi_pi_1_5.png (PNG copy)>
 <../figures/materials6_cond_anch_gain_monpol_rho0_9_psi_pi_1_5.png (PNG copy)>
]

Package Fancyhdr Warning: \headheight is too small (12.0pt): 
 Make it at least 13.59999pt.
 We now make it that large for the rest of the document.
 This may cause the page layout to be inconsistent, however.

[17 <../figures/materials6_cond_anch_gain_costpush_rho0_psi_pi_1_5.png (PNG cop
y)> <../figures/materials6_cond_anch_gain_costpush_rho0_3_psi_pi_1_5.png (PNG c
opy)> <../figures/materials6_cond_anch_gain_costpush_rho0_6_psi_pi_1_5.png (PNG
 copy)> <../figures/materials6_cond_anch_gain_costpush_rho0_9_psi_pi_1_5.png (P
NG copy)>]

Package hyperref Warning: Token not allowed in a PDF string (PDFDocEncoding):
(hyperref)                removing `math shift' on input line 398.


Package hyperref Warning: Token not allowed in a PDF string (PDFDocEncoding):
(hyperref)                removing `\psi' on input line 398.


Package hyperref Warning: Token not allowed in a PDF string (PDFDocEncoding):
(hyperref)                removing `subscript' on input line 398.


Package hyperref Warning: Token not allowed in a PDF string (PDFDocEncoding):
(hyperref)                removing `\pi' on input line 398.


Package hyperref Warning: Token not allowed in a PDF string (PDFDocEncoding):
(hyperref)                removing `\rho' on input line 398.


Package hyperref Warning: Token not allowed in a PDF string (PDFDocEncoding):
(hyperref)                removing `math shift' on input line 398.


<../figures/materials6_IRFs_intrate_smoothing_cond_anch_natrate_rho0_psi_pi_1_1
.png, id=371, 1143.27126pt x 589.20125pt>
File: ../figures/materials6_IRFs_intrate_smoothing_cond_anch_natrate_rho0_psi_p
i_1_1.png Graphic file (type png)

<use ../figures/materials6_IRFs_intrate_smoothing_cond_anch_natrate_rho0_psi_pi
_1_1.png>
Package pdftex.def Info: ../figures/materials6_IRFs_intrate_smoothing_cond_anch
_natrate_rho0_psi_pi_1_1.png used on input line 400.
(pdftex.def)             Requested size: 205.77994pt x 106.05164pt.
File: ../figures/materials6_IRFs_intrate_smoothing_cond_anch_natrate_rho0_psi_p
i_1_5.png Graphic file (type png)

<use ../figures/materials6_IRFs_intrate_smoothing_cond_anch_natrate_rho0_psi_pi
_1_5.png>
Package pdftex.def Info: ../figures/materials6_IRFs_intrate_smoothing_cond_anch
_natrate_rho0_psi_pi_1_5.png used on input line 401.
(pdftex.def)             Requested size: 205.77994pt x 106.05164pt.

<../figures/materials6_IRFs_intrate_smoothing_cond_anch_natrate_rho0_psi_pi_2.p
ng, id=372, 1143.27126pt x 589.20125pt>
File: ../figures/materials6_IRFs_intrate_smoothing_cond_anch_natrate_rho0_psi_p
i_2.png Graphic file (type png)

<use ../figures/materials6_IRFs_intrate_smoothing_cond_anch_natrate_rho0_psi_pi
_2.png>
Package pdftex.def Info: ../figures/materials6_IRFs_intrate_smoothing_cond_anch
_natrate_rho0_psi_pi_2.png used on input line 402.
(pdftex.def)             Requested size: 205.77994pt x 106.05164pt.

<../figures/materials6_IRFs_intrate_smoothing_cond_anch_monpol_rho0_psi_pi_1_1.
png, id=373, 1119.18124pt x 589.20125pt>
File: ../figures/materials6_IRFs_intrate_smoothing_cond_anch_monpol_rho0_psi_pi
_1_1.png Graphic file (type png)

<use ../figures/materials6_IRFs_intrate_smoothing_cond_anch_monpol_rho0_psi_pi_
1_1.png>
Package pdftex.def Info: ../figures/materials6_IRFs_intrate_smoothing_cond_anch
_monpol_rho0_psi_pi_1_1.png used on input line 407.
(pdftex.def)             Requested size: 201.44392pt x 106.05164pt.
File: ../figures/materials6_IRFs_intrate_smoothing_cond_anch_monpol_rho0_psi_pi
_1_5.png Graphic file (type png)

<use ../figures/materials6_IRFs_intrate_smoothing_cond_anch_monpol_rho0_psi_pi_
1_5.png>
Package pdftex.def Info: ../figures/materials6_IRFs_intrate_smoothing_cond_anch
_monpol_rho0_psi_pi_1_5.png used on input line 408.
(pdftex.def)             Requested size: 207.58661pt x 106.05164pt.

<../figures/materials6_IRFs_intrate_smoothing_cond_anch_monpol_rho0_psi_pi_2.pn
g, id=374, 1153.30875pt x 589.20125pt>
File: ../figures/materials6_IRFs_intrate_smoothing_cond_anch_monpol_rho0_psi_pi
_2.png Graphic file (type png)

<use ../figures/materials6_IRFs_intrate_smoothing_cond_anch_monpol_rho0_psi_pi_
2.png>
Package pdftex.def Info: ../figures/materials6_IRFs_intrate_smoothing_cond_anch
_monpol_rho0_psi_pi_2.png used on input line 409.
(pdftex.def)             Requested size: 207.58661pt x 106.05164pt.

<../figures/materials6_IRFs_intrate_smoothing_cond_anch_costpush_rho0_psi_pi_1_
1.png, id=375, 1138.2525pt x 589.20125pt>
File: ../figures/materials6_IRFs_intrate_smoothing_cond_anch_costpush_rho0_psi_
pi_1_1.png Graphic file (type png)

<use ../figures/materials6_IRFs_intrate_smoothing_cond_anch_costpush_rho0_psi_p
i_1_1.png>
Package pdftex.def Info: ../figures/materials6_IRFs_intrate_smoothing_cond_anch
_costpush_rho0_psi_pi_1_1.png used on input line 414.
(pdftex.def)             Requested size: 204.8766pt x 106.05164pt.
File: ../figures/materials6_IRFs_intrate_smoothing_cond_anch_costpush_rho0_psi_
pi_1_5.png Graphic file (type png)

<use ../figures/materials6_IRFs_intrate_smoothing_cond_anch_costpush_rho0_psi_p
i_1_5.png>
Package pdftex.def Info: ../figures/materials6_IRFs_intrate_smoothing_cond_anch
_costpush_rho0_psi_pi_1_5.png used on input line 415.
(pdftex.def)             Requested size: 204.8766pt x 106.05164pt.

<../figures/materials6_IRFs_intrate_smoothing_cond_anch_costpush_rho0_psi_pi_2.
png, id=376, 1138.2525pt x 589.20125pt>
File: ../figures/materials6_IRFs_intrate_smoothing_cond_anch_costpush_rho0_psi_
pi_2.png Graphic file (type png)

<use ../figures/materials6_IRFs_intrate_smoothing_cond_anch_costpush_rho0_psi_p
i_2.png>
Package pdftex.def Info: ../figures/materials6_IRFs_intrate_smoothing_cond_anch
_costpush_rho0_psi_pi_2.png used on input line 416.
(pdftex.def)             Requested size: 204.8766pt x 106.05164pt.


LaTeX Warning: `!h' float specifier changed to `!ht'.


Package Fancyhdr Warning: \headheight is too small (12.0pt): 
 Make it at least 13.59999pt.
 We now make it that large for the rest of the document.
 This may cause the page layout to be inconsistent, however.

[18

 <../figures/materials6_IRFs_intrate_smoothing_cond_anch_natrate_rho0_psi_pi_1_
1.png (PNG copy)> <../figures/materials6_IRFs_intrate_smoothing_cond_anch_natra
te_rho0_psi_pi_2.png (PNG copy)> <../figures/materials6_IRFs_intrate_smoothing_
cond_anch_monpol_rho0_psi_pi_1_1.png (PNG copy)> <../figures/materials6_IRFs_in
trate_smoothing_cond_anch_monpol_rho0_psi_pi_2.png (PNG copy)>]

Package Fancyhdr Warning: \headheight is too small (12.0pt): 
 Make it at least 13.59999pt.
 We now make it that large for the rest of the document.
 This may cause the page layout to be inconsistent, however.

[19 <../figures/materials6_IRFs_intrate_smoothing_cond_anch_costpush_rho0_psi_p
i_1_1.png (PNG copy)> <../figures/materials6_IRFs_intrate_smoothing_cond_anch_c
ostpush_rho0_psi_pi_2.png (PNG copy)>]

Package hyperref Warning: Token not allowed in a PDF string (PDFDocEncoding):
(hyperref)                removing `math shift' on input line 421.


Package hyperref Warning: Token not allowed in a PDF string (PDFDocEncoding):
(hyperref)                removing `\psi' on input line 421.


Package hyperref Warning: Token not allowed in a PDF string (PDFDocEncoding):
(hyperref)                removing `subscript' on input line 421.


Package hyperref Warning: Token not allowed in a PDF string (PDFDocEncoding):
(hyperref)                removing `\pi' on input line 421.


Package hyperref Warning: Token not allowed in a PDF string (PDFDocEncoding):
(hyperref)                removing `math shift' on input line 421.


<../figures/materials6_cond_anch_gain_natrate_rho0_psi_pi_1_1.png, id=398, 1172
.38pt x 602.25pt>
File: ../figures/materials6_cond_anch_gain_natrate_rho0_psi_pi_1_1.png Graphic 
file (type png)

<use ../figures/materials6_cond_anch_gain_natrate_rho0_psi_pi_1_1.png>
Package pdftex.def Info: ../figures/materials6_cond_anch_gain_natrate_rho0_psi_
pi_1_1.png used on input line 423.
(pdftex.def)             Requested size: 140.67952pt x 72.26688pt.
File: ../figures/materials6_cond_anch_gain_natrate_rho0_psi_pi_1_5.png Graphic 
file (type png)

<use ../figures/materials6_cond_anch_gain_natrate_rho0_psi_pi_1_5.png>
Package pdftex.def Info: ../figures/materials6_cond_anch_gain_natrate_rho0_psi_
pi_1_5.png used on input line 424.
(pdftex.def)             Requested size: 140.67952pt x 72.38731pt.

<../figures/materials6_cond_anch_gain_natrate_rho0_psi_pi_2.png, id=399, 1172.3
8pt x 603.25375pt>
File: ../figures/materials6_cond_anch_gain_natrate_rho0_psi_pi_2.png Graphic fi
le (type png)

<use ../figures/materials6_cond_anch_gain_natrate_rho0_psi_pi_2.png>
Package pdftex.def Info: ../figures/materials6_cond_anch_gain_natrate_rho0_psi_
pi_2.png used on input line 425.
(pdftex.def)             Requested size: 140.67952pt x 72.38731pt.

<../figures/materials6_cond_anch_gain_monpol_rho0_psi_pi_1_1.png, id=400, 1172.
38pt x 603.25375pt>
File: ../figures/materials6_cond_anch_gain_monpol_rho0_psi_pi_1_1.png Graphic f
ile (type png)

<use ../figures/materials6_cond_anch_gain_monpol_rho0_psi_pi_1_1.png>
Package pdftex.def Info: ../figures/materials6_cond_anch_gain_monpol_rho0_psi_p
i_1_1.png used on input line 429.
(pdftex.def)             Requested size: 140.67952pt x 72.38731pt.
File: ../figures/materials6_cond_anch_gain_monpol_rho0_psi_pi_1_5.png Graphic f
ile (type png)

<use ../figures/materials6_cond_anch_gain_monpol_rho0_psi_pi_1_5.png>
Package pdftex.def Info: ../figures/materials6_cond_anch_gain_monpol_rho0_psi_p
i_1_5.png used on input line 430.
(pdftex.def)             Requested size: 140.67952pt x 72.38731pt.

<../figures/materials6_cond_anch_gain_monpol_rho0_psi_pi_2.png, id=401, 1172.38
pt x 603.25375pt>
File: ../figures/materials6_cond_anch_gain_monpol_rho0_psi_pi_2.png Graphic fil
e (type png)

<use ../figures/materials6_cond_anch_gain_monpol_rho0_psi_pi_2.png>
Package pdftex.def Info: ../figures/materials6_cond_anch_gain_monpol_rho0_psi_p
i_2.png used on input line 431.
(pdftex.def)             Requested size: 140.67952pt x 72.38731pt.

<../figures/materials6_cond_anch_gain_costpush_rho0_psi_pi_1_1.png, id=402, 117
2.38pt x 602.25pt>
File: ../figures/materials6_cond_anch_gain_costpush_rho0_psi_pi_1_1.png Graphic
 file (type png)

<use ../figures/materials6_cond_anch_gain_costpush_rho0_psi_pi_1_1.png>
Package pdftex.def Info: ../figures/materials6_cond_anch_gain_costpush_rho0_psi
_pi_1_1.png used on input line 435.
(pdftex.def)             Requested size: 140.67952pt x 72.26688pt.
File: ../figures/materials6_cond_anch_gain_costpush_rho0_psi_pi_1_5.png Graphic
 file (type png)

<use ../figures/materials6_cond_anch_gain_costpush_rho0_psi_pi_1_5.png>
Package pdftex.def Info: ../figures/materials6_cond_anch_gain_costpush_rho0_psi
_pi_1_5.png used on input line 436.
(pdftex.def)             Requested size: 140.67952pt x 72.38731pt.

<../figures/materials6_cond_anch_gain_costpush_rho0_psi_pi_2.png, id=403, 1172.
38pt x 603.25375pt>
File: ../figures/materials6_cond_anch_gain_costpush_rho0_psi_pi_2.png Graphic f
ile (type png)

<use ../figures/materials6_cond_anch_gain_costpush_rho0_psi_pi_2.png>
Package pdftex.def Info: ../figures/materials6_cond_anch_gain_costpush_rho0_psi
_pi_2.png used on input line 437.
(pdftex.def)             Requested size: 140.67952pt x 72.38731pt.
Package atveryend Info: Empty hook `BeforeClearDocument' on input line 446.


Package Fancyhdr Warning: \headheight is too small (12.0pt): 
 Make it at least 13.59999pt.
 We now make it that large for the rest of the document.
 This may cause the page layout to be inconsistent, however.

[20

 <../figures/materials6_cond_anch_gain_natrate_rho0_psi_pi_1_1.png (PNG copy)> 
<../figures/materials6_cond_anch_gain_natrate_rho0_psi_pi_2.png (PNG copy)> <..
/figures/materials6_cond_anch_gain_monpol_rho0_psi_pi_1_1.png (PNG copy)> <../f
igures/materials6_cond_anch_gain_monpol_rho0_psi_pi_2.png (PNG copy)> <../figur
es/materials6_cond_anch_gain_costpush_rho0_psi_pi_1_1.png (PNG copy)> <../figur
es/materials6_cond_anch_gain_costpush_rho0_psi_pi_2.png (PNG copy)>]
Package atveryend Info: Empty hook `AfterLastShipout' on input line 446.

(./materials6.aux)
Package atveryend Info: Executing hook `AtVeryEndDocument' on input line 446.
Package atveryend Info: Executing hook `AtEndAfterFileList' on input line 446.
Package rerunfilecheck Info: File `materials6.out' has not changed.
(rerunfilecheck)             Checksum: 26C04CA044BBEE76277FD3E507912BEE;1333.
Package atveryend Info: Empty hook `AtVeryVeryEnd' on input line 446.
 ) 
Here is how much of TeX's memory you used:
 11304 strings out of 493089
 189220 string characters out of 6134842
 286138 words of memory out of 5000000
 14347 multiletter control sequences out of 15000+600000
 18010 words of font info for 69 fonts, out of 8000000 for 9000
 1141 hyphenation exceptions out of 8191
 36i,22n,43p,757b,454s stack positions out of 5000i,500n,10000p,200000b,80000s
</usr/local/texlive/2015/texmf-dist/fonts/type1/public/amsfonts/cm/cmbx10.pfb
></usr/local/texlive/2015/texmf-dist/fonts/type1/public/amsfonts/cm/cmbx12.pfb>
</usr/local/texlive/2015/texmf-dist/fonts/type1/public/amsfonts/cm/cmbx9.pfb></
usr/local/texlive/2015/texmf-dist/fonts/type1/public/amsfonts/cm/cmcsc10.pfb></
usr/local/texlive/2015/texmf-dist/fonts/type1/public/amsfonts/cm/cmex10.pfb></u
sr/local/texlive/2015/texmf-dist/fonts/type1/public/amsfonts/cm/cmmi10.pfb></us
r/local/texlive/2015/texmf-dist/fonts/type1/public/amsfonts/cm/cmmi12.pfb></usr
/local/texlive/2015/texmf-dist/fonts/type1/public/amsfonts/cm/cmmi6.pfb></usr/l
ocal/texlive/2015/texmf-dist/fonts/type1/public/amsfonts/cm/cmmi8.pfb></usr/loc
al/texlive/2015/texmf-dist/fonts/type1/public/amsfonts/cm/cmmi9.pfb></usr/local
/texlive/2015/texmf-dist/fonts/type1/public/amsfonts/cm/cmr10.pfb></usr/local/t
exlive/2015/texmf-dist/fonts/type1/public/amsfonts/cm/cmr12.pfb></usr/local/tex
live/2015/texmf-dist/fonts/type1/public/amsfonts/cm/cmr17.pfb></usr/local/texli
ve/2015/texmf-dist/fonts/type1/public/amsfonts/cm/cmr8.pfb></usr/local/texlive/
2015/texmf-dist/fonts/type1/public/amsfonts/cm/cmr9.pfb></usr/local/texlive/201
5/texmf-dist/fonts/type1/public/amsfonts/cm/cmsy10.pfb></usr/local/texlive/2015
/texmf-dist/fonts/type1/public/amsfonts/cm/cmsy8.pfb></usr/local/texlive/2015/t
exmf-dist/fonts/type1/public/amsfonts/cm/cmti10.pfb></usr/local/texlive/2015/te
xmf-dist/fonts/type1/public/amsfonts/symbols/msbm10.pfb>
Output written on materials6.pdf (20 pages, 5869201 bytes).
PDF statistics:
 521 PDF objects out of 1000 (max. 8388607)
 390 compressed objects within 4 object streams
 185 named destinations out of 1000 (max. 500000)
 536 words of extra memory for PDF output out of 10000 (max. 10000000)

