\BOOKMARK [1][-]{section.1}{Special cases towards general case: agenda}{}% 1
\BOOKMARK [1][-]{section.2}{Timeline in the learning models}{}% 2
\BOOKMARK [1][-]{section.3}{The models to be simulated}{}% 3
\BOOKMARK [2][-]{subsection.3.1}{Rational expectations NK model \(RE\)}{section.3}% 4
\BOOKMARK [2][-]{subsection.3.2}{NK model with Euler equation learning \(EE\)}{section.3}% 5
\BOOKMARK [2][-]{subsection.3.3}{NK model with -horizon forecasts \(LR\)}{section.3}% 6
\BOOKMARK [1][-]{section.4}{Compact notation}{}% 7
\BOOKMARK [1][-]{section.5}{Learning}{}% 8
\BOOKMARK [1][-]{section.6}{ALMs}{}% 9
\BOOKMARK [2][-]{subsection.6.1}{RE}{section.6}% 10
\BOOKMARK [2][-]{subsection.6.2}{EE}{section.6}% 11
\BOOKMARK [2][-]{subsection.6.3}{LR}{section.6}% 12
\BOOKMARK [1][-]{section.7}{Simulations}{}% 13
\BOOKMARK [2][-]{subsection.7.1}{Learning slope and constant}{section.7}% 14
\BOOKMARK [2][-]{subsection.7.2}{Learning constant only}{section.7}% 15
\BOOKMARK [1][-]{section.8}{Extensions}{}% 16
\BOOKMARK [2][-]{subsection.8.1}{Vector anchoring: add anchoring about all observables to LR model where agents learn only the constant}{section.8}% 17
\BOOKMARK [2][-]{subsection.8.2}{Scalar anchoring: learning about the constant in inflation only}{section.8}% 18
\BOOKMARK [1][-]{section.9}{What I've learned so far}{}% 19
\BOOKMARK [1][-]{section.10}{Plan for DW presentation}{}% 20
