This is pdfTeX, Version 3.14159265-2.6-1.40.16 (TeX Live 2015) (preloaded format=pdflatex 2015.5.24)  27 SEP 2020 10:07
entering extended mode
 restricted \write18 enabled.
 file:line:error style messages enabled.
 %&-line parsing enabled.
**LAURA_GATI_JMP.tex
(./LAURA_GATI_JMP.tex
LaTeX2e <2015/01/01>
Babel <3.9l> and hyphenation patterns for 79 languages loaded.
(/usr/local/texlive/2015/texmf-dist/tex/latex/base/article.cls
Document Class: article 2014/09/29 v1.4h Standard LaTeX document class
(/usr/local/texlive/2015/texmf-dist/tex/latex/base/size11.clo
File: size11.clo 2014/09/29 v1.4h Standard LaTeX file (size option)
)
\c@part=\count79
\c@section=\count80
\c@subsection=\count81
\c@subsubsection=\count82
\c@paragraph=\count83
\c@subparagraph=\count84
\c@figure=\count85
\c@table=\count86
\abovecaptionskip=\skip41
\belowcaptionskip=\skip42
\bibindent=\dimen102
)
(/usr/local/texlive/2015/texmf-dist/tex/latex/amsmath/amsmath.sty
Package: amsmath 2013/01/14 v2.14 AMS math features
\@mathmargin=\skip43

For additional information on amsmath, use the `?' option.
(/usr/local/texlive/2015/texmf-dist/tex/latex/amsmath/amstext.sty
Package: amstext 2000/06/29 v2.01

(/usr/local/texlive/2015/texmf-dist/tex/latex/amsmath/amsgen.sty
File: amsgen.sty 1999/11/30 v2.0
\@emptytoks=\toks14
\ex@=\dimen103
))
(/usr/local/texlive/2015/texmf-dist/tex/latex/amsmath/amsbsy.sty
Package: amsbsy 1999/11/29 v1.2d
\pmbraise@=\dimen104
)
(/usr/local/texlive/2015/texmf-dist/tex/latex/amsmath/amsopn.sty
Package: amsopn 1999/12/14 v2.01 operator names
)
\inf@bad=\count87
LaTeX Info: Redefining \frac on input line 210.
\uproot@=\count88
\leftroot@=\count89
LaTeX Info: Redefining \overline on input line 306.
\classnum@=\count90
\DOTSCASE@=\count91
LaTeX Info: Redefining \ldots on input line 378.
LaTeX Info: Redefining \dots on input line 381.
LaTeX Info: Redefining \cdots on input line 466.
\Mathstrutbox@=\box26
\strutbox@=\box27
\big@size=\dimen105
LaTeX Font Info:    Redeclaring font encoding OML on input line 566.
LaTeX Font Info:    Redeclaring font encoding OMS on input line 567.
\macc@depth=\count92
\c@MaxMatrixCols=\count93
\dotsspace@=\muskip10
\c@parentequation=\count94
\dspbrk@lvl=\count95
\tag@help=\toks15
\row@=\count96
\column@=\count97
\maxfields@=\count98
\andhelp@=\toks16
\eqnshift@=\dimen106
\alignsep@=\dimen107
\tagshift@=\dimen108
\tagwidth@=\dimen109
\totwidth@=\dimen110
\lineht@=\dimen111
\@envbody=\toks17
\multlinegap=\skip44
\multlinetaggap=\skip45
\mathdisplay@stack=\toks18
LaTeX Info: Redefining \[ on input line 2665.
LaTeX Info: Redefining \] on input line 2666.
)
(/usr/local/texlive/2015/texmf-dist/tex/latex/amscls/amsthm.sty
Package: amsthm 2015/03/04 v2.20.2
\thm@style=\toks19
\thm@bodyfont=\toks20
\thm@headfont=\toks21
\thm@notefont=\toks22
\thm@headpunct=\toks23
\thm@preskip=\skip46
\thm@postskip=\skip47
\thm@headsep=\skip48
\dth@everypar=\toks24
)
(/usr/local/texlive/2015/texmf-dist/tex/latex/amsfonts/amssymb.sty
Package: amssymb 2013/01/14 v3.01 AMS font symbols

(/usr/local/texlive/2015/texmf-dist/tex/latex/amsfonts/amsfonts.sty
Package: amsfonts 2013/01/14 v3.01 Basic AMSFonts support
\symAMSa=\mathgroup4
\symAMSb=\mathgroup5
LaTeX Font Info:    Overwriting math alphabet `\mathfrak' in version `bold'
(Font)                  U/euf/m/n --> U/euf/b/n on input line 106.
))
(/usr/local/texlive/2015/texmf-dist/tex/latex/graphics/lscape.sty
Package: lscape 2000/10/22 v3.01 Landscape Pages (DPC)

(/usr/local/texlive/2015/texmf-dist/tex/latex/graphics/graphics.sty
Package: graphics 2014/10/28 v1.0p Standard LaTeX Graphics (DPC,SPQR)

(/usr/local/texlive/2015/texmf-dist/tex/latex/graphics/trig.sty
Package: trig 1999/03/16 v1.09 sin cos tan (DPC)
)
(/usr/local/texlive/2015/texmf-dist/tex/latex/latexconfig/graphics.cfg
File: graphics.cfg 2010/04/23 v1.9 graphics configuration of TeX Live
)
Package graphics Info: Driver file: pdftex.def on input line 94.

(/usr/local/texlive/2015/texmf-dist/tex/latex/pdftex-def/pdftex.def
File: pdftex.def 2011/05/27 v0.06d Graphics/color for pdfTeX

(/usr/local/texlive/2015/texmf-dist/tex/generic/oberdiek/infwarerr.sty
Package: infwarerr 2010/04/08 v1.3 Providing info/warning/error messages (HO)
)
(/usr/local/texlive/2015/texmf-dist/tex/generic/oberdiek/ltxcmds.sty
Package: ltxcmds 2011/11/09 v1.22 LaTeX kernel commands for general use (HO)
)
\Gread@gobject=\count99
)))
(/usr/local/texlive/2015/texmf-dist/tex/latex/natbib/natbib.sty
Package: natbib 2010/09/13 8.31b (PWD, AO)
\bibhang=\skip49
\bibsep=\skip50
LaTeX Info: Redefining \cite on input line 694.
\c@NAT@ctr=\count100
)
(/usr/local/texlive/2015/texmf-dist/tex/latex/mathtools/mathtools.sty
Package: mathtools 2015/05/11 v1.16 mathematical typesetting tools

(/usr/local/texlive/2015/texmf-dist/tex/latex/graphics/keyval.sty
Package: keyval 2014/10/28 v1.15 key=value parser (DPC)
\KV@toks@=\toks25
)
(/usr/local/texlive/2015/texmf-dist/tex/latex/tools/calc.sty
Package: calc 2014/10/28 v4.3 Infix arithmetic (KKT,FJ)
\calc@Acount=\count101
\calc@Bcount=\count102
\calc@Adimen=\dimen112
\calc@Bdimen=\dimen113
\calc@Askip=\skip51
\calc@Bskip=\skip52
LaTeX Info: Redefining \setlength on input line 80.
LaTeX Info: Redefining \addtolength on input line 81.
\calc@Ccount=\count103
\calc@Cskip=\skip53
)
(/usr/local/texlive/2015/texmf-dist/tex/latex/mathtools/mhsetup.sty
Package: mhsetup 2010/01/21 v1.2a programming setup (MH)
)
LaTeX Info: Thecontrolsequence`\('isalreadyrobust on input line 129.
LaTeX Info: Thecontrolsequence`\)'isalreadyrobust on input line 129.
LaTeX Info: Thecontrolsequence`\['isalreadyrobust on input line 129.
LaTeX Info: Thecontrolsequence`\]'isalreadyrobust on input line 129.
\g_MT_multlinerow_int=\count104
\l_MT_multwidth_dim=\dimen114
\origjot=\skip54
\l_MT_shortvdotswithinadjustabove_dim=\dimen115
\l_MT_shortvdotswithinadjustbelow_dim=\dimen116
\l_MT_above_intertext_sep=\dimen117
\l_MT_below_intertext_sep=\dimen118
\l_MT_above_shortintertext_sep=\dimen119
\l_MT_below_shortintertext_sep=\dimen120
)
(/usr/local/texlive/2015/texmf-dist/tex/latex/subfigure/subfigure.sty
Package: subfigure 2002/03/15 v2.1.5 subfigure package
\subfigtopskip=\skip55
\subfigcapskip=\skip56
\subfigcaptopadj=\dimen121
\subfigbottomskip=\skip57
\subfigcapmargin=\dimen122
\subfiglabelskip=\skip58
\c@subfigure=\count105
\c@lofdepth=\count106
\c@subtable=\count107
\c@lotdepth=\count108

****************************************
* Local config file subfigure.cfg used *
****************************************
(/usr/local/texlive/2015/texmf-dist/tex/latex/subfigure/subfigure.cfg)
\subfig@top=\skip59
\subfig@bottom=\skip60
)
(/usr/local/texlive/2015/texmf-dist/tex/latex/caption/caption.sty
Package: caption 2013/05/02 v3.3-89 Customizing captions (AR)

(/usr/local/texlive/2015/texmf-dist/tex/latex/caption/caption3.sty
Package: caption3 2013/05/02 v1.6-88 caption3 kernel (AR)
Package caption3 Info: TeX engine: e-TeX on input line 57.
\captionmargin=\dimen123
\captionmargin@=\dimen124
\captionwidth=\dimen125
\caption@tempdima=\dimen126
\caption@indent=\dimen127
\caption@parindent=\dimen128
\caption@hangindent=\dimen129
)
\c@ContinuedFloat=\count109
Package caption Info: subfigure package is loaded.
)
(/usr/local/texlive/2015/texmf-dist/tex/latex/graphics/graphicx.sty
Package: graphicx 2014/10/28 v1.0g Enhanced LaTeX Graphics (DPC,SPQR)
\Gin@req@height=\dimen130
\Gin@req@width=\dimen131
)
(/usr/local/texlive/2015/texmf-dist/tex/latex/colortbl/colortbl.sty
Package: colortbl 2012/02/13 v1.0a Color table columns (DPC)

(/usr/local/texlive/2015/texmf-dist/tex/latex/tools/array.sty
Package: array 2014/10/28 v2.4c Tabular extension package (FMi)
\col@sep=\dimen132
\extrarowheight=\dimen133
\NC@list=\toks26
\extratabsurround=\skip61
\backup@length=\skip62
)
(/usr/local/texlive/2015/texmf-dist/tex/latex/graphics/color.sty
Package: color 2014/10/28 v1.1a Standard LaTeX Color (DPC)

(/usr/local/texlive/2015/texmf-dist/tex/latex/latexconfig/color.cfg
File: color.cfg 2007/01/18 v1.5 color configuration of teTeX/TeXLive
)
Package color Info: Driver file: pdftex.def on input line 142.
)
\everycr=\toks27
\minrowclearance=\skip63
)
(/usr/local/texlive/2015/texmf-dist/tex/latex/tools/hhline.sty
Package: hhline 2014/10/28 v2.03 Table rule package (DPC)
)
(/usr/local/texlive/2015/texmf-dist/tex/latex/multirow/multirow.sty
\bigstrutjot=\dimen134
)
(/usr/local/texlive/2015/texmf-dist/tex/latex/tools/multicol.sty
Package: multicol 2015/03/31 v1.8m multicolumn formatting (FMi)
\c@tracingmulticols=\count110
\mult@box=\box28
\multicol@leftmargin=\dimen135
\c@unbalance=\count111
\c@collectmore=\count112
\doublecol@number=\count113
\multicoltolerance=\count114
\multicolpretolerance=\count115
\full@width=\dimen136
\page@free=\dimen137
\premulticols=\dimen138
\postmulticols=\dimen139
\multicolsep=\skip64
\multicolbaselineskip=\skip65
\partial@page=\box29
\last@line=\box30
\maxbalancingoverflow=\dimen140
\mult@rightbox=\box31
\mult@grightbox=\box32
\mult@gfirstbox=\box33
\mult@firstbox=\box34
\@tempa=\box35
\@tempa=\box36
\@tempa=\box37
\@tempa=\box38
\@tempa=\box39
\@tempa=\box40
\@tempa=\box41
\@tempa=\box42
\@tempa=\box43
\@tempa=\box44
\@tempa=\box45
\@tempa=\box46
\@tempa=\box47
\@tempa=\box48
\@tempa=\box49
\@tempa=\box50
\@tempa=\box51
\c@columnbadness=\count116
\c@finalcolumnbadness=\count117
\last@try=\dimen141
\multicolovershoot=\dimen142
\multicolundershoot=\dimen143
\mult@nat@firstbox=\box52
\colbreak@box=\box53
\mc@col@check@num=\count118
)
(/usr/local/texlive/2015/texmf-dist/tex/latex/setspace/setspace.sty
Package: setspace 2011/12/19 v6.7a set line spacing
)
(/usr/local/texlive/2015/texmf-dist/tex/latex/pdfpages/pdfpages.sty
Package: pdfpages 2015/05/11 v0.4x Insert pages of external PDF documents (AM)

(/usr/local/texlive/2015/texmf-dist/tex/latex/base/ifthen.sty
Package: ifthen 2014/09/29 v1.1c Standard LaTeX ifthen package (DPC)
)
(/usr/local/texlive/2015/texmf-dist/tex/latex/eso-pic/eso-pic.sty
Package: eso-pic 2015/04/20 v2.0e eso-pic (RN)

(/usr/local/texlive/2015/texmf-dist/tex/generic/oberdiek/atbegshi.sty
Package: atbegshi 2011/10/05 v1.16 At begin shipout hook (HO)

(/usr/local/texlive/2015/texmf-dist/tex/generic/oberdiek/ifpdf.sty
Package: ifpdf 2011/01/30 v2.3 Provides the ifpdf switch (HO)
Package ifpdf Info: pdfTeX in PDF mode is detected.
)))
\AM@pagewidth=\dimen144
\AM@pageheight=\dimen145

(/usr/local/texlive/2015/texmf-dist/tex/latex/pdfpages/pppdftex.def
File: pppdftex.def 2015/05/11 v0.4x Pdfpages driver for pdfTeX (AM)
)
\AM@pagebox=\box54
\AM@toc@title=\toks28
\c@AM@survey=\count119
\AM@templatesizebox=\box55
)
(/usr/local/texlive/2015/texmf-dist/tex/latex/geometry/geometry.sty
Package: geometry 2010/09/12 v5.6 Page Geometry

(/usr/local/texlive/2015/texmf-dist/tex/generic/oberdiek/ifvtex.sty
Package: ifvtex 2010/03/01 v1.5 Detect VTeX and its facilities (HO)
Package ifvtex Info: VTeX not detected.
)
(/usr/local/texlive/2015/texmf-dist/tex/generic/ifxetex/ifxetex.sty
Package: ifxetex 2010/09/12 v0.6 Provides ifxetex conditional
)
\Gm@cnth=\count120
\Gm@cntv=\count121
\c@Gm@tempcnt=\count122
\Gm@bindingoffset=\dimen146
\Gm@wd@mp=\dimen147
\Gm@odd@mp=\dimen148
\Gm@even@mp=\dimen149
\Gm@layoutwidth=\dimen150
\Gm@layoutheight=\dimen151
\Gm@layouthoffset=\dimen152
\Gm@layoutvoffset=\dimen153
\Gm@dimlist=\toks29
)
(/usr/local/texlive/2015/texmf-dist/tex/latex/natbib/bibentry.sty
Package: bibentry 2007/10/30 1.5 (PWD)
)
(/usr/local/texlive/2015/texmf-dist/tex/latex/hyperref/xr-hyper.sty
Package: xr-hyper 2000/03/22 v6.00beta4 eXternal References (DPC)
)
(/usr/local/texlive/2015/texmf-dist/tex/latex/hyperref/hyperref.sty
Package: hyperref 2012/11/06 v6.83m Hypertext links for LaTeX

(/usr/local/texlive/2015/texmf-dist/tex/generic/oberdiek/hobsub-hyperref.sty
Package: hobsub-hyperref 2012/05/28 v1.13 Bundle oberdiek, subset hyperref (HO)


(/usr/local/texlive/2015/texmf-dist/tex/generic/oberdiek/hobsub-generic.sty
Package: hobsub-generic 2012/05/28 v1.13 Bundle oberdiek, subset generic (HO)
Package: hobsub 2012/05/28 v1.13 Construct package bundles (HO)
Package hobsub Info: Skipping package `infwarerr' (already loaded).
Package hobsub Info: Skipping package `ltxcmds' (already loaded).
Package: ifluatex 2010/03/01 v1.3 Provides the ifluatex switch (HO)
Package ifluatex Info: LuaTeX not detected.
Package hobsub Info: Skipping package `ifvtex' (already loaded).
Package: intcalc 2007/09/27 v1.1 Expandable calculations with integers (HO)
Package hobsub Info: Skipping package `ifpdf' (already loaded).
Package: etexcmds 2011/02/16 v1.5 Avoid name clashes with e-TeX commands (HO)
Package etexcmds Info: Could not find \expanded.
(etexcmds)             That can mean that you are not using pdfTeX 1.50 or
(etexcmds)             that some package has redefined \expanded.
(etexcmds)             In the latter case, load this package earlier.
Package: kvsetkeys 2012/04/25 v1.16 Key value parser (HO)
Package: kvdefinekeys 2011/04/07 v1.3 Define keys (HO)
Package: pdftexcmds 2011/11/29 v0.20 Utility functions of pdfTeX for LuaTeX (HO
)
Package pdftexcmds Info: LuaTeX not detected.
Package pdftexcmds Info: \pdf@primitive is available.
Package pdftexcmds Info: \pdf@ifprimitive is available.
Package pdftexcmds Info: \pdfdraftmode found.
Package: pdfescape 2011/11/25 v1.13 Implements pdfTeX's escape features (HO)
Package: bigintcalc 2012/04/08 v1.3 Expandable calculations on big integers (HO
)
Package: bitset 2011/01/30 v1.1 Handle bit-vector datatype (HO)
Package: uniquecounter 2011/01/30 v1.2 Provide unlimited unique counter (HO)
)
Package hobsub Info: Skipping package `hobsub' (already loaded).
Package: letltxmacro 2010/09/02 v1.4 Let assignment for LaTeX macros (HO)
Package: hopatch 2012/05/28 v1.2 Wrapper for package hooks (HO)
Package: xcolor-patch 2011/01/30 xcolor patch
Package: atveryend 2011/06/30 v1.8 Hooks at the very end of document (HO)
Package atveryend Info: \enddocument detected (standard20110627).
Package hobsub Info: Skipping package `atbegshi' (already loaded).
Package: refcount 2011/10/16 v3.4 Data extraction from label references (HO)
Package: hycolor 2011/01/30 v1.7 Color options for hyperref/bookmark (HO)
)
(/usr/local/texlive/2015/texmf-dist/tex/latex/oberdiek/auxhook.sty
Package: auxhook 2011/03/04 v1.3 Hooks for auxiliary files (HO)
)
(/usr/local/texlive/2015/texmf-dist/tex/latex/oberdiek/kvoptions.sty
Package: kvoptions 2011/06/30 v3.11 Key value format for package options (HO)
)
\@linkdim=\dimen154
\Hy@linkcounter=\count123
\Hy@pagecounter=\count124

(/usr/local/texlive/2015/texmf-dist/tex/latex/hyperref/pd1enc.def
File: pd1enc.def 2012/11/06 v6.83m Hyperref: PDFDocEncoding definition (HO)
)
\Hy@SavedSpaceFactor=\count125

(/usr/local/texlive/2015/texmf-dist/tex/latex/latexconfig/hyperref.cfg
File: hyperref.cfg 2002/06/06 v1.2 hyperref configuration of TeXLive
)
Package hyperref Info: Hyper figures OFF on input line 4443.
Package hyperref Info: Link nesting OFF on input line 4448.
Package hyperref Info: Hyper index ON on input line 4451.
Package hyperref Info: Plain pages OFF on input line 4458.
Package hyperref Info: Backreferencing OFF on input line 4463.
Package hyperref Info: Implicit mode ON; LaTeX internals redefined.
Package hyperref Info: Bookmarks ON on input line 4688.
\c@Hy@tempcnt=\count126

(/usr/local/texlive/2015/texmf-dist/tex/latex/url/url.sty
\Urlmuskip=\muskip11
Package: url 2013/09/16  ver 3.4  Verb mode for urls, etc.
)
LaTeX Info: Redefining \url on input line 5041.
\XeTeXLinkMargin=\dimen155
\Fld@menulength=\count127
\Field@Width=\dimen156
\Fld@charsize=\dimen157
Package hyperref Info: Hyper figures OFF on input line 6295.
Package hyperref Info: Link nesting OFF on input line 6300.
Package hyperref Info: Hyper index ON on input line 6303.
Package hyperref Info: backreferencing OFF on input line 6310.
Package hyperref Info: Link coloring OFF on input line 6315.
Package hyperref Info: Link coloring with OCG OFF on input line 6320.
Package hyperref Info: PDF/A mode OFF on input line 6325.
LaTeX Info: Redefining \ref on input line 6365.
LaTeX Info: Redefining \pageref on input line 6369.
\Hy@abspage=\count128
\c@Item=\count129
\c@Hfootnote=\count130
)

Package hyperref Message: Driver (autodetected): hpdftex.

(/usr/local/texlive/2015/texmf-dist/tex/latex/hyperref/hpdftex.def
File: hpdftex.def 2012/11/06 v6.83m Hyperref driver for pdfTeX
\Fld@listcount=\count131
\c@bookmark@seq@number=\count132

(/usr/local/texlive/2015/texmf-dist/tex/latex/oberdiek/rerunfilecheck.sty
Package: rerunfilecheck 2011/04/15 v1.7 Rerun checks for auxiliary files (HO)
Package uniquecounter Info: New unique counter `rerunfilecheck' on input line 2
82.
)
\Hy@SectionHShift=\skip66
)
(/usr/local/texlive/2015/texmf-dist/tex/latex/floatrow/floatrow.sty
Package: floatrow 2008/08/02 v0.3b floatrow: float package extension
\c@float@type=\count133
\float@exts=\toks30
\float@box=\box56
\@floatcapt=\box57
Package floatrow Info: Modified float package code loaded on input line 455.
Package floatrow Info: Modified rotfloat package code loaded on input line 473.

\FR@everyfloat=\toks31
\flrow@foot=\insert233
\FB@wd=\dimen158
\FBo@wd=\dimen159
\FBc@wd=\dimen160
\FBo@ht=\skip67
\FBc@ht=\skip68
\FBf@ht=\skip69
\FBo@max=\skip70
\FBc@max=\skip71
\FBf@max=\skip72
\c@FBl@b=\count134
\floatbox@depth=\count135
\c@FRobj=\count136
\c@FRsobj=\count137
\Xhsize=\skip73
\sXhsize=\skip74
\Zhsize=\skip75
\sZhsize=\skip76
\flrow@rowbox=\box58
\FR@Zunitlength=\dimen161
\c@FBcnt=\count138
\FPOScnt=\count139
\LTleft=\skip77
\LTright=\skip78
\LTleft=\skip79
\LTright=\skip80
\flrow@types=\toks32
)
(/usr/local/texlive/2015/texmf-dist/tex/latex/psnfss/palatino.sty
Package: palatino 2005/04/12 PSNFSS-v9.2a (SPQR) 
)
Package hyperref Info: Option `colorlinks' set `true' on input line 44.
\c@prop=\count140
\c@definition=\count141
\c@lemma=\count142
\c@corollary=\count143
\c@result=\count144

(./LAURA_GATI_JMP.aux)
\openout1 = `LAURA_GATI_JMP.aux'.

LaTeX Font Info:    Checking defaults for OML/cmm/m/it on input line 221.
LaTeX Font Info:    ... okay on input line 221.
LaTeX Font Info:    Checking defaults for T1/cmr/m/n on input line 221.
LaTeX Font Info:    ... okay on input line 221.
LaTeX Font Info:    Checking defaults for OT1/cmr/m/n on input line 221.
LaTeX Font Info:    ... okay on input line 221.
LaTeX Font Info:    Checking defaults for OMS/cmsy/m/n on input line 221.
LaTeX Font Info:    ... okay on input line 221.
LaTeX Font Info:    Checking defaults for OMX/cmex/m/n on input line 221.
LaTeX Font Info:    ... okay on input line 221.
LaTeX Font Info:    Checking defaults for U/cmr/m/n on input line 221.
LaTeX Font Info:    ... okay on input line 221.
LaTeX Font Info:    Checking defaults for PD1/pdf/m/n on input line 221.
LaTeX Font Info:    ... okay on input line 221.
LaTeX Font Info:    Try loading font information for OT1+ppl on input line 221.


(/usr/local/texlive/2015/texmf-dist/tex/latex/psnfss/ot1ppl.fd
File: ot1ppl.fd 2001/06/04 font definitions for OT1/ppl.
)
(/usr/local/texlive/2015/texmf-dist/tex/context/base/supp-pdf.mkii
[Loading MPS to PDF converter (version 2006.09.02).]
\scratchcounter=\count145
\scratchdimen=\dimen162
\scratchbox=\box59
\nofMPsegments=\count146
\nofMParguments=\count147
\everyMPshowfont=\toks33
\MPscratchCnt=\count148
\MPscratchDim=\dimen163
\MPnumerator=\count149
\makeMPintoPDFobject=\count150
\everyMPtoPDFconversion=\toks34
) (/usr/local/texlive/2015/texmf-dist/tex/latex/oberdiek/epstopdf-base.sty
Package: epstopdf-base 2010/02/09 v2.5 Base part for package epstopdf

(/usr/local/texlive/2015/texmf-dist/tex/latex/oberdiek/grfext.sty
Package: grfext 2010/08/19 v1.1 Manage graphics extensions (HO)
)
Package grfext Info: Graphics extension search list:
(grfext)             [.png,.pdf,.jpg,.mps,.jpeg,.jbig2,.jb2,.PNG,.PDF,.JPG,.JPE
G,.JBIG2,.JB2,.eps]
(grfext)             \AppendGraphicsExtensions on input line 452.

(/usr/local/texlive/2015/texmf-dist/tex/latex/latexconfig/epstopdf-sys.cfg
File: epstopdf-sys.cfg 2010/07/13 v1.3 Configuration of (r)epstopdf for TeX Liv
e
))
Package caption Info: Begin \AtBeginDocument code.
Package caption Info: floatrow package is loaded.
Package caption Info: float package is loaded.
Package caption Info: floatrow package is loaded.
Package caption Info: hyperref package is loaded.
Package caption Info: End \AtBeginDocument code.
\AtBeginShipoutBox=\box60

*geometry* driver: auto-detecting
*geometry* detected driver: pdftex
*geometry* verbose mode - [ preamble ] result:
* driver: pdftex
* paper: <default>
* layout: <same size as paper>
* layoutoffset:(h,v)=(0.0pt,0.0pt)
* modes: 
* h-part:(L,W,R)=(59.98422pt, 489.99052pt, 64.32025pt)
* v-part:(T,H,B)=(72.26999pt, 650.43001pt, 72.26999pt)
* \paperwidth=614.295pt
* \paperheight=794.96999pt
* \textwidth=489.99052pt
* \textheight=650.43001pt
* \oddsidemargin=-12.28577pt
* \evensidemargin=-12.28577pt
* \topmargin=-37.0pt
* \headheight=12.0pt
* \headsep=25.0pt
* \topskip=11.0pt
* \footskip=30.0pt
* \marginparwidth=59.0pt
* \marginparsep=10.0pt
* \columnsep=10.0pt
* \skip\footins=10.0pt plus 4.0pt minus 2.0pt
* \hoffset=0.0pt
* \voffset=0.0pt
* \mag=1000
* \@twocolumnfalse
* \@twosidefalse
* \@mparswitchfalse
* \@reversemarginfalse
* (1in=72.27pt=25.4mm, 1cm=28.453pt)

Package hyperref Info: Link coloring ON on input line 221.
(/usr/local/texlive/2015/texmf-dist/tex/latex/hyperref/nameref.sty
Package: nameref 2012/10/27 v2.43 Cross-referencing by name of section

(/usr/local/texlive/2015/texmf-dist/tex/generic/oberdiek/gettitlestring.sty
Package: gettitlestring 2010/12/03 v1.4 Cleanup title references (HO)
)
\c@section@level=\count151
)
LaTeX Info: Redefining \ref on input line 221.
LaTeX Info: Redefining \pageref on input line 221.
LaTeX Info: Redefining \nameref on input line 221.

(./LAURA_GATI_JMP.out) (./LAURA_GATI_JMP.out)
\@outlinefile=\write3
\openout3 = `LAURA_GATI_JMP.out'.

LaTeX Font Info:    Try loading font information for U+msa on input line 231.

(/usr/local/texlive/2015/texmf-dist/tex/latex/amsfonts/umsa.fd
File: umsa.fd 2013/01/14 v3.01 AMS symbols A
)
LaTeX Font Info:    Try loading font information for U+msb on input line 231.

(/usr/local/texlive/2015/texmf-dist/tex/latex/amsfonts/umsb.fd
File: umsb.fd 2013/01/14 v3.01 AMS symbols B
)
LaTeX Font Info:    Font shape `OT1/ppl/bx/n' in size <10> not available
(Font)              Font shape `OT1/ppl/b/n' tried instead on input line 234.
 [1

{/usr/local/texlive/2015/texmf-var/fonts/map/pdftex/updmap/pdftex.map}]
LaTeX Font Info:    Font shape `OT1/ppl/bx/n' in size <14.4> not available
(Font)              Font shape `OT1/ppl/b/n' tried instead on input line 246.

<../../figures/rolling_overlapping_command_anchoring_in_data_individual_23_Sep_
2020_21_04_48.png, id=131, 1131.22626pt x 690.58pt>
File: ../../figures/rolling_overlapping_command_anchoring_in_data_individual_23
_Sep_2020_21_04_48.png Graphic file (type png)

<use ../../figures/rolling_overlapping_command_anchoring_in_data_individual_23_
Sep_2020_21_04_48.png>
Package pdftex.def Info: ../../figures/rolling_overlapping_command_anchoring_in
_data_individual_23_Sep_2020_21_04_48.png used on input line 297.
(pdftex.def)             Requested size: 339.3705pt x 207.1756pt.
LaTeX Font Info:    Font shape `OT1/ppl/bx/n' in size <9> not available
(Font)              Font shape `OT1/ppl/b/n' tried instead on input line 298.


LaTeX Warning: `!h' float specifier changed to `!ht'.

[2] [3 <../../figures/rolling_overlapping_command_anchoring_in_data_individual_
23_Sep_2020_21_04_48.png (PNG copy)>] [4] [5]
LaTeX Font Info:    Font shape `OT1/ppl/bx/n' in size <12> not available
(Font)              Font shape `OT1/ppl/b/n' tried instead on input line 347.
 [6] [7] [8] [9] [10] [11]
[12] [13] [14]
<../../figures/alph_opt_N_100_nfe_5_gridspacing_manual_Wdiffs2_100000_Wmid_1000
_Nsimulations_command_sigmas_17_Sep_2020_12_05_56.png, id=460, 1066.98625pt x 7
65.86125pt>
File: ../../figures/alph_opt_N_100_nfe_5_gridspacing_manual_Wdiffs2_100000_Wmid
_1000_Nsimulations_command_sigmas_17_Sep_2020_12_05_56.png Graphic file (type p
ng)

<use ../../figures/alph_opt_N_100_nfe_5_gridspacing_manual_Wdiffs2_100000_Wmid_
1000_Nsimulations_command_sigmas_17_Sep_2020_12_05_56.png>
Package pdftex.def Info: ../../figures/alph_opt_N_100_nfe_5_gridspacing_manual_
Wdiffs2_100000_Wmid_1000_Nsimulations_command_sigmas_17_Sep_2020_12_05_56.png u
sed on input line 555.
(pdftex.def)             Requested size: 320.09834pt x 229.76015pt.
 [15 <../../figures/alph_opt_N_100_nfe_5_gridspacing_manual_Wdiffs2_100000_Wmid
_1000_Nsimulations_command_sigmas_17_Sep_2020_12_05_56.png (PNG copy)>]
<../../figures/fe_SPF_command_anchoring_in_data_19_Sep_2020_11_45_59.png, id=48
6, 1059.96pt x 755.82375pt>
File: ../../figures/fe_SPF_command_anchoring_in_data_19_Sep_2020_11_45_59.png G
raphic file (type png)

<use ../../figures/fe_SPF_command_anchoring_in_data_19_Sep_2020_11_45_59.png>
Package pdftex.def Info: ../../figures/fe_SPF_command_anchoring_in_data_19_Sep_
2020_11_45_59.png used on input line 571.
(pdftex.def)             Requested size: 211.98824pt x 151.16206pt.

<../../figures/fe_SPF_hist_command_anchoring_in_data_19_Sep_2020_11_45_59.png, 
id=487, 1047.915pt x 755.82375pt>
File: ../../figures/fe_SPF_hist_command_anchoring_in_data_19_Sep_2020_11_45_59.
png Graphic file (type png)

<use ../../figures/fe_SPF_hist_command_anchoring_in_data_19_Sep_2020_11_45_59.p
ng>
Package pdftex.def Info: ../../figures/fe_SPF_hist_command_anchoring_in_data_19
_Sep_2020_11_45_59.png used on input line 572.
(pdftex.def)             Requested size: 209.57928pt x 151.16206pt.
 [16 <../../figures/fe_SPF_command_anchoring_in_data_19_Sep_2020_11_45_59.png (
PNG copy)> <../../figures/fe_SPF_hist_command_anchoring_in_data_19_Sep_2020_11_
45_59.png (PNG copy)>] [17]
LaTeX Font Info:    Font shape `OT1/ppl/bx/n' in size <10.95> not available
(Font)              Font shape `OT1/ppl/b/n' tried instead on input line 613.
 [18] [19] [20] [21] [22]
<../../figures/analyze_opt_policy_ip25_Sep_2020.png, id=645, 1095.09125pt x 749
.80125pt>
File: ../../figures/analyze_opt_policy_ip25_Sep_2020.png Graphic file (type png
)
 <use ../../figures/analyze_opt_policy_ip25_Sep_2020.png>
Package pdftex.def Info: ../../figures/analyze_opt_policy_ip25_Sep_2020.png use
d on input line 716.
(pdftex.def)             Requested size: 262.82727pt x 179.95598pt.


LaTeX Warning: `!h' float specifier changed to `!ht'.

[23]
<../../figures/RIR_anch_psi_pi1_5_command_IRFs_approx_pretty_2020_09_17.png, id
=669, 1072.005pt x 695.59875pt>
File: ../../figures/RIR_anch_psi_pi1_5_command_IRFs_approx_pretty_2020_09_17.pn
g Graphic file (type png)

<use ../../figures/RIR_anch_psi_pi1_5_command_IRFs_approx_pretty_2020_09_17.png
>
Package pdftex.def Info: ../../figures/RIR_anch_psi_pi1_5_command_IRFs_approx_p
retty_2020_09_17.png used on input line 728.
(pdftex.def)             Requested size: 235.84183pt x 153.0322pt.

<../../figures/RIR_unanch_psi_pi1_5_command_IRFs_approx_pretty_2020_09_17.png, 
id=670, 1047.915pt x 695.59875pt>
File: ../../figures/RIR_unanch_psi_pi1_5_command_IRFs_approx_pretty_2020_09_17.
png Graphic file (type png)

<use ../../figures/RIR_unanch_psi_pi1_5_command_IRFs_approx_pretty_2020_09_17.p
ng>
Package pdftex.def Info: ../../figures/RIR_unanch_psi_pi1_5_command_IRFs_approx
_pretty_2020_09_17.png used on input line 729.
(pdftex.def)             Requested size: 230.542pt x 153.0322pt.


LaTeX Warning: `!h' float specifier changed to `!ht'.

[24 <../../figures/analyze_opt_policy_ip25_Sep_2020.png (PNG copy)>]
<../../figures/implement_anchTC_obs_TR_approx24_Sep_2020_09_32_19.png, id=687, 
1098.1025pt x 797.98125pt>
File: ../../figures/implement_anchTC_obs_TR_approx24_Sep_2020_09_32_19.png Grap
hic file (type png)

<use ../../figures/implement_anchTC_obs_TR_approx24_Sep_2020_09_32_19.png>
Package pdftex.def Info: ../../figures/implement_anchTC_obs_TR_approx24_Sep_202
0_09_32_19.png used on input line 742.
(pdftex.def)             Requested size: 241.5833pt x 175.55641pt.

<../../figures/implement_anchTC_obs_approx24_Sep_2020_09_35_43.png, id=688, 110
1.11375pt x 797.98125pt>
File: ../../figures/implement_anchTC_obs_approx24_Sep_2020_09_35_43.png Graphic
 file (type png)

<use ../../figures/implement_anchTC_obs_approx24_Sep_2020_09_35_43.png>
Package pdftex.def Info: ../../figures/implement_anchTC_obs_approx24_Sep_2020_0
9_35_43.png used on input line 744.
(pdftex.def)             Requested size: 242.24577pt x 175.55641pt.


LaTeX Warning: `!h' float specifier changed to `!ht'.

[25 <../../figures/RIR_anch_psi_pi1_5_command_IRFs_approx_pretty_2020_09_17.png
 (PNG copy)> <../../figures/RIR_unanch_psi_pi1_5_command_IRFs_approx_pretty_202
0_09_17.png (PNG copy)>] [26 <../../figures/implement_anchTC_obs_TR_approx24_Se
p_2020_09_32_19.png (PNG copy)> <../../figures/implement_anchTC_obs_approx24_Se
p_2020_09_35_43.png (PNG copy)>]
<../../figures/plot_sim_loss_approx_pretty_losses_again_critsmooth_constant_onl
y_pi_only_lamx0_05_lami0_2020_09_19.png, id=725, 1059.96pt x 688.5725pt>
File: ../../figures/plot_sim_loss_approx_pretty_losses_again_critsmooth_constan
t_only_pi_only_lamx0_05_lami0_2020_09_19.png Graphic file (type png)

<use ../../figures/plot_sim_loss_approx_pretty_losses_again_critsmooth_constant
_only_pi_only_lamx0_05_lami0_2020_09_19.png>
Package pdftex.def Info: ../../figures/plot_sim_loss_approx_pretty_losses_again
_critsmooth_constant_only_pi_only_lamx0_05_lami0_2020_09_19.png used on input l
ine 793.
(pdftex.def)             Requested size: 264.98935pt x 172.1427pt.
 [27] [28 <../../figures/plot_sim_loss_approx_pretty_losses_again_critsmooth_co
nstant_only_pi_only_lamx0_05_lami0_2020_09_19.png (PNG copy)>]
<../../figures/RIR_unanch_psi_pi1_01_command_IRFs_approx_pretty_2020_09_17.png,
 id=756, 1063.975pt x 695.59875pt>
File: ../../figures/RIR_unanch_psi_pi1_01_command_IRFs_approx_pretty_2020_09_17
.png Graphic file (type png)

<use ../../figures/RIR_unanch_psi_pi1_01_command_IRFs_approx_pretty_2020_09_17.
png>
Package pdftex.def Info: ../../figures/RIR_unanch_psi_pi1_01_command_IRFs_appro
x_pretty_2020_09_17.png used on input line 813.
(pdftex.def)             Requested size: 212.79123pt x 139.11728pt.
File: ../../figures/RIR_unanch_psi_pi1_5_command_IRFs_approx_pretty_2020_09_17.
png Graphic file (type png)

<use ../../figures/RIR_unanch_psi_pi1_5_command_IRFs_approx_pretty_2020_09_17.p
ng>
Package pdftex.def Info: ../../figures/RIR_unanch_psi_pi1_5_command_IRFs_approx
_pretty_2020_09_17.png used on input line 814.
(pdftex.def)             Requested size: 209.57928pt x 139.11728pt.

<../../figures/RIR_unanch_psi_pi2_command_IRFs_approx_pretty_2020_09_17.png, id
=757, 1047.915pt x 695.59875pt>
File: ../../figures/RIR_unanch_psi_pi2_command_IRFs_approx_pretty_2020_09_17.pn
g Graphic file (type png)

<use ../../figures/RIR_unanch_psi_pi2_command_IRFs_approx_pretty_2020_09_17.png
>
Package pdftex.def Info: ../../figures/RIR_unanch_psi_pi2_command_IRFs_approx_p
retty_2020_09_17.png used on input line 815.
(pdftex.def)             Requested size: 209.57928pt x 139.11728pt.


LaTeX Warning: `!h' float specifier changed to `!ht'.

[29] [30 <../../figures/RIR_unanch_psi_pi1_01_command_IRFs_approx_pretty_2020_0
9_17.png (PNG copy)> <../../figures/RIR_unanch_psi_pi2_command_IRFs_approx_pret
ty_2020_09_17.png (PNG copy)>] [31] [32] (./LAURA_GATI_JMP.bbl [33

] [34]
[35]) [36]
<../../figures/rolling_overlapping_pi_command_anchoring_in_data_individual_25_S
ep_2020_10_37_43.png, id=839, 1111.15125pt x 690.58pt>
File: ../../figures/rolling_overlapping_pi_command_anchoring_in_data_individual
_25_Sep_2020_10_37_43.png Graphic file (type png)

<use ../../figures/rolling_overlapping_pi_command_anchoring_in_data_individual_
25_Sep_2020_10_37_43.png>
Package pdftex.def Info: ../../figures/rolling_overlapping_pi_command_anchoring
_in_data_individual_25_Sep_2020_10_37_43.png used on input line 938.
(pdftex.def)             Requested size: 333.34795pt x 207.1756pt.

<../../figures/epi_be_in_data_command_anchoring_in_data_14_Sep_2020_18_12_59.pn
g, id=841, 1058.95625pt x 688.5725pt>
File: ../../figures/epi_be_in_data_command_anchoring_in_data_14_Sep_2020_18_12_
59.png Graphic file (type png)

<use ../../figures/epi_be_in_data_command_anchoring_in_data_14_Sep_2020_18_12_5
9.png>
Package pdftex.def Info: ../../figures/epi_be_in_data_command_anchoring_in_data
_14_Sep_2020_18_12_59.png used on input line 953.
(pdftex.def)             Requested size: 317.68933pt x 206.57333pt.

<../../figures/epi_in_data_command_anchoring_in_data_14_Sep_2020_18_12_59.png, 
id=842, 1080.035pt x 696.6025pt>
File: ../../figures/epi_in_data_command_anchoring_in_data_14_Sep_2020_18_12_59.
png Graphic file (type png)

<use ../../figures/epi_in_data_command_anchoring_in_data_14_Sep_2020_18_12_59.p
ng>
Package pdftex.def Info: ../../figures/epi_in_data_command_anchoring_in_data_14
_Sep_2020_18_12_59.png used on input line 954.
(pdftex.def)             Requested size: 324.013pt x 208.98236pt.


LaTeX Warning: `!h' float specifier changed to `!ht'.

[37 <../../figures/rolling_overlapping_pi_command_anchoring_in_data_individual_
25_Sep_2020_10_37_43.png (PNG copy)>] [38 <../../figures/epi_be_in_data_command
_anchoring_in_data_14_Sep_2020_18_12_59.png (PNG copy)> <../../figures/epi_in_d
ata_command_anchoring_in_data_14_Sep_2020_18_12_59.png (PNG copy)>] [39]
<../../figures/cleaned_epi10_2020_07_28.png, id=872, 1069.9975pt x 695.59875pt>
File: ../../figures/cleaned_epi10_2020_07_28.png Graphic file (type png)
<use ../../figures/cleaned_epi10_2020_07_28.png>
Package pdftex.def Info: ../../figures/cleaned_epi10_2020_07_28.png used on inp
ut line 977.
(pdftex.def)             Requested size: 321.00172pt x 208.68123pt.
 [40 <../../figures/cleaned_epi10_2020_07_28.png (PNG copy)>] [41] [42] [43] [4
4]
<../../figures/autocovariogram_N_100_nfe_5_gridspacing_manual_Wdiffs2_100000_Wm
id_1000_Nsimulations_command_sigmas_17_Sep_2020_12_05_56.png, id=966, 1051.93pt
 x 731.73375pt>
File: ../../figures/autocovariogram_N_100_nfe_5_gridspacing_manual_Wdiffs2_1000
00_Wmid_1000_Nsimulations_command_sigmas_17_Sep_2020_12_05_56.png Graphic file 
(type png)

<use ../../figures/autocovariogram_N_100_nfe_5_gridspacing_manual_Wdiffs2_10000
0_Wmid_1000_Nsimulations_command_sigmas_17_Sep_2020_12_05_56.png>
Package pdftex.def Info: ../../figures/autocovariogram_N_100_nfe_5_gridspacing_
manual_Wdiffs2_100000_Wmid_1000_Nsimulations_command_sigmas_17_Sep_2020_12_05_5
6.png used on input line 1093.
(pdftex.def)             Requested size: 368.18102pt x 256.11064pt.
 [45 <../../figures/autocovariogram_N_100_nfe_5_gridspacing_manual_Wdiffs2_1000
00_Wmid_1000_Nsimulations_command_sigmas_17_Sep_2020_12_05_56.png (PNG copy)>] 
[46] [47]
[48]
Overfull \hbox (2.25764pt too wide) in paragraph at lines 1184--1185
\OT1/ppl/m/n/10.95 tails. Spe-cific to my ap-pli-ca-tion is that the state vec-
tor is five-dimensional, $\OML/cmm/m/it/10.95 X[] \OT1/cmr/m/n/10.95 = ([]\OML/
cmm/m/it/10.95 ; r[]; u[]; r[]; u[]\OT1/cmr/m/n/10.95 )$\OT1/ppl/m/n/10.95 ,
 []


<../../figures/compare_value_pea_results_approx_value_outputs_approx17_Sep_2020
_14_01_16_pea_outputs_approx17_Sep_2020_13_47_33_pretty_19_Sep_2020_09_30_01.pn
g, id=1047, 1090.0725pt x 689.57625pt>
File: ../../figures/compare_value_pea_results_approx_value_outputs_approx17_Sep
_2020_14_01_16_pea_outputs_approx17_Sep_2020_13_47_33_pretty_19_Sep_2020_09_30_
01.png Graphic file (type png)

<use ../../figures/compare_value_pea_results_approx_value_outputs_approx17_Sep_
2020_14_01_16_pea_outputs_approx17_Sep_2020_13_47_33_pretty_19_Sep_2020_09_30_0
1.png>
Package pdftex.def Info: ../../figures/compare_value_pea_results_approx_value_o
utputs_approx17_Sep_2020_14_01_16_pea_outputs_approx17_Sep_2020_13_47_33_pretty
_19_Sep_2020_09_30_01.png used on input line 1187.
(pdftex.def)             Requested size: 272.51746pt x 172.39363pt.
 [49 <../../figures/compare_value_pea_results_approx_value_outputs_approx17_Sep
_2020_14_01_16_pea_outputs_approx17_Sep_2020_13_47_33_pretty_19_Sep_2020_09_30_
01.png (PNG copy)>]
Package atveryend Info: Empty hook `BeforeClearDocument' on input line 1216.
 [50]
Package atveryend Info: Empty hook `AfterLastShipout' on input line 1216.
 (./LAURA_GATI_JMP.aux)
Package atveryend Info: Executing hook `AtVeryEndDocument' on input line 1216.
Package atveryend Info: Executing hook `AtEndAfterFileList' on input line 1216.

Package rerunfilecheck Info: File `LAURA_GATI_JMP.out' has not changed.
(rerunfilecheck)             Checksum: 0DF9AC33094E5F084C3D6390394C11CE;2106.


LaTeX Warning: Label(s) may have changed. Rerun to get cross-references right.

Package atveryend Info: Empty hook `AtVeryVeryEnd' on input line 1216.
 ) 
Here is how much of TeX's memory you used:
 10841 strings out of 493089
 170595 string characters out of 6134842
 279405 words of memory out of 5000000
 13820 multiletter control sequences out of 15000+600000
 28965 words of font info for 82 fonts, out of 8000000 for 9000
 1141 hyphenation exceptions out of 8191
 36i,21n,39p,1684b,532s stack positions out of 5000i,500n,10000p,200000b,80000s
{/usr/local/texlive/2015/texmf-dist/fonts/enc/dvips/base/8r.enc}</usr/local/t
exlive/2015/texmf-dist/fonts/type1/public/amsfonts/cm/cmbx10.pfb></usr/local/te
xlive/2015/texmf-dist/fonts/type1/public/amsfonts/cm/cmbx8.pfb></usr/local/texl
ive/2015/texmf-dist/fonts/type1/public/amsfonts/cm/cmbx9.pfb></usr/local/texliv
e/2015/texmf-dist/fonts/type1/public/amsfonts/cm/cmex10.pfb></usr/local/texlive
/2015/texmf-dist/fonts/type1/public/amsfonts/cm/cmmi10.pfb></usr/local/texlive/
2015/texmf-dist/fonts/type1/public/amsfonts/cm/cmmi5.pfb></usr/local/texlive/20
15/texmf-dist/fonts/type1/public/amsfonts/cm/cmmi6.pfb></usr/local/texlive/2015
/texmf-dist/fonts/type1/public/amsfonts/cm/cmmi8.pfb></usr/local/texlive/2015/t
exmf-dist/fonts/type1/public/amsfonts/cm/cmmi9.pfb></usr/local/texlive/2015/tex
mf-dist/fonts/type1/public/amsfonts/cm/cmr10.pfb></usr/local/texlive/2015/texmf
-dist/fonts/type1/public/amsfonts/cm/cmr5.pfb></usr/local/texlive/2015/texmf-di
st/fonts/type1/public/amsfonts/cm/cmr6.pfb></usr/local/texlive/2015/texmf-dist/
fonts/type1/public/amsfonts/cm/cmr8.pfb></usr/local/texlive/2015/texmf-dist/fon
ts/type1/public/amsfonts/cm/cmr9.pfb></usr/local/texlive/2015/texmf-dist/fonts/
type1/public/amsfonts/cm/cmsy10.pfb></usr/local/texlive/2015/texmf-dist/fonts/t
ype1/public/amsfonts/cm/cmsy5.pfb></usr/local/texlive/2015/texmf-dist/fonts/typ
e1/public/amsfonts/cm/cmsy6.pfb></usr/local/texlive/2015/texmf-dist/fonts/type1
/public/amsfonts/cm/cmsy8.pfb></usr/local/texlive/2015/texmf-dist/fonts/type1/p
ublic/amsfonts/symbols/msbm10.pfb></usr/local/texlive/2015/texmf-dist/fonts/typ
e1/urw/palatino/uplb8a.pfb></usr/local/texlive/2015/texmf-dist/fonts/type1/urw/
palatino/uplr8a.pfb></usr/local/texlive/2015/texmf-dist/fonts/type1/urw/palatin
o/uplri8a.pfb>
Output written on LAURA_GATI_JMP.pdf (50 pages, 1335650 bytes).
PDF statistics:
 1210 PDF objects out of 1440 (max. 8388607)
 1105 compressed objects within 12 object streams
 309 named destinations out of 1000 (max. 500000)
 315 words of extra memory for PDF output out of 10000 (max. 10000000)

